{"uid":"155a7a81454c1af1","name":"Sanity: Complete Loan Journey in one go","fullName":"rough.LoanJourneyFlowForNonSTP.testFullLoanJourneySanity","historyId":"38352695805ee63c72f01e91d134b879","time":{"start":1752598426885,"stop":1752598469329,"duration":42444},"description":"Runs the full loan journey from start to finish with a fresh mobile number, validating all major checkpoints.","descriptionHtml":"<p>Runs the full loan journey from start to finish with a fresh mobile number, validating all major checkpoints.</p>\n","status":"failed","statusMessage":"Failed to proceed after OTP confirmation after 3 attempts. Please check OTP validity and UI state.","statusTrace":"java.lang.AssertionError: Failed to proceed after OTP confirmation after 3 attempts. Please check OTP validity and UI state.\n\tat TestUtils.LoginUtility.signUP(LoginUtility.java:301)\n\tat TestUtils.LoanJourneyFlow.login(LoanJourneyFlow.java:23)\n\tat TestUtils.LoanJourneyFlow.reachTakeASelfieAfterBankDetails(LoanJourneyFlow.java:832)\n\tat rough.LoanJourneyFlowForNonSTP.testFullLoanJourneySanity(LoanJourneyFlowForNonSTP.java:26)\n\tat java.base/jdk.internal.reflect.NativeMethodAccessorImpl.invoke0(Native Method)\n\tat java.base/jdk.internal.reflect.NativeMethodAccessorImpl.invoke(NativeMethodAccessorImpl.java:77)\n\tat java.base/jdk.internal.reflect.DelegatingMethodAccessorImpl.invoke(DelegatingMethodAccessorImpl.java:43)\n\tat java.base/java.lang.reflect.Method.invoke(Method.java:568)\n\tat org.testng.internal.invokers.MethodInvocationHelper.invokeMethod(MethodInvocationHelper.java:141)\n\tat org.testng.internal.invokers.TestInvoker.invokeMethod(TestInvoker.java:687)\n\tat org.testng.internal.invokers.TestInvoker.invokeTestMethod(TestInvoker.java:230)\n\tat org.testng.internal.invokers.MethodRunner.runInSequence(MethodRunner.java:63)\n\tat org.testng.internal.invokers.TestInvoker$MethodInvocationAgent.invoke(TestInvoker.java:995)\n\tat org.testng.internal.invokers.TestInvoker.invokeTestMethods(TestInvoker.java:203)\n\tat org.testng.internal.invokers.TestMethodWorker.invokeTestMethods(TestMethodWorker.java:154)\n\tat org.testng.internal.invokers.TestMethodWorker.run(TestMethodWorker.java:134)\n\tat java.base/java.util.ArrayList.forEach(ArrayList.java:1511)\n\tat org.testng.TestRunner.privateRun(TestRunner.java:741)\n\tat org.testng.TestRunner.run(TestRunner.java:616)\n\tat org.testng.SuiteRunner.runTest(SuiteRunner.java:421)\n\tat org.testng.SuiteRunner.runSequentially(SuiteRunner.java:413)\n\tat org.testng.SuiteRunner.privateRun(SuiteRunner.java:373)\n\tat org.testng.SuiteRunner.run(SuiteRunner.java:312)\n\tat org.testng.SuiteRunnerWorker.runSuite(SuiteRunnerWorker.java:52)\n\tat org.testng.SuiteRunnerWorker.run(SuiteRunnerWorker.java:95)\n\tat org.testng.TestNG.runSuitesSequentially(TestNG.java:1274)\n\tat org.testng.TestNG.runSuitesLocally(TestNG.java:1208)\n\tat org.testng.TestNG.runSuites(TestNG.java:1112)\n\tat org.testng.TestNG.run(TestNG.java:1079)\n\tat com.intellij.rt.testng.IDEARemoteTestNG.run(IDEARemoteTestNG.java:65)\n\tat com.intellij.rt.testng.RemoteTestNGStarter.main(RemoteTestNGStarter.java:105)\n","flaky":false,"newFailed":false,"newBroken":false,"newPassed":false,"retriesCount":0,"retriesStatusChange":false,"beforeStages":[{"name":"setUp","time":{"start":1752598423274,"stop":1752598426832,"duration":3558},"description":"","status":"passed","steps":[],"attachments":[],"parameters":[],"shouldDisplayMessage":false,"attachmentsCount":0,"attachmentStep":false,"stepsCount":0,"hasContent":false}],"testStage":{"description":"Runs the full loan journey from start to finish with a fresh mobile number, validating all major checkpoints.","status":"failed","statusMessage":"Failed to proceed after OTP confirmation after 3 attempts. Please check OTP validity and UI state.","statusTrace":"java.lang.AssertionError: Failed to proceed after OTP confirmation after 3 attempts. Please check OTP validity and UI state.\n\tat TestUtils.LoginUtility.signUP(LoginUtility.java:301)\n\tat TestUtils.LoanJourneyFlow.login(LoanJourneyFlow.java:23)\n\tat TestUtils.LoanJourneyFlow.reachTakeASelfieAfterBankDetails(LoanJourneyFlow.java:832)\n\tat rough.LoanJourneyFlowForNonSTP.testFullLoanJourneySanity(LoanJourneyFlowForNonSTP.java:26)\n\tat java.base/jdk.internal.reflect.NativeMethodAccessorImpl.invoke0(Native Method)\n\tat java.base/jdk.internal.reflect.NativeMethodAccessorImpl.invoke(NativeMethodAccessorImpl.java:77)\n\tat java.base/jdk.internal.reflect.DelegatingMethodAccessorImpl.invoke(DelegatingMethodAccessorImpl.java:43)\n\tat java.base/java.lang.reflect.Method.invoke(Method.java:568)\n\tat org.testng.internal.invokers.MethodInvocationHelper.invokeMethod(MethodInvocationHelper.java:141)\n\tat org.testng.internal.invokers.TestInvoker.invokeMethod(TestInvoker.java:687)\n\tat org.testng.internal.invokers.TestInvoker.invokeTestMethod(TestInvoker.java:230)\n\tat org.testng.internal.invokers.MethodRunner.runInSequence(MethodRunner.java:63)\n\tat org.testng.internal.invokers.TestInvoker$MethodInvocationAgent.invoke(TestInvoker.java:995)\n\tat org.testng.internal.invokers.TestInvoker.invokeTestMethods(TestInvoker.java:203)\n\tat org.testng.internal.invokers.TestMethodWorker.invokeTestMethods(TestMethodWorker.java:154)\n\tat org.testng.internal.invokers.TestMethodWorker.run(TestMethodWorker.java:134)\n\tat java.base/java.util.ArrayList.forEach(ArrayList.java:1511)\n\tat org.testng.TestRunner.privateRun(TestRunner.java:741)\n\tat org.testng.TestRunner.run(TestRunner.java:616)\n\tat org.testng.SuiteRunner.runTest(SuiteRunner.java:421)\n\tat org.testng.SuiteRunner.runSequentially(SuiteRunner.java:413)\n\tat org.testng.SuiteRunner.privateRun(SuiteRunner.java:373)\n\tat org.testng.SuiteRunner.run(SuiteRunner.java:312)\n\tat org.testng.SuiteRunnerWorker.runSuite(SuiteRunnerWorker.java:52)\n\tat org.testng.SuiteRunnerWorker.run(SuiteRunnerWorker.java:95)\n\tat org.testng.TestNG.runSuitesSequentially(TestNG.java:1274)\n\tat org.testng.TestNG.runSuitesLocally(TestNG.java:1208)\n\tat org.testng.TestNG.runSuites(TestNG.java:1112)\n\tat org.testng.TestNG.run(TestNG.java:1079)\n\tat com.intellij.rt.testng.IDEARemoteTestNG.run(IDEARemoteTestNG.java:65)\n\tat com.intellij.rt.testng.RemoteTestNGStarter.main(RemoteTestNGStarter.java:105)\n","steps":[{"name":"Entering mobile number: 8614799881","time":{"start":1752598427531,"stop":1752598428622,"duration":1091},"status":"passed","steps":[],"attachments":[],"parameters":[{"name":"mobileNumber","value":"8614799881"}],"shouldDisplayMessage":false,"attachmentsCount":0,"attachmentStep":false,"stepsCount":0,"hasContent":true}],"attachments":[{"uid":"554257890cae49d5","name":"Retry Info","source":"554257890cae49d5.txt","type":"text/plain","size":52},{"uid":"5bbde7277d14bb81","name":"OTP Confirmation Final Failure","source":"5bbde7277d14bb81.png","type":"image/png","size":28448}],"parameters":[],"shouldDisplayMessage":true,"attachmentsCount":2,"attachmentStep":false,"stepsCount":1,"hasContent":true},"afterStages":[{"name":"tearDown","time":{"start":1752598469339,"stop":1752598469545,"duration":206},"description":"","status":"passed","steps":[],"attachments":[{"uid":"929daba0aef9f7cb","name":"All Failed APIs","source":"929daba0aef9f7cb.txt","type":"text/plain","size":168}],"parameters":[],"shouldDisplayMessage":false,"attachmentsCount":1,"attachmentStep":false,"stepsCount":0,"hasContent":true}],"labels":[{"name":"package","value":"rough.LoanJourneyFlowForNonSTP"},{"name":"testClass","value":"rough.LoanJourneyFlowForNonSTP"},{"name":"testMethod","value":"testFullLoanJourneySanity"},{"name":"parentSuite","value":"Default Suite"},{"name":"suite","value":"stashfin-website"},{"name":"subSuite","value":"rough.LoanJourneyFlowForNonSTP"},{"name":"host","value":"MacBook-Pro.local"},{"name":"thread","value":"41391@MacBook-Pro.local.main(1)"},{"name":"framework","value":"testng"},{"name":"language","value":"java"},{"name":"resultFormat","value":"allure2"}],"parameters":[],"links":[],"hidden":true,"retry":true,"extra":{"categories":[],"tags":[]},"source":"155a7a81454c1af1.json","parameterValues":[]}