{"uid":"1988430ca09e510","name":"Sanity: Complete Loan Journey in one go","fullName":"SanityTest.LoanJourneySanityTest.testFullLoanJourneySanity","historyId":"38259e1d28c0c2d83551dfe29edd5570","time":{"start":1752230642152,"stop":1752230643398,"duration":1246},"description":"Runs the full loan journey from start to finish with a fresh mobile number, validating all major checkpoints.","descriptionHtml":"<p>Runs the full loan journey from start to finish with a fresh mobile number, validating all major checkpoints.</p>\n","status":"failed","statusMessage":"UTM not provided modal appeared immediately after page load. Test cannot proceed.","statusTrace":"java.lang.AssertionError: UTM not provided modal appeared immediately after page load. Test cannot proceed.\n\tat utils.AssertionUtils.handleBlockingModalIfPresent(AssertionUtils.java:165)\n\tat TestUtils.LoginUtility.signUP(LoginUtility.java:22)\n\tat TestUtils.LoanJourneyFlow.login(LoanJourneyFlow.java:23)\n\tat TestUtils.LoanJourneyFlow.reachTakeASelfieAfterBankDetails(LoanJourneyFlow.java:832)\n\tat SanityTest.LoanJourneySanityTest.testFullLoanJourneySanity(LoanJourneySanityTest.java:41)\n\tat java.base/jdk.internal.reflect.DirectMethodHandleAccessor.invoke(DirectMethodHandleAccessor.java:103)\n\tat java.base/java.lang.reflect.Method.invoke(Method.java:580)\n\tat org.testng.internal.invokers.MethodInvocationHelper.invokeMethod(MethodInvocationHelper.java:141)\n\tat org.testng.internal.invokers.TestInvoker.invokeMethod(TestInvoker.java:687)\n\tat org.testng.internal.invokers.TestInvoker.invokeTestMethod(TestInvoker.java:230)\n\tat org.testng.internal.invokers.MethodRunner.runInSequence(MethodRunner.java:63)\n\tat org.testng.internal.invokers.TestInvoker$MethodInvocationAgent.invoke(TestInvoker.java:995)\n\tat org.testng.internal.invokers.TestInvoker.invokeTestMethods(TestInvoker.java:203)\n\tat org.testng.internal.invokers.TestMethodWorker.invokeTestMethods(TestMethodWorker.java:154)\n\tat org.testng.internal.invokers.TestMethodWorker.run(TestMethodWorker.java:134)\n\tat java.base/java.util.ArrayList.forEach(ArrayList.java:1597)\n\tat org.testng.TestRunner.privateRun(TestRunner.java:741)\n\tat org.testng.TestRunner.run(TestRunner.java:616)\n\tat org.testng.SuiteRunner.runTest(SuiteRunner.java:421)\n\tat org.testng.SuiteRunner.runSequentially(SuiteRunner.java:413)\n\tat org.testng.SuiteRunner.privateRun(SuiteRunner.java:373)\n\tat org.testng.SuiteRunner.run(SuiteRunner.java:312)\n\tat org.testng.SuiteRunnerWorker.runSuite(SuiteRunnerWorker.java:52)\n\tat org.testng.SuiteRunnerWorker.run(SuiteRunnerWorker.java:95)\n\tat org.testng.TestNG.runSuitesSequentially(TestNG.java:1274)\n\tat org.testng.TestNG.runSuitesLocally(TestNG.java:1208)\n\tat org.testng.TestNG.runSuites(TestNG.java:1112)\n\tat org.testng.TestNG.run(TestNG.java:1079)\n\tat org.apache.maven.surefire.testng.TestNGExecutor.run(TestNGExecutor.java:308)\n\tat org.apache.maven.surefire.testng.TestNGXmlTestSuite.execute(TestNGXmlTestSuite.java:71)\n\tat org.apache.maven.surefire.testng.TestNGProvider.invoke(TestNGProvider.java:113)\n\tat org.apache.maven.surefire.booter.ForkedBooter.runSuitesInProcess(ForkedBooter.java:385)\n\tat org.apache.maven.surefire.booter.ForkedBooter.execute(ForkedBooter.java:162)\n\tat org.apache.maven.surefire.booter.ForkedBooter.run(ForkedBooter.java:507)\n\tat org.apache.maven.surefire.booter.ForkedBooter.main(ForkedBooter.java:495)\n","flaky":false,"newFailed":false,"newBroken":false,"newPassed":false,"retriesCount":5,"retriesStatusChange":true,"beforeStages":[{"name":"setUp","time":{"start":1752230639213,"stop":1752230641704,"duration":2491},"description":"","status":"passed","steps":[],"attachments":[],"parameters":[],"stepsCount":0,"hasContent":false,"shouldDisplayMessage":false,"attachmentsCount":0,"attachmentStep":false},{"name":"setUpDatabase","time":{"start":1752230641735,"stop":1752230642137,"duration":402},"description":"","status":"passed","steps":[],"attachments":[],"parameters":[],"stepsCount":0,"hasContent":false,"shouldDisplayMessage":false,"attachmentsCount":0,"attachmentStep":false}],"testStage":{"description":"Runs the full loan journey from start to finish with a fresh mobile number, validating all major checkpoints.","status":"failed","statusMessage":"UTM not provided modal appeared immediately after page load. Test cannot proceed.","statusTrace":"java.lang.AssertionError: UTM not provided modal appeared immediately after page load. Test cannot proceed.\n\tat utils.AssertionUtils.handleBlockingModalIfPresent(AssertionUtils.java:165)\n\tat TestUtils.LoginUtility.signUP(LoginUtility.java:22)\n\tat TestUtils.LoanJourneyFlow.login(LoanJourneyFlow.java:23)\n\tat TestUtils.LoanJourneyFlow.reachTakeASelfieAfterBankDetails(LoanJourneyFlow.java:832)\n\tat SanityTest.LoanJourneySanityTest.testFullLoanJourneySanity(LoanJourneySanityTest.java:41)\n\tat java.base/jdk.internal.reflect.DirectMethodHandleAccessor.invoke(DirectMethodHandleAccessor.java:103)\n\tat java.base/java.lang.reflect.Method.invoke(Method.java:580)\n\tat org.testng.internal.invokers.MethodInvocationHelper.invokeMethod(MethodInvocationHelper.java:141)\n\tat org.testng.internal.invokers.TestInvoker.invokeMethod(TestInvoker.java:687)\n\tat org.testng.internal.invokers.TestInvoker.invokeTestMethod(TestInvoker.java:230)\n\tat org.testng.internal.invokers.MethodRunner.runInSequence(MethodRunner.java:63)\n\tat org.testng.internal.invokers.TestInvoker$MethodInvocationAgent.invoke(TestInvoker.java:995)\n\tat org.testng.internal.invokers.TestInvoker.invokeTestMethods(TestInvoker.java:203)\n\tat org.testng.internal.invokers.TestMethodWorker.invokeTestMethods(TestMethodWorker.java:154)\n\tat org.testng.internal.invokers.TestMethodWorker.run(TestMethodWorker.java:134)\n\tat java.base/java.util.ArrayList.forEach(ArrayList.java:1597)\n\tat org.testng.TestRunner.privateRun(TestRunner.java:741)\n\tat org.testng.TestRunner.run(TestRunner.java:616)\n\tat org.testng.SuiteRunner.runTest(SuiteRunner.java:421)\n\tat org.testng.SuiteRunner.runSequentially(SuiteRunner.java:413)\n\tat org.testng.SuiteRunner.privateRun(SuiteRunner.java:373)\n\tat org.testng.SuiteRunner.run(SuiteRunner.java:312)\n\tat org.testng.SuiteRunnerWorker.runSuite(SuiteRunnerWorker.java:52)\n\tat org.testng.SuiteRunnerWorker.run(SuiteRunnerWorker.java:95)\n\tat org.testng.TestNG.runSuitesSequentially(TestNG.java:1274)\n\tat org.testng.TestNG.runSuitesLocally(TestNG.java:1208)\n\tat org.testng.TestNG.runSuites(TestNG.java:1112)\n\tat org.testng.TestNG.run(TestNG.java:1079)\n\tat org.apache.maven.surefire.testng.TestNGExecutor.run(TestNGExecutor.java:308)\n\tat org.apache.maven.surefire.testng.TestNGXmlTestSuite.execute(TestNGXmlTestSuite.java:71)\n\tat org.apache.maven.surefire.testng.TestNGProvider.invoke(TestNGProvider.java:113)\n\tat org.apache.maven.surefire.booter.ForkedBooter.runSuitesInProcess(ForkedBooter.java:385)\n\tat org.apache.maven.surefire.booter.ForkedBooter.execute(ForkedBooter.java:162)\n\tat org.apache.maven.surefire.booter.ForkedBooter.run(ForkedBooter.java:507)\n\tat org.apache.maven.surefire.booter.ForkedBooter.main(ForkedBooter.java:495)\n","steps":[],"attachments":[{"uid":"e61f1a798e287a17","name":"Blocking Modal","source":"e61f1a798e287a17.txt","type":"text/plain","size":22},{"uid":"c8060d93bd1c739e","name":"Blocking Modal Screenshot","source":"c8060d93bd1c739e.png","type":"image/png","size":43190}],"parameters":[],"stepsCount":0,"hasContent":true,"shouldDisplayMessage":true,"attachmentsCount":2,"attachmentStep":false},"afterStages":[{"name":"tearDownDatabase","time":{"start":1752230643407,"stop":1752230643413,"duration":6},"description":"","status":"passed","steps":[],"attachments":[],"parameters":[],"stepsCount":0,"hasContent":false,"shouldDisplayMessage":false,"attachmentsCount":0,"attachmentStep":false},{"name":"tearDown","time":{"start":1752230643414,"stop":1752230643504,"duration":90},"description":"","status":"passed","steps":[],"attachments":[{"uid":"1c9a8d57b87aa6ee","name":"All Failed APIs","source":"1c9a8d57b87aa6ee.txt","type":"text/plain","size":266}],"parameters":[],"stepsCount":0,"hasContent":true,"shouldDisplayMessage":false,"attachmentsCount":1,"attachmentStep":false}],"labels":[{"name":"package","value":"SanityTest.LoanJourneySanityTest"},{"name":"testClass","value":"SanityTest.LoanJourneySanityTest"},{"name":"testMethod","value":"testFullLoanJourneySanity"},{"name":"parentSuite","value":"Single Test Suite"},{"name":"suite","value":"Single Test"},{"name":"subSuite","value":"SanityTest.LoanJourneySanityTest"},{"name":"host","value":"MacBook-Pro.local"},{"name":"thread","value":"71591@MacBook-Pro.local.main(1)"},{"name":"framework","value":"testng"},{"name":"language","value":"java"},{"name":"resultFormat","value":"allure2"}],"parameters":[],"links":[],"hidden":false,"retry":false,"extra":{"severity":"normal","retries":[{"uid":"c00b009a4f09ad5d","status":"passed","time":{"start":1752221758912,"stop":1752221842276,"duration":83364}},{"uid":"7853c404badddd68","status":"passed","time":{"start":1752216915676,"stop":1752217001275,"duration":85599}},{"uid":"9e98d57cba3c2eec","status":"passed","time":{"start":1752210949928,"stop":1752211027342,"duration":77414}},{"uid":"36390f80f016a090","status":"passed","time":{"start":1752210148328,"stop":1752210227307,"duration":78979}},{"uid":"46efe89acbe62c01","status":"failed","statusDetails":"Take a Selfie page did not load after bank details submission. Navigation may have failed or page is still loading.","time":{"start":1752209978431,"stop":1752210053315,"duration":74884}}],"categories":[{"name":"Product defects","matchedStatuses":[]}],"tags":[]},"source":"1988430ca09e510.json","parameterValues":[]}