{"uid":"1c0b058671a72b53","name":"Verify all transaction data retrieval","fullName":"testGetAllTransactionData (General)","historyId":"c463fac2290101f5323408493cbe29ca","time":{"start":1751482208444,"stop":1751482209103,"duration":659},"status":"broken","statusMessage":"Database query execution failed","statusTrace":"java.lang.RuntimeException: Database query execution failed\n\tat utils.DatabaseUtils.executeQuery(DatabaseUtils.java:102)\n\tat utils.DatabaseUtils.getAllTransactionData(DatabaseUtils.java:152)\n\tat testClassPool.DatabaseOperationsTest.testGetAllTransactionData(DatabaseOperationsTest.java:82)\n\tat java.base/jdk.internal.reflect.DirectMethodHandleAccessor.invoke(DirectMethodHandleAccessor.java:103)\n\tat java.base/java.lang.reflect.Method.invoke(Method.java:580)\n\tat org.testng.internal.invokers.MethodInvocationHelper.invokeMethod(MethodInvocationHelper.java:141)\n\tat org.testng.internal.invokers.TestInvoker.invokeMethod(TestInvoker.java:687)\n\tat org.testng.internal.invokers.TestInvoker.invokeTestMethod(TestInvoker.java:230)\n\tat org.testng.internal.invokers.MethodRunner.runInSequence(MethodRunner.java:63)\n\tat org.testng.internal.invokers.TestInvoker$MethodInvocationAgent.invoke(TestInvoker.java:995)\n\tat org.testng.internal.invokers.TestInvoker.invokeTestMethods(TestInvoker.java:203)\n\tat org.testng.internal.invokers.TestMethodWorker.invokeTestMethods(TestMethodWorker.java:154)\n\tat org.testng.internal.invokers.TestMethodWorker.run(TestMethodWorker.java:134)\n\tat java.base/java.util.concurrent.Executors$RunnableAdapter.call(Executors.java:572)\n\tat java.base/java.util.concurrent.FutureTask.run(FutureTask.java:317)\n\tat org.testng.internal.thread.graph.TestNGFutureTask.run(TestNGFutureTask.java:22)\n\tat java.base/java.util.concurrent.ThreadPoolExecutor.runWorker(ThreadPoolExecutor.java:1144)\n\tat java.base/java.util.concurrent.ThreadPoolExecutor$Worker.run(ThreadPoolExecutor.java:642)\n\tat java.base/java.lang.Thread.run(Thread.java:1575)\nCaused by: java.sql.SQLException: Zero date value prohibited\n\tat com.mysql.cj.jdbc.exceptions.SQLError.createSQLException(SQLError.java:130)\n\tat com.mysql.cj.jdbc.exceptions.SQLError.createSQLException(SQLError.java:98)\n\tat com.mysql.cj.jdbc.exceptions.SQLError.createSQLException(SQLError.java:90)\n\tat com.mysql.cj.jdbc.exceptions.SQLError.createSQLException(SQLError.java:64)\n\tat com.mysql.cj.jdbc.exceptions.SQLError.createSQLException(SQLError.java:74)\n\tat com.mysql.cj.jdbc.exceptions.SQLExceptionsMapping.translateException(SQLExceptionsMapping.java:99)\n\tat com.mysql.cj.jdbc.result.ResultSetImpl.getObject(ResultSetImpl.java:1285)\n\tat utils.DatabaseUtils.executeQuery(DatabaseUtils.java:92)\n\t... 18 more\nCaused by: com.mysql.cj.exceptions.DataReadException: Zero date value prohibited\n\tat com.mysql.cj.result.LocalDateTimeValueFactory.localCreateFromDatetime(LocalDateTimeValueFactory.java:84)\n\tat com.mysql.cj.result.LocalDateTimeValueFactory.localCreateFromDatetime(LocalDateTimeValueFactory.java:44)\n\tat com.mysql.cj.result.AbstractDateTimeValueFactory.createFromDatetime(AbstractDateTimeValueFactory.java:104)\n\tat com.mysql.cj.protocol.a.MysqlTextValueDecoder.decodeDatetime(MysqlTextValueDecoder.java:90)\n\tat com.mysql.cj.protocol.result.AbstractResultsetRow.decodeAndCreateReturnValue(AbstractResultsetRow.java:86)\n\tat com.mysql.cj.protocol.result.AbstractResultsetRow.getValueFromBytes(AbstractResultsetRow.java:243)\n\tat com.mysql.cj.protocol.a.result.TextBufferRow.getValue(TextBufferRow.java:132)\n\tat com.mysql.cj.jdbc.result.ResultSetImpl.getLocalDateTime(ResultSetImpl.java:959)\n\tat com.mysql.cj.jdbc.result.ResultSetImpl.getObject(ResultSetImpl.java:1282)\n\t... 19 more\n","flaky":false,"newFailed":false,"newBroken":false,"newPassed":false,"retriesCount":0,"retriesStatusChange":false,"beforeStages":[{"name":"setUp","time":{"start":1751482207044,"stop":1751482208443,"duration":1399},"description":"","status":"passed","steps":[],"attachments":[],"parameters":[],"shouldDisplayMessage":false,"stepsCount":0,"attachmentsCount":0,"hasContent":false,"attachmentStep":false}],"testStage":{"status":"broken","statusMessage":"Database query execution failed","statusTrace":"java.lang.RuntimeException: Database query execution failed\n\tat utils.DatabaseUtils.executeQuery(DatabaseUtils.java:102)\n\tat utils.DatabaseUtils.getAllTransactionData(DatabaseUtils.java:152)\n\tat testClassPool.DatabaseOperationsTest.testGetAllTransactionData(DatabaseOperationsTest.java:82)\n\tat java.base/jdk.internal.reflect.DirectMethodHandleAccessor.invoke(DirectMethodHandleAccessor.java:103)\n\tat java.base/java.lang.reflect.Method.invoke(Method.java:580)\n\tat org.testng.internal.invokers.MethodInvocationHelper.invokeMethod(MethodInvocationHelper.java:141)\n\tat org.testng.internal.invokers.TestInvoker.invokeMethod(TestInvoker.java:687)\n\tat org.testng.internal.invokers.TestInvoker.invokeTestMethod(TestInvoker.java:230)\n\tat org.testng.internal.invokers.MethodRunner.runInSequence(MethodRunner.java:63)\n\tat org.testng.internal.invokers.TestInvoker$MethodInvocationAgent.invoke(TestInvoker.java:995)\n\tat org.testng.internal.invokers.TestInvoker.invokeTestMethods(TestInvoker.java:203)\n\tat org.testng.internal.invokers.TestMethodWorker.invokeTestMethods(TestMethodWorker.java:154)\n\tat org.testng.internal.invokers.TestMethodWorker.run(TestMethodWorker.java:134)\n\tat java.base/java.util.concurrent.Executors$RunnableAdapter.call(Executors.java:572)\n\tat java.base/java.util.concurrent.FutureTask.run(FutureTask.java:317)\n\tat org.testng.internal.thread.graph.TestNGFutureTask.run(TestNGFutureTask.java:22)\n\tat java.base/java.util.concurrent.ThreadPoolExecutor.runWorker(ThreadPoolExecutor.java:1144)\n\tat java.base/java.util.concurrent.ThreadPoolExecutor$Worker.run(ThreadPoolExecutor.java:642)\n\tat java.base/java.lang.Thread.run(Thread.java:1575)\nCaused by: java.sql.SQLException: Zero date value prohibited\n\tat com.mysql.cj.jdbc.exceptions.SQLError.createSQLException(SQLError.java:130)\n\tat com.mysql.cj.jdbc.exceptions.SQLError.createSQLException(SQLError.java:98)\n\tat com.mysql.cj.jdbc.exceptions.SQLError.createSQLException(SQLError.java:90)\n\tat com.mysql.cj.jdbc.exceptions.SQLError.createSQLException(SQLError.java:64)\n\tat com.mysql.cj.jdbc.exceptions.SQLError.createSQLException(SQLError.java:74)\n\tat com.mysql.cj.jdbc.exceptions.SQLExceptionsMapping.translateException(SQLExceptionsMapping.java:99)\n\tat com.mysql.cj.jdbc.result.ResultSetImpl.getObject(ResultSetImpl.java:1285)\n\tat utils.DatabaseUtils.executeQuery(DatabaseUtils.java:92)\n\t... 18 more\nCaused by: com.mysql.cj.exceptions.DataReadException: Zero date value prohibited\n\tat com.mysql.cj.result.LocalDateTimeValueFactory.localCreateFromDatetime(LocalDateTimeValueFactory.java:84)\n\tat com.mysql.cj.result.LocalDateTimeValueFactory.localCreateFromDatetime(LocalDateTimeValueFactory.java:44)\n\tat com.mysql.cj.result.AbstractDateTimeValueFactory.createFromDatetime(AbstractDateTimeValueFactory.java:104)\n\tat com.mysql.cj.protocol.a.MysqlTextValueDecoder.decodeDatetime(MysqlTextValueDecoder.java:90)\n\tat com.mysql.cj.protocol.result.AbstractResultsetRow.decodeAndCreateReturnValue(AbstractResultsetRow.java:86)\n\tat com.mysql.cj.protocol.result.AbstractResultsetRow.getValueFromBytes(AbstractResultsetRow.java:243)\n\tat com.mysql.cj.protocol.a.result.TextBufferRow.getValue(TextBufferRow.java:132)\n\tat com.mysql.cj.jdbc.result.ResultSetImpl.getLocalDateTime(ResultSetImpl.java:959)\n\tat com.mysql.cj.jdbc.result.ResultSetImpl.getObject(ResultSetImpl.java:1282)\n\t... 19 more\n","steps":[{"name":"Add Environment Info","time":{"start":1751482208445,"stop":1751482208445,"duration":0},"status":"passed","steps":[],"attachments":[{"uid":"a045bcbe1c95b985","name":"Platform","source":"a045bcbe1c95b985.txt","type":"text/plain","size":8},{"uid":"85ab451820b854fe","name":"Test Framework","source":"85ab451820b854fe.txt","type":"text/plain","size":6},{"uid":"e48c55eddea397f9","name":"Java Version","source":"e48c55eddea397f9.txt","type":"text/plain","size":6},{"uid":"ce3a62ea9b7118f6","name":"Browser","source":"ce3a62ea9b7118f6.txt","type":"text/plain","size":6},{"uid":"63e47d482ab51260","name":"Automation Tool","source":"63e47d482ab51260.txt","type":"text/plain","size":10}],"parameters":[],"shouldDisplayMessage":false,"stepsCount":0,"attachmentsCount":5,"hasContent":true,"attachmentStep":false},{"name":"Add Test Metrics","time":{"start":1751482209103,"stop":1751482209103,"duration":0},"status":"passed","steps":[],"attachments":[{"uid":"d69267cd8129479a","name":"Test Duration","source":"d69267cd8129479a.txt","type":"text/plain","size":16},{"uid":"e40abbd633c462a4","name":"Test Status","source":"e40abbd633c462a4.txt","type":"text/plain","size":6}],"parameters":[{"name":"testName","value":"testGetAllTransactionData"},{"name":"status","value":"FAILED"},{"name":"duration","value":"658"}],"shouldDisplayMessage":false,"stepsCount":0,"attachmentsCount":2,"hasContent":true,"attachmentStep":false},{"name":"Add Trend Data","time":{"start":1751482209103,"stop":1751482209103,"duration":0},"status":"passed","steps":[],"attachments":[],"parameters":[{"name":"testName","value":"testGetAllTransactionData"},{"name":"status","value":"FAILED"},{"name":"duration","value":"658"}],"shouldDisplayMessage":false,"stepsCount":0,"attachmentsCount":0,"hasContent":true,"attachmentStep":false},{"name":"Add Failure Details","time":{"start":1751482209103,"stop":1751482209103,"duration":0},"status":"passed","steps":[],"attachments":[{"uid":"4f55724a0951de12","name":"Error Stack Trace","source":"4f55724a0951de12.txt","type":"text/plain","size":1510},{"uid":"ce162edcfb12feba","name":"Error Message","source":"ce162edcfb12feba.txt","type":"text/plain","size":31}],"parameters":[{"name":"result","value":"[TestResult name=testGetAllTransactionData status=FAILURE method=DatabaseOperationsTest.testGetAllTransactionData()[pri:0, instance:testClassPool.DatabaseOperationsTest@748d2277] output=[2025-07-03 00:20:08] STARTED - testGetAllTransactionData: Test execution started]"}],"shouldDisplayMessage":false,"stepsCount":0,"attachmentsCount":2,"hasContent":true,"attachmentStep":false}],"attachments":[],"parameters":[],"shouldDisplayMessage":true,"stepsCount":4,"attachmentsCount":9,"hasContent":true,"attachmentStep":false},"afterStages":[{"name":"tearDown","time":{"start":1751482209104,"stop":1751482209254,"duration":150},"description":"","status":"passed","steps":[],"attachments":[],"parameters":[],"shouldDisplayMessage":false,"stepsCount":0,"attachmentsCount":0,"hasContent":false,"attachmentStep":false}],"labels":[{"name":"package","value":"testClassPool.DatabaseOperationsTest"},{"name":"testClass","value":"testClassPool.DatabaseOperationsTest"},{"name":"testMethod","value":"testGetAllTransactionData"},{"name":"parentSuite","value":"Stashfin Web Automation Suite"},{"name":"suite","value":"Stashfin Web Test Run"},{"name":"subSuite","value":"testClassPool.DatabaseOperationsTest"},{"name":"host","value":"MacBook-Pro.local"},{"name":"thread","value":"55624@MacBook-Pro.local.TestNG-test-Stashfin Web Test Run-2(50)"},{"name":"framework","value":"testng"},{"name":"language","value":"java"},{"name":"resultFormat","value":"allure2"}],"parameters":[],"links":[],"hidden":true,"retry":true,"extra":{"categories":[],"tags":[]},"source":"1c0b058671a72b53.json","parameterValues":[]}