{"uid":"1e7058d6259a9566","name":"Verify all required elements are present on Bank Account Details page","fullName":"TC26_verifyAllRequiredElementsPresent (Bank Account)","historyId":"6b820e221fecec5a92049f516aaec043","time":{"start":1751443621257,"stop":1751443626335,"duration":5078},"status":"failed","statusMessage":"Checkbox is not visible.","statusTrace":"java.lang.AssertionError: Checkbox is not visible.\n\tat utils.AssertionUtils.assertElementVisible(AssertionUtils.java:28)\n\tat testClassPool.EnterYourBankAccountDetailsTest.TC26_verifyAllRequiredElementsPresent(EnterYourBankAccountDetailsTest.java:334)\n\tat java.base/jdk.internal.reflect.NativeMethodAccessorImpl.invoke0(Native Method)\n\tat java.base/jdk.internal.reflect.NativeMethodAccessorImpl.invoke(NativeMethodAccessorImpl.java:77)\n\tat java.base/jdk.internal.reflect.DelegatingMethodAccessorImpl.invoke(DelegatingMethodAccessorImpl.java:43)\n\tat java.base/java.lang.reflect.Method.invoke(Method.java:568)\n\tat org.testng.internal.invokers.MethodInvocationHelper.invokeMethod(MethodInvocationHelper.java:141)\n\tat org.testng.internal.invokers.TestInvoker.invokeMethod(TestInvoker.java:687)\n\tat org.testng.internal.invokers.TestInvoker.invokeTestMethod(TestInvoker.java:230)\n\tat org.testng.internal.invokers.MethodRunner.runInSequence(MethodRunner.java:63)\n\tat org.testng.internal.invokers.TestInvoker$MethodInvocationAgent.invoke(TestInvoker.java:995)\n\tat org.testng.internal.invokers.TestInvoker.invokeTestMethods(TestInvoker.java:203)\n\tat org.testng.internal.invokers.TestMethodWorker.invokeTestMethods(TestMethodWorker.java:154)\n\tat org.testng.internal.invokers.TestMethodWorker.run(TestMethodWorker.java:134)\n\tat java.base/java.util.ArrayList.forEach(ArrayList.java:1511)\n\tat org.testng.TestRunner.privateRun(TestRunner.java:741)\n\tat org.testng.TestRunner.run(TestRunner.java:616)\n\tat org.testng.SuiteRunner.runTest(SuiteRunner.java:421)\n\tat org.testng.SuiteRunner$SuiteWorker.run(SuiteRunner.java:463)\n\tat org.testng.internal.thread.ThreadUtil.lambda$execute$0(ThreadUtil.java:64)\n\tat java.base/java.util.concurrent.FutureTask.run(FutureTask.java:264)\n\tat java.base/java.util.concurrent.ThreadPoolExecutor.runWorker(ThreadPoolExecutor.java:1136)\n\tat java.base/java.util.concurrent.ThreadPoolExecutor$Worker.run(ThreadPoolExecutor.java:635)\n\tat java.base/java.lang.Thread.run(Thread.java:842)\nCaused by: com.microsoft.playwright.TimeoutError: Error {\n  message='Timeout 5000ms exceeded.\n  name='TimeoutError\n  stack='TimeoutError: Timeout 5000ms exceeded.\n    at ProgressController.run (/private/var/folders/w6/57mby7d92xgbc8_lq6xsrrw00000gp/T/playwright-java-3756907139159717001/package/lib/server/progress.js:76:26)\n    at Frame.waitForSelector (/private/var/folders/w6/57mby7d92xgbc8_lq6xsrrw00000gp/T/playwright-java-3756907139159717001/package/lib/server/frames.js:647:23)\n    at FrameDispatcher.waitForSelector (/private/var/folders/w6/57mby7d92xgbc8_lq6xsrrw00000gp/T/playwright-java-3756907139159717001/package/lib/server/dispatchers/frameDispatcher.js:82:116)\n    at FrameDispatcher._handleCommand (/private/var/folders/w6/57mby7d92xgbc8_lq6xsrrw00000gp/T/playwright-java-3756907139159717001/package/lib/server/dispatchers/dispatcher.js:94:40)\n    at DispatcherConnection.dispatch (/private/var/folders/w6/57mby7d92xgbc8_lq6xsrrw00000gp/T/playwright-java-3756907139159717001/package/lib/server/dispatchers/dispatcher.js:307:39)\n}\nCall log:\n-   - waiting for locator(\"input[type='checkbox']\") to be visible\n-     15 × locator resolved to hidden <input checked type=\"checkbox\"/>\n\n\tat com.microsoft.playwright.impl.WaitableResult.get(WaitableResult.java:52)\n\tat com.microsoft.playwright.impl.ChannelOwner.runUntil(ChannelOwner.java:132)\n\tat com.microsoft.playwright.impl.Connection.sendMessage(Connection.java:130)\n\tat com.microsoft.playwright.impl.ChannelOwner.sendMessage(ChannelOwner.java:118)\n\tat com.microsoft.playwright.impl.FrameImpl.waitForSelectorImpl(FrameImpl.java:1060)\n\tat com.microsoft.playwright.impl.LocatorImpl.lambda$waitForImpl$8(LocatorImpl.java:634)\n\tat com.microsoft.playwright.impl.LoggingSupport.withLogging(LoggingSupport.java:47)\n\tat com.microsoft.playwright.impl.ChannelOwner.withLogging(ChannelOwner.java:97)\n\tat com.microsoft.playwright.impl.LocatorImpl.waitForImpl(LocatorImpl.java:634)\n\tat com.microsoft.playwright.impl.LocatorImpl.waitFor(LocatorImpl.java:630)\n\tat utils.AssertionUtils.assertElementVisible(AssertionUtils.java:22)\n\t... 23 more\nCaused by: com.microsoft.playwright.TimeoutError: Error {\n  message='Timeout 5000ms exceeded.\n  name='TimeoutError\n  stack='TimeoutError: Timeout 5000ms exceeded.\n    at ProgressController.run (/private/var/folders/w6/57mby7d92xgbc8_lq6xsrrw00000gp/T/playwright-java-3756907139159717001/package/lib/server/progress.js:76:26)\n    at Frame.waitForSelector (/private/var/folders/w6/57mby7d92xgbc8_lq6xsrrw00000gp/T/playwright-java-3756907139159717001/package/lib/server/frames.js:647:23)\n    at FrameDispatcher.waitForSelector (/private/var/folders/w6/57mby7d92xgbc8_lq6xsrrw00000gp/T/playwright-java-3756907139159717001/package/lib/server/dispatchers/frameDispatcher.js:82:116)\n    at FrameDispatcher._handleCommand (/private/var/folders/w6/57mby7d92xgbc8_lq6xsrrw00000gp/T/playwright-java-3756907139159717001/package/lib/server/dispatchers/dispatcher.js:94:40)\n    at DispatcherConnection.dispatch (/private/var/folders/w6/57mby7d92xgbc8_lq6xsrrw00000gp/T/playwright-java-3756907139159717001/package/lib/server/dispatchers/dispatcher.js:307:39)\n}\nCall log:\n-   - waiting for locator(\"input[type='checkbox']\") to be visible\n-     15 × locator resolved to hidden <input checked type=\"checkbox\"/>\n\n\tat com.microsoft.playwright.impl.Connection.dispatch(Connection.java:254)\n\tat com.microsoft.playwright.impl.Connection.processOneMessage(Connection.java:211)\n\tat com.microsoft.playwright.impl.ChannelOwner.runUntil(ChannelOwner.java:130)\n\t... 32 more\n","flaky":false,"newFailed":false,"newBroken":false,"newPassed":false,"retriesCount":0,"retriesStatusChange":false,"beforeStages":[{"name":"setUp","time":{"start":1751443588317,"stop":1751443589516,"duration":1199},"description":"","status":"passed","steps":[],"attachments":[],"parameters":[],"shouldDisplayMessage":false,"stepsCount":0,"attachmentsCount":0,"hasContent":false,"attachmentStep":false},{"name":"setUp","time":{"start":1751443589516,"stop":1751443621253,"duration":31737},"description":"","status":"passed","steps":[],"attachments":[{"uid":"75d2606e8e682e57","name":"UI Error Message","source":"75d2606e8e682e57.txt","type":"text/plain","size":46},{"uid":"271a562d0a989292","name":"Modal Screenshot","source":"271a562d0a989292.png","type":"image/png","size":42122},{"uid":"9d1cc69411bc4daa","name":"Retry Info","source":"9d1cc69411bc4daa.txt","type":"text/plain","size":51}],"parameters":[],"shouldDisplayMessage":false,"stepsCount":0,"attachmentsCount":3,"hasContent":true,"attachmentStep":false}],"testStage":{"status":"failed","statusMessage":"Checkbox is not visible.","statusTrace":"java.lang.AssertionError: Checkbox is not visible.\n\tat utils.AssertionUtils.assertElementVisible(AssertionUtils.java:28)\n\tat testClassPool.EnterYourBankAccountDetailsTest.TC26_verifyAllRequiredElementsPresent(EnterYourBankAccountDetailsTest.java:334)\n\tat java.base/jdk.internal.reflect.NativeMethodAccessorImpl.invoke0(Native Method)\n\tat java.base/jdk.internal.reflect.NativeMethodAccessorImpl.invoke(NativeMethodAccessorImpl.java:77)\n\tat java.base/jdk.internal.reflect.DelegatingMethodAccessorImpl.invoke(DelegatingMethodAccessorImpl.java:43)\n\tat java.base/java.lang.reflect.Method.invoke(Method.java:568)\n\tat org.testng.internal.invokers.MethodInvocationHelper.invokeMethod(MethodInvocationHelper.java:141)\n\tat org.testng.internal.invokers.TestInvoker.invokeMethod(TestInvoker.java:687)\n\tat org.testng.internal.invokers.TestInvoker.invokeTestMethod(TestInvoker.java:230)\n\tat org.testng.internal.invokers.MethodRunner.runInSequence(MethodRunner.java:63)\n\tat org.testng.internal.invokers.TestInvoker$MethodInvocationAgent.invoke(TestInvoker.java:995)\n\tat org.testng.internal.invokers.TestInvoker.invokeTestMethods(TestInvoker.java:203)\n\tat org.testng.internal.invokers.TestMethodWorker.invokeTestMethods(TestMethodWorker.java:154)\n\tat org.testng.internal.invokers.TestMethodWorker.run(TestMethodWorker.java:134)\n\tat java.base/java.util.ArrayList.forEach(ArrayList.java:1511)\n\tat org.testng.TestRunner.privateRun(TestRunner.java:741)\n\tat org.testng.TestRunner.run(TestRunner.java:616)\n\tat org.testng.SuiteRunner.runTest(SuiteRunner.java:421)\n\tat org.testng.SuiteRunner$SuiteWorker.run(SuiteRunner.java:463)\n\tat org.testng.internal.thread.ThreadUtil.lambda$execute$0(ThreadUtil.java:64)\n\tat java.base/java.util.concurrent.FutureTask.run(FutureTask.java:264)\n\tat java.base/java.util.concurrent.ThreadPoolExecutor.runWorker(ThreadPoolExecutor.java:1136)\n\tat java.base/java.util.concurrent.ThreadPoolExecutor$Worker.run(ThreadPoolExecutor.java:635)\n\tat java.base/java.lang.Thread.run(Thread.java:842)\nCaused by: com.microsoft.playwright.TimeoutError: Error {\n  message='Timeout 5000ms exceeded.\n  name='TimeoutError\n  stack='TimeoutError: Timeout 5000ms exceeded.\n    at ProgressController.run (/private/var/folders/w6/57mby7d92xgbc8_lq6xsrrw00000gp/T/playwright-java-3756907139159717001/package/lib/server/progress.js:76:26)\n    at Frame.waitForSelector (/private/var/folders/w6/57mby7d92xgbc8_lq6xsrrw00000gp/T/playwright-java-3756907139159717001/package/lib/server/frames.js:647:23)\n    at FrameDispatcher.waitForSelector (/private/var/folders/w6/57mby7d92xgbc8_lq6xsrrw00000gp/T/playwright-java-3756907139159717001/package/lib/server/dispatchers/frameDispatcher.js:82:116)\n    at FrameDispatcher._handleCommand (/private/var/folders/w6/57mby7d92xgbc8_lq6xsrrw00000gp/T/playwright-java-3756907139159717001/package/lib/server/dispatchers/dispatcher.js:94:40)\n    at DispatcherConnection.dispatch (/private/var/folders/w6/57mby7d92xgbc8_lq6xsrrw00000gp/T/playwright-java-3756907139159717001/package/lib/server/dispatchers/dispatcher.js:307:39)\n}\nCall log:\n-   - waiting for locator(\"input[type='checkbox']\") to be visible\n-     15 × locator resolved to hidden <input checked type=\"checkbox\"/>\n\n\tat com.microsoft.playwright.impl.WaitableResult.get(WaitableResult.java:52)\n\tat com.microsoft.playwright.impl.ChannelOwner.runUntil(ChannelOwner.java:132)\n\tat com.microsoft.playwright.impl.Connection.sendMessage(Connection.java:130)\n\tat com.microsoft.playwright.impl.ChannelOwner.sendMessage(ChannelOwner.java:118)\n\tat com.microsoft.playwright.impl.FrameImpl.waitForSelectorImpl(FrameImpl.java:1060)\n\tat com.microsoft.playwright.impl.LocatorImpl.lambda$waitForImpl$8(LocatorImpl.java:634)\n\tat com.microsoft.playwright.impl.LoggingSupport.withLogging(LoggingSupport.java:47)\n\tat com.microsoft.playwright.impl.ChannelOwner.withLogging(ChannelOwner.java:97)\n\tat com.microsoft.playwright.impl.LocatorImpl.waitForImpl(LocatorImpl.java:634)\n\tat com.microsoft.playwright.impl.LocatorImpl.waitFor(LocatorImpl.java:630)\n\tat utils.AssertionUtils.assertElementVisible(AssertionUtils.java:22)\n\t... 23 more\nCaused by: com.microsoft.playwright.TimeoutError: Error {\n  message='Timeout 5000ms exceeded.\n  name='TimeoutError\n  stack='TimeoutError: Timeout 5000ms exceeded.\n    at ProgressController.run (/private/var/folders/w6/57mby7d92xgbc8_lq6xsrrw00000gp/T/playwright-java-3756907139159717001/package/lib/server/progress.js:76:26)\n    at Frame.waitForSelector (/private/var/folders/w6/57mby7d92xgbc8_lq6xsrrw00000gp/T/playwright-java-3756907139159717001/package/lib/server/frames.js:647:23)\n    at FrameDispatcher.waitForSelector (/private/var/folders/w6/57mby7d92xgbc8_lq6xsrrw00000gp/T/playwright-java-3756907139159717001/package/lib/server/dispatchers/frameDispatcher.js:82:116)\n    at FrameDispatcher._handleCommand (/private/var/folders/w6/57mby7d92xgbc8_lq6xsrrw00000gp/T/playwright-java-3756907139159717001/package/lib/server/dispatchers/dispatcher.js:94:40)\n    at DispatcherConnection.dispatch (/private/var/folders/w6/57mby7d92xgbc8_lq6xsrrw00000gp/T/playwright-java-3756907139159717001/package/lib/server/dispatchers/dispatcher.js:307:39)\n}\nCall log:\n-   - waiting for locator(\"input[type='checkbox']\") to be visible\n-     15 × locator resolved to hidden <input checked type=\"checkbox\"/>\n\n\tat com.microsoft.playwright.impl.Connection.dispatch(Connection.java:254)\n\tat com.microsoft.playwright.impl.Connection.processOneMessage(Connection.java:211)\n\tat com.microsoft.playwright.impl.ChannelOwner.runUntil(ChannelOwner.java:130)\n\t... 32 more\n","steps":[],"attachments":[{"uid":"b53127f75276f23","name":"Platform","source":"b53127f75276f23.txt","type":"text/plain","size":8},{"uid":"a0b1e45371119d0","name":"Test Framework","source":"a0b1e45371119d0.txt","type":"text/plain","size":6},{"uid":"94bd7a72ed566795","name":"Java Version","source":"94bd7a72ed566795.txt","type":"text/plain","size":7},{"uid":"60cacef414ef2857","name":"Browser","source":"60cacef414ef2857.txt","type":"text/plain","size":6},{"uid":"58a65696f9b018c5","name":"Automation Tool","source":"58a65696f9b018c5.txt","type":"text/plain","size":10},{"uid":"f4b71f2d4abc1005","name":"Test Duration","source":"f4b71f2d4abc1005.txt","type":"text/plain","size":17},{"uid":"98b081ff6fb15661","name":"Test Status","source":"98b081ff6fb15661.txt","type":"text/plain","size":6},{"uid":"9d8f7f0d68b72652","name":"Error Stack Trace","source":"9d8f7f0d68b72652.txt","type":"text/plain","size":1849},{"uid":"d5db6bd930f5a00c","name":"Error Message","source":"d5db6bd930f5a00c.txt","type":"text/plain","size":24}],"parameters":[],"shouldDisplayMessage":true,"stepsCount":0,"attachmentsCount":9,"hasContent":true,"attachmentStep":false},"afterStages":[{"name":"tearDown","time":{"start":1751443626336,"stop":1751443626477,"duration":141},"description":"","status":"passed","steps":[],"attachments":[{"uid":"334232764abd2a05","name":"All Failed APIs","source":"334232764abd2a05.txt","type":"text/plain","size":595}],"parameters":[],"shouldDisplayMessage":false,"stepsCount":0,"attachmentsCount":1,"hasContent":true,"attachmentStep":false}],"labels":[{"name":"package","value":"testClassPool.EnterYourBankAccountDetailsTest"},{"name":"testClass","value":"testClassPool.EnterYourBankAccountDetailsTest"},{"name":"testMethod","value":"TC26_verifyAllRequiredElementsPresent"},{"name":"parentSuite","value":"Failed suite [Stashfin Web Automation Suite]"},{"name":"suite","value":"Stashfin Web Test Run(failed)"},{"name":"subSuite","value":"testClassPool.EnterYourBankAccountDetailsTest"},{"name":"host","value":"MacBook-Pro.local"},{"name":"thread","value":"29295@MacBook-Pro.local.TestNG-tests-1(28)"},{"name":"framework","value":"testng"},{"name":"language","value":"java"},{"name":"resultFormat","value":"allure2"}],"parameters":[],"links":[],"hidden":true,"retry":true,"extra":{"categories":[],"tags":[]},"source":"1e7058d6259a9566.json","parameterValues":[]}