{"uid":"24e484f4b8f1b218","name":"Verify customer address retrieval by user ID","fullName":"testGetCustomerAddressByUserId (General)","historyId":"3b5658bf41d4c0da13eb6e65d38ea917","time":{"start":1752213223974,"stop":1752213224291,"duration":317},"status":"failed","statusMessage":"User ID in result should match the queried user ID expected [1769227032] but found [1769227032]","statusTrace":"java.lang.AssertionError: User ID in result should match the queried user ID expected [1769227032] but found [1769227032]\n\tat org.testng.Assert.fail(Assert.java:111)\n\tat org.testng.Assert.failNotEquals(Assert.java:1590)\n\tat org.testng.Assert.assertEqualsImpl(Assert.java:150)\n\tat org.testng.Assert.assertEquals(Assert.java:132)\n\tat testClassPool.DatabaseOperationsTest.testGetCustomerAddressByUserId(DatabaseOperationsTest.java:170)\n\tat java.base/jdk.internal.reflect.NativeMethodAccessorImpl.invoke0(Native Method)\n\tat java.base/jdk.internal.reflect.NativeMethodAccessorImpl.invoke(NativeMethodAccessorImpl.java:77)\n\tat java.base/jdk.internal.reflect.DelegatingMethodAccessorImpl.invoke(DelegatingMethodAccessorImpl.java:43)\n\tat java.base/java.lang.reflect.Method.invoke(Method.java:568)\n\tat org.testng.internal.invokers.MethodInvocationHelper.invokeMethod(MethodInvocationHelper.java:141)\n\tat org.testng.internal.invokers.TestInvoker.invokeMethod(TestInvoker.java:687)\n\tat org.testng.internal.invokers.TestInvoker.invokeTestMethod(TestInvoker.java:230)\n\tat org.testng.internal.invokers.MethodRunner.runInSequence(MethodRunner.java:63)\n\tat org.testng.internal.invokers.TestInvoker$MethodInvocationAgent.invoke(TestInvoker.java:995)\n\tat org.testng.internal.invokers.TestInvoker.invokeTestMethods(TestInvoker.java:203)\n\tat org.testng.internal.invokers.TestMethodWorker.invokeTestMethods(TestMethodWorker.java:154)\n\tat org.testng.internal.invokers.TestMethodWorker.run(TestMethodWorker.java:134)\n\tat java.base/java.util.concurrent.Executors$RunnableAdapter.call(Executors.java:539)\n\tat java.base/java.util.concurrent.FutureTask.run(FutureTask.java:264)\n\tat org.testng.internal.thread.graph.TestNGFutureTask.run(TestNGFutureTask.java:22)\n\tat java.base/java.util.concurrent.ThreadPoolExecutor.runWorker(ThreadPoolExecutor.java:1136)\n\tat java.base/java.util.concurrent.ThreadPoolExecutor$Worker.run(ThreadPoolExecutor.java:635)\n\tat java.base/java.lang.Thread.run(Thread.java:833)\n","flaky":false,"newFailed":false,"newBroken":false,"newPassed":false,"retriesCount":0,"retriesStatusChange":false,"beforeStages":[{"name":"setUp","time":{"start":1752213214195,"stop":1752213214494,"duration":299},"description":"","status":"passed","steps":[],"attachments":[],"parameters":[],"shouldDisplayMessage":false,"stepsCount":0,"attachmentsCount":0,"hasContent":false,"attachmentStep":false},{"name":"setUp","time":{"start":1752213222974,"stop":1752213223972,"duration":998},"description":"","status":"passed","steps":[],"attachments":[],"parameters":[],"shouldDisplayMessage":false,"stepsCount":0,"attachmentsCount":0,"hasContent":false,"attachmentStep":false}],"testStage":{"status":"failed","statusMessage":"User ID in result should match the queried user ID expected [1769227032] but found [1769227032]","statusTrace":"java.lang.AssertionError: User ID in result should match the queried user ID expected [1769227032] but found [1769227032]\n\tat org.testng.Assert.fail(Assert.java:111)\n\tat org.testng.Assert.failNotEquals(Assert.java:1590)\n\tat org.testng.Assert.assertEqualsImpl(Assert.java:150)\n\tat org.testng.Assert.assertEquals(Assert.java:132)\n\tat testClassPool.DatabaseOperationsTest.testGetCustomerAddressByUserId(DatabaseOperationsTest.java:170)\n\tat java.base/jdk.internal.reflect.NativeMethodAccessorImpl.invoke0(Native Method)\n\tat java.base/jdk.internal.reflect.NativeMethodAccessorImpl.invoke(NativeMethodAccessorImpl.java:77)\n\tat java.base/jdk.internal.reflect.DelegatingMethodAccessorImpl.invoke(DelegatingMethodAccessorImpl.java:43)\n\tat java.base/java.lang.reflect.Method.invoke(Method.java:568)\n\tat org.testng.internal.invokers.MethodInvocationHelper.invokeMethod(MethodInvocationHelper.java:141)\n\tat org.testng.internal.invokers.TestInvoker.invokeMethod(TestInvoker.java:687)\n\tat org.testng.internal.invokers.TestInvoker.invokeTestMethod(TestInvoker.java:230)\n\tat org.testng.internal.invokers.MethodRunner.runInSequence(MethodRunner.java:63)\n\tat org.testng.internal.invokers.TestInvoker$MethodInvocationAgent.invoke(TestInvoker.java:995)\n\tat org.testng.internal.invokers.TestInvoker.invokeTestMethods(TestInvoker.java:203)\n\tat org.testng.internal.invokers.TestMethodWorker.invokeTestMethods(TestMethodWorker.java:154)\n\tat org.testng.internal.invokers.TestMethodWorker.run(TestMethodWorker.java:134)\n\tat java.base/java.util.concurrent.Executors$RunnableAdapter.call(Executors.java:539)\n\tat java.base/java.util.concurrent.FutureTask.run(FutureTask.java:264)\n\tat org.testng.internal.thread.graph.TestNGFutureTask.run(TestNGFutureTask.java:22)\n\tat java.base/java.util.concurrent.ThreadPoolExecutor.runWorker(ThreadPoolExecutor.java:1136)\n\tat java.base/java.util.concurrent.ThreadPoolExecutor$Worker.run(ThreadPoolExecutor.java:635)\n\tat java.base/java.lang.Thread.run(Thread.java:833)\n","steps":[{"name":"Add Environment Info","time":{"start":1752213223974,"stop":1752213223974,"duration":0},"status":"passed","steps":[],"attachments":[{"uid":"61c6fccb2d6cdfcc","name":"Platform","source":"61c6fccb2d6cdfcc.txt","type":"text/plain","size":5},{"uid":"958b2fca38bf5340","name":"Test Framework","source":"958b2fca38bf5340.txt","type":"text/plain","size":6},{"uid":"3c0130834335b087","name":"Java Version","source":"3c0130834335b087.txt","type":"text/plain","size":6},{"uid":"8ec99516642bbea8","name":"Browser","source":"8ec99516642bbea8.txt","type":"text/plain","size":6},{"uid":"b1091d993909d50f","name":"Automation Tool","source":"b1091d993909d50f.txt","type":"text/plain","size":10}],"parameters":[],"shouldDisplayMessage":false,"stepsCount":0,"attachmentsCount":5,"hasContent":true,"attachmentStep":false},{"name":"Add Test Metrics","time":{"start":1752213224290,"stop":1752213224290,"duration":0},"status":"passed","steps":[],"attachments":[{"uid":"90d0e7824cd8b0d5","name":"Test Duration","source":"90d0e7824cd8b0d5.txt","type":"text/plain","size":16},{"uid":"fc213f6fbce7c337","name":"Test Status","source":"fc213f6fbce7c337.txt","type":"text/plain","size":6}],"parameters":[{"name":"testName","value":"testGetCustomerAddressByUserId"},{"name":"status","value":"FAILED"},{"name":"duration","value":"316"}],"shouldDisplayMessage":false,"stepsCount":0,"attachmentsCount":2,"hasContent":true,"attachmentStep":false},{"name":"Add Trend Data","time":{"start":1752213224290,"stop":1752213224290,"duration":0},"status":"passed","steps":[],"attachments":[],"parameters":[{"name":"testName","value":"testGetCustomerAddressByUserId"},{"name":"status","value":"FAILED"},{"name":"duration","value":"316"}],"shouldDisplayMessage":false,"stepsCount":0,"attachmentsCount":0,"hasContent":true,"attachmentStep":false},{"name":"Add Failure Details","time":{"start":1752213224290,"stop":1752213224290,"duration":0},"status":"passed","steps":[],"attachments":[{"uid":"bab74125607843bf","name":"Error Stack Trace","source":"bab74125607843bf.txt","type":"text/plain","size":1761},{"uid":"7de5283ee93415aa","name":"Error Message","source":"7de5283ee93415aa.txt","type":"text/plain","size":95}],"parameters":[{"name":"result","value":"[TestResult name=testGetCustomerAddressByUserId status=FAILURE method=DatabaseOperationsTest.testGetCustomerAddressByUserId()[pri:0, instance:testClassPool.DatabaseOperationsTest@1f0b3cfe] output=[2025-07-11 05:53:43] STARTED - testGetCustomerAddressByUserId: Test execution started]"}],"shouldDisplayMessage":false,"stepsCount":0,"attachmentsCount":2,"hasContent":true,"attachmentStep":false}],"attachments":[],"parameters":[],"shouldDisplayMessage":true,"stepsCount":4,"attachmentsCount":9,"hasContent":true,"attachmentStep":false},"afterStages":[{"name":"tearDown","time":{"start":1752213224291,"stop":1752213224399,"duration":108},"description":"","status":"passed","steps":[],"attachments":[],"parameters":[],"shouldDisplayMessage":false,"stepsCount":0,"attachmentsCount":0,"hasContent":false,"attachmentStep":false},{"name":"tearDown","time":{"start":1752213233933,"stop":1752213233933,"duration":0},"description":"","status":"passed","steps":[],"attachments":[],"parameters":[],"shouldDisplayMessage":false,"stepsCount":0,"attachmentsCount":0,"hasContent":false,"attachmentStep":false}],"labels":[{"name":"package","value":"testClassPool.DatabaseOperationsTest"},{"name":"testClass","value":"testClassPool.DatabaseOperationsTest"},{"name":"testMethod","value":"testGetCustomerAddressByUserId"},{"name":"parentSuite","value":"Stashfin Web Automation Suite"},{"name":"suite","value":"Stashfin Web Test Run"},{"name":"subSuite","value":"testClassPool.DatabaseOperationsTest"},{"name":"host","value":"ebc7cad54d04"},{"name":"thread","value":"102@ebc7cad54d04.TestNG-test-Stashfin Web Test Run-1(31)"},{"name":"framework","value":"testng"},{"name":"language","value":"java"},{"name":"resultFormat","value":"allure2"}],"parameters":[],"links":[],"hidden":false,"retry":false,"extra":{"severity":"normal","retries":[],"categories":[{"name":"Product defects","matchedStatuses":[],"flaky":false}],"tags":[]},"source":"24e484f4b8f1b218.json","parameterValues":[]}