{"uid":"28fed9906b4fe7f4","name":"Sanity: Complete Loan Journey in one go","fullName":"SanityTest.LoanJourneySanityTest.testFullLoanJourneySanity","historyId":"38259e1d28c0c2d83551dfe29edd5570","time":{"start":1752728988362,"stop":1752729001310,"duration":12948},"description":"Runs the full loan journey from start to finish with a fresh mobile number, validating all major checkpoints.","descriptionHtml":"<p>Runs the full loan journey from start to finish with a fresh mobile number, validating all major checkpoints.</p>\n","status":"failed","statusMessage":"Failed to navigate to OTP screen. User is stuck on mobile number screen after clicking Continue button. Please check mobile number validation or network connectivity.","statusTrace":"java.lang.AssertionError: Failed to navigate to OTP screen. User is stuck on mobile number screen after clicking Continue button. Please check mobile number validation or network connectivity.\n\tat TestUtils.LoginUtility.signUP(LoginUtility.java:151)\n\tat TestUtils.LoanJourneyFlow.login(LoanJourneyFlow.java:23)\n\tat TestUtils.LoanJourneyFlow.reachTakeASelfieAfterBankDetails(LoanJourneyFlow.java:832)\n\tat SanityTest.LoanJourneySanityTest.testFullLoanJourneySanity(LoanJourneySanityTest.java:34)\n\tat java.base/jdk.internal.reflect.DirectMethodHandleAccessor.invoke(DirectMethodHandleAccessor.java:103)\n\tat java.base/java.lang.reflect.Method.invoke(Method.java:580)\n\tat org.testng.internal.invokers.MethodInvocationHelper.invokeMethod(MethodInvocationHelper.java:141)\n\tat org.testng.internal.invokers.TestInvoker.invokeMethod(TestInvoker.java:687)\n\tat org.testng.internal.invokers.TestInvoker.invokeTestMethod(TestInvoker.java:230)\n\tat org.testng.internal.invokers.MethodRunner.runInSequence(MethodRunner.java:63)\n\tat org.testng.internal.invokers.TestInvoker$MethodInvocationAgent.invoke(TestInvoker.java:995)\n\tat org.testng.internal.invokers.TestInvoker.invokeTestMethods(TestInvoker.java:203)\n\tat org.testng.internal.invokers.TestMethodWorker.invokeTestMethods(TestMethodWorker.java:154)\n\tat org.testng.internal.invokers.TestMethodWorker.run(TestMethodWorker.java:134)\n\tat java.base/java.util.ArrayList.forEach(ArrayList.java:1597)\n\tat org.testng.TestRunner.privateRun(TestRunner.java:741)\n\tat org.testng.TestRunner.run(TestRunner.java:616)\n\tat org.testng.SuiteRunner.runTest(SuiteRunner.java:421)\n\tat org.testng.SuiteRunner.runSequentially(SuiteRunner.java:413)\n\tat org.testng.SuiteRunner.privateRun(SuiteRunner.java:373)\n\tat org.testng.SuiteRunner.run(SuiteRunner.java:312)\n\tat org.testng.SuiteRunnerWorker.runSuite(SuiteRunnerWorker.java:52)\n\tat org.testng.SuiteRunnerWorker.run(SuiteRunnerWorker.java:95)\n\tat org.testng.TestNG.runSuitesSequentially(TestNG.java:1274)\n\tat org.testng.TestNG.runSuitesLocally(TestNG.java:1208)\n\tat org.testng.TestNG.runSuites(TestNG.java:1112)\n\tat org.testng.TestNG.run(TestNG.java:1079)\n\tat org.apache.maven.surefire.testng.TestNGExecutor.run(TestNGExecutor.java:308)\n\tat org.apache.maven.surefire.testng.TestNGXmlTestSuite.execute(TestNGXmlTestSuite.java:71)\n\tat org.apache.maven.surefire.testng.TestNGProvider.invoke(TestNGProvider.java:113)\n\tat org.apache.maven.surefire.booter.ForkedBooter.runSuitesInProcess(ForkedBooter.java:385)\n\tat org.apache.maven.surefire.booter.ForkedBooter.execute(ForkedBooter.java:162)\n\tat org.apache.maven.surefire.booter.ForkedBooter.run(ForkedBooter.java:507)\n\tat org.apache.maven.surefire.booter.ForkedBooter.main(ForkedBooter.java:495)\n","flaky":false,"newFailed":false,"newBroken":false,"newPassed":false,"retriesCount":0,"retriesStatusChange":false,"beforeStages":[{"name":"setUp","time":{"start":1752728984376,"stop":1752728987852,"duration":3476},"description":"","status":"passed","steps":[],"attachments":[],"parameters":[],"shouldDisplayMessage":false,"stepsCount":0,"attachmentsCount":0,"hasContent":false,"attachmentStep":false},{"name":"setUpDatabase","time":{"start":1752728987889,"stop":1752728988347,"duration":458},"description":"","status":"passed","steps":[],"attachments":[],"parameters":[],"shouldDisplayMessage":false,"stepsCount":0,"attachmentsCount":0,"hasContent":false,"attachmentStep":false}],"testStage":{"description":"Runs the full loan journey from start to finish with a fresh mobile number, validating all major checkpoints.","status":"failed","statusMessage":"Failed to navigate to OTP screen. User is stuck on mobile number screen after clicking Continue button. Please check mobile number validation or network connectivity.","statusTrace":"java.lang.AssertionError: Failed to navigate to OTP screen. User is stuck on mobile number screen after clicking Continue button. Please check mobile number validation or network connectivity.\n\tat TestUtils.LoginUtility.signUP(LoginUtility.java:151)\n\tat TestUtils.LoanJourneyFlow.login(LoanJourneyFlow.java:23)\n\tat TestUtils.LoanJourneyFlow.reachTakeASelfieAfterBankDetails(LoanJourneyFlow.java:832)\n\tat SanityTest.LoanJourneySanityTest.testFullLoanJourneySanity(LoanJourneySanityTest.java:34)\n\tat java.base/jdk.internal.reflect.DirectMethodHandleAccessor.invoke(DirectMethodHandleAccessor.java:103)\n\tat java.base/java.lang.reflect.Method.invoke(Method.java:580)\n\tat org.testng.internal.invokers.MethodInvocationHelper.invokeMethod(MethodInvocationHelper.java:141)\n\tat org.testng.internal.invokers.TestInvoker.invokeMethod(TestInvoker.java:687)\n\tat org.testng.internal.invokers.TestInvoker.invokeTestMethod(TestInvoker.java:230)\n\tat org.testng.internal.invokers.MethodRunner.runInSequence(MethodRunner.java:63)\n\tat org.testng.internal.invokers.TestInvoker$MethodInvocationAgent.invoke(TestInvoker.java:995)\n\tat org.testng.internal.invokers.TestInvoker.invokeTestMethods(TestInvoker.java:203)\n\tat org.testng.internal.invokers.TestMethodWorker.invokeTestMethods(TestMethodWorker.java:154)\n\tat org.testng.internal.invokers.TestMethodWorker.run(TestMethodWorker.java:134)\n\tat java.base/java.util.ArrayList.forEach(ArrayList.java:1597)\n\tat org.testng.TestRunner.privateRun(TestRunner.java:741)\n\tat org.testng.TestRunner.run(TestRunner.java:616)\n\tat org.testng.SuiteRunner.runTest(SuiteRunner.java:421)\n\tat org.testng.SuiteRunner.runSequentially(SuiteRunner.java:413)\n\tat org.testng.SuiteRunner.privateRun(SuiteRunner.java:373)\n\tat org.testng.SuiteRunner.run(SuiteRunner.java:312)\n\tat org.testng.SuiteRunnerWorker.runSuite(SuiteRunnerWorker.java:52)\n\tat org.testng.SuiteRunnerWorker.run(SuiteRunnerWorker.java:95)\n\tat org.testng.TestNG.runSuitesSequentially(TestNG.java:1274)\n\tat org.testng.TestNG.runSuitesLocally(TestNG.java:1208)\n\tat org.testng.TestNG.runSuites(TestNG.java:1112)\n\tat org.testng.TestNG.run(TestNG.java:1079)\n\tat org.apache.maven.surefire.testng.TestNGExecutor.run(TestNGExecutor.java:308)\n\tat org.apache.maven.surefire.testng.TestNGXmlTestSuite.execute(TestNGXmlTestSuite.java:71)\n\tat org.apache.maven.surefire.testng.TestNGProvider.invoke(TestNGProvider.java:113)\n\tat org.apache.maven.surefire.booter.ForkedBooter.runSuitesInProcess(ForkedBooter.java:385)\n\tat org.apache.maven.surefire.booter.ForkedBooter.execute(ForkedBooter.java:162)\n\tat org.apache.maven.surefire.booter.ForkedBooter.run(ForkedBooter.java:507)\n\tat org.apache.maven.surefire.booter.ForkedBooter.main(ForkedBooter.java:495)\n","steps":[{"name":"Entering mobile number: 9763980897","time":{"start":1752728989024,"stop":1752728990079,"duration":1055},"status":"passed","steps":[],"attachments":[],"parameters":[{"name":"mobileNumber","value":"9763980897"}],"shouldDisplayMessage":false,"stepsCount":0,"attachmentsCount":0,"hasContent":true,"attachmentStep":false}],"attachments":[{"uid":"ce9aaa775dcf84ea","name":"Page HTML after timeout","source":"ce9aaa775dcf84ea.txt","type":"text/plain","size":2643},{"uid":"46f9a651003dfab6","name":"Timeout Exception","source":"46f9a651003dfab6.txt","type":"text/plain","size":1225},{"uid":"8635112ee953cbde","name":"Navigation Error","source":"8635112ee953cbde.txt","type":"text/plain","size":72},{"uid":"7747648deb53a96c","name":"Still on Mobile Screen","source":"7747648deb53a96c.png","type":"image/png","size":44210},{"uid":"c54802baf4793f30","name":"Validation Error","source":"c54802baf4793f30.txt","type":"text/plain","size":88},{"uid":"2d27249e929012c","name":"Current URL","source":"2d27249e929012c.txt","type":"text/plain","size":85},{"uid":"37e8874b8d7565e7","name":"Navigation Failure Screenshot","source":"37e8874b8d7565e7.png","type":"image/png","size":44210}],"parameters":[],"shouldDisplayMessage":true,"stepsCount":1,"attachmentsCount":7,"hasContent":true,"attachmentStep":false},"afterStages":[{"name":"tearDownDatabase","time":{"start":1752729001317,"stop":1752729001323,"duration":6},"description":"","status":"passed","steps":[],"attachments":[],"parameters":[],"shouldDisplayMessage":false,"stepsCount":0,"attachmentsCount":0,"hasContent":false,"attachmentStep":false},{"name":"tearDown","time":{"start":1752729001324,"stop":1752729001532,"duration":208},"description":"","status":"passed","steps":[],"attachments":[],"parameters":[],"shouldDisplayMessage":false,"stepsCount":0,"attachmentsCount":0,"hasContent":false,"attachmentStep":false}],"labels":[{"name":"package","value":"SanityTest.LoanJourneySanityTest"},{"name":"testClass","value":"SanityTest.LoanJourneySanityTest"},{"name":"testMethod","value":"testFullLoanJourneySanity"},{"name":"parentSuite","value":"Single Test Suite"},{"name":"suite","value":"Single Test"},{"name":"subSuite","value":"SanityTest.LoanJourneySanityTest"},{"name":"host","value":"MacBook-Pro.local"},{"name":"thread","value":"14133@MacBook-Pro.local.main(1)"},{"name":"framework","value":"testng"},{"name":"language","value":"java"},{"name":"resultFormat","value":"allure2"}],"parameters":[],"links":[],"hidden":true,"retry":true,"extra":{"categories":[],"tags":[]},"source":"28fed9906b4fe7f4.json","parameterValues":[]}