{"uid":"3533d9cc40565c56","name":"Verify Bank Account Details page accessibility","fullName":"TC27_verifyBankAccountDetailsPageAccessibility (Bank Account)","historyId":"ecb4fa575ecf4f354c7c016f1ba24f5f","time":{"start":1751480323331,"stop":1751480323331,"duration":0},"status":"skipped","statusMessage":"Cannot invoke \"com.mysql.cj.protocol.ColumnDefinition.getFields()\" because \"this.columnDefinition\" is null","statusTrace":"java.lang.NullPointerException: Cannot invoke \"com.mysql.cj.protocol.ColumnDefinition.getFields()\" because \"this.columnDefinition\" is null\n\tat com.mysql.cj.jdbc.result.ResultSetImpl.checkColumnBounds(ResultSetImpl.java:508)\n\tat com.mysql.cj.jdbc.result.ResultSetImpl.getObject(ResultSetImpl.java:1118)\n\tat utils.DatabaseUtils.executeQuery(DatabaseUtils.java:92)\n\tat utils.StepBypassUtils.bypassStepWithDbOnly(StepBypassUtils.java:36)\n\tat TestUtils.LoanJourneyFlow.SKIPAA(LoanJourneyFlow.java:155)\n\tat TestUtils.LoanJourneyFlow.reachBankAccountDetailsPage(LoanJourneyFlow.java:605)\n\tat testClassPool.EnterYourBankAccountDetailsTest.setUp(EnterYourBankAccountDetailsTest.java:26)\n\tat java.base/jdk.internal.reflect.DirectMethodHandleAccessor.invoke(DirectMethodHandleAccessor.java:103)\n\tat java.base/java.lang.reflect.Method.invoke(Method.java:580)\n\tat org.testng.internal.invokers.MethodInvocationHelper.invokeMethod(MethodInvocationHelper.java:141)\n\tat org.testng.internal.invokers.MethodInvocationHelper.invokeMethodConsideringTimeout(MethodInvocationHelper.java:71)\n\tat org.testng.internal.invokers.ConfigInvoker.invokeConfigurationMethod(ConfigInvoker.java:400)\n\tat org.testng.internal.invokers.ConfigInvoker.invokeConfigurations(ConfigInvoker.java:333)\n\tat org.testng.internal.invokers.TestInvoker.runConfigMethods(TestInvoker.java:836)\n\tat org.testng.internal.invokers.TestInvoker.invokeMethod(TestInvoker.java:601)\n\tat org.testng.internal.invokers.TestInvoker.invokeTestMethod(TestInvoker.java:230)\n\tat org.testng.internal.invokers.MethodRunner.runInSequence(MethodRunner.java:63)\n\tat org.testng.internal.invokers.TestInvoker$MethodInvocationAgent.invoke(TestInvoker.java:995)\n\tat org.testng.internal.invokers.TestInvoker.invokeTestMethods(TestInvoker.java:203)\n\tat org.testng.internal.invokers.TestMethodWorker.invokeTestMethods(TestMethodWorker.java:154)\n\tat org.testng.internal.invokers.TestMethodWorker.run(TestMethodWorker.java:134)\n\tat java.base/java.util.concurrent.Executors$RunnableAdapter.call(Executors.java:572)\n\tat java.base/java.util.concurrent.FutureTask.run(FutureTask.java:317)\n\tat org.testng.internal.thread.graph.TestNGFutureTask.run(TestNGFutureTask.java:22)\n\tat java.base/java.util.concurrent.ThreadPoolExecutor.runWorker(ThreadPoolExecutor.java:1144)\n\tat java.base/java.util.concurrent.ThreadPoolExecutor$Worker.run(ThreadPoolExecutor.java:642)\n\tat java.base/java.lang.Thread.run(Thread.java:1575)\n","flaky":false,"newFailed":false,"newBroken":false,"newPassed":false,"retriesCount":0,"retriesStatusChange":false,"beforeStages":[{"name":"setUp","time":{"start":1751480322097,"stop":1751480323330,"duration":1233},"description":"","status":"passed","steps":[],"attachments":[],"parameters":[],"shouldDisplayMessage":false,"stepsCount":0,"attachmentsCount":0,"hasContent":false,"attachmentStep":false},{"name":"setUp","time":{"start":1751480323330,"stop":1751480323330,"duration":0},"description":"","status":"broken","steps":[],"attachments":[],"parameters":[],"shouldDisplayMessage":false,"stepsCount":0,"attachmentsCount":0,"hasContent":false,"attachmentStep":false}],"testStage":{"status":"skipped","statusMessage":"Cannot invoke \"com.mysql.cj.protocol.ColumnDefinition.getFields()\" because \"this.columnDefinition\" is null","statusTrace":"java.lang.NullPointerException: Cannot invoke \"com.mysql.cj.protocol.ColumnDefinition.getFields()\" because \"this.columnDefinition\" is null\n\tat com.mysql.cj.jdbc.result.ResultSetImpl.checkColumnBounds(ResultSetImpl.java:508)\n\tat com.mysql.cj.jdbc.result.ResultSetImpl.getObject(ResultSetImpl.java:1118)\n\tat utils.DatabaseUtils.executeQuery(DatabaseUtils.java:92)\n\tat utils.StepBypassUtils.bypassStepWithDbOnly(StepBypassUtils.java:36)\n\tat TestUtils.LoanJourneyFlow.SKIPAA(LoanJourneyFlow.java:155)\n\tat TestUtils.LoanJourneyFlow.reachBankAccountDetailsPage(LoanJourneyFlow.java:605)\n\tat testClassPool.EnterYourBankAccountDetailsTest.setUp(EnterYourBankAccountDetailsTest.java:26)\n\tat java.base/jdk.internal.reflect.DirectMethodHandleAccessor.invoke(DirectMethodHandleAccessor.java:103)\n\tat java.base/java.lang.reflect.Method.invoke(Method.java:580)\n\tat org.testng.internal.invokers.MethodInvocationHelper.invokeMethod(MethodInvocationHelper.java:141)\n\tat org.testng.internal.invokers.MethodInvocationHelper.invokeMethodConsideringTimeout(MethodInvocationHelper.java:71)\n\tat org.testng.internal.invokers.ConfigInvoker.invokeConfigurationMethod(ConfigInvoker.java:400)\n\tat org.testng.internal.invokers.ConfigInvoker.invokeConfigurations(ConfigInvoker.java:333)\n\tat org.testng.internal.invokers.TestInvoker.runConfigMethods(TestInvoker.java:836)\n\tat org.testng.internal.invokers.TestInvoker.invokeMethod(TestInvoker.java:601)\n\tat org.testng.internal.invokers.TestInvoker.invokeTestMethod(TestInvoker.java:230)\n\tat org.testng.internal.invokers.MethodRunner.runInSequence(MethodRunner.java:63)\n\tat org.testng.internal.invokers.TestInvoker$MethodInvocationAgent.invoke(TestInvoker.java:995)\n\tat org.testng.internal.invokers.TestInvoker.invokeTestMethods(TestInvoker.java:203)\n\tat org.testng.internal.invokers.TestMethodWorker.invokeTestMethods(TestMethodWorker.java:154)\n\tat org.testng.internal.invokers.TestMethodWorker.run(TestMethodWorker.java:134)\n\tat java.base/java.util.concurrent.Executors$RunnableAdapter.call(Executors.java:572)\n\tat java.base/java.util.concurrent.FutureTask.run(FutureTask.java:317)\n\tat org.testng.internal.thread.graph.TestNGFutureTask.run(TestNGFutureTask.java:22)\n\tat java.base/java.util.concurrent.ThreadPoolExecutor.runWorker(ThreadPoolExecutor.java:1144)\n\tat java.base/java.util.concurrent.ThreadPoolExecutor$Worker.run(ThreadPoolExecutor.java:642)\n\tat java.base/java.lang.Thread.run(Thread.java:1575)\n","steps":[{"name":"Add Environment Info","time":{"start":1751480323331,"stop":1751480323331,"duration":0},"status":"passed","steps":[],"attachments":[{"uid":"12d0257c0803e4fa","name":"Platform","source":"12d0257c0803e4fa.txt","type":"text/plain","size":8},{"uid":"60e782c08f531c97","name":"Test Framework","source":"60e782c08f531c97.txt","type":"text/plain","size":6},{"uid":"2f61e9c5e5ae4e49","name":"Java Version","source":"2f61e9c5e5ae4e49.txt","type":"text/plain","size":6},{"uid":"40c0d9336ebb98ce","name":"Browser","source":"40c0d9336ebb98ce.txt","type":"text/plain","size":6},{"uid":"49f237a982caca7a","name":"Automation Tool","source":"49f237a982caca7a.txt","type":"text/plain","size":10}],"parameters":[],"shouldDisplayMessage":false,"stepsCount":0,"attachmentsCount":5,"hasContent":true,"attachmentStep":false},{"name":"Add Test Metrics","time":{"start":1751480323331,"stop":1751480323331,"duration":0},"status":"passed","steps":[],"attachments":[{"uid":"b899e9932fa5fe2a","name":"Test Duration","source":"b899e9932fa5fe2a.txt","type":"text/plain","size":14},{"uid":"d596274f7e66016c","name":"Test Status","source":"d596274f7e66016c.txt","type":"text/plain","size":7}],"parameters":[{"name":"testName","value":"TC27_verifyBankAccountDetailsPageAccessibility"},{"name":"status","value":"SKIPPED"},{"name":"duration","value":"0"}],"shouldDisplayMessage":false,"stepsCount":0,"attachmentsCount":2,"hasContent":true,"attachmentStep":false},{"name":"Add Trend Data","time":{"start":1751480323331,"stop":1751480323331,"duration":0},"status":"passed","steps":[],"attachments":[],"parameters":[{"name":"testName","value":"TC27_verifyBankAccountDetailsPageAccessibility"},{"name":"status","value":"SKIPPED"},{"name":"duration","value":"0"}],"shouldDisplayMessage":false,"stepsCount":0,"attachmentsCount":0,"hasContent":true,"attachmentStep":false}],"attachments":[],"parameters":[],"shouldDisplayMessage":true,"stepsCount":3,"attachmentsCount":7,"hasContent":true,"attachmentStep":false},"afterStages":[{"name":"tearDown","time":{"start":1751480323332,"stop":1751480323453,"duration":121},"description":"","status":"passed","steps":[],"attachments":[],"parameters":[],"shouldDisplayMessage":false,"stepsCount":0,"attachmentsCount":0,"hasContent":false,"attachmentStep":false}],"labels":[{"name":"package","value":"testClassPool.EnterYourBankAccountDetailsTest"},{"name":"testClass","value":"testClassPool.EnterYourBankAccountDetailsTest"},{"name":"testMethod","value":"TC27_verifyBankAccountDetailsPageAccessibility"},{"name":"parentSuite","value":"Stashfin Web Automation Suite"},{"name":"suite","value":"Stashfin Web Test Run"},{"name":"subSuite","value":"testClassPool.EnterYourBankAccountDetailsTest"},{"name":"host","value":"MacBook-Pro.local"},{"name":"thread","value":"50467@MacBook-Pro.local.TestNG-test-Stashfin Web Test Run-1(49)"},{"name":"framework","value":"testng"},{"name":"language","value":"java"},{"name":"resultFormat","value":"allure2"}],"parameters":[],"links":[],"hidden":true,"retry":true,"extra":{"categories":[],"tags":[]},"source":"3533d9cc40565c56.json","parameterValues":[]}