{"uid":"36b0c0c778e08e41","name":"TC01_verifyScreenTitleVisible","fullName":"TC01_verifyScreenTitleVisible (General)","historyId":"26bfafee19bd2ea37ccaf401a021da47","time":{"start":1751955062208,"stop":1751955062231,"duration":23},"status":"skipped","statusMessage":"Failed to create driver","statusTrace":"java.lang.RuntimeException: Failed to create driver\n\tat com.microsoft.playwright.impl.driver.Driver.createAndInstall(Driver.java:105)\n\tat com.microsoft.playwright.impl.driver.Driver.ensureDriverInstalled(Driver.java:57)\n\tat com.microsoft.playwright.impl.PlaywrightImpl.createImpl(PlaywrightImpl.java:46)\n\tat com.microsoft.playwright.impl.PlaywrightImpl.create(PlaywrightImpl.java:36)\n\tat com.microsoft.playwright.Playwright.create(Playwright.java:110)\n\tat com.microsoft.playwright.Playwright.create(Playwright.java:114)\n\tat homeBase.DriverManager.initDriver(DriverManager.java:20)\n\tat base.BaseTest.setUp(BaseTest.java:51)\n\tat java.base/jdk.internal.reflect.NativeMethodAccessorImpl.invoke0(Native Method)\n\tat java.base/jdk.internal.reflect.NativeMethodAccessorImpl.invoke(NativeMethodAccessorImpl.java:77)\n\tat java.base/jdk.internal.reflect.DelegatingMethodAccessorImpl.invoke(DelegatingMethodAccessorImpl.java:43)\n\tat java.base/java.lang.reflect.Method.invoke(Method.java:568)\n\tat org.testng.internal.invokers.MethodInvocationHelper.invokeMethod(MethodInvocationHelper.java:141)\n\tat org.testng.internal.invokers.MethodInvocationHelper.invokeMethodConsideringTimeout(MethodInvocationHelper.java:71)\n\tat org.testng.internal.invokers.ConfigInvoker.invokeConfigurationMethod(ConfigInvoker.java:400)\n\tat org.testng.internal.invokers.ConfigInvoker.invokeConfigurations(ConfigInvoker.java:333)\n\tat org.testng.internal.invokers.TestInvoker.runConfigMethods(TestInvoker.java:836)\n\tat org.testng.internal.invokers.TestInvoker.invokeMethod(TestInvoker.java:601)\n\tat org.testng.internal.invokers.TestInvoker.invokeTestMethod(TestInvoker.java:230)\n\tat org.testng.internal.invokers.MethodRunner.runInSequence(MethodRunner.java:63)\n\tat org.testng.internal.invokers.TestInvoker$MethodInvocationAgent.invoke(TestInvoker.java:995)\n\tat org.testng.internal.invokers.TestInvoker.invokeTestMethods(TestInvoker.java:203)\n\tat org.testng.internal.invokers.TestMethodWorker.invokeTestMethods(TestMethodWorker.java:154)\n\tat org.testng.internal.invokers.TestMethodWorker.run(TestMethodWorker.java:134)\n\tat java.base/java.util.concurrent.Executors$RunnableAdapter.call(Executors.java:539)\n\tat java.base/java.util.concurrent.FutureTask.run(FutureTask.java:264)\n\tat org.testng.internal.thread.graph.TestNGFutureTask.run(TestNGFutureTask.java:22)\n\tat java.base/java.util.concurrent.ThreadPoolExecutor.runWorker(ThreadPoolExecutor.java:1136)\n\tat java.base/java.util.concurrent.ThreadPoolExecutor$Worker.run(ThreadPoolExecutor.java:635)\n\tat java.base/java.lang.Thread.run(Thread.java:833)\nCaused by: java.lang.RuntimeException: Timed out waiting for browsers to install\n\tat com.microsoft.playwright.impl.driver.jar.DriverJar.installBrowsers(DriverJar.java:96)\n\tat com.microsoft.playwright.impl.driver.jar.DriverJar.initialize(DriverJar.java:68)\n\tat com.microsoft.playwright.impl.driver.Driver.initialize(Driver.java:64)\n\tat com.microsoft.playwright.impl.driver.Driver.createAndInstall(Driver.java:101)\n\t... 29 more\n","flaky":false,"newFailed":false,"newBroken":false,"newPassed":false,"retriesCount":14,"retriesStatusChange":true,"beforeStages":[{"name":"setUp","time":{"start":1751954461650,"stop":1751955062116,"duration":600466},"description":"","status":"broken","statusMessage":"Failed to create driver","statusTrace":"java.lang.RuntimeException: Failed to create driver\n\tat com.microsoft.playwright.impl.driver.Driver.createAndInstall(Driver.java:105)\n\tat com.microsoft.playwright.impl.driver.Driver.ensureDriverInstalled(Driver.java:57)\n\tat com.microsoft.playwright.impl.PlaywrightImpl.createImpl(PlaywrightImpl.java:46)\n\tat com.microsoft.playwright.impl.PlaywrightImpl.create(PlaywrightImpl.java:36)\n\tat com.microsoft.playwright.Playwright.create(Playwright.java:110)\n\tat com.microsoft.playwright.Playwright.create(Playwright.java:114)\n\tat homeBase.DriverManager.initDriver(DriverManager.java:20)\n\tat base.BaseTest.setUp(BaseTest.java:51)\n\tat java.base/jdk.internal.reflect.NativeMethodAccessorImpl.invoke0(Native Method)\n\tat java.base/jdk.internal.reflect.NativeMethodAccessorImpl.invoke(NativeMethodAccessorImpl.java:77)\n\tat java.base/jdk.internal.reflect.DelegatingMethodAccessorImpl.invoke(DelegatingMethodAccessorImpl.java:43)\n\tat java.base/java.lang.reflect.Method.invoke(Method.java:568)\n\tat org.testng.internal.invokers.MethodInvocationHelper.invokeMethod(MethodInvocationHelper.java:141)\n\tat org.testng.internal.invokers.MethodInvocationHelper.invokeMethodConsideringTimeout(MethodInvocationHelper.java:71)\n\tat org.testng.internal.invokers.ConfigInvoker.invokeConfigurationMethod(ConfigInvoker.java:400)\n\tat org.testng.internal.invokers.ConfigInvoker.invokeConfigurations(ConfigInvoker.java:333)\n\tat org.testng.internal.invokers.TestInvoker.runConfigMethods(TestInvoker.java:836)\n\tat org.testng.internal.invokers.TestInvoker.invokeMethod(TestInvoker.java:601)\n\tat org.testng.internal.invokers.TestInvoker.invokeTestMethod(TestInvoker.java:230)\n\tat org.testng.internal.invokers.MethodRunner.runInSequence(MethodRunner.java:63)\n\tat org.testng.internal.invokers.TestInvoker$MethodInvocationAgent.invoke(TestInvoker.java:995)\n\tat org.testng.internal.invokers.TestInvoker.invokeTestMethods(TestInvoker.java:203)\n\tat org.testng.internal.invokers.TestMethodWorker.invokeTestMethods(TestMethodWorker.java:154)\n\tat org.testng.internal.invokers.TestMethodWorker.run(TestMethodWorker.java:134)\n\tat java.base/java.util.concurrent.Executors$RunnableAdapter.call(Executors.java:539)\n\tat java.base/java.util.concurrent.FutureTask.run(FutureTask.java:264)\n\tat org.testng.internal.thread.graph.TestNGFutureTask.run(TestNGFutureTask.java:22)\n\tat java.base/java.util.concurrent.ThreadPoolExecutor.runWorker(ThreadPoolExecutor.java:1136)\n\tat java.base/java.util.concurrent.ThreadPoolExecutor$Worker.run(ThreadPoolExecutor.java:635)\n\tat java.base/java.lang.Thread.run(Thread.java:833)\nCaused by: java.lang.RuntimeException: Timed out waiting for browsers to install\n\tat com.microsoft.playwright.impl.driver.jar.DriverJar.installBrowsers(DriverJar.java:96)\n\tat com.microsoft.playwright.impl.driver.jar.DriverJar.initialize(DriverJar.java:68)\n\tat com.microsoft.playwright.impl.driver.Driver.initialize(Driver.java:64)\n\tat com.microsoft.playwright.impl.driver.Driver.createAndInstall(Driver.java:101)\n\t... 29 more\n","steps":[],"attachments":[],"parameters":[],"shouldDisplayMessage":true,"attachmentsCount":0,"attachmentStep":false,"stepsCount":0,"hasContent":true},{"name":"setUP","time":{"start":1751955062205,"stop":1751955062205,"duration":0},"description":"","status":"broken","steps":[],"attachments":[],"parameters":[],"shouldDisplayMessage":false,"attachmentsCount":0,"attachmentStep":false,"stepsCount":0,"hasContent":false}],"testStage":{"status":"skipped","statusMessage":"Failed to create driver","statusTrace":"java.lang.RuntimeException: Failed to create driver\n\tat com.microsoft.playwright.impl.driver.Driver.createAndInstall(Driver.java:105)\n\tat com.microsoft.playwright.impl.driver.Driver.ensureDriverInstalled(Driver.java:57)\n\tat com.microsoft.playwright.impl.PlaywrightImpl.createImpl(PlaywrightImpl.java:46)\n\tat com.microsoft.playwright.impl.PlaywrightImpl.create(PlaywrightImpl.java:36)\n\tat com.microsoft.playwright.Playwright.create(Playwright.java:110)\n\tat com.microsoft.playwright.Playwright.create(Playwright.java:114)\n\tat homeBase.DriverManager.initDriver(DriverManager.java:20)\n\tat base.BaseTest.setUp(BaseTest.java:51)\n\tat java.base/jdk.internal.reflect.NativeMethodAccessorImpl.invoke0(Native Method)\n\tat java.base/jdk.internal.reflect.NativeMethodAccessorImpl.invoke(NativeMethodAccessorImpl.java:77)\n\tat java.base/jdk.internal.reflect.DelegatingMethodAccessorImpl.invoke(DelegatingMethodAccessorImpl.java:43)\n\tat java.base/java.lang.reflect.Method.invoke(Method.java:568)\n\tat org.testng.internal.invokers.MethodInvocationHelper.invokeMethod(MethodInvocationHelper.java:141)\n\tat org.testng.internal.invokers.MethodInvocationHelper.invokeMethodConsideringTimeout(MethodInvocationHelper.java:71)\n\tat org.testng.internal.invokers.ConfigInvoker.invokeConfigurationMethod(ConfigInvoker.java:400)\n\tat org.testng.internal.invokers.ConfigInvoker.invokeConfigurations(ConfigInvoker.java:333)\n\tat org.testng.internal.invokers.TestInvoker.runConfigMethods(TestInvoker.java:836)\n\tat org.testng.internal.invokers.TestInvoker.invokeMethod(TestInvoker.java:601)\n\tat org.testng.internal.invokers.TestInvoker.invokeTestMethod(TestInvoker.java:230)\n\tat org.testng.internal.invokers.MethodRunner.runInSequence(MethodRunner.java:63)\n\tat org.testng.internal.invokers.TestInvoker$MethodInvocationAgent.invoke(TestInvoker.java:995)\n\tat org.testng.internal.invokers.TestInvoker.invokeTestMethods(TestInvoker.java:203)\n\tat org.testng.internal.invokers.TestMethodWorker.invokeTestMethods(TestMethodWorker.java:154)\n\tat org.testng.internal.invokers.TestMethodWorker.run(TestMethodWorker.java:134)\n\tat java.base/java.util.concurrent.Executors$RunnableAdapter.call(Executors.java:539)\n\tat java.base/java.util.concurrent.FutureTask.run(FutureTask.java:264)\n\tat org.testng.internal.thread.graph.TestNGFutureTask.run(TestNGFutureTask.java:22)\n\tat java.base/java.util.concurrent.ThreadPoolExecutor.runWorker(ThreadPoolExecutor.java:1136)\n\tat java.base/java.util.concurrent.ThreadPoolExecutor$Worker.run(ThreadPoolExecutor.java:635)\n\tat java.base/java.lang.Thread.run(Thread.java:833)\nCaused by: java.lang.RuntimeException: Timed out waiting for browsers to install\n\tat com.microsoft.playwright.impl.driver.jar.DriverJar.installBrowsers(DriverJar.java:96)\n\tat com.microsoft.playwright.impl.driver.jar.DriverJar.initialize(DriverJar.java:68)\n\tat com.microsoft.playwright.impl.driver.Driver.initialize(Driver.java:64)\n\tat com.microsoft.playwright.impl.driver.Driver.createAndInstall(Driver.java:101)\n\t... 29 more\n","steps":[{"name":"Add Environment Info","time":{"start":1751955062222,"stop":1751955062227,"duration":5},"status":"passed","steps":[],"attachments":[{"uid":"2c229a932a947ffb","name":"Platform","source":"2c229a932a947ffb.txt","type":"text/plain","size":5},{"uid":"2fce927d74be1650","name":"Test Framework","source":"2fce927d74be1650.txt","type":"text/plain","size":6},{"uid":"dabddab8141e569d","name":"Java Version","source":"dabddab8141e569d.txt","type":"text/plain","size":6},{"uid":"359f45bf1b82aabf","name":"Browser","source":"359f45bf1b82aabf.txt","type":"text/plain","size":6},{"uid":"a395db19621c3344","name":"Automation Tool","source":"a395db19621c3344.txt","type":"text/plain","size":10}],"parameters":[],"shouldDisplayMessage":false,"attachmentsCount":5,"attachmentStep":false,"stepsCount":0,"hasContent":true},{"name":"Add Test Metrics","time":{"start":1751955062229,"stop":1751955062230,"duration":1},"status":"passed","steps":[],"attachments":[{"uid":"873de22382da53eb","name":"Test Duration","source":"873de22382da53eb.txt","type":"text/plain","size":15},{"uid":"3eb0922c94fb0b2d","name":"Test Status","source":"3eb0922c94fb0b2d.txt","type":"text/plain","size":7}],"parameters":[{"name":"testName","value":"TC01_verifyScreenTitleVisible"},{"name":"status","value":"SKIPPED"},{"name":"duration","value":"19"}],"shouldDisplayMessage":false,"attachmentsCount":2,"attachmentStep":false,"stepsCount":0,"hasContent":true},{"name":"Add Trend Data","time":{"start":1751955062230,"stop":1751955062231,"duration":1},"status":"passed","steps":[],"attachments":[],"parameters":[{"name":"testName","value":"TC01_verifyScreenTitleVisible"},{"name":"status","value":"SKIPPED"},{"name":"duration","value":"19"}],"shouldDisplayMessage":false,"attachmentsCount":0,"attachmentStep":false,"stepsCount":0,"hasContent":true}],"attachments":[],"parameters":[],"shouldDisplayMessage":true,"attachmentsCount":7,"attachmentStep":false,"stepsCount":3,"hasContent":true},"afterStages":[{"name":"tearDown","time":{"start":1751955062235,"stop":1751955062239,"duration":4},"description":"","status":"passed","steps":[],"attachments":[],"parameters":[],"shouldDisplayMessage":false,"attachmentsCount":0,"attachmentStep":false,"stepsCount":0,"hasContent":false}],"labels":[{"name":"package","value":"testClassPool.BasicDetailPageTest"},{"name":"testClass","value":"testClassPool.BasicDetailPageTest"},{"name":"testMethod","value":"TC01_verifyScreenTitleVisible"},{"name":"parentSuite","value":"Stashfin Web Automation Suite"},{"name":"suite","value":"Stashfin Web Test Run"},{"name":"subSuite","value":"testClassPool.BasicDetailPageTest"},{"name":"host","value":"10b4e3d84cb0"},{"name":"thread","value":"271@10b4e3d84cb0.TestNG-test-Stashfin Web Test Run-1(31)"},{"name":"framework","value":"testng"},{"name":"language","value":"java"},{"name":"resultFormat","value":"allure2"}],"parameters":[],"links":[],"hidden":false,"retry":false,"extra":{"severity":"normal","retries":[{"uid":"6066bd2506532fb5","status":"passed","time":{"start":1751939724028,"stop":1751939724046,"duration":18}},{"uid":"9c60232433e0f055","status":"passed","time":{"start":1751907376718,"stop":1751907376745,"duration":27}},{"uid":"ad4e03c01e7c5fd3","status":"passed","time":{"start":1751906124325,"stop":1751906124457,"duration":132}},{"uid":"ca15d51b4f36136","status":"skipped","statusDetails":"Error {\n  message='\n╔═════════════════════════════════════════════════════════════════════════════════════════════════╗\n║ Host system is missing dependencies to run browsers.                                            ║\n║ Please install them with the following command:                                                 ║\n║                                                                                                 ║\n║     mvn exec:java -e -D exec.mainClass=com.microsoft.playwright.CLI -D exec.args=\"install-deps\" ║\n║                                                                                                 ║\n║ Alternatively, use apt:                                                                         ║\n║     apt-get install libgbm1                                                                     ║\n║                                                                                                 ║\n║ <3 Playwright Team                                                                              ║\n╚═════════════════════════════════════════════════════════════════════════════════════════════════╝\n  name='Error\n  stack='Error: \n╔═════════════════════════════════════════════════════════════════════════════════════════════════╗\n║ Host system is missing dependencies to run browsers.                                            ║\n║ Please install them with the following command:                                                 ║\n║                                                                                                 ║\n║     mvn exec:java -e -D exec.mainClass=com.microsoft.playwright.CLI -D exec.args=\"install-deps\" ║\n║                                                                                                 ║\n║ Alternatively, use apt:                                                                         ║\n║     apt-get install libgbm1                                                                     ║\n║                                                                                                 ║\n║ <3 Playwright Team                                                                              ║\n╚═════════════════════════════════════════════════════════════════════════════════════════════════╝\n    at validateDependenciesLinux (/tmp/playwright-java-15254842763600266869/package/lib/server/registry/dependencies.js:269:9)\n    at async Registry._validateHostRequirements (/tmp/playwright-java-15254842763600266869/package/lib/server/registry/index.js:927:14)\n    at async Registry._validateHostRequirementsForExecutableIfNeeded (/tmp/playwright-java-15254842763600266869/package/lib/server/registry/index.js:1047:7)\n    at async Registry.validateHostRequirementsForExecutablesIfNeeded (/tmp/playwright-java-15254842763600266869/package/lib/server/registry/index.js:1036:7)\n    at async Chromium._launchProcess (/tmp/playwright-java-15254842763600266869/package/lib/server/browserType.js:206:7)\n    at async Chromium._innerLaunch (/tmp/playwright-java-15254842763600266869/package/lib/server/browserType.js:135:70)\n    at async Chromium._innerLaunchWithRetries (/tmp/playwright-java-15254842763600266869/package/lib/server/browserType.js:122:14)\n    at async ProgressController.run (/tmp/playwright-java-15254842763600266869/package/lib/server/progress.js:80:22)\n    at async Chromium.launch (/tmp/playwright-java-15254842763600266869/package/lib/server/browserType.js:87:21)\n    at async BrowserTypeDispatcher.launch (/tmp/playwright-java-15254842763600266869/package/lib/server/dispatchers/browserTypeDispatcher.js:36:21)\n}","time":{"start":1751905840911,"stop":1751905840933,"duration":22}},{"uid":"8c0835d3f7924c69","status":"skipped","statusDetails":"Error {\n  message='\n╔═════════════════════════════════════════════════════════════════════════════════════════════════╗\n║ Host system is missing dependencies to run browsers.                                            ║\n║ Please install them with the following command:                                                 ║\n║                                                                                                 ║\n║     mvn exec:java -e -D exec.mainClass=com.microsoft.playwright.CLI -D exec.args=\"install-deps\" ║\n║                                                                                                 ║\n║ Alternatively, use apt:                                                                         ║\n║     apt-get install libgbm1                                                                     ║\n║                                                                                                 ║\n║ <3 Playwright Team                                                                              ║\n╚═════════════════════════════════════════════════════════════════════════════════════════════════╝\n  name='Error\n  stack='Error: \n╔═════════════════════════════════════════════════════════════════════════════════════════════════╗\n║ Host system is missing dependencies to run browsers.                                            ║\n║ Please install them with the following command:                                                 ║\n║                                                                                                 ║\n║     mvn exec:java -e -D exec.mainClass=com.microsoft.playwright.CLI -D exec.args=\"install-deps\" ║\n║                                                                                                 ║\n║ Alternatively, use apt:                                                                         ║\n║     apt-get install libgbm1                                                                     ║\n║                                                                                                 ║\n║ <3 Playwright Team                                                                              ║\n╚═════════════════════════════════════════════════════════════════════════════════════════════════╝\n    at validateDependenciesLinux (/tmp/playwright-java-5252559726226793018/package/lib/server/registry/dependencies.js:269:9)\n    at async Registry._validateHostRequirements (/tmp/playwright-java-5252559726226793018/package/lib/server/registry/index.js:927:14)\n    at async Registry._validateHostRequirementsForExecutableIfNeeded (/tmp/playwright-java-5252559726226793018/package/lib/server/registry/index.js:1047:7)\n    at async Registry.validateHostRequirementsForExecutablesIfNeeded (/tmp/playwright-java-5252559726226793018/package/lib/server/registry/index.js:1036:7)\n    at async Chromium._launchProcess (/tmp/playwright-java-5252559726226793018/package/lib/server/browserType.js:206:7)\n    at async Chromium._innerLaunch (/tmp/playwright-java-5252559726226793018/package/lib/server/browserType.js:135:70)\n    at async Chromium._innerLaunchWithRetries (/tmp/playwright-java-5252559726226793018/package/lib/server/browserType.js:122:14)\n    at async ProgressController.run (/tmp/playwright-java-5252559726226793018/package/lib/server/progress.js:80:22)\n    at async Chromium.launch (/tmp/playwright-java-5252559726226793018/package/lib/server/browserType.js:87:21)\n    at async BrowserTypeDispatcher.launch (/tmp/playwright-java-5252559726226793018/package/lib/server/dispatchers/browserTypeDispatcher.js:36:21)\n}","time":{"start":1751904334151,"stop":1751904334173,"duration":22}},{"uid":"c6948c7763d9744f","status":"skipped","statusDetails":"Error {\n  message='\n╔═════════════════════════════════════════════════════════════════════════════════════════════════╗\n║ Host system is missing dependencies to run browsers.                                            ║\n║ Please install them with the following command:                                                 ║\n║                                                                                                 ║\n║     mvn exec:java -e -D exec.mainClass=com.microsoft.playwright.CLI -D exec.args=\"install-deps\" ║\n║                                                                                                 ║\n║ Alternatively, use apt:                                                                         ║\n║     apt-get install libgbm1                                                                     ║\n║                                                                                                 ║\n║ <3 Playwright Team                                                                              ║\n╚═════════════════════════════════════════════════════════════════════════════════════════════════╝\n  name='Error\n  stack='Error: \n╔═════════════════════════════════════════════════════════════════════════════════════════════════╗\n║ Host system is missing dependencies to run browsers.                                            ║\n║ Please install them with the following command:                                                 ║\n║                                                                                                 ║\n║     mvn exec:java -e -D exec.mainClass=com.microsoft.playwright.CLI -D exec.args=\"install-deps\" ║\n║                                                                                                 ║\n║ Alternatively, use apt:                                                                         ║\n║     apt-get install libgbm1                                                                     ║\n║                                                                                                 ║\n║ <3 Playwright Team                                                                              ║\n╚═════════════════════════════════════════════════════════════════════════════════════════════════╝\n    at validateDependenciesLinux (/tmp/playwright-java-8597452185106347710/package/lib/server/registry/dependencies.js:269:9)\n    at async Registry._validateHostRequirements (/tmp/playwright-java-8597452185106347710/package/lib/server/registry/index.js:927:14)\n    at async Registry._validateHostRequirementsForExecutableIfNeeded (/tmp/playwright-java-8597452185106347710/package/lib/server/registry/index.js:1047:7)\n    at async Registry.validateHostRequirementsForExecutablesIfNeeded (/tmp/playwright-java-8597452185106347710/package/lib/server/registry/index.js:1036:7)\n    at async Chromium._launchProcess (/tmp/playwright-java-8597452185106347710/package/lib/server/browserType.js:206:7)\n    at async Chromium._innerLaunch (/tmp/playwright-java-8597452185106347710/package/lib/server/browserType.js:135:70)\n    at async Chromium._innerLaunchWithRetries (/tmp/playwright-java-8597452185106347710/package/lib/server/browserType.js:122:14)\n    at async ProgressController.run (/tmp/playwright-java-8597452185106347710/package/lib/server/progress.js:80:22)\n    at async Chromium.launch (/tmp/playwright-java-8597452185106347710/package/lib/server/browserType.js:87:21)\n    at async BrowserTypeDispatcher.launch (/tmp/playwright-java-8597452185106347710/package/lib/server/dispatchers/browserTypeDispatcher.js:36:21)\n}","time":{"start":1751903837424,"stop":1751903837439,"duration":15}},{"uid":"e7fd8ed5dc71744e","status":"skipped","statusDetails":"Error {\n  message='\n╔═════════════════════════════════════════════════════════════════════════════════════════════════╗\n║ Host system is missing dependencies to run browsers.                                            ║\n║ Please install them with the following command:                                                 ║\n║                                                                                                 ║\n║     mvn exec:java -e -D exec.mainClass=com.microsoft.playwright.CLI -D exec.args=\"install-deps\" ║\n║                                                                                                 ║\n║ Alternatively, use apt:                                                                         ║\n║     apt-get install libgbm1                                                                     ║\n║                                                                                                 ║\n║ <3 Playwright Team                                                                              ║\n╚═════════════════════════════════════════════════════════════════════════════════════════════════╝\n  name='Error\n  stack='Error: \n╔═════════════════════════════════════════════════════════════════════════════════════════════════╗\n║ Host system is missing dependencies to run browsers.                                            ║\n║ Please install them with the following command:                                                 ║\n║                                                                                                 ║\n║     mvn exec:java -e -D exec.mainClass=com.microsoft.playwright.CLI -D exec.args=\"install-deps\" ║\n║                                                                                                 ║\n║ Alternatively, use apt:                                                                         ║\n║     apt-get install libgbm1                                                                     ║\n║                                                                                                 ║\n║ <3 Playwright Team                                                                              ║\n╚═════════════════════════════════════════════════════════════════════════════════════════════════╝\n    at validateDependenciesLinux (/tmp/playwright-java-11187364974156768872/package/lib/server/registry/dependencies.js:269:9)\n    at async Registry._validateHostRequirements (/tmp/playwright-java-11187364974156768872/package/lib/server/registry/index.js:927:14)\n    at async Registry._validateHostRequirementsForExecutableIfNeeded (/tmp/playwright-java-11187364974156768872/package/lib/server/registry/index.js:1047:7)\n    at async Registry.validateHostRequirementsForExecutablesIfNeeded (/tmp/playwright-java-11187364974156768872/package/lib/server/registry/index.js:1036:7)\n    at async Chromium._launchProcess (/tmp/playwright-java-11187364974156768872/package/lib/server/browserType.js:206:7)\n    at async Chromium._innerLaunch (/tmp/playwright-java-11187364974156768872/package/lib/server/browserType.js:135:70)\n    at async Chromium._innerLaunchWithRetries (/tmp/playwright-java-11187364974156768872/package/lib/server/browserType.js:122:14)\n    at async ProgressController.run (/tmp/playwright-java-11187364974156768872/package/lib/server/progress.js:80:22)\n    at async Chromium.launch (/tmp/playwright-java-11187364974156768872/package/lib/server/browserType.js:87:21)\n    at async BrowserTypeDispatcher.launch (/tmp/playwright-java-11187364974156768872/package/lib/server/dispatchers/browserTypeDispatcher.js:36:21)\n}","time":{"start":1751903601182,"stop":1751903601198,"duration":16}},{"uid":"99fb30347313cef9","status":"skipped","statusDetails":"Error {\n  message='\n╔═════════════════════════════════════════════════════════════════════════════════════════════════╗\n║ Host system is missing dependencies to run browsers.                                            ║\n║ Please install them with the following command:                                                 ║\n║                                                                                                 ║\n║     mvn exec:java -e -D exec.mainClass=com.microsoft.playwright.CLI -D exec.args=\"install-deps\" ║\n║                                                                                                 ║\n║ Alternatively, use apt:                                                                         ║\n║     apt-get install libgbm1                                                                     ║\n║                                                                                                 ║\n║ <3 Playwright Team                                                                              ║\n╚═════════════════════════════════════════════════════════════════════════════════════════════════╝\n  name='Error\n  stack='Error: \n╔═════════════════════════════════════════════════════════════════════════════════════════════════╗\n║ Host system is missing dependencies to run browsers.                                            ║\n║ Please install them with the following command:                                                 ║\n║                                                                                                 ║\n║     mvn exec:java -e -D exec.mainClass=com.microsoft.playwright.CLI -D exec.args=\"install-deps\" ║\n║                                                                                                 ║\n║ Alternatively, use apt:                                                                         ║\n║     apt-get install libgbm1                                                                     ║\n║                                                                                                 ║\n║ <3 Playwright Team                                                                              ║\n╚═════════════════════════════════════════════════════════════════════════════════════════════════╝\n    at validateDependenciesLinux (/tmp/playwright-java-13266229082329907590/package/lib/server/registry/dependencies.js:269:9)\n    at async Registry._validateHostRequirements (/tmp/playwright-java-13266229082329907590/package/lib/server/registry/index.js:927:14)\n    at async Registry._validateHostRequirementsForExecutableIfNeeded (/tmp/playwright-java-13266229082329907590/package/lib/server/registry/index.js:1047:7)\n    at async Registry.validateHostRequirementsForExecutablesIfNeeded (/tmp/playwright-java-13266229082329907590/package/lib/server/registry/index.js:1036:7)\n    at async Chromium._launchProcess (/tmp/playwright-java-13266229082329907590/package/lib/server/browserType.js:206:7)\n    at async Chromium._innerLaunch (/tmp/playwright-java-13266229082329907590/package/lib/server/browserType.js:135:70)\n    at async Chromium._innerLaunchWithRetries (/tmp/playwright-java-13266229082329907590/package/lib/server/browserType.js:122:14)\n    at async ProgressController.run (/tmp/playwright-java-13266229082329907590/package/lib/server/progress.js:80:22)\n    at async Chromium.launch (/tmp/playwright-java-13266229082329907590/package/lib/server/browserType.js:87:21)\n    at async BrowserTypeDispatcher.launch (/tmp/playwright-java-13266229082329907590/package/lib/server/dispatchers/browserTypeDispatcher.js:36:21)\n}","time":{"start":1751903274056,"stop":1751903274075,"duration":19}},{"uid":"547f1f5823bd4bcf","status":"passed","time":{"start":1751522496982,"stop":1751522496989,"duration":7}},{"uid":"828f501af8bda0a9","status":"passed","time":{"start":1751482831457,"stop":1751482831463,"duration":6}},{"uid":"b29618198262a7e1","status":"passed","time":{"start":1751482208360,"stop":1751482208428,"duration":68}},{"uid":"d13dae6315462af0","status":"passed","time":{"start":1751480873534,"stop":1751480873540,"duration":6}},{"uid":"7ad8ad4b2221ac12","status":"passed","time":{"start":1751480213271,"stop":1751480213323,"duration":52}},{"uid":"153ed7c370d5745a","status":"passed","time":{"start":1751435770001,"stop":1751435772433,"duration":2432}}],"categories":[],"tags":[]},"source":"36b0c0c778e08e41.json","parameterValues":[]}