{"uid":"3e885fe2028c51ed","name":"Test Account Number input functionality","fullName":"TC11_testAccountNumberInput (Bank Account)","historyId":"36d63a10d68ded4060c0d4405f763da7","time":{"start":1751443659159,"stop":1751443659168,"duration":9},"status":"failed","statusMessage":"Account number should be entered correctly expected [1234567890] but found [1234 5678 90]","statusTrace":"java.lang.AssertionError: Account number should be entered correctly expected [1234567890] but found [1234 5678 90]\n\tat org.testng.Assert.fail(Assert.java:111)\n\tat org.testng.Assert.failNotEquals(Assert.java:1590)\n\tat org.testng.Assert.assertEqualsImpl(Assert.java:150)\n\tat org.testng.Assert.assertEquals(Assert.java:132)\n\tat org.testng.Assert.assertEquals(Assert.java:656)\n\tat testClassPool.EnterYourBankAccountDetailsTest.TC11_testAccountNumberInput(EnterYourBankAccountDetailsTest.java:89)\n\tat java.base/jdk.internal.reflect.NativeMethodAccessorImpl.invoke0(Native Method)\n\tat java.base/jdk.internal.reflect.NativeMethodAccessorImpl.invoke(NativeMethodAccessorImpl.java:77)\n\tat java.base/jdk.internal.reflect.DelegatingMethodAccessorImpl.invoke(DelegatingMethodAccessorImpl.java:43)\n\tat java.base/java.lang.reflect.Method.invoke(Method.java:568)\n\tat org.testng.internal.invokers.MethodInvocationHelper.invokeMethod(MethodInvocationHelper.java:141)\n\tat org.testng.internal.invokers.TestInvoker.invokeMethod(TestInvoker.java:687)\n\tat org.testng.internal.invokers.TestInvoker.invokeTestMethod(TestInvoker.java:230)\n\tat org.testng.internal.invokers.MethodRunner.runInSequence(MethodRunner.java:63)\n\tat org.testng.internal.invokers.TestInvoker$MethodInvocationAgent.invoke(TestInvoker.java:995)\n\tat org.testng.internal.invokers.TestInvoker.invokeTestMethods(TestInvoker.java:203)\n\tat org.testng.internal.invokers.TestMethodWorker.invokeTestMethods(TestMethodWorker.java:154)\n\tat org.testng.internal.invokers.TestMethodWorker.run(TestMethodWorker.java:134)\n\tat java.base/java.util.ArrayList.forEach(ArrayList.java:1511)\n\tat org.testng.TestRunner.privateRun(TestRunner.java:741)\n\tat org.testng.TestRunner.run(TestRunner.java:616)\n\tat org.testng.SuiteRunner.runTest(SuiteRunner.java:421)\n\tat org.testng.SuiteRunner$SuiteWorker.run(SuiteRunner.java:463)\n\tat org.testng.internal.thread.ThreadUtil.lambda$execute$0(ThreadUtil.java:64)\n\tat java.base/java.util.concurrent.FutureTask.run(FutureTask.java:264)\n\tat java.base/java.util.concurrent.ThreadPoolExecutor.runWorker(ThreadPoolExecutor.java:1136)\n\tat java.base/java.util.concurrent.ThreadPoolExecutor$Worker.run(ThreadPoolExecutor.java:635)\n\tat java.base/java.lang.Thread.run(Thread.java:842)\n","flaky":false,"newFailed":false,"newBroken":false,"newPassed":false,"retriesCount":0,"retriesStatusChange":false,"beforeStages":[{"name":"setUp","time":{"start":1751443626478,"stop":1751443627640,"duration":1162},"description":"","status":"passed","steps":[],"attachments":[],"parameters":[],"shouldDisplayMessage":false,"stepsCount":0,"attachmentsCount":0,"hasContent":false,"attachmentStep":false},{"name":"setUp","time":{"start":1751443627640,"stop":1751443659155,"duration":31515},"description":"","status":"passed","steps":[],"attachments":[{"uid":"2a72284ea5198973","name":"UI Error Message","source":"2a72284ea5198973.txt","type":"text/plain","size":46},{"uid":"7c863b05664f3cb2","name":"Modal Screenshot","source":"7c863b05664f3cb2.png","type":"image/png","size":42129},{"uid":"781542d13fa2567e","name":"Retry Info","source":"781542d13fa2567e.txt","type":"text/plain","size":51}],"parameters":[],"shouldDisplayMessage":false,"stepsCount":0,"attachmentsCount":3,"hasContent":true,"attachmentStep":false}],"testStage":{"status":"failed","statusMessage":"Account number should be entered correctly expected [1234567890] but found [1234 5678 90]","statusTrace":"java.lang.AssertionError: Account number should be entered correctly expected [1234567890] but found [1234 5678 90]\n\tat org.testng.Assert.fail(Assert.java:111)\n\tat org.testng.Assert.failNotEquals(Assert.java:1590)\n\tat org.testng.Assert.assertEqualsImpl(Assert.java:150)\n\tat org.testng.Assert.assertEquals(Assert.java:132)\n\tat org.testng.Assert.assertEquals(Assert.java:656)\n\tat testClassPool.EnterYourBankAccountDetailsTest.TC11_testAccountNumberInput(EnterYourBankAccountDetailsTest.java:89)\n\tat java.base/jdk.internal.reflect.NativeMethodAccessorImpl.invoke0(Native Method)\n\tat java.base/jdk.internal.reflect.NativeMethodAccessorImpl.invoke(NativeMethodAccessorImpl.java:77)\n\tat java.base/jdk.internal.reflect.DelegatingMethodAccessorImpl.invoke(DelegatingMethodAccessorImpl.java:43)\n\tat java.base/java.lang.reflect.Method.invoke(Method.java:568)\n\tat org.testng.internal.invokers.MethodInvocationHelper.invokeMethod(MethodInvocationHelper.java:141)\n\tat org.testng.internal.invokers.TestInvoker.invokeMethod(TestInvoker.java:687)\n\tat org.testng.internal.invokers.TestInvoker.invokeTestMethod(TestInvoker.java:230)\n\tat org.testng.internal.invokers.MethodRunner.runInSequence(MethodRunner.java:63)\n\tat org.testng.internal.invokers.TestInvoker$MethodInvocationAgent.invoke(TestInvoker.java:995)\n\tat org.testng.internal.invokers.TestInvoker.invokeTestMethods(TestInvoker.java:203)\n\tat org.testng.internal.invokers.TestMethodWorker.invokeTestMethods(TestMethodWorker.java:154)\n\tat org.testng.internal.invokers.TestMethodWorker.run(TestMethodWorker.java:134)\n\tat java.base/java.util.ArrayList.forEach(ArrayList.java:1511)\n\tat org.testng.TestRunner.privateRun(TestRunner.java:741)\n\tat org.testng.TestRunner.run(TestRunner.java:616)\n\tat org.testng.SuiteRunner.runTest(SuiteRunner.java:421)\n\tat org.testng.SuiteRunner$SuiteWorker.run(SuiteRunner.java:463)\n\tat org.testng.internal.thread.ThreadUtil.lambda$execute$0(ThreadUtil.java:64)\n\tat java.base/java.util.concurrent.FutureTask.run(FutureTask.java:264)\n\tat java.base/java.util.concurrent.ThreadPoolExecutor.runWorker(ThreadPoolExecutor.java:1136)\n\tat java.base/java.util.concurrent.ThreadPoolExecutor$Worker.run(ThreadPoolExecutor.java:635)\n\tat java.base/java.lang.Thread.run(Thread.java:842)\n","steps":[],"attachments":[{"uid":"a7d4a2f050fc1dfb","name":"Platform","source":"a7d4a2f050fc1dfb.txt","type":"text/plain","size":8},{"uid":"eb1802c7e8ed6654","name":"Test Framework","source":"eb1802c7e8ed6654.txt","type":"text/plain","size":6},{"uid":"ed5f90defbb83840","name":"Java Version","source":"ed5f90defbb83840.txt","type":"text/plain","size":7},{"uid":"e52fcafcf79b2587","name":"Browser","source":"e52fcafcf79b2587.txt","type":"text/plain","size":6},{"uid":"7f744ec1e8ad0cbc","name":"Automation Tool","source":"7f744ec1e8ad0cbc.txt","type":"text/plain","size":10},{"uid":"57928cff8962ae27","name":"Test Duration","source":"57928cff8962ae27.txt","type":"text/plain","size":14},{"uid":"61d0e190cd174c30","name":"Test Status","source":"61d0e190cd174c30.txt","type":"text/plain","size":6},{"uid":"c4e3c3456afd1da","name":"Error Stack Trace","source":"c4e3c3456afd1da.txt","type":"text/plain","size":2010},{"uid":"da8d826e79122d0d","name":"Error Message","source":"da8d826e79122d0d.txt","type":"text/plain","size":89}],"parameters":[],"shouldDisplayMessage":true,"stepsCount":0,"attachmentsCount":9,"hasContent":true,"attachmentStep":false},"afterStages":[{"name":"tearDown","time":{"start":1751443659171,"stop":1751443659307,"duration":136},"description":"","status":"passed","steps":[],"attachments":[{"uid":"8f2fd88144d3bfe0","name":"All Failed APIs","source":"8f2fd88144d3bfe0.txt","type":"text/plain","size":595}],"parameters":[],"shouldDisplayMessage":false,"stepsCount":0,"attachmentsCount":1,"hasContent":true,"attachmentStep":false}],"labels":[{"name":"package","value":"testClassPool.EnterYourBankAccountDetailsTest"},{"name":"testClass","value":"testClassPool.EnterYourBankAccountDetailsTest"},{"name":"testMethod","value":"TC11_testAccountNumberInput"},{"name":"parentSuite","value":"Failed suite [Stashfin Web Automation Suite]"},{"name":"suite","value":"Stashfin Web Test Run(failed)"},{"name":"subSuite","value":"testClassPool.EnterYourBankAccountDetailsTest"},{"name":"host","value":"MacBook-Pro.local"},{"name":"thread","value":"29295@MacBook-Pro.local.TestNG-tests-1(28)"},{"name":"framework","value":"testng"},{"name":"language","value":"java"},{"name":"resultFormat","value":"allure2"}],"parameters":[],"links":[],"hidden":true,"retry":true,"extra":{"categories":[],"tags":[]},"source":"3e885fe2028c51ed.json","parameterValues":[]}