{"uid":"425a87b8159d10b1","name":"Verify bank details title is visible","fullName":"TC07_verifyBankDetailsTitleVisible (Bank Account)","historyId":"445b4f3d61c74f7ccd62dbd30d5c9deb","time":{"start":1751955565781,"stop":1751955570862,"duration":5081},"status":"failed","statusMessage":"Bank Details Title is not visible.","statusTrace":"java.lang.AssertionError: Bank Details Title is not visible.\n\tat utils.AssertionUtils.assertElementVisible(AssertionUtils.java:28)\n\tat testClassPool.EnterYourBankAccountDetailsTest.TC07_verifyBankDetailsTitleVisible(EnterYourBankAccountDetailsTest.java:64)\n\tat java.base/jdk.internal.reflect.NativeMethodAccessorImpl.invoke0(Native Method)\n\tat java.base/jdk.internal.reflect.NativeMethodAccessorImpl.invoke(NativeMethodAccessorImpl.java:77)\n\tat java.base/jdk.internal.reflect.DelegatingMethodAccessorImpl.invoke(DelegatingMethodAccessorImpl.java:43)\n\tat java.base/java.lang.reflect.Method.invoke(Method.java:568)\n\tat org.testng.internal.invokers.MethodInvocationHelper.invokeMethod(MethodInvocationHelper.java:141)\n\tat org.testng.internal.invokers.TestInvoker.invokeMethod(TestInvoker.java:687)\n\tat org.testng.internal.invokers.TestInvoker.invokeTestMethod(TestInvoker.java:230)\n\tat org.testng.internal.invokers.MethodRunner.runInSequence(MethodRunner.java:63)\n\tat org.testng.internal.invokers.TestInvoker$MethodInvocationAgent.invoke(TestInvoker.java:995)\n\tat org.testng.internal.invokers.TestInvoker.invokeTestMethods(TestInvoker.java:203)\n\tat org.testng.internal.invokers.TestMethodWorker.invokeTestMethods(TestMethodWorker.java:154)\n\tat org.testng.internal.invokers.TestMethodWorker.run(TestMethodWorker.java:134)\n\tat java.base/java.util.concurrent.Executors$RunnableAdapter.call(Executors.java:539)\n\tat java.base/java.util.concurrent.FutureTask.run(FutureTask.java:264)\n\tat org.testng.internal.thread.graph.TestNGFutureTask.run(TestNGFutureTask.java:22)\n\tat java.base/java.util.concurrent.ThreadPoolExecutor.runWorker(ThreadPoolExecutor.java:1136)\n\tat java.base/java.util.concurrent.ThreadPoolExecutor$Worker.run(ThreadPoolExecutor.java:635)\n\tat java.base/java.lang.Thread.run(Thread.java:833)\nCaused by: com.microsoft.playwright.TimeoutError: Error {\n  message='Timeout 5000ms exceeded.\n  name='TimeoutError\n  stack='TimeoutError: Timeout 5000ms exceeded.\n    at ProgressController.run (/tmp/playwright-java-7265160461043526489/package/lib/server/progress.js:76:26)\n    at Frame.waitForSelector (/tmp/playwright-java-7265160461043526489/package/lib/server/frames.js:647:23)\n    at FrameDispatcher.waitForSelector (/tmp/playwright-java-7265160461043526489/package/lib/server/dispatchers/frameDispatcher.js:82:116)\n    at FrameDispatcher._handleCommand (/tmp/playwright-java-7265160461043526489/package/lib/server/dispatchers/dispatcher.js:94:40)\n    at DispatcherConnection.dispatch (/tmp/playwright-java-7265160461043526489/package/lib/server/dispatchers/dispatcher.js:307:39)\n}\nCall log:\n-   - waiting for locator(\"//*[contains(text(),'Bank Details')]\") to be visible\n\n\tat com.microsoft.playwright.impl.WaitableResult.get(WaitableResult.java:52)\n\tat com.microsoft.playwright.impl.ChannelOwner.runUntil(ChannelOwner.java:132)\n\tat com.microsoft.playwright.impl.Connection.sendMessage(Connection.java:130)\n\tat com.microsoft.playwright.impl.ChannelOwner.sendMessage(ChannelOwner.java:118)\n\tat com.microsoft.playwright.impl.FrameImpl.waitForSelectorImpl(FrameImpl.java:1060)\n\tat com.microsoft.playwright.impl.LocatorImpl.lambda$waitForImpl$8(LocatorImpl.java:634)\n\tat com.microsoft.playwright.impl.LoggingSupport.withLogging(LoggingSupport.java:47)\n\tat com.microsoft.playwright.impl.ChannelOwner.withLogging(ChannelOwner.java:97)\n\tat com.microsoft.playwright.impl.LocatorImpl.waitForImpl(LocatorImpl.java:634)\n\tat com.microsoft.playwright.impl.LocatorImpl.waitFor(LocatorImpl.java:630)\n\tat utils.AssertionUtils.assertElementVisible(AssertionUtils.java:22)\n\t... 19 more\nCaused by: com.microsoft.playwright.TimeoutError: Error {\n  message='Timeout 5000ms exceeded.\n  name='TimeoutError\n  stack='TimeoutError: Timeout 5000ms exceeded.\n    at ProgressController.run (/tmp/playwright-java-7265160461043526489/package/lib/server/progress.js:76:26)\n    at Frame.waitForSelector (/tmp/playwright-java-7265160461043526489/package/lib/server/frames.js:647:23)\n    at FrameDispatcher.waitForSelector (/tmp/playwright-java-7265160461043526489/package/lib/server/dispatchers/frameDispatcher.js:82:116)\n    at FrameDispatcher._handleCommand (/tmp/playwright-java-7265160461043526489/package/lib/server/dispatchers/dispatcher.js:94:40)\n    at DispatcherConnection.dispatch (/tmp/playwright-java-7265160461043526489/package/lib/server/dispatchers/dispatcher.js:307:39)\n}\nCall log:\n-   - waiting for locator(\"//*[contains(text(),'Bank Details')]\") to be visible\n\n\tat com.microsoft.playwright.impl.Connection.dispatch(Connection.java:254)\n\tat com.microsoft.playwright.impl.Connection.processOneMessage(Connection.java:211)\n\tat com.microsoft.playwright.impl.ChannelOwner.runUntil(ChannelOwner.java:130)\n\t... 28 more\n","flaky":false,"newFailed":false,"newBroken":false,"newPassed":false,"retriesCount":11,"retriesStatusChange":true,"beforeStages":[{"name":"setUp","time":{"start":1751955526359,"stop":1751955527537,"duration":1178},"description":"","status":"passed","steps":[],"attachments":[],"parameters":[],"shouldDisplayMessage":false,"attachmentsCount":0,"attachmentStep":false,"stepsCount":0,"hasContent":false},{"name":"setUp","time":{"start":1751955527538,"stop":1751955565777,"duration":38239},"description":"","status":"passed","steps":[{"name":"Entering mobile number: 8856505080","time":{"start":1751955528076,"stop":1751955529209,"duration":1133},"status":"passed","steps":[],"attachments":[],"parameters":[{"name":"mobileNumber","value":"8856505080"}],"shouldDisplayMessage":false,"attachmentsCount":0,"attachmentStep":false,"stepsCount":0,"hasContent":true},{"name":"Verifying element is visible: {elementName}","time":{"start":1751955541140,"stop":1751955541143,"duration":3},"status":"passed","steps":[],"attachments":[],"parameters":[{"name":"locator","value":"Locator@//*[text()='Approved!']"},{"name":"name","value":"Approved! text"}],"shouldDisplayMessage":false,"attachmentsCount":0,"attachmentStep":false,"stepsCount":0,"hasContent":true},{"name":"Verifying element text is: Approved!","time":{"start":1751955541143,"stop":1751955541144,"duration":1},"status":"passed","steps":[],"attachments":[],"parameters":[{"name":"locator","value":"Locator@//*[text()='Approved!']"},{"name":"expected","value":"Approved!"},{"name":"elementName","value":"Approved Text"}],"shouldDisplayMessage":false,"attachmentsCount":0,"attachmentStep":false,"stepsCount":0,"hasContent":true},{"name":"Verifying element is visible: {elementName}","time":{"start":1751955541144,"stop":1751955541146,"duration":2},"status":"passed","steps":[],"attachments":[],"parameters":[{"name":"locator","value":"Locator@//*[text()='You are eligible for a Personal Loan up to']"},{"name":"name","value":"Approved subtitle"}],"shouldDisplayMessage":false,"attachmentsCount":0,"attachmentStep":false,"stepsCount":0,"hasContent":true},{"name":"Verifying element text is: You are eligible for a Personal Loan up to","time":{"start":1751955541146,"stop":1751955541147,"duration":1},"status":"passed","steps":[],"attachments":[],"parameters":[{"name":"locator","value":"Locator@//*[text()='You are eligible for a Personal Loan up to']"},{"name":"expected","value":"You are eligible for a Personal Loan up to"},{"name":"elementName","value":"Sub Title Text"}],"shouldDisplayMessage":false,"attachmentsCount":0,"attachmentStep":false,"stepsCount":0,"hasContent":true},{"name":"Verifying element is visible: {elementName}","time":{"start":1751955541147,"stop":1751955541149,"duration":2},"status":"passed","steps":[],"attachments":[],"parameters":[{"name":"locator","value":"Locator@//*[@class='amount']/span[2]"},{"name":"name","value":"Approved Amount"}],"shouldDisplayMessage":false,"attachmentsCount":0,"attachmentStep":false,"stepsCount":0,"hasContent":true},{"name":"Verifying element is visible: {elementName}","time":{"start":1751955541149,"stop":1751955541150,"duration":1},"status":"passed","steps":[],"attachments":[],"parameters":[{"name":"locator","value":"Locator@//*[text()='Continue']"},{"name":"name","value":"Continue Button"}],"shouldDisplayMessage":false,"attachmentsCount":0,"attachmentStep":false,"stepsCount":0,"hasContent":true},{"name":"Verifying element is enabled: Continue Button","time":{"start":1751955541150,"stop":1751955541152,"duration":2},"status":"passed","steps":[],"attachments":[],"parameters":[{"name":"locator","value":"Locator@//*[text()='Continue']"},{"name":"elementName","value":"Continue Button"}],"shouldDisplayMessage":false,"attachmentsCount":0,"attachmentStep":false,"stepsCount":0,"hasContent":true},{"name":"Verifying element is enabled: Continue Button After Selecting Self-Employed","time":{"start":1751955546253,"stop":1751955546254,"duration":1},"status":"passed","steps":[],"attachments":[],"parameters":[{"name":"locator","value":"Locator@//*[@type=\"button\"]"},{"name":"elementName","value":"Continue Button After Selecting Self-Employed"}],"shouldDisplayMessage":false,"attachmentsCount":0,"attachmentStep":false,"stepsCount":0,"hasContent":true},{"name":"Verifying element is visible: {elementName}","time":{"start":1751955552662,"stop":1751955552667,"duration":5},"status":"passed","steps":[],"attachments":[],"parameters":[{"name":"locator","value":"Locator@//*[contains(text(),'Skip')]"},{"name":"name","value":"Skip Button on Business Detail Page"}],"shouldDisplayMessage":false,"attachmentsCount":0,"attachmentStep":false,"stepsCount":0,"hasContent":true},{"name":"Verifying element is visible: {elementName}","time":{"start":1751955552668,"stop":1751955552670,"duration":2},"status":"passed","steps":[],"attachments":[],"parameters":[{"name":"locator","value":"Locator@//*[contains(text(),'Select document ')]"},{"name":"name","value":"Select Document Type"}],"shouldDisplayMessage":false,"attachmentsCount":0,"attachmentStep":false,"stepsCount":0,"hasContent":true},{"name":"Verifying element is enabled: Continue Button","time":{"start":1751955558782,"stop":1751955558783,"duration":1},"status":"passed","steps":[],"attachments":[],"parameters":[{"name":"locator","value":"Locator@//button[@type='submit' and contains(@class, 'btn-primary')]"},{"name":"elementName","value":"Continue Button"}],"shouldDisplayMessage":false,"attachmentsCount":0,"attachmentStep":false,"stepsCount":0,"hasContent":true}],"attachments":[{"uid":"d0e683c53b43ed63","name":"UI Error Message","source":"d0e683c53b43ed63.txt","type":"text/plain","size":46},{"uid":"c414aaf3d44840f5","name":"Modal Screenshot","source":"c414aaf3d44840f5.png","type":"image/png","size":43093},{"uid":"5428f8f919afb3df","name":"Retry Info","source":"5428f8f919afb3df.txt","type":"text/plain","size":51}],"parameters":[],"shouldDisplayMessage":false,"attachmentsCount":3,"attachmentStep":false,"stepsCount":12,"hasContent":true}],"testStage":{"status":"failed","statusMessage":"Bank Details Title is not visible.","statusTrace":"java.lang.AssertionError: Bank Details Title is not visible.\n\tat utils.AssertionUtils.assertElementVisible(AssertionUtils.java:28)\n\tat testClassPool.EnterYourBankAccountDetailsTest.TC07_verifyBankDetailsTitleVisible(EnterYourBankAccountDetailsTest.java:64)\n\tat java.base/jdk.internal.reflect.NativeMethodAccessorImpl.invoke0(Native Method)\n\tat java.base/jdk.internal.reflect.NativeMethodAccessorImpl.invoke(NativeMethodAccessorImpl.java:77)\n\tat java.base/jdk.internal.reflect.DelegatingMethodAccessorImpl.invoke(DelegatingMethodAccessorImpl.java:43)\n\tat java.base/java.lang.reflect.Method.invoke(Method.java:568)\n\tat org.testng.internal.invokers.MethodInvocationHelper.invokeMethod(MethodInvocationHelper.java:141)\n\tat org.testng.internal.invokers.TestInvoker.invokeMethod(TestInvoker.java:687)\n\tat org.testng.internal.invokers.TestInvoker.invokeTestMethod(TestInvoker.java:230)\n\tat org.testng.internal.invokers.MethodRunner.runInSequence(MethodRunner.java:63)\n\tat org.testng.internal.invokers.TestInvoker$MethodInvocationAgent.invoke(TestInvoker.java:995)\n\tat org.testng.internal.invokers.TestInvoker.invokeTestMethods(TestInvoker.java:203)\n\tat org.testng.internal.invokers.TestMethodWorker.invokeTestMethods(TestMethodWorker.java:154)\n\tat org.testng.internal.invokers.TestMethodWorker.run(TestMethodWorker.java:134)\n\tat java.base/java.util.concurrent.Executors$RunnableAdapter.call(Executors.java:539)\n\tat java.base/java.util.concurrent.FutureTask.run(FutureTask.java:264)\n\tat org.testng.internal.thread.graph.TestNGFutureTask.run(TestNGFutureTask.java:22)\n\tat java.base/java.util.concurrent.ThreadPoolExecutor.runWorker(ThreadPoolExecutor.java:1136)\n\tat java.base/java.util.concurrent.ThreadPoolExecutor$Worker.run(ThreadPoolExecutor.java:635)\n\tat java.base/java.lang.Thread.run(Thread.java:833)\nCaused by: com.microsoft.playwright.TimeoutError: Error {\n  message='Timeout 5000ms exceeded.\n  name='TimeoutError\n  stack='TimeoutError: Timeout 5000ms exceeded.\n    at ProgressController.run (/tmp/playwright-java-7265160461043526489/package/lib/server/progress.js:76:26)\n    at Frame.waitForSelector (/tmp/playwright-java-7265160461043526489/package/lib/server/frames.js:647:23)\n    at FrameDispatcher.waitForSelector (/tmp/playwright-java-7265160461043526489/package/lib/server/dispatchers/frameDispatcher.js:82:116)\n    at FrameDispatcher._handleCommand (/tmp/playwright-java-7265160461043526489/package/lib/server/dispatchers/dispatcher.js:94:40)\n    at DispatcherConnection.dispatch (/tmp/playwright-java-7265160461043526489/package/lib/server/dispatchers/dispatcher.js:307:39)\n}\nCall log:\n-   - waiting for locator(\"//*[contains(text(),'Bank Details')]\") to be visible\n\n\tat com.microsoft.playwright.impl.WaitableResult.get(WaitableResult.java:52)\n\tat com.microsoft.playwright.impl.ChannelOwner.runUntil(ChannelOwner.java:132)\n\tat com.microsoft.playwright.impl.Connection.sendMessage(Connection.java:130)\n\tat com.microsoft.playwright.impl.ChannelOwner.sendMessage(ChannelOwner.java:118)\n\tat com.microsoft.playwright.impl.FrameImpl.waitForSelectorImpl(FrameImpl.java:1060)\n\tat com.microsoft.playwright.impl.LocatorImpl.lambda$waitForImpl$8(LocatorImpl.java:634)\n\tat com.microsoft.playwright.impl.LoggingSupport.withLogging(LoggingSupport.java:47)\n\tat com.microsoft.playwright.impl.ChannelOwner.withLogging(ChannelOwner.java:97)\n\tat com.microsoft.playwright.impl.LocatorImpl.waitForImpl(LocatorImpl.java:634)\n\tat com.microsoft.playwright.impl.LocatorImpl.waitFor(LocatorImpl.java:630)\n\tat utils.AssertionUtils.assertElementVisible(AssertionUtils.java:22)\n\t... 19 more\nCaused by: com.microsoft.playwright.TimeoutError: Error {\n  message='Timeout 5000ms exceeded.\n  name='TimeoutError\n  stack='TimeoutError: Timeout 5000ms exceeded.\n    at ProgressController.run (/tmp/playwright-java-7265160461043526489/package/lib/server/progress.js:76:26)\n    at Frame.waitForSelector (/tmp/playwright-java-7265160461043526489/package/lib/server/frames.js:647:23)\n    at FrameDispatcher.waitForSelector (/tmp/playwright-java-7265160461043526489/package/lib/server/dispatchers/frameDispatcher.js:82:116)\n    at FrameDispatcher._handleCommand (/tmp/playwright-java-7265160461043526489/package/lib/server/dispatchers/dispatcher.js:94:40)\n    at DispatcherConnection.dispatch (/tmp/playwright-java-7265160461043526489/package/lib/server/dispatchers/dispatcher.js:307:39)\n}\nCall log:\n-   - waiting for locator(\"//*[contains(text(),'Bank Details')]\") to be visible\n\n\tat com.microsoft.playwright.impl.Connection.dispatch(Connection.java:254)\n\tat com.microsoft.playwright.impl.Connection.processOneMessage(Connection.java:211)\n\tat com.microsoft.playwright.impl.ChannelOwner.runUntil(ChannelOwner.java:130)\n\t... 28 more\n","steps":[{"name":"Add Environment Info","time":{"start":1751955565781,"stop":1751955565784,"duration":3},"status":"passed","steps":[],"attachments":[{"uid":"40c21f547f530fe7","name":"Platform","source":"40c21f547f530fe7.txt","type":"text/plain","size":5},{"uid":"bd060891f0c59431","name":"Test Framework","source":"bd060891f0c59431.txt","type":"text/plain","size":6},{"uid":"746d23b3d15c9c8d","name":"Java Version","source":"746d23b3d15c9c8d.txt","type":"text/plain","size":6},{"uid":"4921dc61c0f60e74","name":"Browser","source":"4921dc61c0f60e74.txt","type":"text/plain","size":6},{"uid":"8c06086ba0d33d53","name":"Automation Tool","source":"8c06086ba0d33d53.txt","type":"text/plain","size":10}],"parameters":[],"shouldDisplayMessage":false,"attachmentsCount":5,"attachmentStep":false,"stepsCount":0,"hasContent":true},{"name":"Verifying element is visible: {elementName}","time":{"start":1751955565784,"stop":1751955570859,"duration":5075},"status":"failed","statusMessage":"Bank Details Title is not visible.","statusTrace":"java.lang.AssertionError: Bank Details Title is not visible.\n\tat utils.AssertionUtils.assertElementVisible(AssertionUtils.java:28)\n\tat testClassPool.EnterYourBankAccountDetailsTest.TC07_verifyBankDetailsTitleVisible(EnterYourBankAccountDetailsTest.java:64)\n\tat java.base/jdk.internal.reflect.NativeMethodAccessorImpl.invoke0(Native Method)\n\tat java.base/jdk.internal.reflect.NativeMethodAccessorImpl.invoke(NativeMethodAccessorImpl.java:77)\n\tat java.base/jdk.internal.reflect.DelegatingMethodAccessorImpl.invoke(DelegatingMethodAccessorImpl.java:43)\n\tat java.base/java.lang.reflect.Method.invoke(Method.java:568)\n\tat org.testng.internal.invokers.MethodInvocationHelper.invokeMethod(MethodInvocationHelper.java:141)\n\tat org.testng.internal.invokers.TestInvoker.invokeMethod(TestInvoker.java:687)\n\tat org.testng.internal.invokers.TestInvoker.invokeTestMethod(TestInvoker.java:230)\n\tat org.testng.internal.invokers.MethodRunner.runInSequence(MethodRunner.java:63)\n\tat org.testng.internal.invokers.TestInvoker$MethodInvocationAgent.invoke(TestInvoker.java:995)\n\tat org.testng.internal.invokers.TestInvoker.invokeTestMethods(TestInvoker.java:203)\n\tat org.testng.internal.invokers.TestMethodWorker.invokeTestMethods(TestMethodWorker.java:154)\n\tat org.testng.internal.invokers.TestMethodWorker.run(TestMethodWorker.java:134)\n\tat java.base/java.util.concurrent.Executors$RunnableAdapter.call(Executors.java:539)\n\tat java.base/java.util.concurrent.FutureTask.run(FutureTask.java:264)\n\tat org.testng.internal.thread.graph.TestNGFutureTask.run(TestNGFutureTask.java:22)\n\tat java.base/java.util.concurrent.ThreadPoolExecutor.runWorker(ThreadPoolExecutor.java:1136)\n\tat java.base/java.util.concurrent.ThreadPoolExecutor$Worker.run(ThreadPoolExecutor.java:635)\n\tat java.base/java.lang.Thread.run(Thread.java:833)\nCaused by: com.microsoft.playwright.TimeoutError: Error {\n  message='Timeout 5000ms exceeded.\n  name='TimeoutError\n  stack='TimeoutError: Timeout 5000ms exceeded.\n    at ProgressController.run (/tmp/playwright-java-7265160461043526489/package/lib/server/progress.js:76:26)\n    at Frame.waitForSelector (/tmp/playwright-java-7265160461043526489/package/lib/server/frames.js:647:23)\n    at FrameDispatcher.waitForSelector (/tmp/playwright-java-7265160461043526489/package/lib/server/dispatchers/frameDispatcher.js:82:116)\n    at FrameDispatcher._handleCommand (/tmp/playwright-java-7265160461043526489/package/lib/server/dispatchers/dispatcher.js:94:40)\n    at DispatcherConnection.dispatch (/tmp/playwright-java-7265160461043526489/package/lib/server/dispatchers/dispatcher.js:307:39)\n}\nCall log:\n-   - waiting for locator(\"//*[contains(text(),'Bank Details')]\") to be visible\n\n\tat com.microsoft.playwright.impl.WaitableResult.get(WaitableResult.java:52)\n\tat com.microsoft.playwright.impl.ChannelOwner.runUntil(ChannelOwner.java:132)\n\tat com.microsoft.playwright.impl.Connection.sendMessage(Connection.java:130)\n\tat com.microsoft.playwright.impl.ChannelOwner.sendMessage(ChannelOwner.java:118)\n\tat com.microsoft.playwright.impl.FrameImpl.waitForSelectorImpl(FrameImpl.java:1060)\n\tat com.microsoft.playwright.impl.LocatorImpl.lambda$waitForImpl$8(LocatorImpl.java:634)\n\tat com.microsoft.playwright.impl.LoggingSupport.withLogging(LoggingSupport.java:47)\n\tat com.microsoft.playwright.impl.ChannelOwner.withLogging(ChannelOwner.java:97)\n\tat com.microsoft.playwright.impl.LocatorImpl.waitForImpl(LocatorImpl.java:634)\n\tat com.microsoft.playwright.impl.LocatorImpl.waitFor(LocatorImpl.java:630)\n\tat utils.AssertionUtils.assertElementVisible(AssertionUtils.java:22)\n\t... 19 more\nCaused by: com.microsoft.playwright.TimeoutError: Error {\n  message='Timeout 5000ms exceeded.\n  name='TimeoutError\n  stack='TimeoutError: Timeout 5000ms exceeded.\n    at ProgressController.run (/tmp/playwright-java-7265160461043526489/package/lib/server/progress.js:76:26)\n    at Frame.waitForSelector (/tmp/playwright-java-7265160461043526489/package/lib/server/frames.js:647:23)\n    at FrameDispatcher.waitForSelector (/tmp/playwright-java-7265160461043526489/package/lib/server/dispatchers/frameDispatcher.js:82:116)\n    at FrameDispatcher._handleCommand (/tmp/playwright-java-7265160461043526489/package/lib/server/dispatchers/dispatcher.js:94:40)\n    at DispatcherConnection.dispatch (/tmp/playwright-java-7265160461043526489/package/lib/server/dispatchers/dispatcher.js:307:39)\n}\nCall log:\n-   - waiting for locator(\"//*[contains(text(),'Bank Details')]\") to be visible\n\n\tat com.microsoft.playwright.impl.Connection.dispatch(Connection.java:254)\n\tat com.microsoft.playwright.impl.Connection.processOneMessage(Connection.java:211)\n\tat com.microsoft.playwright.impl.ChannelOwner.runUntil(ChannelOwner.java:130)\n\t... 28 more\n","steps":[],"attachments":[],"parameters":[{"name":"locator","value":"Locator@//*[contains(text(),'Bank Details')]"},{"name":"name","value":"Bank Details Title"}],"shouldDisplayMessage":true,"attachmentsCount":0,"attachmentStep":false,"stepsCount":0,"hasContent":true},{"name":"Add Test Metrics","time":{"start":1751955570859,"stop":1751955570861,"duration":2},"status":"passed","steps":[],"attachments":[{"uid":"e53149c677b37d4e","name":"Test Duration","source":"e53149c677b37d4e.txt","type":"text/plain","size":17},{"uid":"11d2765a18a8fefa","name":"Test Status","source":"11d2765a18a8fefa.txt","type":"text/plain","size":6}],"parameters":[{"name":"testName","value":"TC07_verifyBankDetailsTitleVisible"},{"name":"status","value":"FAILED"},{"name":"duration","value":"5078"}],"shouldDisplayMessage":false,"attachmentsCount":2,"attachmentStep":false,"stepsCount":0,"hasContent":true},{"name":"Add Trend Data","time":{"start":1751955570861,"stop":1751955570861,"duration":0},"status":"passed","steps":[],"attachments":[],"parameters":[{"name":"testName","value":"TC07_verifyBankDetailsTitleVisible"},{"name":"status","value":"FAILED"},{"name":"duration","value":"5078"}],"shouldDisplayMessage":false,"attachmentsCount":0,"attachmentStep":false,"stepsCount":0,"hasContent":true},{"name":"Add Failure Details","time":{"start":1751955570861,"stop":1751955570862,"duration":1},"status":"passed","steps":[],"attachments":[{"uid":"39c6123f453ded1c","name":"Error Stack Trace","source":"39c6123f453ded1c.txt","type":"text/plain","size":1658},{"uid":"39e31bb8ed07a76b","name":"Error Message","source":"39e31bb8ed07a76b.txt","type":"text/plain","size":34}],"parameters":[{"name":"result","value":"[TestResult name=TC07_verifyBankDetailsTitleVisible status=FAILURE method=EnterYourBankAccountDetailsTest.TC07_verifyBankDetailsTitleVisible()[pri:0, instance:testClassPool.EnterYourBankAccountDetailsTest@312b34e3] output=[2025-07-08 06:19:25] STARTED - TC07_verifyBankDetailsTitleVisible: Test execution started]"}],"shouldDisplayMessage":false,"attachmentsCount":2,"attachmentStep":false,"stepsCount":0,"hasContent":true}],"attachments":[],"parameters":[],"shouldDisplayMessage":false,"attachmentsCount":9,"attachmentStep":false,"stepsCount":5,"hasContent":true},"afterStages":[{"name":"tearDown","time":{"start":1751955570864,"stop":1751955571005,"duration":141},"description":"","status":"passed","steps":[],"attachments":[{"uid":"10fb28eb2559922b","name":"All Failed APIs","source":"10fb28eb2559922b.txt","type":"text/plain","size":607}],"parameters":[],"shouldDisplayMessage":false,"attachmentsCount":1,"attachmentStep":false,"stepsCount":0,"hasContent":true}],"labels":[{"name":"package","value":"testClassPool.EnterYourBankAccountDetailsTest"},{"name":"testClass","value":"testClassPool.EnterYourBankAccountDetailsTest"},{"name":"testMethod","value":"TC07_verifyBankDetailsTitleVisible"},{"name":"parentSuite","value":"Stashfin Web Automation Suite"},{"name":"suite","value":"Stashfin Web Test Run"},{"name":"subSuite","value":"testClassPool.EnterYourBankAccountDetailsTest"},{"name":"host","value":"10b4e3d84cb0"},{"name":"thread","value":"271@10b4e3d84cb0.TestNG-test-Stashfin Web Test Run-1(31)"},{"name":"framework","value":"testng"},{"name":"language","value":"java"},{"name":"resultFormat","value":"allure2"}],"parameters":[],"links":[],"hidden":false,"retry":false,"extra":{"severity":"normal","retries":[{"uid":"9808f30f06d2527d","status":"failed","statusDetails":"Bank Details Title is not visible.","time":{"start":1751908023701,"stop":1751908028791,"duration":5090}},{"uid":"d717c07c8439b5b","status":"failed","statusDetails":"Bank Details Title is not visible.","time":{"start":1751906742277,"stop":1751906747385,"duration":5108}},{"uid":"1d9ab0e7c5ba26f6","status":"skipped","statusDetails":"Error {\n  message='\n╔═════════════════════════════════════════════════════════════════════════════════════════════════╗\n║ Host system is missing dependencies to run browsers.                                            ║\n║ Please install them with the following command:                                                 ║\n║                                                                                                 ║\n║     mvn exec:java -e -D exec.mainClass=com.microsoft.playwright.CLI -D exec.args=\"install-deps\" ║\n║                                                                                                 ║\n║ Alternatively, use apt:                                                                         ║\n║     apt-get install libgbm1                                                                     ║\n║                                                                                                 ║\n║ <3 Playwright Team                                                                              ║\n╚═════════════════════════════════════════════════════════════════════════════════════════════════╝\n  name='Error\n  stack='Error: \n╔═════════════════════════════════════════════════════════════════════════════════════════════════╗\n║ Host system is missing dependencies to run browsers.                                            ║\n║ Please install them with the following command:                                                 ║\n║                                                                                                 ║\n║     mvn exec:java -e -D exec.mainClass=com.microsoft.playwright.CLI -D exec.args=\"install-deps\" ║\n║                                                                                                 ║\n║ Alternatively, use apt:                                                                         ║\n║     apt-get install libgbm1                                                                     ║\n║                                                                                                 ║\n║ <3 Playwright Team                                                                              ║\n╚═════════════════════════════════════════════════════════════════════════════════════════════════╝\n    at validateDependenciesLinux (/tmp/playwright-java-15254842763600266869/package/lib/server/registry/dependencies.js:269:9)\n    at async Registry._validateHostRequirements (/tmp/playwright-java-15254842763600266869/package/lib/server/registry/index.js:927:14)\n    at async Registry._validateHostRequirementsForExecutableIfNeeded (/tmp/playwright-java-15254842763600266869/package/lib/server/registry/index.js:1047:7)\n    at async Registry.validateHostRequirementsForExecutablesIfNeeded (/tmp/playwright-java-15254842763600266869/package/lib/server/registry/index.js:1036:7)\n    at async Chromium._launchProcess (/tmp/playwright-java-15254842763600266869/package/lib/server/browserType.js:206:7)\n    at async Chromium._innerLaunch (/tmp/playwright-java-15254842763600266869/package/lib/server/browserType.js:135:70)\n    at async Chromium._innerLaunchWithRetries (/tmp/playwright-java-15254842763600266869/package/lib/server/browserType.js:122:14)\n    at async ProgressController.run (/tmp/playwright-java-15254842763600266869/package/lib/server/progress.js:80:22)\n    at async Chromium.launch (/tmp/playwright-java-15254842763600266869/package/lib/server/browserType.js:87:21)\n    at async BrowserTypeDispatcher.launch (/tmp/playwright-java-15254842763600266869/package/lib/server/dispatchers/browserTypeDispatcher.js:36:21)\n}","time":{"start":1751905845362,"stop":1751905845366,"duration":4}},{"uid":"87b96e96de39625f","status":"skipped","statusDetails":"Error {\n  message='\n╔═════════════════════════════════════════════════════════════════════════════════════════════════╗\n║ Host system is missing dependencies to run browsers.                                            ║\n║ Please install them with the following command:                                                 ║\n║                                                                                                 ║\n║     mvn exec:java -e -D exec.mainClass=com.microsoft.playwright.CLI -D exec.args=\"install-deps\" ║\n║                                                                                                 ║\n║ Alternatively, use apt:                                                                         ║\n║     apt-get install libgbm1                                                                     ║\n║                                                                                                 ║\n║ <3 Playwright Team                                                                              ║\n╚═════════════════════════════════════════════════════════════════════════════════════════════════╝\n  name='Error\n  stack='Error: \n╔═════════════════════════════════════════════════════════════════════════════════════════════════╗\n║ Host system is missing dependencies to run browsers.                                            ║\n║ Please install them with the following command:                                                 ║\n║                                                                                                 ║\n║     mvn exec:java -e -D exec.mainClass=com.microsoft.playwright.CLI -D exec.args=\"install-deps\" ║\n║                                                                                                 ║\n║ Alternatively, use apt:                                                                         ║\n║     apt-get install libgbm1                                                                     ║\n║                                                                                                 ║\n║ <3 Playwright Team                                                                              ║\n╚═════════════════════════════════════════════════════════════════════════════════════════════════╝\n    at validateDependenciesLinux (/tmp/playwright-java-5252559726226793018/package/lib/server/registry/dependencies.js:269:9)\n    at async Registry._validateHostRequirements (/tmp/playwright-java-5252559726226793018/package/lib/server/registry/index.js:927:14)\n    at async Registry._validateHostRequirementsForExecutableIfNeeded (/tmp/playwright-java-5252559726226793018/package/lib/server/registry/index.js:1047:7)\n    at async Registry.validateHostRequirementsForExecutablesIfNeeded (/tmp/playwright-java-5252559726226793018/package/lib/server/registry/index.js:1036:7)\n    at async Chromium._launchProcess (/tmp/playwright-java-5252559726226793018/package/lib/server/browserType.js:206:7)\n    at async Chromium._innerLaunch (/tmp/playwright-java-5252559726226793018/package/lib/server/browserType.js:135:70)\n    at async Chromium._innerLaunchWithRetries (/tmp/playwright-java-5252559726226793018/package/lib/server/browserType.js:122:14)\n    at async ProgressController.run (/tmp/playwright-java-5252559726226793018/package/lib/server/progress.js:80:22)\n    at async Chromium.launch (/tmp/playwright-java-5252559726226793018/package/lib/server/browserType.js:87:21)\n    at async BrowserTypeDispatcher.launch (/tmp/playwright-java-5252559726226793018/package/lib/server/dispatchers/browserTypeDispatcher.js:36:21)\n}","time":{"start":1751904340720,"stop":1751904340723,"duration":3}},{"uid":"f81cdfddaa605fcf","status":"skipped","statusDetails":"Error {\n  message='\n╔═════════════════════════════════════════════════════════════════════════════════════════════════╗\n║ Host system is missing dependencies to run browsers.                                            ║\n║ Please install them with the following command:                                                 ║\n║                                                                                                 ║\n║     mvn exec:java -e -D exec.mainClass=com.microsoft.playwright.CLI -D exec.args=\"install-deps\" ║\n║                                                                                                 ║\n║ Alternatively, use apt:                                                                         ║\n║     apt-get install libgbm1                                                                     ║\n║                                                                                                 ║\n║ <3 Playwright Team                                                                              ║\n╚═════════════════════════════════════════════════════════════════════════════════════════════════╝\n  name='Error\n  stack='Error: \n╔═════════════════════════════════════════════════════════════════════════════════════════════════╗\n║ Host system is missing dependencies to run browsers.                                            ║\n║ Please install them with the following command:                                                 ║\n║                                                                                                 ║\n║     mvn exec:java -e -D exec.mainClass=com.microsoft.playwright.CLI -D exec.args=\"install-deps\" ║\n║                                                                                                 ║\n║ Alternatively, use apt:                                                                         ║\n║     apt-get install libgbm1                                                                     ║\n║                                                                                                 ║\n║ <3 Playwright Team                                                                              ║\n╚═════════════════════════════════════════════════════════════════════════════════════════════════╝\n    at validateDependenciesLinux (/tmp/playwright-java-8597452185106347710/package/lib/server/registry/dependencies.js:269:9)\n    at async Registry._validateHostRequirements (/tmp/playwright-java-8597452185106347710/package/lib/server/registry/index.js:927:14)\n    at async Registry._validateHostRequirementsForExecutableIfNeeded (/tmp/playwright-java-8597452185106347710/package/lib/server/registry/index.js:1047:7)\n    at async Registry.validateHostRequirementsForExecutablesIfNeeded (/tmp/playwright-java-8597452185106347710/package/lib/server/registry/index.js:1036:7)\n    at async Chromium._launchProcess (/tmp/playwright-java-8597452185106347710/package/lib/server/browserType.js:206:7)\n    at async Chromium._innerLaunch (/tmp/playwright-java-8597452185106347710/package/lib/server/browserType.js:135:70)\n    at async Chromium._innerLaunchWithRetries (/tmp/playwright-java-8597452185106347710/package/lib/server/browserType.js:122:14)\n    at async ProgressController.run (/tmp/playwright-java-8597452185106347710/package/lib/server/progress.js:80:22)\n    at async Chromium.launch (/tmp/playwright-java-8597452185106347710/package/lib/server/browserType.js:87:21)\n    at async BrowserTypeDispatcher.launch (/tmp/playwright-java-8597452185106347710/package/lib/server/dispatchers/browserTypeDispatcher.js:36:21)\n}","time":{"start":1751903841859,"stop":1751903841862,"duration":3}},{"uid":"a4a6278565f23b6b","status":"skipped","statusDetails":"Error {\n  message='\n╔═════════════════════════════════════════════════════════════════════════════════════════════════╗\n║ Host system is missing dependencies to run browsers.                                            ║\n║ Please install them with the following command:                                                 ║\n║                                                                                                 ║\n║     mvn exec:java -e -D exec.mainClass=com.microsoft.playwright.CLI -D exec.args=\"install-deps\" ║\n║                                                                                                 ║\n║ Alternatively, use apt:                                                                         ║\n║     apt-get install libgbm1                                                                     ║\n║                                                                                                 ║\n║ <3 Playwright Team                                                                              ║\n╚═════════════════════════════════════════════════════════════════════════════════════════════════╝\n  name='Error\n  stack='Error: \n╔═════════════════════════════════════════════════════════════════════════════════════════════════╗\n║ Host system is missing dependencies to run browsers.                                            ║\n║ Please install them with the following command:                                                 ║\n║                                                                                                 ║\n║     mvn exec:java -e -D exec.mainClass=com.microsoft.playwright.CLI -D exec.args=\"install-deps\" ║\n║                                                                                                 ║\n║ Alternatively, use apt:                                                                         ║\n║     apt-get install libgbm1                                                                     ║\n║                                                                                                 ║\n║ <3 Playwright Team                                                                              ║\n╚═════════════════════════════════════════════════════════════════════════════════════════════════╝\n    at validateDependenciesLinux (/tmp/playwright-java-11187364974156768872/package/lib/server/registry/dependencies.js:269:9)\n    at async Registry._validateHostRequirements (/tmp/playwright-java-11187364974156768872/package/lib/server/registry/index.js:927:14)\n    at async Registry._validateHostRequirementsForExecutableIfNeeded (/tmp/playwright-java-11187364974156768872/package/lib/server/registry/index.js:1047:7)\n    at async Registry.validateHostRequirementsForExecutablesIfNeeded (/tmp/playwright-java-11187364974156768872/package/lib/server/registry/index.js:1036:7)\n    at async Chromium._launchProcess (/tmp/playwright-java-11187364974156768872/package/lib/server/browserType.js:206:7)\n    at async Chromium._innerLaunch (/tmp/playwright-java-11187364974156768872/package/lib/server/browserType.js:135:70)\n    at async Chromium._innerLaunchWithRetries (/tmp/playwright-java-11187364974156768872/package/lib/server/browserType.js:122:14)\n    at async ProgressController.run (/tmp/playwright-java-11187364974156768872/package/lib/server/progress.js:80:22)\n    at async Chromium.launch (/tmp/playwright-java-11187364974156768872/package/lib/server/browserType.js:87:21)\n    at async BrowserTypeDispatcher.launch (/tmp/playwright-java-11187364974156768872/package/lib/server/dispatchers/browserTypeDispatcher.js:36:21)\n}","time":{"start":1751903605234,"stop":1751903605237,"duration":3}},{"uid":"4b0aeb9dafe3f06f","status":"skipped","statusDetails":"Error {\n  message='\n╔═════════════════════════════════════════════════════════════════════════════════════════════════╗\n║ Host system is missing dependencies to run browsers.                                            ║\n║ Please install them with the following command:                                                 ║\n║                                                                                                 ║\n║     mvn exec:java -e -D exec.mainClass=com.microsoft.playwright.CLI -D exec.args=\"install-deps\" ║\n║                                                                                                 ║\n║ Alternatively, use apt:                                                                         ║\n║     apt-get install libgbm1                                                                     ║\n║                                                                                                 ║\n║ <3 Playwright Team                                                                              ║\n╚═════════════════════════════════════════════════════════════════════════════════════════════════╝\n  name='Error\n  stack='Error: \n╔═════════════════════════════════════════════════════════════════════════════════════════════════╗\n║ Host system is missing dependencies to run browsers.                                            ║\n║ Please install them with the following command:                                                 ║\n║                                                                                                 ║\n║     mvn exec:java -e -D exec.mainClass=com.microsoft.playwright.CLI -D exec.args=\"install-deps\" ║\n║                                                                                                 ║\n║ Alternatively, use apt:                                                                         ║\n║     apt-get install libgbm1                                                                     ║\n║                                                                                                 ║\n║ <3 Playwright Team                                                                              ║\n╚═════════════════════════════════════════════════════════════════════════════════════════════════╝\n    at validateDependenciesLinux (/tmp/playwright-java-13266229082329907590/package/lib/server/registry/dependencies.js:269:9)\n    at async Registry._validateHostRequirements (/tmp/playwright-java-13266229082329907590/package/lib/server/registry/index.js:927:14)\n    at async Registry._validateHostRequirementsForExecutableIfNeeded (/tmp/playwright-java-13266229082329907590/package/lib/server/registry/index.js:1047:7)\n    at async Registry.validateHostRequirementsForExecutablesIfNeeded (/tmp/playwright-java-13266229082329907590/package/lib/server/registry/index.js:1036:7)\n    at async Chromium._launchProcess (/tmp/playwright-java-13266229082329907590/package/lib/server/browserType.js:206:7)\n    at async Chromium._innerLaunch (/tmp/playwright-java-13266229082329907590/package/lib/server/browserType.js:135:70)\n    at async Chromium._innerLaunchWithRetries (/tmp/playwright-java-13266229082329907590/package/lib/server/browserType.js:122:14)\n    at async ProgressController.run (/tmp/playwright-java-13266229082329907590/package/lib/server/progress.js:80:22)\n    at async Chromium.launch (/tmp/playwright-java-13266229082329907590/package/lib/server/browserType.js:87:21)\n    at async BrowserTypeDispatcher.launch (/tmp/playwright-java-13266229082329907590/package/lib/server/dispatchers/browserTypeDispatcher.js:36:21)\n}","time":{"start":1751903278152,"stop":1751903278155,"duration":3}},{"uid":"a69168101ce9195f","status":"skipped","statusDetails":"Error {\n  message='Timeout 50000ms exceeded.\n  name='TimeoutError\n  stack='TimeoutError: Timeout 50000ms exceeded.\n    at ProgressController.run (/private/var/folders/w6/57mby7d92xgbc8_lq6xsrrw00000gp/T/playwright-java-4491421945174427984/package/lib/server/progress.js:76:26)\n    at Frame.waitForSelector (/private/var/folders/w6/57mby7d92xgbc8_lq6xsrrw00000gp/T/playwright-java-4491421945174427984/package/lib/server/frames.js:647:23)\n    at FrameDispatcher.waitForSelector (/private/var/folders/w6/57mby7d92xgbc8_lq6xsrrw00000gp/T/playwright-java-4491421945174427984/package/lib/server/dispatchers/frameDispatcher.js:82:116)\n    at FrameDispatcher._handleCommand (/private/var/folders/w6/57mby7d92xgbc8_lq6xsrrw00000gp/T/playwright-java-4491421945174427984/package/lib/server/dispatchers/dispatcher.js:94:40)\n    at DispatcherConnection.dispatch (/private/var/folders/w6/57mby7d92xgbc8_lq6xsrrw00000gp/T/playwright-java-4491421945174427984/package/lib/server/dispatchers/dispatcher.js:307:39)\n}\nCall log:\n-   - waiting for locator(\"//*[text()='Approved!']\") to be visible\n","time":{"start":1751482384365,"stop":1751482384366,"duration":1}},{"uid":"1a4098545b7bfb87","status":"skipped","statusDetails":"Cannot invoke \"com.mysql.cj.protocol.ColumnDefinition.getFields()\" because \"this.columnDefinition\" is null","time":{"start":1751480294704,"stop":1751480294705,"duration":1}},{"uid":"df074e46ecf90fc9","status":"failed","statusDetails":"Bank Details Title is not visible.","time":{"start":1751443727637,"stop":1751443732719,"duration":5082}},{"uid":"c92bff348d894cf4","status":"skipped","statusDetails":"Bank Account Details page did not load after Aadhaar KYC bypass. Navigation may have failed or page is still loading.","time":{"start":1751435729677,"stop":1751435729679,"duration":2}}],"categories":[{"name":"Product defects","matchedStatuses":[]}],"tags":[]},"source":"425a87b8159d10b1.json","parameterValues":[]}