{"uid":"47d222308d490b9f","name":"Test accept button functionality","fullName":"TC19_testAcceptButtonFunctionality (General)","historyId":"1343368d7551ad6d5ca9328462dc2bd4","time":{"start":1752180623496,"stop":1752180623496,"duration":0},"status":"skipped","statusMessage":"Reference 1 Name input field is not visible. The page may not have loaded properly or the element locator may be incorrect.","statusTrace":"java.lang.AssertionError: Reference 1 Name input field is not visible. The page may not have loaded properly or the element locator may be incorrect.\n\tat TestUtils.LoanJourneyFlow.fillReferences(LoanJourneyFlow.java:589)\n\tat TestUtils.LoanJourneyFlow.reachJustAFewMoreDetailsToProceedPage(LoanJourneyFlow.java:1133)\n\tat TestUtils.LoanJourneyFlow.reachUPIAutoPayPage(LoanJourneyFlow.java:1284)\n\tat TestUtils.LoanJourneyFlow.reachDIGIOScreen(LoanJourneyFlow.java:1355)\n\tat testClassPool.DIGIOTest.setUp(DIGIOTest.java:22)\n\tat java.base/jdk.internal.reflect.NativeMethodAccessorImpl.invoke0(Native Method)\n\tat java.base/jdk.internal.reflect.NativeMethodAccessorImpl.invoke(NativeMethodAccessorImpl.java:77)\n\tat java.base/jdk.internal.reflect.DelegatingMethodAccessorImpl.invoke(DelegatingMethodAccessorImpl.java:43)\n\tat java.base/java.lang.reflect.Method.invoke(Method.java:568)\n\tat org.testng.internal.invokers.MethodInvocationHelper.invokeMethod(MethodInvocationHelper.java:141)\n\tat org.testng.internal.invokers.MethodInvocationHelper.invokeMethodConsideringTimeout(MethodInvocationHelper.java:71)\n\tat org.testng.internal.invokers.ConfigInvoker.invokeConfigurationMethod(ConfigInvoker.java:400)\n\tat org.testng.internal.invokers.ConfigInvoker.invokeConfigurations(ConfigInvoker.java:333)\n\tat org.testng.internal.invokers.TestInvoker.runConfigMethods(TestInvoker.java:836)\n\tat org.testng.internal.invokers.TestInvoker.invokeMethod(TestInvoker.java:601)\n\tat org.testng.internal.invokers.TestInvoker.invokeTestMethod(TestInvoker.java:230)\n\tat org.testng.internal.invokers.MethodRunner.runInSequence(MethodRunner.java:63)\n\tat org.testng.internal.invokers.TestInvoker$MethodInvocationAgent.invoke(TestInvoker.java:995)\n\tat org.testng.internal.invokers.TestInvoker.invokeTestMethods(TestInvoker.java:203)\n\tat org.testng.internal.invokers.TestMethodWorker.invokeTestMethods(TestMethodWorker.java:154)\n\tat org.testng.internal.invokers.TestMethodWorker.run(TestMethodWorker.java:134)\n\tat java.base/java.util.concurrent.Executors$RunnableAdapter.call(Executors.java:539)\n\tat java.base/java.util.concurrent.FutureTask.run(FutureTask.java:264)\n\tat org.testng.internal.thread.graph.TestNGFutureTask.run(TestNGFutureTask.java:22)\n\tat java.base/java.util.concurrent.ThreadPoolExecutor.runWorker(ThreadPoolExecutor.java:1136)\n\tat java.base/java.util.concurrent.ThreadPoolExecutor$Worker.run(ThreadPoolExecutor.java:635)\n\tat java.base/java.lang.Thread.run(Thread.java:833)\n","flaky":false,"newFailed":false,"newBroken":false,"newPassed":false,"retriesCount":0,"retriesStatusChange":false,"beforeStages":[{"name":"setUp","time":{"start":1752180622632,"stop":1752180623494,"duration":862},"description":"","status":"passed","steps":[],"attachments":[],"parameters":[],"shouldDisplayMessage":false,"stepsCount":0,"attachmentsCount":0,"hasContent":false,"attachmentStep":false},{"name":"setUp","time":{"start":1752180623495,"stop":1752180623495,"duration":0},"description":"","status":"broken","steps":[],"attachments":[],"parameters":[],"shouldDisplayMessage":false,"stepsCount":0,"attachmentsCount":0,"hasContent":false,"attachmentStep":false}],"testStage":{"status":"skipped","statusMessage":"Reference 1 Name input field is not visible. The page may not have loaded properly or the element locator may be incorrect.","statusTrace":"java.lang.AssertionError: Reference 1 Name input field is not visible. The page may not have loaded properly or the element locator may be incorrect.\n\tat TestUtils.LoanJourneyFlow.fillReferences(LoanJourneyFlow.java:589)\n\tat TestUtils.LoanJourneyFlow.reachJustAFewMoreDetailsToProceedPage(LoanJourneyFlow.java:1133)\n\tat TestUtils.LoanJourneyFlow.reachUPIAutoPayPage(LoanJourneyFlow.java:1284)\n\tat TestUtils.LoanJourneyFlow.reachDIGIOScreen(LoanJourneyFlow.java:1355)\n\tat testClassPool.DIGIOTest.setUp(DIGIOTest.java:22)\n\tat java.base/jdk.internal.reflect.NativeMethodAccessorImpl.invoke0(Native Method)\n\tat java.base/jdk.internal.reflect.NativeMethodAccessorImpl.invoke(NativeMethodAccessorImpl.java:77)\n\tat java.base/jdk.internal.reflect.DelegatingMethodAccessorImpl.invoke(DelegatingMethodAccessorImpl.java:43)\n\tat java.base/java.lang.reflect.Method.invoke(Method.java:568)\n\tat org.testng.internal.invokers.MethodInvocationHelper.invokeMethod(MethodInvocationHelper.java:141)\n\tat org.testng.internal.invokers.MethodInvocationHelper.invokeMethodConsideringTimeout(MethodInvocationHelper.java:71)\n\tat org.testng.internal.invokers.ConfigInvoker.invokeConfigurationMethod(ConfigInvoker.java:400)\n\tat org.testng.internal.invokers.ConfigInvoker.invokeConfigurations(ConfigInvoker.java:333)\n\tat org.testng.internal.invokers.TestInvoker.runConfigMethods(TestInvoker.java:836)\n\tat org.testng.internal.invokers.TestInvoker.invokeMethod(TestInvoker.java:601)\n\tat org.testng.internal.invokers.TestInvoker.invokeTestMethod(TestInvoker.java:230)\n\tat org.testng.internal.invokers.MethodRunner.runInSequence(MethodRunner.java:63)\n\tat org.testng.internal.invokers.TestInvoker$MethodInvocationAgent.invoke(TestInvoker.java:995)\n\tat org.testng.internal.invokers.TestInvoker.invokeTestMethods(TestInvoker.java:203)\n\tat org.testng.internal.invokers.TestMethodWorker.invokeTestMethods(TestMethodWorker.java:154)\n\tat org.testng.internal.invokers.TestMethodWorker.run(TestMethodWorker.java:134)\n\tat java.base/java.util.concurrent.Executors$RunnableAdapter.call(Executors.java:539)\n\tat java.base/java.util.concurrent.FutureTask.run(FutureTask.java:264)\n\tat org.testng.internal.thread.graph.TestNGFutureTask.run(TestNGFutureTask.java:22)\n\tat java.base/java.util.concurrent.ThreadPoolExecutor.runWorker(ThreadPoolExecutor.java:1136)\n\tat java.base/java.util.concurrent.ThreadPoolExecutor$Worker.run(ThreadPoolExecutor.java:635)\n\tat java.base/java.lang.Thread.run(Thread.java:833)\n","steps":[{"name":"Add Environment Info","time":{"start":1752180623496,"stop":1752180623496,"duration":0},"status":"passed","steps":[],"attachments":[{"uid":"eeb640a506299dc9","name":"Platform","source":"eeb640a506299dc9.txt","type":"text/plain","size":5},{"uid":"ee38794583397b73","name":"Test Framework","source":"ee38794583397b73.txt","type":"text/plain","size":6},{"uid":"b8183409955ab526","name":"Java Version","source":"b8183409955ab526.txt","type":"text/plain","size":6},{"uid":"87a2e3dead455d44","name":"Browser","source":"87a2e3dead455d44.txt","type":"text/plain","size":6},{"uid":"fd18934f22f6e4e0","name":"Automation Tool","source":"fd18934f22f6e4e0.txt","type":"text/plain","size":10}],"parameters":[],"shouldDisplayMessage":false,"stepsCount":0,"attachmentsCount":5,"hasContent":true,"attachmentStep":false},{"name":"Add Test Metrics","time":{"start":1752180623496,"stop":1752180623496,"duration":0},"status":"passed","steps":[],"attachments":[{"uid":"da02cc18dc2d754b","name":"Test Duration","source":"da02cc18dc2d754b.txt","type":"text/plain","size":14},{"uid":"f9af5d8ddaa86777","name":"Test Status","source":"f9af5d8ddaa86777.txt","type":"text/plain","size":7}],"parameters":[{"name":"testName","value":"TC19_testAcceptButtonFunctionality"},{"name":"status","value":"SKIPPED"},{"name":"duration","value":"0"}],"shouldDisplayMessage":false,"stepsCount":0,"attachmentsCount":2,"hasContent":true,"attachmentStep":false},{"name":"Add Trend Data","time":{"start":1752180623496,"stop":1752180623496,"duration":0},"status":"passed","steps":[],"attachments":[],"parameters":[{"name":"testName","value":"TC19_testAcceptButtonFunctionality"},{"name":"status","value":"SKIPPED"},{"name":"duration","value":"0"}],"shouldDisplayMessage":false,"stepsCount":0,"attachmentsCount":0,"hasContent":true,"attachmentStep":false}],"attachments":[],"parameters":[],"shouldDisplayMessage":true,"stepsCount":3,"attachmentsCount":7,"hasContent":true,"attachmentStep":false},"afterStages":[{"name":"tearDown","time":{"start":1752180623497,"stop":1752180623519,"duration":22},"description":"","status":"passed","steps":[],"attachments":[],"parameters":[],"shouldDisplayMessage":false,"stepsCount":0,"attachmentsCount":0,"hasContent":false,"attachmentStep":false}],"labels":[{"name":"package","value":"testClassPool.DIGIOTest"},{"name":"testClass","value":"testClassPool.DIGIOTest"},{"name":"testMethod","value":"TC19_testAcceptButtonFunctionality"},{"name":"parentSuite","value":"Stashfin Web Automation Suite"},{"name":"suite","value":"Stashfin Web Test Run"},{"name":"subSuite","value":"testClassPool.DIGIOTest"},{"name":"host","value":"37a327fdcdc9"},{"name":"thread","value":"101@37a327fdcdc9.TestNG-test-Stashfin Web Test Run-1(31)"},{"name":"framework","value":"testng"},{"name":"language","value":"java"},{"name":"resultFormat","value":"allure2"}],"parameters":[],"links":[],"hidden":false,"retry":false,"extra":{"severity":"normal","retries":[],"categories":[],"tags":[]},"source":"47d222308d490b9f.json","parameterValues":[]}