{"uid":"4942118f4bea59d7","name":"Verify customer address retrieval by user ID","fullName":"testGetCustomerAddressByUserId (General)","historyId":"3b5658bf41d4c0da13eb6e65d38ea917","time":{"start":1752181217258,"stop":1752181217589,"duration":331},"status":"failed","statusMessage":"User ID in result should match the queried user ID expected [1769227032] but found [1769227032]","statusTrace":"java.lang.AssertionError: User ID in result should match the queried user ID expected [1769227032] but found [1769227032]\n\tat org.testng.Assert.fail(Assert.java:111)\n\tat org.testng.Assert.failNotEquals(Assert.java:1590)\n\tat org.testng.Assert.assertEqualsImpl(Assert.java:150)\n\tat org.testng.Assert.assertEquals(Assert.java:132)\n\tat testClassPool.DatabaseOperationsTest.testGetCustomerAddressByUserId(DatabaseOperationsTest.java:170)\n\tat java.base/jdk.internal.reflect.NativeMethodAccessorImpl.invoke0(Native Method)\n\tat java.base/jdk.internal.reflect.NativeMethodAccessorImpl.invoke(NativeMethodAccessorImpl.java:77)\n\tat java.base/jdk.internal.reflect.DelegatingMethodAccessorImpl.invoke(DelegatingMethodAccessorImpl.java:43)\n\tat java.base/java.lang.reflect.Method.invoke(Method.java:568)\n\tat org.testng.internal.invokers.MethodInvocationHelper.invokeMethod(MethodInvocationHelper.java:141)\n\tat org.testng.internal.invokers.TestInvoker.invokeMethod(TestInvoker.java:687)\n\tat org.testng.internal.invokers.TestInvoker.invokeTestMethod(TestInvoker.java:230)\n\tat org.testng.internal.invokers.MethodRunner.runInSequence(MethodRunner.java:63)\n\tat org.testng.internal.invokers.TestInvoker$MethodInvocationAgent.invoke(TestInvoker.java:995)\n\tat org.testng.internal.invokers.TestInvoker.invokeTestMethods(TestInvoker.java:203)\n\tat org.testng.internal.invokers.TestMethodWorker.invokeTestMethods(TestMethodWorker.java:154)\n\tat org.testng.internal.invokers.TestMethodWorker.run(TestMethodWorker.java:134)\n\tat java.base/java.util.concurrent.Executors$RunnableAdapter.call(Executors.java:539)\n\tat java.base/java.util.concurrent.FutureTask.run(FutureTask.java:264)\n\tat org.testng.internal.thread.graph.TestNGFutureTask.run(TestNGFutureTask.java:22)\n\tat java.base/java.util.concurrent.ThreadPoolExecutor.runWorker(ThreadPoolExecutor.java:1136)\n\tat java.base/java.util.concurrent.ThreadPoolExecutor$Worker.run(ThreadPoolExecutor.java:635)\n\tat java.base/java.lang.Thread.run(Thread.java:833)\n","flaky":false,"newFailed":false,"newBroken":false,"newPassed":false,"retriesCount":0,"retriesStatusChange":false,"beforeStages":[{"name":"setUp","time":{"start":1752181210271,"stop":1752181210689,"duration":418},"description":"","status":"passed","steps":[],"attachments":[],"parameters":[],"shouldDisplayMessage":false,"stepsCount":0,"attachmentsCount":0,"hasContent":false,"attachmentStep":false},{"name":"setUp","time":{"start":1752181216515,"stop":1752181217257,"duration":742},"description":"","status":"passed","steps":[],"attachments":[],"parameters":[],"shouldDisplayMessage":false,"stepsCount":0,"attachmentsCount":0,"hasContent":false,"attachmentStep":false}],"testStage":{"status":"failed","statusMessage":"User ID in result should match the queried user ID expected [1769227032] but found [1769227032]","statusTrace":"java.lang.AssertionError: User ID in result should match the queried user ID expected [1769227032] but found [1769227032]\n\tat org.testng.Assert.fail(Assert.java:111)\n\tat org.testng.Assert.failNotEquals(Assert.java:1590)\n\tat org.testng.Assert.assertEqualsImpl(Assert.java:150)\n\tat org.testng.Assert.assertEquals(Assert.java:132)\n\tat testClassPool.DatabaseOperationsTest.testGetCustomerAddressByUserId(DatabaseOperationsTest.java:170)\n\tat java.base/jdk.internal.reflect.NativeMethodAccessorImpl.invoke0(Native Method)\n\tat java.base/jdk.internal.reflect.NativeMethodAccessorImpl.invoke(NativeMethodAccessorImpl.java:77)\n\tat java.base/jdk.internal.reflect.DelegatingMethodAccessorImpl.invoke(DelegatingMethodAccessorImpl.java:43)\n\tat java.base/java.lang.reflect.Method.invoke(Method.java:568)\n\tat org.testng.internal.invokers.MethodInvocationHelper.invokeMethod(MethodInvocationHelper.java:141)\n\tat org.testng.internal.invokers.TestInvoker.invokeMethod(TestInvoker.java:687)\n\tat org.testng.internal.invokers.TestInvoker.invokeTestMethod(TestInvoker.java:230)\n\tat org.testng.internal.invokers.MethodRunner.runInSequence(MethodRunner.java:63)\n\tat org.testng.internal.invokers.TestInvoker$MethodInvocationAgent.invoke(TestInvoker.java:995)\n\tat org.testng.internal.invokers.TestInvoker.invokeTestMethods(TestInvoker.java:203)\n\tat org.testng.internal.invokers.TestMethodWorker.invokeTestMethods(TestMethodWorker.java:154)\n\tat org.testng.internal.invokers.TestMethodWorker.run(TestMethodWorker.java:134)\n\tat java.base/java.util.concurrent.Executors$RunnableAdapter.call(Executors.java:539)\n\tat java.base/java.util.concurrent.FutureTask.run(FutureTask.java:264)\n\tat org.testng.internal.thread.graph.TestNGFutureTask.run(TestNGFutureTask.java:22)\n\tat java.base/java.util.concurrent.ThreadPoolExecutor.runWorker(ThreadPoolExecutor.java:1136)\n\tat java.base/java.util.concurrent.ThreadPoolExecutor$Worker.run(ThreadPoolExecutor.java:635)\n\tat java.base/java.lang.Thread.run(Thread.java:833)\n","steps":[{"name":"Add Environment Info","time":{"start":1752181217258,"stop":1752181217259,"duration":1},"status":"passed","steps":[],"attachments":[{"uid":"590a91e2ab15c0b2","name":"Platform","source":"590a91e2ab15c0b2.txt","type":"text/plain","size":5},{"uid":"88f8cadab11b482","name":"Test Framework","source":"88f8cadab11b482.txt","type":"text/plain","size":6},{"uid":"82f6ed34b5df7bdd","name":"Java Version","source":"82f6ed34b5df7bdd.txt","type":"text/plain","size":6},{"uid":"70f55b19a7fbaa82","name":"Browser","source":"70f55b19a7fbaa82.txt","type":"text/plain","size":6},{"uid":"31a03de75fd24aa2","name":"Automation Tool","source":"31a03de75fd24aa2.txt","type":"text/plain","size":10}],"parameters":[],"shouldDisplayMessage":false,"stepsCount":0,"attachmentsCount":5,"hasContent":true,"attachmentStep":false},{"name":"Add Test Metrics","time":{"start":1752181217588,"stop":1752181217589,"duration":1},"status":"passed","steps":[],"attachments":[{"uid":"2e776480c52cbbe7","name":"Test Duration","source":"2e776480c52cbbe7.txt","type":"text/plain","size":16},{"uid":"f529c1c61ca676fa","name":"Test Status","source":"f529c1c61ca676fa.txt","type":"text/plain","size":6}],"parameters":[{"name":"testName","value":"testGetCustomerAddressByUserId"},{"name":"status","value":"FAILED"},{"name":"duration","value":"330"}],"shouldDisplayMessage":false,"stepsCount":0,"attachmentsCount":2,"hasContent":true,"attachmentStep":false},{"name":"Add Trend Data","time":{"start":1752181217589,"stop":1752181217589,"duration":0},"status":"passed","steps":[],"attachments":[],"parameters":[{"name":"testName","value":"testGetCustomerAddressByUserId"},{"name":"status","value":"FAILED"},{"name":"duration","value":"330"}],"shouldDisplayMessage":false,"stepsCount":0,"attachmentsCount":0,"hasContent":true,"attachmentStep":false},{"name":"Add Failure Details","time":{"start":1752181217589,"stop":1752181217589,"duration":0},"status":"passed","steps":[],"attachments":[{"uid":"7e07b7c8463bf684","name":"Error Stack Trace","source":"7e07b7c8463bf684.txt","type":"text/plain","size":1761},{"uid":"de4e953dc6c662e3","name":"Error Message","source":"de4e953dc6c662e3.txt","type":"text/plain","size":95}],"parameters":[{"name":"result","value":"[TestResult name=testGetCustomerAddressByUserId status=FAILURE method=DatabaseOperationsTest.testGetCustomerAddressByUserId()[pri:0, instance:testClassPool.DatabaseOperationsTest@5ec4ff02] output=[2025-07-10 21:00:17] STARTED - testGetCustomerAddressByUserId: Test execution started]"}],"shouldDisplayMessage":false,"stepsCount":0,"attachmentsCount":2,"hasContent":true,"attachmentStep":false}],"attachments":[],"parameters":[],"shouldDisplayMessage":true,"stepsCount":4,"attachmentsCount":9,"hasContent":true,"attachmentStep":false},"afterStages":[{"name":"tearDown","time":{"start":1752181217590,"stop":1752181217702,"duration":112},"description":"","status":"passed","steps":[],"attachments":[],"parameters":[],"shouldDisplayMessage":false,"stepsCount":0,"attachmentsCount":0,"hasContent":false,"attachmentStep":false},{"name":"tearDown","time":{"start":1752181225652,"stop":1752181225652,"duration":0},"description":"","status":"passed","steps":[],"attachments":[],"parameters":[],"shouldDisplayMessage":false,"stepsCount":0,"attachmentsCount":0,"hasContent":false,"attachmentStep":false}],"labels":[{"name":"package","value":"testClassPool.DatabaseOperationsTest"},{"name":"testClass","value":"testClassPool.DatabaseOperationsTest"},{"name":"testMethod","value":"testGetCustomerAddressByUserId"},{"name":"parentSuite","value":"Stashfin Web Automation Suite"},{"name":"suite","value":"Stashfin Web Test Run"},{"name":"subSuite","value":"testClassPool.DatabaseOperationsTest"},{"name":"host","value":"c4e4b84e0642"},{"name":"thread","value":"99@c4e4b84e0642.TestNG-test-Stashfin Web Test Run-1(31)"},{"name":"framework","value":"testng"},{"name":"language","value":"java"},{"name":"resultFormat","value":"allure2"}],"parameters":[],"links":[],"hidden":false,"retry":false,"extra":{"severity":"normal","retries":[],"categories":[{"name":"Product defects","matchedStatuses":[],"flaky":false}],"tags":[]},"source":"4942118f4bea59d7.json","parameterValues":[]}