{"uid":"58d17f411d740409","name":"Verify X button on bank detail is visible","fullName":"TC08_verifyXButtonOnBankDetailVisible (Bank Account)","historyId":"eb0746dcab0d18d8307dff9bea03e823","time":{"start":1751444021646,"stop":1751444026715,"duration":5069},"status":"failed","statusMessage":"X Button on Bank Detail is not visible.","statusTrace":"java.lang.AssertionError: X Button on Bank Detail is not visible.\n\tat utils.AssertionUtils.assertElementVisible(AssertionUtils.java:28)\n\tat testClassPool.EnterYourBankAccountDetailsTest.TC08_verifyXButtonOnBankDetailVisible(EnterYourBankAccountDetailsTest.java:69)\n\tat java.base/jdk.internal.reflect.NativeMethodAccessorImpl.invoke0(Native Method)\n\tat java.base/jdk.internal.reflect.NativeMethodAccessorImpl.invoke(NativeMethodAccessorImpl.java:77)\n\tat java.base/jdk.internal.reflect.DelegatingMethodAccessorImpl.invoke(DelegatingMethodAccessorImpl.java:43)\n\tat java.base/java.lang.reflect.Method.invoke(Method.java:568)\n\tat org.testng.internal.invokers.MethodInvocationHelper.invokeMethod(MethodInvocationHelper.java:141)\n\tat org.testng.internal.invokers.TestInvoker.invokeMethod(TestInvoker.java:687)\n\tat org.testng.internal.invokers.TestInvoker.invokeTestMethod(TestInvoker.java:230)\n\tat org.testng.internal.invokers.MethodRunner.runInSequence(MethodRunner.java:63)\n\tat org.testng.internal.invokers.TestInvoker$MethodInvocationAgent.invoke(TestInvoker.java:995)\n\tat org.testng.internal.invokers.TestInvoker.invokeTestMethods(TestInvoker.java:203)\n\tat org.testng.internal.invokers.TestMethodWorker.invokeTestMethods(TestMethodWorker.java:154)\n\tat org.testng.internal.invokers.TestMethodWorker.run(TestMethodWorker.java:134)\n\tat java.base/java.util.ArrayList.forEach(ArrayList.java:1511)\n\tat org.testng.TestRunner.privateRun(TestRunner.java:741)\n\tat org.testng.TestRunner.run(TestRunner.java:616)\n\tat org.testng.SuiteRunner.runTest(SuiteRunner.java:421)\n\tat org.testng.SuiteRunner$SuiteWorker.run(SuiteRunner.java:463)\n\tat org.testng.internal.thread.ThreadUtil.lambda$execute$0(ThreadUtil.java:64)\n\tat java.base/java.util.concurrent.FutureTask.run(FutureTask.java:264)\n\tat java.base/java.util.concurrent.ThreadPoolExecutor.runWorker(ThreadPoolExecutor.java:1136)\n\tat java.base/java.util.concurrent.ThreadPoolExecutor$Worker.run(ThreadPoolExecutor.java:635)\n\tat java.base/java.lang.Thread.run(Thread.java:842)\nCaused by: com.microsoft.playwright.TimeoutError: Error {\n  message='Timeout 5000ms exceeded.\n  name='TimeoutError\n  stack='TimeoutError: Timeout 5000ms exceeded.\n    at ProgressController.run (/private/var/folders/w6/57mby7d92xgbc8_lq6xsrrw00000gp/T/playwright-java-3756907139159717001/package/lib/server/progress.js:76:26)\n    at Frame.waitForSelector (/private/var/folders/w6/57mby7d92xgbc8_lq6xsrrw00000gp/T/playwright-java-3756907139159717001/package/lib/server/frames.js:647:23)\n    at FrameDispatcher.waitForSelector (/private/var/folders/w6/57mby7d92xgbc8_lq6xsrrw00000gp/T/playwright-java-3756907139159717001/package/lib/server/dispatchers/frameDispatcher.js:82:116)\n    at FrameDispatcher._handleCommand (/private/var/folders/w6/57mby7d92xgbc8_lq6xsrrw00000gp/T/playwright-java-3756907139159717001/package/lib/server/dispatchers/dispatcher.js:94:40)\n    at DispatcherConnection.dispatch (/private/var/folders/w6/57mby7d92xgbc8_lq6xsrrw00000gp/T/playwright-java-3756907139159717001/package/lib/server/dispatchers/dispatcher.js:307:39)\n}\nCall log:\n-   - waiting for locator(\"xpath=(//*[@fill=\\\"black\\\"])[2]\") to be visible\n\n\tat com.microsoft.playwright.impl.WaitableResult.get(WaitableResult.java:52)\n\tat com.microsoft.playwright.impl.ChannelOwner.runUntil(ChannelOwner.java:132)\n\tat com.microsoft.playwright.impl.Connection.sendMessage(Connection.java:130)\n\tat com.microsoft.playwright.impl.ChannelOwner.sendMessage(ChannelOwner.java:118)\n\tat com.microsoft.playwright.impl.FrameImpl.waitForSelectorImpl(FrameImpl.java:1060)\n\tat com.microsoft.playwright.impl.LocatorImpl.lambda$waitForImpl$8(LocatorImpl.java:634)\n\tat com.microsoft.playwright.impl.LoggingSupport.withLogging(LoggingSupport.java:47)\n\tat com.microsoft.playwright.impl.ChannelOwner.withLogging(ChannelOwner.java:97)\n\tat com.microsoft.playwright.impl.LocatorImpl.waitForImpl(LocatorImpl.java:634)\n\tat com.microsoft.playwright.impl.LocatorImpl.waitFor(LocatorImpl.java:630)\n\tat utils.AssertionUtils.assertElementVisible(AssertionUtils.java:22)\n\t... 23 more\nCaused by: com.microsoft.playwright.TimeoutError: Error {\n  message='Timeout 5000ms exceeded.\n  name='TimeoutError\n  stack='TimeoutError: Timeout 5000ms exceeded.\n    at ProgressController.run (/private/var/folders/w6/57mby7d92xgbc8_lq6xsrrw00000gp/T/playwright-java-3756907139159717001/package/lib/server/progress.js:76:26)\n    at Frame.waitForSelector (/private/var/folders/w6/57mby7d92xgbc8_lq6xsrrw00000gp/T/playwright-java-3756907139159717001/package/lib/server/frames.js:647:23)\n    at FrameDispatcher.waitForSelector (/private/var/folders/w6/57mby7d92xgbc8_lq6xsrrw00000gp/T/playwright-java-3756907139159717001/package/lib/server/dispatchers/frameDispatcher.js:82:116)\n    at FrameDispatcher._handleCommand (/private/var/folders/w6/57mby7d92xgbc8_lq6xsrrw00000gp/T/playwright-java-3756907139159717001/package/lib/server/dispatchers/dispatcher.js:94:40)\n    at DispatcherConnection.dispatch (/private/var/folders/w6/57mby7d92xgbc8_lq6xsrrw00000gp/T/playwright-java-3756907139159717001/package/lib/server/dispatchers/dispatcher.js:307:39)\n}\nCall log:\n-   - waiting for locator(\"xpath=(//*[@fill=\\\"black\\\"])[2]\") to be visible\n\n\tat com.microsoft.playwright.impl.Connection.dispatch(Connection.java:254)\n\tat com.microsoft.playwright.impl.Connection.processOneMessage(Connection.java:211)\n\tat com.microsoft.playwright.impl.ChannelOwner.runUntil(ChannelOwner.java:130)\n\t... 32 more\n","flaky":false,"newFailed":false,"newBroken":false,"newPassed":false,"retriesCount":0,"retriesStatusChange":false,"beforeStages":[{"name":"setUp","time":{"start":1751443990352,"stop":1751443991513,"duration":1161},"description":"","status":"passed","steps":[],"attachments":[],"parameters":[],"shouldDisplayMessage":false,"stepsCount":0,"attachmentsCount":0,"hasContent":false,"attachmentStep":false},{"name":"setUp","time":{"start":1751443991514,"stop":1751444021642,"duration":30128},"description":"","status":"passed","steps":[],"attachments":[{"uid":"dcc4531b05eba8a3","name":"UI Error Message","source":"dcc4531b05eba8a3.txt","type":"text/plain","size":46},{"uid":"133cfaab8ae665c5","name":"Modal Screenshot","source":"133cfaab8ae665c5.png","type":"image/png","size":42122},{"uid":"79c59e3f7c16369","name":"Retry Info","source":"79c59e3f7c16369.txt","type":"text/plain","size":51}],"parameters":[],"shouldDisplayMessage":false,"stepsCount":0,"attachmentsCount":3,"hasContent":true,"attachmentStep":false}],"testStage":{"status":"failed","statusMessage":"X Button on Bank Detail is not visible.","statusTrace":"java.lang.AssertionError: X Button on Bank Detail is not visible.\n\tat utils.AssertionUtils.assertElementVisible(AssertionUtils.java:28)\n\tat testClassPool.EnterYourBankAccountDetailsTest.TC08_verifyXButtonOnBankDetailVisible(EnterYourBankAccountDetailsTest.java:69)\n\tat java.base/jdk.internal.reflect.NativeMethodAccessorImpl.invoke0(Native Method)\n\tat java.base/jdk.internal.reflect.NativeMethodAccessorImpl.invoke(NativeMethodAccessorImpl.java:77)\n\tat java.base/jdk.internal.reflect.DelegatingMethodAccessorImpl.invoke(DelegatingMethodAccessorImpl.java:43)\n\tat java.base/java.lang.reflect.Method.invoke(Method.java:568)\n\tat org.testng.internal.invokers.MethodInvocationHelper.invokeMethod(MethodInvocationHelper.java:141)\n\tat org.testng.internal.invokers.TestInvoker.invokeMethod(TestInvoker.java:687)\n\tat org.testng.internal.invokers.TestInvoker.invokeTestMethod(TestInvoker.java:230)\n\tat org.testng.internal.invokers.MethodRunner.runInSequence(MethodRunner.java:63)\n\tat org.testng.internal.invokers.TestInvoker$MethodInvocationAgent.invoke(TestInvoker.java:995)\n\tat org.testng.internal.invokers.TestInvoker.invokeTestMethods(TestInvoker.java:203)\n\tat org.testng.internal.invokers.TestMethodWorker.invokeTestMethods(TestMethodWorker.java:154)\n\tat org.testng.internal.invokers.TestMethodWorker.run(TestMethodWorker.java:134)\n\tat java.base/java.util.ArrayList.forEach(ArrayList.java:1511)\n\tat org.testng.TestRunner.privateRun(TestRunner.java:741)\n\tat org.testng.TestRunner.run(TestRunner.java:616)\n\tat org.testng.SuiteRunner.runTest(SuiteRunner.java:421)\n\tat org.testng.SuiteRunner$SuiteWorker.run(SuiteRunner.java:463)\n\tat org.testng.internal.thread.ThreadUtil.lambda$execute$0(ThreadUtil.java:64)\n\tat java.base/java.util.concurrent.FutureTask.run(FutureTask.java:264)\n\tat java.base/java.util.concurrent.ThreadPoolExecutor.runWorker(ThreadPoolExecutor.java:1136)\n\tat java.base/java.util.concurrent.ThreadPoolExecutor$Worker.run(ThreadPoolExecutor.java:635)\n\tat java.base/java.lang.Thread.run(Thread.java:842)\nCaused by: com.microsoft.playwright.TimeoutError: Error {\n  message='Timeout 5000ms exceeded.\n  name='TimeoutError\n  stack='TimeoutError: Timeout 5000ms exceeded.\n    at ProgressController.run (/private/var/folders/w6/57mby7d92xgbc8_lq6xsrrw00000gp/T/playwright-java-3756907139159717001/package/lib/server/progress.js:76:26)\n    at Frame.waitForSelector (/private/var/folders/w6/57mby7d92xgbc8_lq6xsrrw00000gp/T/playwright-java-3756907139159717001/package/lib/server/frames.js:647:23)\n    at FrameDispatcher.waitForSelector (/private/var/folders/w6/57mby7d92xgbc8_lq6xsrrw00000gp/T/playwright-java-3756907139159717001/package/lib/server/dispatchers/frameDispatcher.js:82:116)\n    at FrameDispatcher._handleCommand (/private/var/folders/w6/57mby7d92xgbc8_lq6xsrrw00000gp/T/playwright-java-3756907139159717001/package/lib/server/dispatchers/dispatcher.js:94:40)\n    at DispatcherConnection.dispatch (/private/var/folders/w6/57mby7d92xgbc8_lq6xsrrw00000gp/T/playwright-java-3756907139159717001/package/lib/server/dispatchers/dispatcher.js:307:39)\n}\nCall log:\n-   - waiting for locator(\"xpath=(//*[@fill=\\\"black\\\"])[2]\") to be visible\n\n\tat com.microsoft.playwright.impl.WaitableResult.get(WaitableResult.java:52)\n\tat com.microsoft.playwright.impl.ChannelOwner.runUntil(ChannelOwner.java:132)\n\tat com.microsoft.playwright.impl.Connection.sendMessage(Connection.java:130)\n\tat com.microsoft.playwright.impl.ChannelOwner.sendMessage(ChannelOwner.java:118)\n\tat com.microsoft.playwright.impl.FrameImpl.waitForSelectorImpl(FrameImpl.java:1060)\n\tat com.microsoft.playwright.impl.LocatorImpl.lambda$waitForImpl$8(LocatorImpl.java:634)\n\tat com.microsoft.playwright.impl.LoggingSupport.withLogging(LoggingSupport.java:47)\n\tat com.microsoft.playwright.impl.ChannelOwner.withLogging(ChannelOwner.java:97)\n\tat com.microsoft.playwright.impl.LocatorImpl.waitForImpl(LocatorImpl.java:634)\n\tat com.microsoft.playwright.impl.LocatorImpl.waitFor(LocatorImpl.java:630)\n\tat utils.AssertionUtils.assertElementVisible(AssertionUtils.java:22)\n\t... 23 more\nCaused by: com.microsoft.playwright.TimeoutError: Error {\n  message='Timeout 5000ms exceeded.\n  name='TimeoutError\n  stack='TimeoutError: Timeout 5000ms exceeded.\n    at ProgressController.run (/private/var/folders/w6/57mby7d92xgbc8_lq6xsrrw00000gp/T/playwright-java-3756907139159717001/package/lib/server/progress.js:76:26)\n    at Frame.waitForSelector (/private/var/folders/w6/57mby7d92xgbc8_lq6xsrrw00000gp/T/playwright-java-3756907139159717001/package/lib/server/frames.js:647:23)\n    at FrameDispatcher.waitForSelector (/private/var/folders/w6/57mby7d92xgbc8_lq6xsrrw00000gp/T/playwright-java-3756907139159717001/package/lib/server/dispatchers/frameDispatcher.js:82:116)\n    at FrameDispatcher._handleCommand (/private/var/folders/w6/57mby7d92xgbc8_lq6xsrrw00000gp/T/playwright-java-3756907139159717001/package/lib/server/dispatchers/dispatcher.js:94:40)\n    at DispatcherConnection.dispatch (/private/var/folders/w6/57mby7d92xgbc8_lq6xsrrw00000gp/T/playwright-java-3756907139159717001/package/lib/server/dispatchers/dispatcher.js:307:39)\n}\nCall log:\n-   - waiting for locator(\"xpath=(//*[@fill=\\\"black\\\"])[2]\") to be visible\n\n\tat com.microsoft.playwright.impl.Connection.dispatch(Connection.java:254)\n\tat com.microsoft.playwright.impl.Connection.processOneMessage(Connection.java:211)\n\tat com.microsoft.playwright.impl.ChannelOwner.runUntil(ChannelOwner.java:130)\n\t... 32 more\n","steps":[],"attachments":[{"uid":"b08e9c7698aaf355","name":"Platform","source":"b08e9c7698aaf355.txt","type":"text/plain","size":8},{"uid":"d16c9adea0e83d86","name":"Test Framework","source":"d16c9adea0e83d86.txt","type":"text/plain","size":6},{"uid":"21046837e28d8766","name":"Java Version","source":"21046837e28d8766.txt","type":"text/plain","size":7},{"uid":"295b94f237834137","name":"Browser","source":"295b94f237834137.txt","type":"text/plain","size":6},{"uid":"23cfc33d561242d3","name":"Automation Tool","source":"23cfc33d561242d3.txt","type":"text/plain","size":10},{"uid":"b59e19202cffb34c","name":"Test Duration","source":"b59e19202cffb34c.txt","type":"text/plain","size":17},{"uid":"3b1d9735480ac87a","name":"Test Status","source":"3b1d9735480ac87a.txt","type":"text/plain","size":6},{"uid":"aaa654887f1fe082","name":"Error Stack Trace","source":"aaa654887f1fe082.txt","type":"text/plain","size":1848},{"uid":"f00ae3314bb61c8f","name":"Error Message","source":"f00ae3314bb61c8f.txt","type":"text/plain","size":39}],"parameters":[],"shouldDisplayMessage":true,"stepsCount":0,"attachmentsCount":9,"hasContent":true,"attachmentStep":false},"afterStages":[{"name":"tearDown","time":{"start":1751444026716,"stop":1751444026859,"duration":143},"description":"","status":"passed","steps":[],"attachments":[{"uid":"a5f8edb5485de142","name":"All Failed APIs","source":"a5f8edb5485de142.txt","type":"text/plain","size":595}],"parameters":[],"shouldDisplayMessage":false,"stepsCount":0,"attachmentsCount":1,"hasContent":true,"attachmentStep":false}],"labels":[{"name":"package","value":"testClassPool.EnterYourBankAccountDetailsTest"},{"name":"testClass","value":"testClassPool.EnterYourBankAccountDetailsTest"},{"name":"testMethod","value":"TC08_verifyXButtonOnBankDetailVisible"},{"name":"parentSuite","value":"Failed suite [Stashfin Web Automation Suite]"},{"name":"suite","value":"Stashfin Web Test Run(failed)"},{"name":"subSuite","value":"testClassPool.EnterYourBankAccountDetailsTest"},{"name":"host","value":"MacBook-Pro.local"},{"name":"thread","value":"29295@MacBook-Pro.local.TestNG-tests-1(28)"},{"name":"framework","value":"testng"},{"name":"language","value":"java"},{"name":"resultFormat","value":"allure2"}],"parameters":[],"links":[],"hidden":true,"retry":true,"extra":{"categories":[],"tags":[]},"source":"58d17f411d740409.json","parameterValues":[]}