{"uid":"637b283c5b5f0b04","name":"Test failure screenshot capture","fullName":"testFailureScreenshot (General)","historyId":"dc4f0cae7ba91d726847be2ae728a1dd","time":{"start":1751908918882,"stop":1751908919685,"duration":803},"status":"failed","statusMessage":"Intentional failure to test screenshot capture","statusTrace":"java.lang.AssertionError: Intentional failure to test screenshot capture\n\tat org.testng.Assert.fail(Assert.java:111)\n\tat testClassPool.ScreenshotTest.testFailureScreenshot(ScreenshotTest.java:47)\n\tat java.base/jdk.internal.reflect.NativeMethodAccessorImpl.invoke0(Native Method)\n\tat java.base/jdk.internal.reflect.NativeMethodAccessorImpl.invoke(NativeMethodAccessorImpl.java:77)\n\tat java.base/jdk.internal.reflect.DelegatingMethodAccessorImpl.invoke(DelegatingMethodAccessorImpl.java:43)\n\tat java.base/java.lang.reflect.Method.invoke(Method.java:568)\n\tat org.testng.internal.invokers.MethodInvocationHelper.invokeMethod(MethodInvocationHelper.java:141)\n\tat org.testng.internal.invokers.TestInvoker.invokeMethod(TestInvoker.java:687)\n\tat org.testng.internal.invokers.TestInvoker.invokeTestMethod(TestInvoker.java:230)\n\tat org.testng.internal.invokers.MethodRunner.runInSequence(MethodRunner.java:63)\n\tat org.testng.internal.invokers.TestInvoker$MethodInvocationAgent.invoke(TestInvoker.java:995)\n\tat org.testng.internal.invokers.TestInvoker.invokeTestMethods(TestInvoker.java:203)\n\tat org.testng.internal.invokers.TestMethodWorker.invokeTestMethods(TestMethodWorker.java:154)\n\tat org.testng.internal.invokers.TestMethodWorker.run(TestMethodWorker.java:134)\n\tat java.base/java.util.concurrent.Executors$RunnableAdapter.call(Executors.java:539)\n\tat java.base/java.util.concurrent.FutureTask.run(FutureTask.java:264)\n\tat org.testng.internal.thread.graph.TestNGFutureTask.run(TestNGFutureTask.java:22)\n\tat java.base/java.util.concurrent.ThreadPoolExecutor.runWorker(ThreadPoolExecutor.java:1136)\n\tat java.base/java.util.concurrent.ThreadPoolExecutor$Worker.run(ThreadPoolExecutor.java:635)\n\tat java.base/java.lang.Thread.run(Thread.java:833)\n","flaky":false,"newFailed":false,"newBroken":false,"newPassed":false,"retriesCount":0,"retriesStatusChange":false,"beforeStages":[{"name":"setUp","time":{"start":1751908917539,"stop":1751908918877,"duration":1338},"description":"","status":"passed","steps":[],"attachments":[],"parameters":[],"shouldDisplayMessage":false,"stepsCount":0,"attachmentsCount":0,"hasContent":false,"attachmentStep":false}],"testStage":{"status":"failed","statusMessage":"Intentional failure to test screenshot capture","statusTrace":"java.lang.AssertionError: Intentional failure to test screenshot capture\n\tat org.testng.Assert.fail(Assert.java:111)\n\tat testClassPool.ScreenshotTest.testFailureScreenshot(ScreenshotTest.java:47)\n\tat java.base/jdk.internal.reflect.NativeMethodAccessorImpl.invoke0(Native Method)\n\tat java.base/jdk.internal.reflect.NativeMethodAccessorImpl.invoke(NativeMethodAccessorImpl.java:77)\n\tat java.base/jdk.internal.reflect.DelegatingMethodAccessorImpl.invoke(DelegatingMethodAccessorImpl.java:43)\n\tat java.base/java.lang.reflect.Method.invoke(Method.java:568)\n\tat org.testng.internal.invokers.MethodInvocationHelper.invokeMethod(MethodInvocationHelper.java:141)\n\tat org.testng.internal.invokers.TestInvoker.invokeMethod(TestInvoker.java:687)\n\tat org.testng.internal.invokers.TestInvoker.invokeTestMethod(TestInvoker.java:230)\n\tat org.testng.internal.invokers.MethodRunner.runInSequence(MethodRunner.java:63)\n\tat org.testng.internal.invokers.TestInvoker$MethodInvocationAgent.invoke(TestInvoker.java:995)\n\tat org.testng.internal.invokers.TestInvoker.invokeTestMethods(TestInvoker.java:203)\n\tat org.testng.internal.invokers.TestMethodWorker.invokeTestMethods(TestMethodWorker.java:154)\n\tat org.testng.internal.invokers.TestMethodWorker.run(TestMethodWorker.java:134)\n\tat java.base/java.util.concurrent.Executors$RunnableAdapter.call(Executors.java:539)\n\tat java.base/java.util.concurrent.FutureTask.run(FutureTask.java:264)\n\tat org.testng.internal.thread.graph.TestNGFutureTask.run(TestNGFutureTask.java:22)\n\tat java.base/java.util.concurrent.ThreadPoolExecutor.runWorker(ThreadPoolExecutor.java:1136)\n\tat java.base/java.util.concurrent.ThreadPoolExecutor$Worker.run(ThreadPoolExecutor.java:635)\n\tat java.base/java.lang.Thread.run(Thread.java:833)\n","steps":[{"name":"Add Environment Info","time":{"start":1751908918882,"stop":1751908918891,"duration":9},"status":"passed","steps":[],"attachments":[{"uid":"a409863bd71d9e13","name":"Platform","source":"a409863bd71d9e13.txt","type":"text/plain","size":5},{"uid":"7c11d73ace3a4c74","name":"Test Framework","source":"7c11d73ace3a4c74.txt","type":"text/plain","size":6},{"uid":"9399992344c26ff1","name":"Java Version","source":"9399992344c26ff1.txt","type":"text/plain","size":6},{"uid":"b0e24b7272c68c69","name":"Browser","source":"b0e24b7272c68c69.txt","type":"text/plain","size":6},{"uid":"7e629a456bf5fc19","name":"Automation Tool","source":"7e629a456bf5fc19.txt","type":"text/plain","size":10}],"parameters":[],"shouldDisplayMessage":false,"stepsCount":0,"attachmentsCount":5,"hasContent":true,"attachmentStep":false},{"name":"Add Test Metrics","time":{"start":1751908919681,"stop":1751908919683,"duration":2},"status":"passed","steps":[],"attachments":[{"uid":"db034892d9109088","name":"Test Duration","source":"db034892d9109088.txt","type":"text/plain","size":16},{"uid":"4d2085cab13ca9b1","name":"Test Status","source":"4d2085cab13ca9b1.txt","type":"text/plain","size":6}],"parameters":[{"name":"testName","value":"testFailureScreenshot"},{"name":"status","value":"FAILED"},{"name":"duration","value":"799"}],"shouldDisplayMessage":false,"stepsCount":0,"attachmentsCount":2,"hasContent":true,"attachmentStep":false},{"name":"Add Trend Data","time":{"start":1751908919684,"stop":1751908919684,"duration":0},"status":"passed","steps":[],"attachments":[],"parameters":[{"name":"testName","value":"testFailureScreenshot"},{"name":"status","value":"FAILED"},{"name":"duration","value":"799"}],"shouldDisplayMessage":false,"stepsCount":0,"attachmentsCount":0,"hasContent":true,"attachmentStep":false},{"name":"Add Failure Details","time":{"start":1751908919684,"stop":1751908919685,"duration":1},"status":"passed","steps":[],"attachments":[{"uid":"c4911c4663f5f145","name":"Error Stack Trace","source":"c4911c4663f5f145.txt","type":"text/plain","size":1585},{"uid":"536f94cd06d6824","name":"Error Message","source":"536f94cd06d6824.txt","type":"text/plain","size":46}],"parameters":[{"name":"result","value":"[TestResult name=testFailureScreenshot status=FAILURE method=ScreenshotTest.testFailureScreenshot()[pri:0, instance:testClassPool.ScreenshotTest@288ca5f0] output=[2025-07-07 17:21:58] STARTED - testFailureScreenshot: Test execution started]"}],"shouldDisplayMessage":false,"stepsCount":0,"attachmentsCount":2,"hasContent":true,"attachmentStep":false}],"attachments":[],"parameters":[],"shouldDisplayMessage":true,"stepsCount":4,"attachmentsCount":9,"hasContent":true,"attachmentStep":false},"afterStages":[{"name":"tearDown","time":{"start":1751908919687,"stop":1751908919888,"duration":201},"description":"","status":"passed","steps":[],"attachments":[],"parameters":[],"shouldDisplayMessage":false,"stepsCount":0,"attachmentsCount":0,"hasContent":false,"attachmentStep":false}],"labels":[{"name":"package","value":"testClassPool.ScreenshotTest"},{"name":"testClass","value":"testClassPool.ScreenshotTest"},{"name":"testMethod","value":"testFailureScreenshot"},{"name":"parentSuite","value":"Stashfin Web Automation Suite"},{"name":"suite","value":"Stashfin Web Test Run"},{"name":"subSuite","value":"testClassPool.ScreenshotTest"},{"name":"host","value":"14561654263a"},{"name":"thread","value":"267@14561654263a.TestNG-test-Stashfin Web Test Run-1(31)"},{"name":"framework","value":"testng"},{"name":"language","value":"java"},{"name":"resultFormat","value":"allure2"}],"parameters":[],"links":[],"hidden":true,"retry":true,"extra":{"categories":[],"tags":[]},"source":"637b283c5b5f0b04.json","parameterValues":[]}