{"uid":"6b066da1127d1781","name":"Verify all transaction data retrieval","fullName":"testGetAllTransactionData (General)","historyId":"c463fac2290101f5323408493cbe29ca","time":{"start":1751908901015,"stop":1751908902265,"duration":1250},"status":"broken","statusMessage":"Database query execution failed","statusTrace":"java.lang.RuntimeException: Database query execution failed\n\tat utils.DatabaseUtils.executeQuery(DatabaseUtils.java:102)\n\tat utils.DatabaseUtils.getAllTransactionData(DatabaseUtils.java:152)\n\tat testClassPool.DatabaseOperationsTest.testGetAllTransactionData(DatabaseOperationsTest.java:82)\n\tat java.base/jdk.internal.reflect.NativeMethodAccessorImpl.invoke0(Native Method)\n\tat java.base/jdk.internal.reflect.NativeMethodAccessorImpl.invoke(NativeMethodAccessorImpl.java:77)\n\tat java.base/jdk.internal.reflect.DelegatingMethodAccessorImpl.invoke(DelegatingMethodAccessorImpl.java:43)\n\tat java.base/java.lang.reflect.Method.invoke(Method.java:568)\n\tat org.testng.internal.invokers.MethodInvocationHelper.invokeMethod(MethodInvocationHelper.java:141)\n\tat org.testng.internal.invokers.TestInvoker.invokeMethod(TestInvoker.java:687)\n\tat org.testng.internal.invokers.TestInvoker.invokeTestMethod(TestInvoker.java:230)\n\tat org.testng.internal.invokers.MethodRunner.runInSequence(MethodRunner.java:63)\n\tat org.testng.internal.invokers.TestInvoker$MethodInvocationAgent.invoke(TestInvoker.java:995)\n\tat org.testng.internal.invokers.TestInvoker.invokeTestMethods(TestInvoker.java:203)\n\tat org.testng.internal.invokers.TestMethodWorker.invokeTestMethods(TestMethodWorker.java:154)\n\tat org.testng.internal.invokers.TestMethodWorker.run(TestMethodWorker.java:134)\n\tat java.base/java.util.concurrent.Executors$RunnableAdapter.call(Executors.java:539)\n\tat java.base/java.util.concurrent.FutureTask.run(FutureTask.java:264)\n\tat org.testng.internal.thread.graph.TestNGFutureTask.run(TestNGFutureTask.java:22)\n\tat java.base/java.util.concurrent.ThreadPoolExecutor.runWorker(ThreadPoolExecutor.java:1136)\n\tat java.base/java.util.concurrent.ThreadPoolExecutor$Worker.run(ThreadPoolExecutor.java:635)\n\tat java.base/java.lang.Thread.run(Thread.java:833)\nCaused by: java.sql.SQLException: Zero date value prohibited\n\tat com.mysql.cj.jdbc.exceptions.SQLError.createSQLException(SQLError.java:130)\n\tat com.mysql.cj.jdbc.exceptions.SQLError.createSQLException(SQLError.java:98)\n\tat com.mysql.cj.jdbc.exceptions.SQLError.createSQLException(SQLError.java:90)\n\tat com.mysql.cj.jdbc.exceptions.SQLError.createSQLException(SQLError.java:64)\n\tat com.mysql.cj.jdbc.exceptions.SQLError.createSQLException(SQLError.java:74)\n\tat com.mysql.cj.jdbc.exceptions.SQLExceptionsMapping.translateException(SQLExceptionsMapping.java:99)\n\tat com.mysql.cj.jdbc.result.ResultSetImpl.getObject(ResultSetImpl.java:1285)\n\tat utils.DatabaseUtils.executeQuery(DatabaseUtils.java:92)\n\t... 20 more\nCaused by: com.mysql.cj.exceptions.DataReadException: Zero date value prohibited\n\tat com.mysql.cj.result.LocalDateTimeValueFactory.localCreateFromDatetime(LocalDateTimeValueFactory.java:84)\n\tat com.mysql.cj.result.LocalDateTimeValueFactory.localCreateFromDatetime(LocalDateTimeValueFactory.java:44)\n\tat com.mysql.cj.result.AbstractDateTimeValueFactory.createFromDatetime(AbstractDateTimeValueFactory.java:104)\n\tat com.mysql.cj.protocol.a.MysqlTextValueDecoder.decodeDatetime(MysqlTextValueDecoder.java:90)\n\tat com.mysql.cj.protocol.result.AbstractResultsetRow.decodeAndCreateReturnValue(AbstractResultsetRow.java:86)\n\tat com.mysql.cj.protocol.result.AbstractResultsetRow.getValueFromBytes(AbstractResultsetRow.java:243)\n\tat com.mysql.cj.protocol.a.result.TextBufferRow.getValue(TextBufferRow.java:132)\n\tat com.mysql.cj.jdbc.result.ResultSetImpl.getLocalDateTime(ResultSetImpl.java:959)\n\tat com.mysql.cj.jdbc.result.ResultSetImpl.getObject(ResultSetImpl.java:1282)\n\t... 21 more\n","flaky":false,"newFailed":false,"newBroken":false,"newPassed":false,"retriesCount":0,"retriesStatusChange":false,"beforeStages":[{"name":"setUp","time":{"start":1751908894586,"stop":1751908894971,"duration":385},"description":"","status":"passed","steps":[],"attachments":[],"parameters":[],"shouldDisplayMessage":false,"stepsCount":0,"attachmentsCount":0,"hasContent":false,"attachmentStep":false},{"name":"setUp","time":{"start":1751908899733,"stop":1751908901013,"duration":1280},"description":"","status":"passed","steps":[],"attachments":[],"parameters":[],"shouldDisplayMessage":false,"stepsCount":0,"attachmentsCount":0,"hasContent":false,"attachmentStep":false}],"testStage":{"status":"broken","statusMessage":"Database query execution failed","statusTrace":"java.lang.RuntimeException: Database query execution failed\n\tat utils.DatabaseUtils.executeQuery(DatabaseUtils.java:102)\n\tat utils.DatabaseUtils.getAllTransactionData(DatabaseUtils.java:152)\n\tat testClassPool.DatabaseOperationsTest.testGetAllTransactionData(DatabaseOperationsTest.java:82)\n\tat java.base/jdk.internal.reflect.NativeMethodAccessorImpl.invoke0(Native Method)\n\tat java.base/jdk.internal.reflect.NativeMethodAccessorImpl.invoke(NativeMethodAccessorImpl.java:77)\n\tat java.base/jdk.internal.reflect.DelegatingMethodAccessorImpl.invoke(DelegatingMethodAccessorImpl.java:43)\n\tat java.base/java.lang.reflect.Method.invoke(Method.java:568)\n\tat org.testng.internal.invokers.MethodInvocationHelper.invokeMethod(MethodInvocationHelper.java:141)\n\tat org.testng.internal.invokers.TestInvoker.invokeMethod(TestInvoker.java:687)\n\tat org.testng.internal.invokers.TestInvoker.invokeTestMethod(TestInvoker.java:230)\n\tat org.testng.internal.invokers.MethodRunner.runInSequence(MethodRunner.java:63)\n\tat org.testng.internal.invokers.TestInvoker$MethodInvocationAgent.invoke(TestInvoker.java:995)\n\tat org.testng.internal.invokers.TestInvoker.invokeTestMethods(TestInvoker.java:203)\n\tat org.testng.internal.invokers.TestMethodWorker.invokeTestMethods(TestMethodWorker.java:154)\n\tat org.testng.internal.invokers.TestMethodWorker.run(TestMethodWorker.java:134)\n\tat java.base/java.util.concurrent.Executors$RunnableAdapter.call(Executors.java:539)\n\tat java.base/java.util.concurrent.FutureTask.run(FutureTask.java:264)\n\tat org.testng.internal.thread.graph.TestNGFutureTask.run(TestNGFutureTask.java:22)\n\tat java.base/java.util.concurrent.ThreadPoolExecutor.runWorker(ThreadPoolExecutor.java:1136)\n\tat java.base/java.util.concurrent.ThreadPoolExecutor$Worker.run(ThreadPoolExecutor.java:635)\n\tat java.base/java.lang.Thread.run(Thread.java:833)\nCaused by: java.sql.SQLException: Zero date value prohibited\n\tat com.mysql.cj.jdbc.exceptions.SQLError.createSQLException(SQLError.java:130)\n\tat com.mysql.cj.jdbc.exceptions.SQLError.createSQLException(SQLError.java:98)\n\tat com.mysql.cj.jdbc.exceptions.SQLError.createSQLException(SQLError.java:90)\n\tat com.mysql.cj.jdbc.exceptions.SQLError.createSQLException(SQLError.java:64)\n\tat com.mysql.cj.jdbc.exceptions.SQLError.createSQLException(SQLError.java:74)\n\tat com.mysql.cj.jdbc.exceptions.SQLExceptionsMapping.translateException(SQLExceptionsMapping.java:99)\n\tat com.mysql.cj.jdbc.result.ResultSetImpl.getObject(ResultSetImpl.java:1285)\n\tat utils.DatabaseUtils.executeQuery(DatabaseUtils.java:92)\n\t... 20 more\nCaused by: com.mysql.cj.exceptions.DataReadException: Zero date value prohibited\n\tat com.mysql.cj.result.LocalDateTimeValueFactory.localCreateFromDatetime(LocalDateTimeValueFactory.java:84)\n\tat com.mysql.cj.result.LocalDateTimeValueFactory.localCreateFromDatetime(LocalDateTimeValueFactory.java:44)\n\tat com.mysql.cj.result.AbstractDateTimeValueFactory.createFromDatetime(AbstractDateTimeValueFactory.java:104)\n\tat com.mysql.cj.protocol.a.MysqlTextValueDecoder.decodeDatetime(MysqlTextValueDecoder.java:90)\n\tat com.mysql.cj.protocol.result.AbstractResultsetRow.decodeAndCreateReturnValue(AbstractResultsetRow.java:86)\n\tat com.mysql.cj.protocol.result.AbstractResultsetRow.getValueFromBytes(AbstractResultsetRow.java:243)\n\tat com.mysql.cj.protocol.a.result.TextBufferRow.getValue(TextBufferRow.java:132)\n\tat com.mysql.cj.jdbc.result.ResultSetImpl.getLocalDateTime(ResultSetImpl.java:959)\n\tat com.mysql.cj.jdbc.result.ResultSetImpl.getObject(ResultSetImpl.java:1282)\n\t... 21 more\n","steps":[{"name":"Add Environment Info","time":{"start":1751908901015,"stop":1751908901018,"duration":3},"status":"passed","steps":[],"attachments":[{"uid":"e278b2b42a628dbf","name":"Platform","source":"e278b2b42a628dbf.txt","type":"text/plain","size":5},{"uid":"c4653579970f8495","name":"Test Framework","source":"c4653579970f8495.txt","type":"text/plain","size":6},{"uid":"8981d96c06164810","name":"Java Version","source":"8981d96c06164810.txt","type":"text/plain","size":6},{"uid":"789a30b2ba90728","name":"Browser","source":"789a30b2ba90728.txt","type":"text/plain","size":6},{"uid":"adc7e78bf6f1cf20","name":"Automation Tool","source":"adc7e78bf6f1cf20.txt","type":"text/plain","size":10}],"parameters":[],"shouldDisplayMessage":false,"stepsCount":0,"attachmentsCount":5,"hasContent":true,"attachmentStep":false},{"name":"Add Test Metrics","time":{"start":1751908902260,"stop":1751908902263,"duration":3},"status":"passed","steps":[],"attachments":[{"uid":"30493df49f019469","name":"Test Duration","source":"30493df49f019469.txt","type":"text/plain","size":17},{"uid":"295c158f33868b6b","name":"Test Status","source":"295c158f33868b6b.txt","type":"text/plain","size":6}],"parameters":[{"name":"testName","value":"testGetAllTransactionData"},{"name":"status","value":"FAILED"},{"name":"duration","value":"1245"}],"shouldDisplayMessage":false,"stepsCount":0,"attachmentsCount":2,"hasContent":true,"attachmentStep":false},{"name":"Add Trend Data","time":{"start":1751908902263,"stop":1751908902263,"duration":0},"status":"passed","steps":[],"attachments":[],"parameters":[{"name":"testName","value":"testGetAllTransactionData"},{"name":"status","value":"FAILED"},{"name":"duration","value":"1245"}],"shouldDisplayMessage":false,"stepsCount":0,"attachmentsCount":0,"hasContent":true,"attachmentStep":false},{"name":"Add Failure Details","time":{"start":1751908902263,"stop":1751908902265,"duration":2},"status":"passed","steps":[],"attachments":[{"uid":"67778037b5726fbe","name":"Error Stack Trace","source":"67778037b5726fbe.txt","type":"text/plain","size":1688},{"uid":"f46fbbd9b2221f0b","name":"Error Message","source":"f46fbbd9b2221f0b.txt","type":"text/plain","size":31}],"parameters":[{"name":"result","value":"[TestResult name=testGetAllTransactionData status=FAILURE method=DatabaseOperationsTest.testGetAllTransactionData()[pri:0, instance:testClassPool.DatabaseOperationsTest@1a865273] output=[2025-07-07 17:21:41] STARTED - testGetAllTransactionData: Test execution started]"}],"shouldDisplayMessage":false,"stepsCount":0,"attachmentsCount":2,"hasContent":true,"attachmentStep":false}],"attachments":[],"parameters":[],"shouldDisplayMessage":true,"stepsCount":4,"attachmentsCount":9,"hasContent":true,"attachmentStep":false},"afterStages":[{"name":"tearDown","time":{"start":1751908902269,"stop":1751908902500,"duration":231},"description":"","status":"passed","steps":[],"attachments":[],"parameters":[],"shouldDisplayMessage":false,"stepsCount":0,"attachmentsCount":0,"hasContent":false,"attachmentStep":false},{"name":"tearDown","time":{"start":1751908917536,"stop":1751908917537,"duration":1},"description":"","status":"passed","steps":[],"attachments":[],"parameters":[],"shouldDisplayMessage":false,"stepsCount":0,"attachmentsCount":0,"hasContent":false,"attachmentStep":false}],"labels":[{"name":"package","value":"testClassPool.DatabaseOperationsTest"},{"name":"testClass","value":"testClassPool.DatabaseOperationsTest"},{"name":"testMethod","value":"testGetAllTransactionData"},{"name":"parentSuite","value":"Stashfin Web Automation Suite"},{"name":"suite","value":"Stashfin Web Test Run"},{"name":"subSuite","value":"testClassPool.DatabaseOperationsTest"},{"name":"host","value":"14561654263a"},{"name":"thread","value":"267@14561654263a.TestNG-test-Stashfin Web Test Run-1(31)"},{"name":"framework","value":"testng"},{"name":"language","value":"java"},{"name":"resultFormat","value":"allure2"}],"parameters":[],"links":[],"hidden":true,"retry":true,"extra":{"categories":[],"tags":[]},"source":"6b066da1127d1781.json","parameterValues":[]}