{"uid":"75a56efb141d0931","name":"Verify placeholder texts are displayed","fullName":"TC10_verifyPlaceholderTextsDisplayed (Bank Account)","historyId":"fe3f18dd27534d16bd9a6b56f4c79644","time":{"start":1751435735239,"stop":1751435735240,"duration":1},"status":"skipped","statusMessage":"Bank Account Details page did not load after Aadhaar KYC bypass. Navigation may have failed or page is still loading.","statusTrace":"java.lang.AssertionError: Bank Account Details page did not load after Aadhaar KYC bypass. Navigation may have failed or page is still loading.\n\tat TestUtils.LoanJourneyFlow.reachBankAccountDetailsPage(LoanJourneyFlow.java:282)\n\tat testClassPool.EnterYourBankAccountDetailsTest.setUp(EnterYourBankAccountDetailsTest.java:26)\n\tat java.base/jdk.internal.reflect.DirectMethodHandleAccessor.invoke(DirectMethodHandleAccessor.java:103)\n\tat java.base/java.lang.reflect.Method.invoke(Method.java:580)\n\tat org.testng.internal.invokers.MethodInvocationHelper.invokeMethod(MethodInvocationHelper.java:141)\n\tat org.testng.internal.invokers.MethodInvocationHelper.invokeMethodConsideringTimeout(MethodInvocationHelper.java:71)\n\tat org.testng.internal.invokers.ConfigInvoker.invokeConfigurationMethod(ConfigInvoker.java:400)\n\tat org.testng.internal.invokers.ConfigInvoker.invokeConfigurations(ConfigInvoker.java:333)\n\tat org.testng.internal.invokers.TestInvoker.runConfigMethods(TestInvoker.java:836)\n\tat org.testng.internal.invokers.TestInvoker.invokeMethod(TestInvoker.java:601)\n\tat org.testng.internal.invokers.TestInvoker.invokeTestMethod(TestInvoker.java:230)\n\tat org.testng.internal.invokers.MethodRunner.runInSequence(MethodRunner.java:63)\n\tat org.testng.internal.invokers.TestInvoker$MethodInvocationAgent.invoke(TestInvoker.java:995)\n\tat org.testng.internal.invokers.TestInvoker.invokeTestMethods(TestInvoker.java:203)\n\tat org.testng.internal.invokers.TestMethodWorker.invokeTestMethods(TestMethodWorker.java:154)\n\tat org.testng.internal.invokers.TestMethodWorker.run(TestMethodWorker.java:134)\n\tat java.base/java.util.ArrayList.forEach(ArrayList.java:1597)\n\tat org.testng.TestRunner.privateRun(TestRunner.java:741)\n\tat org.testng.TestRunner.run(TestRunner.java:616)\n\tat org.testng.SuiteRunner.runTest(SuiteRunner.java:421)\n\tat org.testng.SuiteRunner$SuiteWorker.run(SuiteRunner.java:463)\n\tat org.testng.internal.thread.ThreadUtil.lambda$execute$0(ThreadUtil.java:64)\n\tat java.base/java.util.concurrent.FutureTask.run(FutureTask.java:317)\n\tat java.base/java.util.concurrent.ThreadPoolExecutor.runWorker(ThreadPoolExecutor.java:1144)\n\tat java.base/java.util.concurrent.ThreadPoolExecutor$Worker.run(ThreadPoolExecutor.java:642)\n\tat java.base/java.lang.Thread.run(Thread.java:1575)\n","flaky":false,"newFailed":false,"newBroken":false,"newPassed":false,"retriesCount":0,"retriesStatusChange":false,"beforeStages":[{"name":"setUp","time":{"start":1751435734195,"stop":1751435735236,"duration":1041},"description":"","status":"passed","steps":[],"attachments":[],"parameters":[],"shouldDisplayMessage":false,"attachmentsCount":0,"attachmentStep":false,"stepsCount":0,"hasContent":false},{"name":"setUp","time":{"start":1751435735237,"stop":1751435735237,"duration":0},"description":"","status":"broken","steps":[],"attachments":[],"parameters":[],"shouldDisplayMessage":false,"attachmentsCount":0,"attachmentStep":false,"stepsCount":0,"hasContent":false}],"testStage":{"status":"skipped","statusMessage":"Bank Account Details page did not load after Aadhaar KYC bypass. Navigation may have failed or page is still loading.","statusTrace":"java.lang.AssertionError: Bank Account Details page did not load after Aadhaar KYC bypass. Navigation may have failed or page is still loading.\n\tat TestUtils.LoanJourneyFlow.reachBankAccountDetailsPage(LoanJourneyFlow.java:282)\n\tat testClassPool.EnterYourBankAccountDetailsTest.setUp(EnterYourBankAccountDetailsTest.java:26)\n\tat java.base/jdk.internal.reflect.DirectMethodHandleAccessor.invoke(DirectMethodHandleAccessor.java:103)\n\tat java.base/java.lang.reflect.Method.invoke(Method.java:580)\n\tat org.testng.internal.invokers.MethodInvocationHelper.invokeMethod(MethodInvocationHelper.java:141)\n\tat org.testng.internal.invokers.MethodInvocationHelper.invokeMethodConsideringTimeout(MethodInvocationHelper.java:71)\n\tat org.testng.internal.invokers.ConfigInvoker.invokeConfigurationMethod(ConfigInvoker.java:400)\n\tat org.testng.internal.invokers.ConfigInvoker.invokeConfigurations(ConfigInvoker.java:333)\n\tat org.testng.internal.invokers.TestInvoker.runConfigMethods(TestInvoker.java:836)\n\tat org.testng.internal.invokers.TestInvoker.invokeMethod(TestInvoker.java:601)\n\tat org.testng.internal.invokers.TestInvoker.invokeTestMethod(TestInvoker.java:230)\n\tat org.testng.internal.invokers.MethodRunner.runInSequence(MethodRunner.java:63)\n\tat org.testng.internal.invokers.TestInvoker$MethodInvocationAgent.invoke(TestInvoker.java:995)\n\tat org.testng.internal.invokers.TestInvoker.invokeTestMethods(TestInvoker.java:203)\n\tat org.testng.internal.invokers.TestMethodWorker.invokeTestMethods(TestMethodWorker.java:154)\n\tat org.testng.internal.invokers.TestMethodWorker.run(TestMethodWorker.java:134)\n\tat java.base/java.util.ArrayList.forEach(ArrayList.java:1597)\n\tat org.testng.TestRunner.privateRun(TestRunner.java:741)\n\tat org.testng.TestRunner.run(TestRunner.java:616)\n\tat org.testng.SuiteRunner.runTest(SuiteRunner.java:421)\n\tat org.testng.SuiteRunner$SuiteWorker.run(SuiteRunner.java:463)\n\tat org.testng.internal.thread.ThreadUtil.lambda$execute$0(ThreadUtil.java:64)\n\tat java.base/java.util.concurrent.FutureTask.run(FutureTask.java:317)\n\tat java.base/java.util.concurrent.ThreadPoolExecutor.runWorker(ThreadPoolExecutor.java:1144)\n\tat java.base/java.util.concurrent.ThreadPoolExecutor$Worker.run(ThreadPoolExecutor.java:642)\n\tat java.base/java.lang.Thread.run(Thread.java:1575)\n","steps":[{"name":"Add Environment Info","time":{"start":1751435735239,"stop":1751435735239,"duration":0},"status":"passed","steps":[],"attachments":[{"uid":"a831ae09badf2b84","name":"Platform","source":"a831ae09badf2b84.txt","type":"text/plain","size":8},{"uid":"d93efa80c088deb2","name":"Test Framework","source":"d93efa80c088deb2.txt","type":"text/plain","size":6},{"uid":"1067b3012e97a1e7","name":"Java Version","source":"1067b3012e97a1e7.txt","type":"text/plain","size":6},{"uid":"c779982a6fb26635","name":"Browser","source":"c779982a6fb26635.txt","type":"text/plain","size":6},{"uid":"eeebe94253300029","name":"Automation Tool","source":"eeebe94253300029.txt","type":"text/plain","size":10}],"parameters":[],"shouldDisplayMessage":false,"attachmentsCount":5,"attachmentStep":false,"stepsCount":0,"hasContent":true},{"name":"Add Test Metrics","time":{"start":1751435735239,"stop":1751435735239,"duration":0},"status":"passed","steps":[],"attachments":[{"uid":"ed5f65f25a8bf982","name":"Test Duration","source":"ed5f65f25a8bf982.txt","type":"text/plain","size":14},{"uid":"ea300a42d5e7ca9e","name":"Test Status","source":"ea300a42d5e7ca9e.txt","type":"text/plain","size":7}],"parameters":[{"name":"testName","value":"TC10_verifyPlaceholderTextsDisplayed"},{"name":"status","value":"SKIPPED"},{"name":"duration","value":"0"}],"shouldDisplayMessage":false,"attachmentsCount":2,"attachmentStep":false,"stepsCount":0,"hasContent":true},{"name":"Add Trend Data","time":{"start":1751435735239,"stop":1751435735240,"duration":1},"status":"passed","steps":[],"attachments":[],"parameters":[{"name":"testName","value":"TC10_verifyPlaceholderTextsDisplayed"},{"name":"status","value":"SKIPPED"},{"name":"duration","value":"0"}],"shouldDisplayMessage":false,"attachmentsCount":0,"attachmentStep":false,"stepsCount":0,"hasContent":true}],"attachments":[],"parameters":[],"shouldDisplayMessage":true,"attachmentsCount":7,"attachmentStep":false,"stepsCount":3,"hasContent":true},"afterStages":[{"name":"tearDown","time":{"start":1751435735240,"stop":1751435735360,"duration":120},"description":"","status":"passed","steps":[],"attachments":[],"parameters":[],"shouldDisplayMessage":false,"attachmentsCount":0,"attachmentStep":false,"stepsCount":0,"hasContent":false}],"labels":[{"name":"package","value":"testClassPool.EnterYourBankAccountDetailsTest"},{"name":"testClass","value":"testClassPool.EnterYourBankAccountDetailsTest"},{"name":"testMethod","value":"TC10_verifyPlaceholderTextsDisplayed"},{"name":"parentSuite","value":"Stashfin Web Automation Suite"},{"name":"suite","value":"Stashfin Web Test Run"},{"name":"subSuite","value":"testClassPool.EnterYourBankAccountDetailsTest"},{"name":"host","value":"MacBook-Pro.local"},{"name":"thread","value":"19907@MacBook-Pro.local.TestNG-tests-1(47)"},{"name":"framework","value":"testng"},{"name":"language","value":"java"},{"name":"resultFormat","value":"allure2"}],"parameters":[],"links":[],"hidden":true,"retry":true,"extra":{"categories":[],"tags":[]},"source":"75a56efb141d0931.json","parameterValues":[]}