{"uid":"7811944414e6b7ef","name":"Verify all transaction data retrieval","fullName":"testGetAllTransactionData (General)","historyId":"c463fac2290101f5323408493cbe29ca","time":{"start":1751480217555,"stop":1751480218480,"duration":925},"status":"broken","statusMessage":"Database query execution failed","statusTrace":"java.lang.RuntimeException: Database query execution failed\n\tat utils.DatabaseUtils.executeQuery(DatabaseUtils.java:102)\n\tat utils.DatabaseUtils.getAllTransactionData(DatabaseUtils.java:152)\n\tat testClassPool.DatabaseOperationsTest.testGetAllTransactionData(DatabaseOperationsTest.java:82)\n\tat java.base/jdk.internal.reflect.DirectMethodHandleAccessor.invoke(DirectMethodHandleAccessor.java:103)\n\tat java.base/java.lang.reflect.Method.invoke(Method.java:580)\n\tat org.testng.internal.invokers.MethodInvocationHelper.invokeMethod(MethodInvocationHelper.java:141)\n\tat org.testng.internal.invokers.TestInvoker.invokeMethod(TestInvoker.java:687)\n\tat org.testng.internal.invokers.TestInvoker.invokeTestMethod(TestInvoker.java:230)\n\tat org.testng.internal.invokers.MethodRunner.runInSequence(MethodRunner.java:63)\n\tat org.testng.internal.invokers.TestInvoker$MethodInvocationAgent.invoke(TestInvoker.java:995)\n\tat org.testng.internal.invokers.TestInvoker.invokeTestMethods(TestInvoker.java:203)\n\tat org.testng.internal.invokers.TestMethodWorker.invokeTestMethods(TestMethodWorker.java:154)\n\tat org.testng.internal.invokers.TestMethodWorker.run(TestMethodWorker.java:134)\n\tat java.base/java.util.concurrent.Executors$RunnableAdapter.call(Executors.java:572)\n\tat java.base/java.util.concurrent.FutureTask.run(FutureTask.java:317)\n\tat org.testng.internal.thread.graph.TestNGFutureTask.run(TestNGFutureTask.java:22)\n\tat java.base/java.util.concurrent.ThreadPoolExecutor.runWorker(ThreadPoolExecutor.java:1144)\n\tat java.base/java.util.concurrent.ThreadPoolExecutor$Worker.run(ThreadPoolExecutor.java:642)\n\tat java.base/java.lang.Thread.run(Thread.java:1575)\nCaused by: java.sql.SQLException: Zero date value prohibited\n\tat com.mysql.cj.jdbc.exceptions.SQLError.createSQLException(SQLError.java:130)\n\tat com.mysql.cj.jdbc.exceptions.SQLError.createSQLException(SQLError.java:98)\n\tat com.mysql.cj.jdbc.exceptions.SQLError.createSQLException(SQLError.java:90)\n\tat com.mysql.cj.jdbc.exceptions.SQLError.createSQLException(SQLError.java:64)\n\tat com.mysql.cj.jdbc.exceptions.SQLError.createSQLException(SQLError.java:74)\n\tat com.mysql.cj.jdbc.exceptions.SQLExceptionsMapping.translateException(SQLExceptionsMapping.java:99)\n\tat com.mysql.cj.jdbc.result.ResultSetImpl.getObject(ResultSetImpl.java:1285)\n\tat utils.DatabaseUtils.executeQuery(DatabaseUtils.java:92)\n\t... 18 more\nCaused by: com.mysql.cj.exceptions.DataReadException: Zero date value prohibited\n\tat com.mysql.cj.result.LocalDateTimeValueFactory.localCreateFromDatetime(LocalDateTimeValueFactory.java:84)\n\tat com.mysql.cj.result.LocalDateTimeValueFactory.localCreateFromDatetime(LocalDateTimeValueFactory.java:44)\n\tat com.mysql.cj.result.AbstractDateTimeValueFactory.createFromDatetime(AbstractDateTimeValueFactory.java:104)\n\tat com.mysql.cj.protocol.a.MysqlTextValueDecoder.decodeDatetime(MysqlTextValueDecoder.java:90)\n\tat com.mysql.cj.protocol.result.AbstractResultsetRow.decodeAndCreateReturnValue(AbstractResultsetRow.java:86)\n\tat com.mysql.cj.protocol.result.AbstractResultsetRow.getValueFromBytes(AbstractResultsetRow.java:243)\n\tat com.mysql.cj.protocol.a.result.TextBufferRow.getValue(TextBufferRow.java:132)\n\tat com.mysql.cj.jdbc.result.ResultSetImpl.getLocalDateTime(ResultSetImpl.java:959)\n\tat com.mysql.cj.jdbc.result.ResultSetImpl.getObject(ResultSetImpl.java:1282)\n\t... 19 more\n","flaky":false,"newFailed":false,"newBroken":false,"newPassed":false,"retriesCount":0,"retriesStatusChange":false,"beforeStages":[{"name":"setUp","time":{"start":1751480216324,"stop":1751480217552,"duration":1228},"description":"","status":"passed","steps":[],"attachments":[],"parameters":[],"shouldDisplayMessage":false,"stepsCount":0,"attachmentsCount":0,"hasContent":false,"attachmentStep":false}],"testStage":{"status":"broken","statusMessage":"Database query execution failed","statusTrace":"java.lang.RuntimeException: Database query execution failed\n\tat utils.DatabaseUtils.executeQuery(DatabaseUtils.java:102)\n\tat utils.DatabaseUtils.getAllTransactionData(DatabaseUtils.java:152)\n\tat testClassPool.DatabaseOperationsTest.testGetAllTransactionData(DatabaseOperationsTest.java:82)\n\tat java.base/jdk.internal.reflect.DirectMethodHandleAccessor.invoke(DirectMethodHandleAccessor.java:103)\n\tat java.base/java.lang.reflect.Method.invoke(Method.java:580)\n\tat org.testng.internal.invokers.MethodInvocationHelper.invokeMethod(MethodInvocationHelper.java:141)\n\tat org.testng.internal.invokers.TestInvoker.invokeMethod(TestInvoker.java:687)\n\tat org.testng.internal.invokers.TestInvoker.invokeTestMethod(TestInvoker.java:230)\n\tat org.testng.internal.invokers.MethodRunner.runInSequence(MethodRunner.java:63)\n\tat org.testng.internal.invokers.TestInvoker$MethodInvocationAgent.invoke(TestInvoker.java:995)\n\tat org.testng.internal.invokers.TestInvoker.invokeTestMethods(TestInvoker.java:203)\n\tat org.testng.internal.invokers.TestMethodWorker.invokeTestMethods(TestMethodWorker.java:154)\n\tat org.testng.internal.invokers.TestMethodWorker.run(TestMethodWorker.java:134)\n\tat java.base/java.util.concurrent.Executors$RunnableAdapter.call(Executors.java:572)\n\tat java.base/java.util.concurrent.FutureTask.run(FutureTask.java:317)\n\tat org.testng.internal.thread.graph.TestNGFutureTask.run(TestNGFutureTask.java:22)\n\tat java.base/java.util.concurrent.ThreadPoolExecutor.runWorker(ThreadPoolExecutor.java:1144)\n\tat java.base/java.util.concurrent.ThreadPoolExecutor$Worker.run(ThreadPoolExecutor.java:642)\n\tat java.base/java.lang.Thread.run(Thread.java:1575)\nCaused by: java.sql.SQLException: Zero date value prohibited\n\tat com.mysql.cj.jdbc.exceptions.SQLError.createSQLException(SQLError.java:130)\n\tat com.mysql.cj.jdbc.exceptions.SQLError.createSQLException(SQLError.java:98)\n\tat com.mysql.cj.jdbc.exceptions.SQLError.createSQLException(SQLError.java:90)\n\tat com.mysql.cj.jdbc.exceptions.SQLError.createSQLException(SQLError.java:64)\n\tat com.mysql.cj.jdbc.exceptions.SQLError.createSQLException(SQLError.java:74)\n\tat com.mysql.cj.jdbc.exceptions.SQLExceptionsMapping.translateException(SQLExceptionsMapping.java:99)\n\tat com.mysql.cj.jdbc.result.ResultSetImpl.getObject(ResultSetImpl.java:1285)\n\tat utils.DatabaseUtils.executeQuery(DatabaseUtils.java:92)\n\t... 18 more\nCaused by: com.mysql.cj.exceptions.DataReadException: Zero date value prohibited\n\tat com.mysql.cj.result.LocalDateTimeValueFactory.localCreateFromDatetime(LocalDateTimeValueFactory.java:84)\n\tat com.mysql.cj.result.LocalDateTimeValueFactory.localCreateFromDatetime(LocalDateTimeValueFactory.java:44)\n\tat com.mysql.cj.result.AbstractDateTimeValueFactory.createFromDatetime(AbstractDateTimeValueFactory.java:104)\n\tat com.mysql.cj.protocol.a.MysqlTextValueDecoder.decodeDatetime(MysqlTextValueDecoder.java:90)\n\tat com.mysql.cj.protocol.result.AbstractResultsetRow.decodeAndCreateReturnValue(AbstractResultsetRow.java:86)\n\tat com.mysql.cj.protocol.result.AbstractResultsetRow.getValueFromBytes(AbstractResultsetRow.java:243)\n\tat com.mysql.cj.protocol.a.result.TextBufferRow.getValue(TextBufferRow.java:132)\n\tat com.mysql.cj.jdbc.result.ResultSetImpl.getLocalDateTime(ResultSetImpl.java:959)\n\tat com.mysql.cj.jdbc.result.ResultSetImpl.getObject(ResultSetImpl.java:1282)\n\t... 19 more\n","steps":[{"name":"Add Environment Info","time":{"start":1751480217555,"stop":1751480217556,"duration":1},"status":"passed","steps":[],"attachments":[{"uid":"e6810a8f58fc2cc6","name":"Platform","source":"e6810a8f58fc2cc6.txt","type":"text/plain","size":8},{"uid":"3d41388cacaf5b40","name":"Test Framework","source":"3d41388cacaf5b40.txt","type":"text/plain","size":6},{"uid":"92145f1f0b5aa202","name":"Java Version","source":"92145f1f0b5aa202.txt","type":"text/plain","size":6},{"uid":"348b23bc614fb722","name":"Browser","source":"348b23bc614fb722.txt","type":"text/plain","size":6},{"uid":"73404f93a266883f","name":"Automation Tool","source":"73404f93a266883f.txt","type":"text/plain","size":10}],"parameters":[],"shouldDisplayMessage":false,"stepsCount":0,"attachmentsCount":5,"hasContent":true,"attachmentStep":false},{"name":"Add Test Metrics","time":{"start":1751480218479,"stop":1751480218479,"duration":0},"status":"passed","steps":[],"attachments":[{"uid":"c2a5fbbe98b30ab2","name":"Test Duration","source":"c2a5fbbe98b30ab2.txt","type":"text/plain","size":16},{"uid":"9b67fafa4ea0db72","name":"Test Status","source":"9b67fafa4ea0db72.txt","type":"text/plain","size":6}],"parameters":[{"name":"testName","value":"testGetAllTransactionData"},{"name":"status","value":"FAILED"},{"name":"duration","value":"924"}],"shouldDisplayMessage":false,"stepsCount":0,"attachmentsCount":2,"hasContent":true,"attachmentStep":false},{"name":"Add Trend Data","time":{"start":1751480218479,"stop":1751480218479,"duration":0},"status":"passed","steps":[],"attachments":[],"parameters":[{"name":"testName","value":"testGetAllTransactionData"},{"name":"status","value":"FAILED"},{"name":"duration","value":"924"}],"shouldDisplayMessage":false,"stepsCount":0,"attachmentsCount":0,"hasContent":true,"attachmentStep":false},{"name":"Add Failure Details","time":{"start":1751480218480,"stop":1751480218480,"duration":0},"status":"passed","steps":[],"attachments":[{"uid":"daab4ef7857826ad","name":"Error Stack Trace","source":"daab4ef7857826ad.txt","type":"text/plain","size":1510},{"uid":"8f4319ccaf97e7b0","name":"Error Message","source":"8f4319ccaf97e7b0.txt","type":"text/plain","size":31}],"parameters":[{"name":"result","value":"[TestResult name=testGetAllTransactionData status=FAILURE method=DatabaseOperationsTest.testGetAllTransactionData()[pri:0, instance:testClassPool.DatabaseOperationsTest@d5d5353] output=[2025-07-02 23:46:57] STARTED - testGetAllTransactionData: Test execution started]"}],"shouldDisplayMessage":false,"stepsCount":0,"attachmentsCount":2,"hasContent":true,"attachmentStep":false}],"attachments":[],"parameters":[],"shouldDisplayMessage":true,"stepsCount":4,"attachmentsCount":9,"hasContent":true,"attachmentStep":false},"afterStages":[{"name":"tearDown","time":{"start":1751480218480,"stop":1751480218632,"duration":152},"description":"","status":"passed","steps":[],"attachments":[],"parameters":[],"shouldDisplayMessage":false,"stepsCount":0,"attachmentsCount":0,"hasContent":false,"attachmentStep":false}],"labels":[{"name":"package","value":"testClassPool.DatabaseOperationsTest"},{"name":"testClass","value":"testClassPool.DatabaseOperationsTest"},{"name":"testMethod","value":"testGetAllTransactionData"},{"name":"parentSuite","value":"Stashfin Web Automation Suite"},{"name":"suite","value":"Stashfin Web Test Run"},{"name":"subSuite","value":"testClassPool.DatabaseOperationsTest"},{"name":"host","value":"MacBook-Pro.local"},{"name":"thread","value":"50467@MacBook-Pro.local.TestNG-test-Stashfin Web Test Run-2(50)"},{"name":"framework","value":"testng"},{"name":"language","value":"java"},{"name":"resultFormat","value":"allure2"}],"parameters":[],"links":[],"hidden":true,"retry":true,"extra":{"categories":[],"tags":[]},"source":"7811944414e6b7ef.json","parameterValues":[]}