{"uid":"7991319c28dccdb8","name":"Test form validation with empty re-enter account number","fullName":"TC24_testFormValidationWithEmptyReenterAccountNumber (Bank Account)","historyId":"a6591e6051a0fcc6b392c77448fd867f","time":{"start":1752179832888,"stop":1752179832889,"duration":1},"status":"skipped","statusMessage":"Reference 1 Name input field is not visible. The page may not have loaded properly or the element locator may be incorrect.","statusTrace":"java.lang.AssertionError: Reference 1 Name input field is not visible. The page may not have loaded properly or the element locator may be incorrect.\n\tat TestUtils.LoanJourneyFlow.fillReferences(LoanJourneyFlow.java:589)\n\tat TestUtils.LoanJourneyFlow.reachBankAccountDetailsPage(LoanJourneyFlow.java:767)\n\tat testClassPool.EnterYourBankAccountDetailsTest.setUp(EnterYourBankAccountDetailsTest.java:26)\n\tat java.base/jdk.internal.reflect.NativeMethodAccessorImpl.invoke0(Native Method)\n\tat java.base/jdk.internal.reflect.NativeMethodAccessorImpl.invoke(NativeMethodAccessorImpl.java:77)\n\tat java.base/jdk.internal.reflect.DelegatingMethodAccessorImpl.invoke(DelegatingMethodAccessorImpl.java:43)\n\tat java.base/java.lang.reflect.Method.invoke(Method.java:568)\n\tat org.testng.internal.invokers.MethodInvocationHelper.invokeMethod(MethodInvocationHelper.java:141)\n\tat org.testng.internal.invokers.MethodInvocationHelper.invokeMethodConsideringTimeout(MethodInvocationHelper.java:71)\n\tat org.testng.internal.invokers.ConfigInvoker.invokeConfigurationMethod(ConfigInvoker.java:400)\n\tat org.testng.internal.invokers.ConfigInvoker.invokeConfigurations(ConfigInvoker.java:333)\n\tat org.testng.internal.invokers.TestInvoker.runConfigMethods(TestInvoker.java:836)\n\tat org.testng.internal.invokers.TestInvoker.invokeMethod(TestInvoker.java:601)\n\tat org.testng.internal.invokers.TestInvoker.invokeTestMethod(TestInvoker.java:230)\n\tat org.testng.internal.invokers.MethodRunner.runInSequence(MethodRunner.java:63)\n\tat org.testng.internal.invokers.TestInvoker$MethodInvocationAgent.invoke(TestInvoker.java:995)\n\tat org.testng.internal.invokers.TestInvoker.invokeTestMethods(TestInvoker.java:203)\n\tat org.testng.internal.invokers.TestMethodWorker.invokeTestMethods(TestMethodWorker.java:154)\n\tat org.testng.internal.invokers.TestMethodWorker.run(TestMethodWorker.java:134)\n\tat java.base/java.util.concurrent.Executors$RunnableAdapter.call(Executors.java:539)\n\tat java.base/java.util.concurrent.FutureTask.run(FutureTask.java:264)\n\tat org.testng.internal.thread.graph.TestNGFutureTask.run(TestNGFutureTask.java:22)\n\tat java.base/java.util.concurrent.ThreadPoolExecutor.runWorker(ThreadPoolExecutor.java:1136)\n\tat java.base/java.util.concurrent.ThreadPoolExecutor$Worker.run(ThreadPoolExecutor.java:635)\n\tat java.base/java.lang.Thread.run(Thread.java:833)\n","flaky":false,"newFailed":false,"newBroken":false,"newPassed":false,"retriesCount":0,"retriesStatusChange":false,"beforeStages":[{"name":"setUp","time":{"start":1752179832106,"stop":1752179832887,"duration":781},"description":"","status":"passed","steps":[],"attachments":[],"parameters":[],"shouldDisplayMessage":false,"stepsCount":0,"attachmentsCount":0,"hasContent":false,"attachmentStep":false},{"name":"setUp","time":{"start":1752179832888,"stop":1752179832888,"duration":0},"description":"","status":"broken","steps":[],"attachments":[],"parameters":[],"shouldDisplayMessage":false,"stepsCount":0,"attachmentsCount":0,"hasContent":false,"attachmentStep":false}],"testStage":{"status":"skipped","statusMessage":"Reference 1 Name input field is not visible. The page may not have loaded properly or the element locator may be incorrect.","statusTrace":"java.lang.AssertionError: Reference 1 Name input field is not visible. The page may not have loaded properly or the element locator may be incorrect.\n\tat TestUtils.LoanJourneyFlow.fillReferences(LoanJourneyFlow.java:589)\n\tat TestUtils.LoanJourneyFlow.reachBankAccountDetailsPage(LoanJourneyFlow.java:767)\n\tat testClassPool.EnterYourBankAccountDetailsTest.setUp(EnterYourBankAccountDetailsTest.java:26)\n\tat java.base/jdk.internal.reflect.NativeMethodAccessorImpl.invoke0(Native Method)\n\tat java.base/jdk.internal.reflect.NativeMethodAccessorImpl.invoke(NativeMethodAccessorImpl.java:77)\n\tat java.base/jdk.internal.reflect.DelegatingMethodAccessorImpl.invoke(DelegatingMethodAccessorImpl.java:43)\n\tat java.base/java.lang.reflect.Method.invoke(Method.java:568)\n\tat org.testng.internal.invokers.MethodInvocationHelper.invokeMethod(MethodInvocationHelper.java:141)\n\tat org.testng.internal.invokers.MethodInvocationHelper.invokeMethodConsideringTimeout(MethodInvocationHelper.java:71)\n\tat org.testng.internal.invokers.ConfigInvoker.invokeConfigurationMethod(ConfigInvoker.java:400)\n\tat org.testng.internal.invokers.ConfigInvoker.invokeConfigurations(ConfigInvoker.java:333)\n\tat org.testng.internal.invokers.TestInvoker.runConfigMethods(TestInvoker.java:836)\n\tat org.testng.internal.invokers.TestInvoker.invokeMethod(TestInvoker.java:601)\n\tat org.testng.internal.invokers.TestInvoker.invokeTestMethod(TestInvoker.java:230)\n\tat org.testng.internal.invokers.MethodRunner.runInSequence(MethodRunner.java:63)\n\tat org.testng.internal.invokers.TestInvoker$MethodInvocationAgent.invoke(TestInvoker.java:995)\n\tat org.testng.internal.invokers.TestInvoker.invokeTestMethods(TestInvoker.java:203)\n\tat org.testng.internal.invokers.TestMethodWorker.invokeTestMethods(TestMethodWorker.java:154)\n\tat org.testng.internal.invokers.TestMethodWorker.run(TestMethodWorker.java:134)\n\tat java.base/java.util.concurrent.Executors$RunnableAdapter.call(Executors.java:539)\n\tat java.base/java.util.concurrent.FutureTask.run(FutureTask.java:264)\n\tat org.testng.internal.thread.graph.TestNGFutureTask.run(TestNGFutureTask.java:22)\n\tat java.base/java.util.concurrent.ThreadPoolExecutor.runWorker(ThreadPoolExecutor.java:1136)\n\tat java.base/java.util.concurrent.ThreadPoolExecutor$Worker.run(ThreadPoolExecutor.java:635)\n\tat java.base/java.lang.Thread.run(Thread.java:833)\n","steps":[{"name":"Add Environment Info","time":{"start":1752179832889,"stop":1752179832889,"duration":0},"status":"passed","steps":[],"attachments":[{"uid":"fd619a851b3c58e5","name":"Platform","source":"fd619a851b3c58e5.txt","type":"text/plain","size":5},{"uid":"758bbe331a2463fa","name":"Test Framework","source":"758bbe331a2463fa.txt","type":"text/plain","size":6},{"uid":"86b6259179102318","name":"Java Version","source":"86b6259179102318.txt","type":"text/plain","size":6},{"uid":"891ff183ed178ad5","name":"Browser","source":"891ff183ed178ad5.txt","type":"text/plain","size":6},{"uid":"921aff3a844b354d","name":"Automation Tool","source":"921aff3a844b354d.txt","type":"text/plain","size":10}],"parameters":[],"shouldDisplayMessage":false,"stepsCount":0,"attachmentsCount":5,"hasContent":true,"attachmentStep":false},{"name":"Add Test Metrics","time":{"start":1752179832889,"stop":1752179832889,"duration":0},"status":"passed","steps":[],"attachments":[{"uid":"c16b5808d144d488","name":"Test Duration","source":"c16b5808d144d488.txt","type":"text/plain","size":14},{"uid":"ab3d3b13fc24e3be","name":"Test Status","source":"ab3d3b13fc24e3be.txt","type":"text/plain","size":7}],"parameters":[{"name":"testName","value":"TC24_testFormValidationWithEmptyReenterAccountNumber"},{"name":"status","value":"SKIPPED"},{"name":"duration","value":"1"}],"shouldDisplayMessage":false,"stepsCount":0,"attachmentsCount":2,"hasContent":true,"attachmentStep":false},{"name":"Add Trend Data","time":{"start":1752179832889,"stop":1752179832889,"duration":0},"status":"passed","steps":[],"attachments":[],"parameters":[{"name":"testName","value":"TC24_testFormValidationWithEmptyReenterAccountNumber"},{"name":"status","value":"SKIPPED"},{"name":"duration","value":"1"}],"shouldDisplayMessage":false,"stepsCount":0,"attachmentsCount":0,"hasContent":true,"attachmentStep":false}],"attachments":[],"parameters":[],"shouldDisplayMessage":true,"stepsCount":3,"attachmentsCount":7,"hasContent":true,"attachmentStep":false},"afterStages":[{"name":"tearDown","time":{"start":1752179832889,"stop":1752179832910,"duration":21},"description":"","status":"passed","steps":[],"attachments":[],"parameters":[],"shouldDisplayMessage":false,"stepsCount":0,"attachmentsCount":0,"hasContent":false,"attachmentStep":false}],"labels":[{"name":"package","value":"testClassPool.EnterYourBankAccountDetailsTest"},{"name":"testClass","value":"testClassPool.EnterYourBankAccountDetailsTest"},{"name":"testMethod","value":"TC24_testFormValidationWithEmptyReenterAccountNumber"},{"name":"parentSuite","value":"Stashfin Web Automation Suite"},{"name":"suite","value":"Stashfin Web Test Run"},{"name":"subSuite","value":"testClassPool.EnterYourBankAccountDetailsTest"},{"name":"host","value":"bac00ab1d018"},{"name":"thread","value":"101@bac00ab1d018.TestNG-test-Stashfin Web Test Run-1(31)"},{"name":"framework","value":"testng"},{"name":"language","value":"java"},{"name":"resultFormat","value":"allure2"}],"parameters":[],"links":[],"hidden":false,"retry":false,"extra":{"severity":"normal","retries":[],"categories":[],"tags":[]},"source":"7991319c28dccdb8.json","parameterValues":[]}