{"uid":"7b3ecab5bfb67125","name":"TC02_verifyContinueButtonIsDisabledInitially","fullName":"TC02_verifyContinueButtonIsDisabledInitially (General)","historyId":"43bd2836292f1deb76432f6b5fdc9b32","time":{"start":1752182358670,"stop":1752182358676,"duration":6},"status":"failed","statusMessage":"Continue Button Initially is unexpectedly enabled. expected [false] but found [true]","statusTrace":"java.lang.AssertionError: Continue Button Initially is unexpectedly enabled. expected [false] but found [true]\n\tat org.testng.Assert.fail(Assert.java:111)\n\tat org.testng.Assert.failNotEquals(Assert.java:1590)\n\tat org.testng.Assert.assertFalse(Assert.java:79)\n\tat utils.AssertionUtils.assertElementDisabled(AssertionUtils.java:65)\n\tat testClassPool.ShareBankStatementTest.TC02_verifyContinueButtonIsDisabledInitially(ShareBankStatementTest.java:54)\n\tat java.base/jdk.internal.reflect.NativeMethodAccessorImpl.invoke0(Native Method)\n\tat java.base/jdk.internal.reflect.NativeMethodAccessorImpl.invoke(NativeMethodAccessorImpl.java:77)\n\tat java.base/jdk.internal.reflect.DelegatingMethodAccessorImpl.invoke(DelegatingMethodAccessorImpl.java:43)\n\tat java.base/java.lang.reflect.Method.invoke(Method.java:568)\n\tat org.testng.internal.invokers.MethodInvocationHelper.invokeMethod(MethodInvocationHelper.java:141)\n\tat org.testng.internal.invokers.TestInvoker.invokeMethod(TestInvoker.java:687)\n\tat org.testng.internal.invokers.TestInvoker.invokeTestMethod(TestInvoker.java:230)\n\tat org.testng.internal.invokers.MethodRunner.runInSequence(MethodRunner.java:63)\n\tat org.testng.internal.invokers.TestInvoker$MethodInvocationAgent.invoke(TestInvoker.java:995)\n\tat org.testng.internal.invokers.TestInvoker.invokeTestMethods(TestInvoker.java:203)\n\tat org.testng.internal.invokers.TestMethodWorker.invokeTestMethods(TestMethodWorker.java:154)\n\tat org.testng.internal.invokers.TestMethodWorker.run(TestMethodWorker.java:134)\n\tat java.base/java.util.concurrent.Executors$RunnableAdapter.call(Executors.java:539)\n\tat java.base/java.util.concurrent.FutureTask.run(FutureTask.java:264)\n\tat org.testng.internal.thread.graph.TestNGFutureTask.run(TestNGFutureTask.java:22)\n\tat java.base/java.util.concurrent.ThreadPoolExecutor.runWorker(ThreadPoolExecutor.java:1136)\n\tat java.base/java.util.concurrent.ThreadPoolExecutor$Worker.run(ThreadPoolExecutor.java:635)\n\tat java.base/java.lang.Thread.run(Thread.java:833)\n","flaky":false,"newFailed":false,"newBroken":false,"newPassed":false,"retriesCount":0,"retriesStatusChange":false,"beforeStages":[{"name":"setUp","time":{"start":1752182346069,"stop":1752182346878,"duration":809},"description":"","status":"passed","steps":[],"attachments":[],"parameters":[],"shouldDisplayMessage":false,"stepsCount":0,"attachmentsCount":0,"hasContent":false,"attachmentStep":false},{"name":"setUP","time":{"start":1752182346879,"stop":1752182358668,"duration":11789},"description":"","status":"passed","steps":[{"name":"Entering mobile number: 7321708121","time":{"start":1752182347416,"stop":1752182348582,"duration":1166},"status":"passed","steps":[],"attachments":[],"parameters":[{"name":"mobileNumber","value":"7321708121"}],"shouldDisplayMessage":false,"stepsCount":0,"attachmentsCount":0,"hasContent":true,"attachmentStep":false},{"name":"Verifying element is visible: {elementName}","time":{"start":1752182356627,"stop":1752182356630,"duration":3},"status":"passed","steps":[],"attachments":[],"parameters":[{"name":"locator","value":"Locator@//*[text()='Approved!']"},{"name":"name","value":"Approved! text"}],"shouldDisplayMessage":false,"stepsCount":0,"attachmentsCount":0,"hasContent":true,"attachmentStep":false},{"name":"Verifying element text is: Approved!","time":{"start":1752182356630,"stop":1752182356631,"duration":1},"status":"passed","steps":[],"attachments":[],"parameters":[{"name":"locator","value":"Locator@//*[text()='Approved!']"},{"name":"expected","value":"Approved!"},{"name":"elementName","value":"Approved Text"}],"shouldDisplayMessage":false,"stepsCount":0,"attachmentsCount":0,"hasContent":true,"attachmentStep":false},{"name":"Verifying element is visible: {elementName}","time":{"start":1752182356631,"stop":1752182356633,"duration":2},"status":"passed","steps":[],"attachments":[],"parameters":[{"name":"locator","value":"Locator@//*[text()='You are eligible for a Personal Loan up to']"},{"name":"name","value":"Approved subtitle"}],"shouldDisplayMessage":false,"stepsCount":0,"attachmentsCount":0,"hasContent":true,"attachmentStep":false},{"name":"Verifying element text is: You are eligible for a Personal Loan up to","time":{"start":1752182356633,"stop":1752182356633,"duration":0},"status":"passed","steps":[],"attachments":[],"parameters":[{"name":"locator","value":"Locator@//*[text()='You are eligible for a Personal Loan up to']"},{"name":"expected","value":"You are eligible for a Personal Loan up to"},{"name":"elementName","value":"Sub Title Text"}],"shouldDisplayMessage":false,"stepsCount":0,"attachmentsCount":0,"hasContent":true,"attachmentStep":false},{"name":"Verifying element is visible: {elementName}","time":{"start":1752182356633,"stop":1752182356635,"duration":2},"status":"passed","steps":[],"attachments":[],"parameters":[{"name":"locator","value":"Locator@//*[@class='amount']/span[2]"},{"name":"name","value":"Approved Amount"}],"shouldDisplayMessage":false,"stepsCount":0,"attachmentsCount":0,"hasContent":true,"attachmentStep":false},{"name":"Verifying element is visible: {elementName}","time":{"start":1752182356635,"stop":1752182356637,"duration":2},"status":"passed","steps":[],"attachments":[],"parameters":[{"name":"locator","value":"Locator@//*[text()='Continue']"},{"name":"name","value":"Continue Button"}],"shouldDisplayMessage":false,"stepsCount":0,"attachmentsCount":0,"hasContent":true,"attachmentStep":false},{"name":"Verifying element is enabled: Continue Button","time":{"start":1752182356637,"stop":1752182356638,"duration":1},"status":"passed","steps":[],"attachments":[],"parameters":[{"name":"locator","value":"Locator@//*[text()='Continue']"},{"name":"elementName","value":"Continue Button"}],"shouldDisplayMessage":false,"stepsCount":0,"attachmentsCount":0,"hasContent":true,"attachmentStep":false}],"attachments":[],"parameters":[],"shouldDisplayMessage":false,"stepsCount":8,"attachmentsCount":0,"hasContent":true,"attachmentStep":false}],"testStage":{"status":"failed","statusMessage":"Continue Button Initially is unexpectedly enabled. expected [false] but found [true]","statusTrace":"java.lang.AssertionError: Continue Button Initially is unexpectedly enabled. expected [false] but found [true]\n\tat org.testng.Assert.fail(Assert.java:111)\n\tat org.testng.Assert.failNotEquals(Assert.java:1590)\n\tat org.testng.Assert.assertFalse(Assert.java:79)\n\tat utils.AssertionUtils.assertElementDisabled(AssertionUtils.java:65)\n\tat testClassPool.ShareBankStatementTest.TC02_verifyContinueButtonIsDisabledInitially(ShareBankStatementTest.java:54)\n\tat java.base/jdk.internal.reflect.NativeMethodAccessorImpl.invoke0(Native Method)\n\tat java.base/jdk.internal.reflect.NativeMethodAccessorImpl.invoke(NativeMethodAccessorImpl.java:77)\n\tat java.base/jdk.internal.reflect.DelegatingMethodAccessorImpl.invoke(DelegatingMethodAccessorImpl.java:43)\n\tat java.base/java.lang.reflect.Method.invoke(Method.java:568)\n\tat org.testng.internal.invokers.MethodInvocationHelper.invokeMethod(MethodInvocationHelper.java:141)\n\tat org.testng.internal.invokers.TestInvoker.invokeMethod(TestInvoker.java:687)\n\tat org.testng.internal.invokers.TestInvoker.invokeTestMethod(TestInvoker.java:230)\n\tat org.testng.internal.invokers.MethodRunner.runInSequence(MethodRunner.java:63)\n\tat org.testng.internal.invokers.TestInvoker$MethodInvocationAgent.invoke(TestInvoker.java:995)\n\tat org.testng.internal.invokers.TestInvoker.invokeTestMethods(TestInvoker.java:203)\n\tat org.testng.internal.invokers.TestMethodWorker.invokeTestMethods(TestMethodWorker.java:154)\n\tat org.testng.internal.invokers.TestMethodWorker.run(TestMethodWorker.java:134)\n\tat java.base/java.util.concurrent.Executors$RunnableAdapter.call(Executors.java:539)\n\tat java.base/java.util.concurrent.FutureTask.run(FutureTask.java:264)\n\tat org.testng.internal.thread.graph.TestNGFutureTask.run(TestNGFutureTask.java:22)\n\tat java.base/java.util.concurrent.ThreadPoolExecutor.runWorker(ThreadPoolExecutor.java:1136)\n\tat java.base/java.util.concurrent.ThreadPoolExecutor$Worker.run(ThreadPoolExecutor.java:635)\n\tat java.base/java.lang.Thread.run(Thread.java:833)\n","steps":[{"name":"Add Environment Info","time":{"start":1752182358670,"stop":1752182358670,"duration":0},"status":"passed","steps":[],"attachments":[{"uid":"3dd09bce3f1a9034","name":"Platform","source":"3dd09bce3f1a9034.txt","type":"text/plain","size":5},{"uid":"3e84e15e1127d312","name":"Test Framework","source":"3e84e15e1127d312.txt","type":"text/plain","size":6},{"uid":"7e9008ddde7b520d","name":"Java Version","source":"7e9008ddde7b520d.txt","type":"text/plain","size":6},{"uid":"ffdaad81a976686f","name":"Browser","source":"ffdaad81a976686f.txt","type":"text/plain","size":6},{"uid":"307414d6a9ba0d17","name":"Automation Tool","source":"307414d6a9ba0d17.txt","type":"text/plain","size":10}],"parameters":[],"shouldDisplayMessage":false,"stepsCount":0,"attachmentsCount":5,"hasContent":true,"attachmentStep":false},{"name":"Verifying element is disabled: Continue Button Initially","time":{"start":1752182358671,"stop":1752182358674,"duration":3},"status":"failed","statusMessage":"Continue Button Initially is unexpectedly enabled. expected [false] but found [true]","statusTrace":"java.lang.AssertionError: Continue Button Initially is unexpectedly enabled. expected [false] but found [true]\n\tat org.testng.Assert.fail(Assert.java:111)\n\tat org.testng.Assert.failNotEquals(Assert.java:1590)\n\tat org.testng.Assert.assertFalse(Assert.java:79)\n\tat utils.AssertionUtils.assertElementDisabled(AssertionUtils.java:65)\n\tat testClassPool.ShareBankStatementTest.TC02_verifyContinueButtonIsDisabledInitially(ShareBankStatementTest.java:54)\n\tat java.base/jdk.internal.reflect.NativeMethodAccessorImpl.invoke0(Native Method)\n\tat java.base/jdk.internal.reflect.NativeMethodAccessorImpl.invoke(NativeMethodAccessorImpl.java:77)\n\tat java.base/jdk.internal.reflect.DelegatingMethodAccessorImpl.invoke(DelegatingMethodAccessorImpl.java:43)\n\tat java.base/java.lang.reflect.Method.invoke(Method.java:568)\n\tat org.testng.internal.invokers.MethodInvocationHelper.invokeMethod(MethodInvocationHelper.java:141)\n\tat org.testng.internal.invokers.TestInvoker.invokeMethod(TestInvoker.java:687)\n\tat org.testng.internal.invokers.TestInvoker.invokeTestMethod(TestInvoker.java:230)\n\tat org.testng.internal.invokers.MethodRunner.runInSequence(MethodRunner.java:63)\n\tat org.testng.internal.invokers.TestInvoker$MethodInvocationAgent.invoke(TestInvoker.java:995)\n\tat org.testng.internal.invokers.TestInvoker.invokeTestMethods(TestInvoker.java:203)\n\tat org.testng.internal.invokers.TestMethodWorker.invokeTestMethods(TestMethodWorker.java:154)\n\tat org.testng.internal.invokers.TestMethodWorker.run(TestMethodWorker.java:134)\n\tat java.base/java.util.concurrent.Executors$RunnableAdapter.call(Executors.java:539)\n\tat java.base/java.util.concurrent.FutureTask.run(FutureTask.java:264)\n\tat org.testng.internal.thread.graph.TestNGFutureTask.run(TestNGFutureTask.java:22)\n\tat java.base/java.util.concurrent.ThreadPoolExecutor.runWorker(ThreadPoolExecutor.java:1136)\n\tat java.base/java.util.concurrent.ThreadPoolExecutor$Worker.run(ThreadPoolExecutor.java:635)\n\tat java.base/java.lang.Thread.run(Thread.java:833)\n","steps":[],"attachments":[],"parameters":[{"name":"locator","value":"Locator@//*[@type=\"button\"]"},{"name":"elementName","value":"Continue Button Initially"}],"shouldDisplayMessage":true,"stepsCount":0,"attachmentsCount":0,"hasContent":true,"attachmentStep":false},{"name":"Add Test Metrics","time":{"start":1752182358675,"stop":1752182358675,"duration":0},"status":"passed","steps":[],"attachments":[{"uid":"5f6551aae839b0ee","name":"Test Duration","source":"5f6551aae839b0ee.txt","type":"text/plain","size":14},{"uid":"6c5fd6f59761ffce","name":"Test Status","source":"6c5fd6f59761ffce.txt","type":"text/plain","size":6}],"parameters":[{"name":"testName","value":"TC02_verifyContinueButtonIsDisabledInitially"},{"name":"status","value":"FAILED"},{"name":"duration","value":"4"}],"shouldDisplayMessage":false,"stepsCount":0,"attachmentsCount":2,"hasContent":true,"attachmentStep":false},{"name":"Add Trend Data","time":{"start":1752182358675,"stop":1752182358675,"duration":0},"status":"passed","steps":[],"attachments":[],"parameters":[{"name":"testName","value":"TC02_verifyContinueButtonIsDisabledInitially"},{"name":"status","value":"FAILED"},{"name":"duration","value":"4"}],"shouldDisplayMessage":false,"stepsCount":0,"attachmentsCount":0,"hasContent":true,"attachmentStep":false},{"name":"Add Failure Details","time":{"start":1752182358675,"stop":1752182358676,"duration":1},"status":"passed","steps":[],"attachments":[{"uid":"160e8b76130a126f","name":"Error Stack Trace","source":"160e8b76130a126f.txt","type":"text/plain","size":1787},{"uid":"f48a65f3fcb42ac9","name":"Error Message","source":"f48a65f3fcb42ac9.txt","type":"text/plain","size":84}],"parameters":[{"name":"result","value":"[TestResult name=TC02_verifyContinueButtonIsDisabledInitially status=FAILURE method=ShareBankStatementTest.TC02_verifyContinueButtonIsDisabledInitially()[pri:0, instance:testClassPool.ShareBankStatementTest@4068102e] output=[2025-07-10 21:19:18] STARTED - TC02_verifyContinueButtonIsDisabledInitially: Test execution started]"}],"shouldDisplayMessage":false,"stepsCount":0,"attachmentsCount":2,"hasContent":true,"attachmentStep":false}],"attachments":[],"parameters":[],"shouldDisplayMessage":false,"stepsCount":5,"attachmentsCount":9,"hasContent":true,"attachmentStep":false},"afterStages":[{"name":"tearDown","time":{"start":1752182358677,"stop":1752182358764,"duration":87},"description":"","status":"passed","steps":[],"attachments":[{"uid":"93eea1910d8dfc17","name":"All Failed APIs","source":"93eea1910d8dfc17.txt","type":"text/plain","size":607}],"parameters":[],"shouldDisplayMessage":false,"stepsCount":0,"attachmentsCount":1,"hasContent":true,"attachmentStep":false}],"labels":[{"name":"package","value":"testClassPool.ShareBankStatementTest"},{"name":"testClass","value":"testClassPool.ShareBankStatementTest"},{"name":"testMethod","value":"TC02_verifyContinueButtonIsDisabledInitially"},{"name":"parentSuite","value":"Stashfin Web Automation Suite"},{"name":"suite","value":"Stashfin Web Test Run"},{"name":"subSuite","value":"testClassPool.ShareBankStatementTest"},{"name":"host","value":"101c1c305061"},{"name":"thread","value":"104@101c1c305061.TestNG-test-Stashfin Web Test Run-1(31)"},{"name":"framework","value":"testng"},{"name":"language","value":"java"},{"name":"resultFormat","value":"allure2"}],"parameters":[],"links":[],"hidden":false,"retry":false,"extra":{"severity":"normal","retries":[],"categories":[{"name":"Product defects","matchedStatuses":[],"flaky":false}],"tags":[]},"source":"7b3ecab5bfb67125.json","parameterValues":[]}