{"uid":"7e2c9633c01a55a7","name":"Verify DIGIO page elements are visible","fullName":"TC01_verifyDIGIOPageElementsVisible (General)","historyId":"6920baa44dafdf8f693284b7f0d6fe4b","time":{"start":1752213266681,"stop":1752213266684,"duration":3},"status":"skipped","statusMessage":"Database connection failed","statusTrace":"java.lang.RuntimeException: Database connection failed\n\tat utils.DatabaseUtils.initializeConnection(DatabaseUtils.java:55)\n\tat utils.DatabaseUtils.executeQuery(DatabaseUtils.java:80)\n\tat utils.StepBypassUtils.bypassStepWithDbOnly(StepBypassUtils.java:37)\n\tat TestUtils.LoanJourneyFlow.SKIPAA(LoanJourneyFlow.java:316)\n\tat TestUtils.LoanJourneyFlow.reachJustAFewMoreDetailsToProceedPage(LoanJourneyFlow.java:1132)\n\tat TestUtils.LoanJourneyFlow.reachUPIAutoPayPage(LoanJourneyFlow.java:1284)\n\tat TestUtils.LoanJourneyFlow.reachDIGIOScreen(LoanJourneyFlow.java:1355)\n\tat testClassPool.DIGIOTest.setUp(DIGIOTest.java:22)\n\tat java.base/jdk.internal.reflect.NativeMethodAccessorImpl.invoke0(Native Method)\n\tat java.base/jdk.internal.reflect.NativeMethodAccessorImpl.invoke(NativeMethodAccessorImpl.java:77)\n\tat java.base/jdk.internal.reflect.DelegatingMethodAccessorImpl.invoke(DelegatingMethodAccessorImpl.java:43)\n\tat java.base/java.lang.reflect.Method.invoke(Method.java:568)\n\tat org.testng.internal.invokers.MethodInvocationHelper.invokeMethod(MethodInvocationHelper.java:141)\n\tat org.testng.internal.invokers.MethodInvocationHelper.invokeMethodConsideringTimeout(MethodInvocationHelper.java:71)\n\tat org.testng.internal.invokers.ConfigInvoker.invokeConfigurationMethod(ConfigInvoker.java:400)\n\tat org.testng.internal.invokers.ConfigInvoker.invokeConfigurations(ConfigInvoker.java:333)\n\tat org.testng.internal.invokers.TestInvoker.runConfigMethods(TestInvoker.java:836)\n\tat org.testng.internal.invokers.TestInvoker.invokeMethod(TestInvoker.java:601)\n\tat org.testng.internal.invokers.TestInvoker.invokeTestMethod(TestInvoker.java:230)\n\tat org.testng.internal.invokers.MethodRunner.runInSequence(MethodRunner.java:63)\n\tat org.testng.internal.invokers.TestInvoker$MethodInvocationAgent.invoke(TestInvoker.java:995)\n\tat org.testng.internal.invokers.TestInvoker.invokeTestMethods(TestInvoker.java:203)\n\tat org.testng.internal.invokers.TestMethodWorker.invokeTestMethods(TestMethodWorker.java:154)\n\tat org.testng.internal.invokers.TestMethodWorker.run(TestMethodWorker.java:134)\n\tat java.base/java.util.concurrent.Executors$RunnableAdapter.call(Executors.java:539)\n\tat java.base/java.util.concurrent.FutureTask.run(FutureTask.java:264)\n\tat org.testng.internal.thread.graph.TestNGFutureTask.run(TestNGFutureTask.java:22)\n\tat java.base/java.util.concurrent.ThreadPoolExecutor.runWorker(ThreadPoolExecutor.java:1136)\n\tat java.base/java.util.concurrent.ThreadPoolExecutor$Worker.run(ThreadPoolExecutor.java:635)\n\tat java.base/java.lang.Thread.run(Thread.java:833)\nCaused by: com.mysql.cj.jdbc.exceptions.CommunicationsException: Communications link failure\n\nThe last packet sent successfully to the server was 0 milliseconds ago. The driver has not received any packets from the server.\n\tat com.mysql.cj.jdbc.exceptions.SQLError.createCommunicationsException(SQLError.java:175)\n\tat com.mysql.cj.jdbc.exceptions.SQLExceptionsMapping.translateException(SQLExceptionsMapping.java:64)\n\tat com.mysql.cj.jdbc.ConnectionImpl.createNewIO(ConnectionImpl.java:825)\n\tat com.mysql.cj.jdbc.ConnectionImpl.<init>(ConnectionImpl.java:446)\n\tat com.mysql.cj.jdbc.ConnectionImpl.getInstance(ConnectionImpl.java:239)\n\tat com.mysql.cj.jdbc.NonRegisteringDriver.connect(NonRegisteringDriver.java:188)\n\tat java.sql/java.sql.DriverManager.getConnection(DriverManager.java:681)\n\tat java.sql/java.sql.DriverManager.getConnection(DriverManager.java:229)\n\tat utils.DatabaseUtils.initializeConnection(DatabaseUtils.java:50)\n\t... 29 more\nCaused by: com.mysql.cj.exceptions.CJCommunicationsException: Communications link failure\n\nThe last packet sent successfully to the server was 0 milliseconds ago. The driver has not received any packets from the server.\n\tat java.base/jdk.internal.reflect.NativeConstructorAccessorImpl.newInstance0(Native Method)\n\tat java.base/jdk.internal.reflect.NativeConstructorAccessorImpl.newInstance(NativeConstructorAccessorImpl.java:77)\n\tat java.base/jdk.internal.reflect.DelegatingConstructorAccessorImpl.newInstance(DelegatingConstructorAccessorImpl.java:45)\n\tat java.base/java.lang.reflect.Constructor.newInstanceWithCaller(Constructor.java:499)\n\tat java.base/java.lang.reflect.Constructor.newInstance(Constructor.java:480)\n\tat com.mysql.cj.exceptions.ExceptionFactory.createException(ExceptionFactory.java:62)\n\tat com.mysql.cj.exceptions.ExceptionFactory.createException(ExceptionFactory.java:105)\n\tat com.mysql.cj.exceptions.ExceptionFactory.createException(ExceptionFactory.java:150)\n\tat com.mysql.cj.exceptions.ExceptionFactory.createCommunicationsException(ExceptionFactory.java:166)\n\tat com.mysql.cj.protocol.a.NativeSocketConnection.connect(NativeSocketConnection.java:89)\n\tat com.mysql.cj.NativeSession.connect(NativeSession.java:121)\n\tat com.mysql.cj.jdbc.ConnectionImpl.connectOneTryOnly(ConnectionImpl.java:945)\n\tat com.mysql.cj.jdbc.ConnectionImpl.createNewIO(ConnectionImpl.java:815)\n\t... 35 more\nCaused by: java.net.UnknownHostException: devdb-ujwy3me96v.stashfin.com: Temporary failure in name resolution\n\tat java.base/java.net.Inet6AddressImpl.lookupAllHostAddr(Native Method)\n\tat java.base/java.net.InetAddress$PlatformNameService.lookupAllHostAddr(InetAddress.java:933)\n\tat java.base/java.net.InetAddress.getAddressesFromNameService(InetAddress.java:1519)\n\tat java.base/java.net.InetAddress$NameServiceAddresses.get(InetAddress.java:852)\n\tat java.base/java.net.InetAddress.getAllByName0(InetAddress.java:1509)\n\tat java.base/java.net.InetAddress.getAllByName(InetAddress.java:1367)\n\tat java.base/java.net.InetAddress.getAllByName(InetAddress.java:1301)\n\tat com.mysql.cj.protocol.StandardSocketFactory.connect(StandardSocketFactory.java:130)\n\tat com.mysql.cj.protocol.a.NativeSocketConnection.connect(NativeSocketConnection.java:63)\n\t... 38 more\n","flaky":false,"newFailed":false,"newBroken":false,"newPassed":false,"retriesCount":0,"retriesStatusChange":false,"beforeStages":[{"name":"setUp","time":{"start":1752213240859,"stop":1752213241754,"duration":895},"description":"","status":"passed","steps":[],"attachments":[],"parameters":[],"shouldDisplayMessage":false,"stepsCount":0,"attachmentsCount":0,"hasContent":false,"attachmentStep":false},{"name":"setUp","time":{"start":1752213241754,"stop":1752213266673,"duration":24919},"description":"","status":"broken","statusMessage":"Database connection failed","statusTrace":"java.lang.RuntimeException: Database connection failed\n\tat utils.DatabaseUtils.initializeConnection(DatabaseUtils.java:55)\n\tat utils.DatabaseUtils.executeQuery(DatabaseUtils.java:80)\n\tat utils.StepBypassUtils.bypassStepWithDbOnly(StepBypassUtils.java:37)\n\tat TestUtils.LoanJourneyFlow.SKIPAA(LoanJourneyFlow.java:316)\n\tat TestUtils.LoanJourneyFlow.reachJustAFewMoreDetailsToProceedPage(LoanJourneyFlow.java:1132)\n\tat TestUtils.LoanJourneyFlow.reachUPIAutoPayPage(LoanJourneyFlow.java:1284)\n\tat TestUtils.LoanJourneyFlow.reachDIGIOScreen(LoanJourneyFlow.java:1355)\n\tat testClassPool.DIGIOTest.setUp(DIGIOTest.java:22)\n\tat java.base/jdk.internal.reflect.NativeMethodAccessorImpl.invoke0(Native Method)\n\tat java.base/jdk.internal.reflect.NativeMethodAccessorImpl.invoke(NativeMethodAccessorImpl.java:77)\n\tat java.base/jdk.internal.reflect.DelegatingMethodAccessorImpl.invoke(DelegatingMethodAccessorImpl.java:43)\n\tat java.base/java.lang.reflect.Method.invoke(Method.java:568)\n\tat org.testng.internal.invokers.MethodInvocationHelper.invokeMethod(MethodInvocationHelper.java:141)\n\tat org.testng.internal.invokers.MethodInvocationHelper.invokeMethodConsideringTimeout(MethodInvocationHelper.java:71)\n\tat org.testng.internal.invokers.ConfigInvoker.invokeConfigurationMethod(ConfigInvoker.java:400)\n\tat org.testng.internal.invokers.ConfigInvoker.invokeConfigurations(ConfigInvoker.java:333)\n\tat org.testng.internal.invokers.TestInvoker.runConfigMethods(TestInvoker.java:836)\n\tat org.testng.internal.invokers.TestInvoker.invokeMethod(TestInvoker.java:601)\n\tat org.testng.internal.invokers.TestInvoker.invokeTestMethod(TestInvoker.java:230)\n\tat org.testng.internal.invokers.MethodRunner.runInSequence(MethodRunner.java:63)\n\tat org.testng.internal.invokers.TestInvoker$MethodInvocationAgent.invoke(TestInvoker.java:995)\n\tat org.testng.internal.invokers.TestInvoker.invokeTestMethods(TestInvoker.java:203)\n\tat org.testng.internal.invokers.TestMethodWorker.invokeTestMethods(TestMethodWorker.java:154)\n\tat org.testng.internal.invokers.TestMethodWorker.run(TestMethodWorker.java:134)\n\tat java.base/java.util.concurrent.Executors$RunnableAdapter.call(Executors.java:539)\n\tat java.base/java.util.concurrent.FutureTask.run(FutureTask.java:264)\n\tat org.testng.internal.thread.graph.TestNGFutureTask.run(TestNGFutureTask.java:22)\n\tat java.base/java.util.concurrent.ThreadPoolExecutor.runWorker(ThreadPoolExecutor.java:1136)\n\tat java.base/java.util.concurrent.ThreadPoolExecutor$Worker.run(ThreadPoolExecutor.java:635)\n\tat java.base/java.lang.Thread.run(Thread.java:833)\nCaused by: com.mysql.cj.jdbc.exceptions.CommunicationsException: Communications link failure\n\nThe last packet sent successfully to the server was 0 milliseconds ago. The driver has not received any packets from the server.\n\tat com.mysql.cj.jdbc.exceptions.SQLError.createCommunicationsException(SQLError.java:175)\n\tat com.mysql.cj.jdbc.exceptions.SQLExceptionsMapping.translateException(SQLExceptionsMapping.java:64)\n\tat com.mysql.cj.jdbc.ConnectionImpl.createNewIO(ConnectionImpl.java:825)\n\tat com.mysql.cj.jdbc.ConnectionImpl.<init>(ConnectionImpl.java:446)\n\tat com.mysql.cj.jdbc.ConnectionImpl.getInstance(ConnectionImpl.java:239)\n\tat com.mysql.cj.jdbc.NonRegisteringDriver.connect(NonRegisteringDriver.java:188)\n\tat java.sql/java.sql.DriverManager.getConnection(DriverManager.java:681)\n\tat java.sql/java.sql.DriverManager.getConnection(DriverManager.java:229)\n\tat utils.DatabaseUtils.initializeConnection(DatabaseUtils.java:50)\n\t... 29 more\nCaused by: com.mysql.cj.exceptions.CJCommunicationsException: Communications link failure\n\nThe last packet sent successfully to the server was 0 milliseconds ago. The driver has not received any packets from the server.\n\tat java.base/jdk.internal.reflect.NativeConstructorAccessorImpl.newInstance0(Native Method)\n\tat java.base/jdk.internal.reflect.NativeConstructorAccessorImpl.newInstance(NativeConstructorAccessorImpl.java:77)\n\tat java.base/jdk.internal.reflect.DelegatingConstructorAccessorImpl.newInstance(DelegatingConstructorAccessorImpl.java:45)\n\tat java.base/java.lang.reflect.Constructor.newInstanceWithCaller(Constructor.java:499)\n\tat java.base/java.lang.reflect.Constructor.newInstance(Constructor.java:480)\n\tat com.mysql.cj.exceptions.ExceptionFactory.createException(ExceptionFactory.java:62)\n\tat com.mysql.cj.exceptions.ExceptionFactory.createException(ExceptionFactory.java:105)\n\tat com.mysql.cj.exceptions.ExceptionFactory.createException(ExceptionFactory.java:150)\n\tat com.mysql.cj.exceptions.ExceptionFactory.createCommunicationsException(ExceptionFactory.java:166)\n\tat com.mysql.cj.protocol.a.NativeSocketConnection.connect(NativeSocketConnection.java:89)\n\tat com.mysql.cj.NativeSession.connect(NativeSession.java:121)\n\tat com.mysql.cj.jdbc.ConnectionImpl.connectOneTryOnly(ConnectionImpl.java:945)\n\tat com.mysql.cj.jdbc.ConnectionImpl.createNewIO(ConnectionImpl.java:815)\n\t... 35 more\nCaused by: java.net.UnknownHostException: devdb-ujwy3me96v.stashfin.com: Temporary failure in name resolution\n\tat java.base/java.net.Inet6AddressImpl.lookupAllHostAddr(Native Method)\n\tat java.base/java.net.InetAddress$PlatformNameService.lookupAllHostAddr(InetAddress.java:933)\n\tat java.base/java.net.InetAddress.getAddressesFromNameService(InetAddress.java:1519)\n\tat java.base/java.net.InetAddress$NameServiceAddresses.get(InetAddress.java:852)\n\tat java.base/java.net.InetAddress.getAllByName0(InetAddress.java:1509)\n\tat java.base/java.net.InetAddress.getAllByName(InetAddress.java:1367)\n\tat java.base/java.net.InetAddress.getAllByName(InetAddress.java:1301)\n\tat com.mysql.cj.protocol.StandardSocketFactory.connect(StandardSocketFactory.java:130)\n\tat com.mysql.cj.protocol.a.NativeSocketConnection.connect(NativeSocketConnection.java:63)\n\t... 38 more\n","steps":[{"name":"Entering mobile number: 9406138914","time":{"start":1752213242298,"stop":1752213243385,"duration":1087},"status":"passed","steps":[],"attachments":[],"parameters":[{"name":"mobileNumber","value":"9406138914"}],"shouldDisplayMessage":false,"stepsCount":0,"attachmentsCount":0,"hasContent":true,"attachmentStep":false},{"name":"Verifying element is visible: {elementName}","time":{"start":1752213251500,"stop":1752213251502,"duration":2},"status":"passed","steps":[],"attachments":[],"parameters":[{"name":"locator","value":"Locator@//*[text()='Approved!']"},{"name":"name","value":"Approved! text"}],"shouldDisplayMessage":false,"stepsCount":0,"attachmentsCount":0,"hasContent":true,"attachmentStep":false},{"name":"Verifying element text is: Approved!","time":{"start":1752213251502,"stop":1752213251503,"duration":1},"status":"passed","steps":[],"attachments":[],"parameters":[{"name":"locator","value":"Locator@//*[text()='Approved!']"},{"name":"expected","value":"Approved!"},{"name":"elementName","value":"Approved Text"}],"shouldDisplayMessage":false,"stepsCount":0,"attachmentsCount":0,"hasContent":true,"attachmentStep":false},{"name":"Verifying element is visible: {elementName}","time":{"start":1752213251504,"stop":1752213251506,"duration":2},"status":"passed","steps":[],"attachments":[],"parameters":[{"name":"locator","value":"Locator@//*[text()='You are eligible for a Personal Loan up to']"},{"name":"name","value":"Approved subtitle"}],"shouldDisplayMessage":false,"stepsCount":0,"attachmentsCount":0,"hasContent":true,"attachmentStep":false},{"name":"Verifying element text is: You are eligible for a Personal Loan up to","time":{"start":1752213251506,"stop":1752213251508,"duration":2},"status":"passed","steps":[],"attachments":[],"parameters":[{"name":"locator","value":"Locator@//*[text()='You are eligible for a Personal Loan up to']"},{"name":"expected","value":"You are eligible for a Personal Loan up to"},{"name":"elementName","value":"Sub Title Text"}],"shouldDisplayMessage":false,"stepsCount":0,"attachmentsCount":0,"hasContent":true,"attachmentStep":false},{"name":"Verifying element is visible: {elementName}","time":{"start":1752213251508,"stop":1752213251511,"duration":3},"status":"passed","steps":[],"attachments":[],"parameters":[{"name":"locator","value":"Locator@//*[@class='amount']/span[2]"},{"name":"name","value":"Approved Amount"}],"shouldDisplayMessage":false,"stepsCount":0,"attachmentsCount":0,"hasContent":true,"attachmentStep":false},{"name":"Verifying element is visible: {elementName}","time":{"start":1752213251511,"stop":1752213251513,"duration":2},"status":"passed","steps":[],"attachments":[],"parameters":[{"name":"locator","value":"Locator@//*[text()='Continue']"},{"name":"name","value":"Continue Button"}],"shouldDisplayMessage":false,"stepsCount":0,"attachmentsCount":0,"hasContent":true,"attachmentStep":false},{"name":"Verifying element is enabled: Continue Button","time":{"start":1752213251513,"stop":1752213251514,"duration":1},"status":"passed","steps":[],"attachments":[],"parameters":[{"name":"locator","value":"Locator@//*[text()='Continue']"},{"name":"elementName","value":"Continue Button"}],"shouldDisplayMessage":false,"stepsCount":0,"attachmentsCount":0,"hasContent":true,"attachmentStep":false},{"name":"Verifying element is enabled: Continue Button After Selecting Self-Employed","time":{"start":1752213256592,"stop":1752213256594,"duration":2},"status":"passed","steps":[],"attachments":[],"parameters":[{"name":"locator","value":"Locator@//*[@type=\"button\"]"},{"name":"elementName","value":"Continue Button After Selecting Self-Employed"}],"shouldDisplayMessage":false,"stepsCount":0,"attachmentsCount":0,"hasContent":true,"attachmentStep":false}],"attachments":[],"parameters":[],"shouldDisplayMessage":true,"stepsCount":9,"attachmentsCount":0,"hasContent":true,"attachmentStep":false}],"testStage":{"status":"skipped","statusMessage":"Database connection failed","statusTrace":"java.lang.RuntimeException: Database connection failed\n\tat utils.DatabaseUtils.initializeConnection(DatabaseUtils.java:55)\n\tat utils.DatabaseUtils.executeQuery(DatabaseUtils.java:80)\n\tat utils.StepBypassUtils.bypassStepWithDbOnly(StepBypassUtils.java:37)\n\tat TestUtils.LoanJourneyFlow.SKIPAA(LoanJourneyFlow.java:316)\n\tat TestUtils.LoanJourneyFlow.reachJustAFewMoreDetailsToProceedPage(LoanJourneyFlow.java:1132)\n\tat TestUtils.LoanJourneyFlow.reachUPIAutoPayPage(LoanJourneyFlow.java:1284)\n\tat TestUtils.LoanJourneyFlow.reachDIGIOScreen(LoanJourneyFlow.java:1355)\n\tat testClassPool.DIGIOTest.setUp(DIGIOTest.java:22)\n\tat java.base/jdk.internal.reflect.NativeMethodAccessorImpl.invoke0(Native Method)\n\tat java.base/jdk.internal.reflect.NativeMethodAccessorImpl.invoke(NativeMethodAccessorImpl.java:77)\n\tat java.base/jdk.internal.reflect.DelegatingMethodAccessorImpl.invoke(DelegatingMethodAccessorImpl.java:43)\n\tat java.base/java.lang.reflect.Method.invoke(Method.java:568)\n\tat org.testng.internal.invokers.MethodInvocationHelper.invokeMethod(MethodInvocationHelper.java:141)\n\tat org.testng.internal.invokers.MethodInvocationHelper.invokeMethodConsideringTimeout(MethodInvocationHelper.java:71)\n\tat org.testng.internal.invokers.ConfigInvoker.invokeConfigurationMethod(ConfigInvoker.java:400)\n\tat org.testng.internal.invokers.ConfigInvoker.invokeConfigurations(ConfigInvoker.java:333)\n\tat org.testng.internal.invokers.TestInvoker.runConfigMethods(TestInvoker.java:836)\n\tat org.testng.internal.invokers.TestInvoker.invokeMethod(TestInvoker.java:601)\n\tat org.testng.internal.invokers.TestInvoker.invokeTestMethod(TestInvoker.java:230)\n\tat org.testng.internal.invokers.MethodRunner.runInSequence(MethodRunner.java:63)\n\tat org.testng.internal.invokers.TestInvoker$MethodInvocationAgent.invoke(TestInvoker.java:995)\n\tat org.testng.internal.invokers.TestInvoker.invokeTestMethods(TestInvoker.java:203)\n\tat org.testng.internal.invokers.TestMethodWorker.invokeTestMethods(TestMethodWorker.java:154)\n\tat org.testng.internal.invokers.TestMethodWorker.run(TestMethodWorker.java:134)\n\tat java.base/java.util.concurrent.Executors$RunnableAdapter.call(Executors.java:539)\n\tat java.base/java.util.concurrent.FutureTask.run(FutureTask.java:264)\n\tat org.testng.internal.thread.graph.TestNGFutureTask.run(TestNGFutureTask.java:22)\n\tat java.base/java.util.concurrent.ThreadPoolExecutor.runWorker(ThreadPoolExecutor.java:1136)\n\tat java.base/java.util.concurrent.ThreadPoolExecutor$Worker.run(ThreadPoolExecutor.java:635)\n\tat java.base/java.lang.Thread.run(Thread.java:833)\nCaused by: com.mysql.cj.jdbc.exceptions.CommunicationsException: Communications link failure\n\nThe last packet sent successfully to the server was 0 milliseconds ago. The driver has not received any packets from the server.\n\tat com.mysql.cj.jdbc.exceptions.SQLError.createCommunicationsException(SQLError.java:175)\n\tat com.mysql.cj.jdbc.exceptions.SQLExceptionsMapping.translateException(SQLExceptionsMapping.java:64)\n\tat com.mysql.cj.jdbc.ConnectionImpl.createNewIO(ConnectionImpl.java:825)\n\tat com.mysql.cj.jdbc.ConnectionImpl.<init>(ConnectionImpl.java:446)\n\tat com.mysql.cj.jdbc.ConnectionImpl.getInstance(ConnectionImpl.java:239)\n\tat com.mysql.cj.jdbc.NonRegisteringDriver.connect(NonRegisteringDriver.java:188)\n\tat java.sql/java.sql.DriverManager.getConnection(DriverManager.java:681)\n\tat java.sql/java.sql.DriverManager.getConnection(DriverManager.java:229)\n\tat utils.DatabaseUtils.initializeConnection(DatabaseUtils.java:50)\n\t... 29 more\nCaused by: com.mysql.cj.exceptions.CJCommunicationsException: Communications link failure\n\nThe last packet sent successfully to the server was 0 milliseconds ago. The driver has not received any packets from the server.\n\tat java.base/jdk.internal.reflect.NativeConstructorAccessorImpl.newInstance0(Native Method)\n\tat java.base/jdk.internal.reflect.NativeConstructorAccessorImpl.newInstance(NativeConstructorAccessorImpl.java:77)\n\tat java.base/jdk.internal.reflect.DelegatingConstructorAccessorImpl.newInstance(DelegatingConstructorAccessorImpl.java:45)\n\tat java.base/java.lang.reflect.Constructor.newInstanceWithCaller(Constructor.java:499)\n\tat java.base/java.lang.reflect.Constructor.newInstance(Constructor.java:480)\n\tat com.mysql.cj.exceptions.ExceptionFactory.createException(ExceptionFactory.java:62)\n\tat com.mysql.cj.exceptions.ExceptionFactory.createException(ExceptionFactory.java:105)\n\tat com.mysql.cj.exceptions.ExceptionFactory.createException(ExceptionFactory.java:150)\n\tat com.mysql.cj.exceptions.ExceptionFactory.createCommunicationsException(ExceptionFactory.java:166)\n\tat com.mysql.cj.protocol.a.NativeSocketConnection.connect(NativeSocketConnection.java:89)\n\tat com.mysql.cj.NativeSession.connect(NativeSession.java:121)\n\tat com.mysql.cj.jdbc.ConnectionImpl.connectOneTryOnly(ConnectionImpl.java:945)\n\tat com.mysql.cj.jdbc.ConnectionImpl.createNewIO(ConnectionImpl.java:815)\n\t... 35 more\nCaused by: java.net.UnknownHostException: devdb-ujwy3me96v.stashfin.com: Temporary failure in name resolution\n\tat java.base/java.net.Inet6AddressImpl.lookupAllHostAddr(Native Method)\n\tat java.base/java.net.InetAddress$PlatformNameService.lookupAllHostAddr(InetAddress.java:933)\n\tat java.base/java.net.InetAddress.getAddressesFromNameService(InetAddress.java:1519)\n\tat java.base/java.net.InetAddress$NameServiceAddresses.get(InetAddress.java:852)\n\tat java.base/java.net.InetAddress.getAllByName0(InetAddress.java:1509)\n\tat java.base/java.net.InetAddress.getAllByName(InetAddress.java:1367)\n\tat java.base/java.net.InetAddress.getAllByName(InetAddress.java:1301)\n\tat com.mysql.cj.protocol.StandardSocketFactory.connect(StandardSocketFactory.java:130)\n\tat com.mysql.cj.protocol.a.NativeSocketConnection.connect(NativeSocketConnection.java:63)\n\t... 38 more\n","steps":[{"name":"Add Environment Info","time":{"start":1752213266682,"stop":1752213266682,"duration":0},"status":"passed","steps":[],"attachments":[{"uid":"ac96d806fb7cfcd9","name":"Platform","source":"ac96d806fb7cfcd9.txt","type":"text/plain","size":5},{"uid":"649729b8bad247c3","name":"Test Framework","source":"649729b8bad247c3.txt","type":"text/plain","size":6},{"uid":"d4bf092cf48ac2c9","name":"Java Version","source":"d4bf092cf48ac2c9.txt","type":"text/plain","size":6},{"uid":"7bf5f484d97fb8a4","name":"Browser","source":"7bf5f484d97fb8a4.txt","type":"text/plain","size":6},{"uid":"d690090c76abfdae","name":"Automation Tool","source":"d690090c76abfdae.txt","type":"text/plain","size":10}],"parameters":[],"shouldDisplayMessage":false,"stepsCount":0,"attachmentsCount":5,"hasContent":true,"attachmentStep":false},{"name":"Add Test Metrics","time":{"start":1752213266683,"stop":1752213266683,"duration":0},"status":"passed","steps":[],"attachments":[{"uid":"242b8a1273ec3f6f","name":"Test Duration","source":"242b8a1273ec3f6f.txt","type":"text/plain","size":14},{"uid":"bca2b6f5ac8494dd","name":"Test Status","source":"bca2b6f5ac8494dd.txt","type":"text/plain","size":7}],"parameters":[{"name":"testName","value":"TC01_verifyDIGIOPageElementsVisible"},{"name":"status","value":"SKIPPED"},{"name":"duration","value":"2"}],"shouldDisplayMessage":false,"stepsCount":0,"attachmentsCount":2,"hasContent":true,"attachmentStep":false},{"name":"Add Trend Data","time":{"start":1752213266683,"stop":1752213266684,"duration":1},"status":"passed","steps":[],"attachments":[],"parameters":[{"name":"testName","value":"TC01_verifyDIGIOPageElementsVisible"},{"name":"status","value":"SKIPPED"},{"name":"duration","value":"2"}],"shouldDisplayMessage":false,"stepsCount":0,"attachmentsCount":0,"hasContent":true,"attachmentStep":false}],"attachments":[],"parameters":[],"shouldDisplayMessage":true,"stepsCount":3,"attachmentsCount":7,"hasContent":true,"attachmentStep":false},"afterStages":[{"name":"tearDown","time":{"start":1752213266685,"stop":1752213266723,"duration":38},"description":"","status":"passed","steps":[],"attachments":[],"parameters":[],"shouldDisplayMessage":false,"stepsCount":0,"attachmentsCount":0,"hasContent":false,"attachmentStep":false}],"labels":[{"name":"package","value":"testClassPool.DIGIOTest"},{"name":"testClass","value":"testClassPool.DIGIOTest"},{"name":"testMethod","value":"TC01_verifyDIGIOPageElementsVisible"},{"name":"parentSuite","value":"Stashfin Web Automation Suite"},{"name":"suite","value":"Stashfin Web Test Run"},{"name":"subSuite","value":"testClassPool.DIGIOTest"},{"name":"host","value":"ebc7cad54d04"},{"name":"thread","value":"102@ebc7cad54d04.TestNG-test-Stashfin Web Test Run-1(31)"},{"name":"framework","value":"testng"},{"name":"language","value":"java"},{"name":"resultFormat","value":"allure2"}],"parameters":[],"links":[],"hidden":false,"retry":false,"extra":{"severity":"normal","retries":[],"categories":[],"tags":[]},"source":"7e2c9633c01a55a7.json","parameterValues":[]}