{"uid":"878ba62e933b6108","name":"Verify UPI Auto Pay page accessibility","fullName":"TC11_verifyUPIAutoPayPageAccessibility (General)","historyId":"93e783e765fa4c4c3fce5e06b0a21e6c","time":{"start":1752180374649,"stop":1752180374650,"duration":1},"status":"skipped","statusMessage":"Reference 1 Name input field is not visible. The page may not have loaded properly or the element locator may be incorrect.","statusTrace":"java.lang.AssertionError: Reference 1 Name input field is not visible. The page may not have loaded properly or the element locator may be incorrect.\n\tat TestUtils.LoanJourneyFlow.fillReferences(LoanJourneyFlow.java:589)\n\tat TestUtils.LoanJourneyFlow.reachJustAFewMoreDetailsToProceedPage(LoanJourneyFlow.java:1133)\n\tat TestUtils.LoanJourneyFlow.reachUPIAutoPayPage(LoanJourneyFlow.java:1284)\n\tat testClassPool.UPIAUTOPAYPAGETest.setUp(UPIAUTOPAYPAGETest.java:23)\n\tat java.base/jdk.internal.reflect.NativeMethodAccessorImpl.invoke0(Native Method)\n\tat java.base/jdk.internal.reflect.NativeMethodAccessorImpl.invoke(NativeMethodAccessorImpl.java:77)\n\tat java.base/jdk.internal.reflect.DelegatingMethodAccessorImpl.invoke(DelegatingMethodAccessorImpl.java:43)\n\tat java.base/java.lang.reflect.Method.invoke(Method.java:568)\n\tat org.testng.internal.invokers.MethodInvocationHelper.invokeMethod(MethodInvocationHelper.java:141)\n\tat org.testng.internal.invokers.MethodInvocationHelper.invokeMethodConsideringTimeout(MethodInvocationHelper.java:71)\n\tat org.testng.internal.invokers.ConfigInvoker.invokeConfigurationMethod(ConfigInvoker.java:400)\n\tat org.testng.internal.invokers.ConfigInvoker.invokeConfigurations(ConfigInvoker.java:333)\n\tat org.testng.internal.invokers.TestInvoker.runConfigMethods(TestInvoker.java:836)\n\tat org.testng.internal.invokers.TestInvoker.invokeMethod(TestInvoker.java:601)\n\tat org.testng.internal.invokers.TestInvoker.invokeTestMethod(TestInvoker.java:230)\n\tat org.testng.internal.invokers.MethodRunner.runInSequence(MethodRunner.java:63)\n\tat org.testng.internal.invokers.TestInvoker$MethodInvocationAgent.invoke(TestInvoker.java:995)\n\tat org.testng.internal.invokers.TestInvoker.invokeTestMethods(TestInvoker.java:203)\n\tat org.testng.internal.invokers.TestMethodWorker.invokeTestMethods(TestMethodWorker.java:154)\n\tat org.testng.internal.invokers.TestMethodWorker.run(TestMethodWorker.java:134)\n\tat java.base/java.util.concurrent.Executors$RunnableAdapter.call(Executors.java:539)\n\tat java.base/java.util.concurrent.FutureTask.run(FutureTask.java:264)\n\tat org.testng.internal.thread.graph.TestNGFutureTask.run(TestNGFutureTask.java:22)\n\tat java.base/java.util.concurrent.ThreadPoolExecutor.runWorker(ThreadPoolExecutor.java:1136)\n\tat java.base/java.util.concurrent.ThreadPoolExecutor$Worker.run(ThreadPoolExecutor.java:635)\n\tat java.base/java.lang.Thread.run(Thread.java:833)\n","flaky":false,"newFailed":false,"newBroken":false,"newPassed":false,"retriesCount":0,"retriesStatusChange":false,"beforeStages":[{"name":"setUp","time":{"start":1752180373917,"stop":1752180374648,"duration":731},"description":"","status":"passed","steps":[],"attachments":[],"parameters":[],"shouldDisplayMessage":false,"stepsCount":0,"attachmentsCount":0,"hasContent":false,"attachmentStep":false},{"name":"setUp","time":{"start":1752180374649,"stop":1752180374649,"duration":0},"description":"","status":"broken","steps":[],"attachments":[],"parameters":[],"shouldDisplayMessage":false,"stepsCount":0,"attachmentsCount":0,"hasContent":false,"attachmentStep":false}],"testStage":{"status":"skipped","statusMessage":"Reference 1 Name input field is not visible. The page may not have loaded properly or the element locator may be incorrect.","statusTrace":"java.lang.AssertionError: Reference 1 Name input field is not visible. The page may not have loaded properly or the element locator may be incorrect.\n\tat TestUtils.LoanJourneyFlow.fillReferences(LoanJourneyFlow.java:589)\n\tat TestUtils.LoanJourneyFlow.reachJustAFewMoreDetailsToProceedPage(LoanJourneyFlow.java:1133)\n\tat TestUtils.LoanJourneyFlow.reachUPIAutoPayPage(LoanJourneyFlow.java:1284)\n\tat testClassPool.UPIAUTOPAYPAGETest.setUp(UPIAUTOPAYPAGETest.java:23)\n\tat java.base/jdk.internal.reflect.NativeMethodAccessorImpl.invoke0(Native Method)\n\tat java.base/jdk.internal.reflect.NativeMethodAccessorImpl.invoke(NativeMethodAccessorImpl.java:77)\n\tat java.base/jdk.internal.reflect.DelegatingMethodAccessorImpl.invoke(DelegatingMethodAccessorImpl.java:43)\n\tat java.base/java.lang.reflect.Method.invoke(Method.java:568)\n\tat org.testng.internal.invokers.MethodInvocationHelper.invokeMethod(MethodInvocationHelper.java:141)\n\tat org.testng.internal.invokers.MethodInvocationHelper.invokeMethodConsideringTimeout(MethodInvocationHelper.java:71)\n\tat org.testng.internal.invokers.ConfigInvoker.invokeConfigurationMethod(ConfigInvoker.java:400)\n\tat org.testng.internal.invokers.ConfigInvoker.invokeConfigurations(ConfigInvoker.java:333)\n\tat org.testng.internal.invokers.TestInvoker.runConfigMethods(TestInvoker.java:836)\n\tat org.testng.internal.invokers.TestInvoker.invokeMethod(TestInvoker.java:601)\n\tat org.testng.internal.invokers.TestInvoker.invokeTestMethod(TestInvoker.java:230)\n\tat org.testng.internal.invokers.MethodRunner.runInSequence(MethodRunner.java:63)\n\tat org.testng.internal.invokers.TestInvoker$MethodInvocationAgent.invoke(TestInvoker.java:995)\n\tat org.testng.internal.invokers.TestInvoker.invokeTestMethods(TestInvoker.java:203)\n\tat org.testng.internal.invokers.TestMethodWorker.invokeTestMethods(TestMethodWorker.java:154)\n\tat org.testng.internal.invokers.TestMethodWorker.run(TestMethodWorker.java:134)\n\tat java.base/java.util.concurrent.Executors$RunnableAdapter.call(Executors.java:539)\n\tat java.base/java.util.concurrent.FutureTask.run(FutureTask.java:264)\n\tat org.testng.internal.thread.graph.TestNGFutureTask.run(TestNGFutureTask.java:22)\n\tat java.base/java.util.concurrent.ThreadPoolExecutor.runWorker(ThreadPoolExecutor.java:1136)\n\tat java.base/java.util.concurrent.ThreadPoolExecutor$Worker.run(ThreadPoolExecutor.java:635)\n\tat java.base/java.lang.Thread.run(Thread.java:833)\n","steps":[{"name":"Add Environment Info","time":{"start":1752180374649,"stop":1752180374650,"duration":1},"status":"passed","steps":[],"attachments":[{"uid":"cf7d5af292a36901","name":"Platform","source":"cf7d5af292a36901.txt","type":"text/plain","size":5},{"uid":"6f1172e7f67f6b8c","name":"Test Framework","source":"6f1172e7f67f6b8c.txt","type":"text/plain","size":6},{"uid":"92622dd7a69f94fc","name":"Java Version","source":"92622dd7a69f94fc.txt","type":"text/plain","size":6},{"uid":"85d4aab35b749383","name":"Browser","source":"85d4aab35b749383.txt","type":"text/plain","size":6},{"uid":"62e5b435f1b41417","name":"Automation Tool","source":"62e5b435f1b41417.txt","type":"text/plain","size":10}],"parameters":[],"shouldDisplayMessage":false,"stepsCount":0,"attachmentsCount":5,"hasContent":true,"attachmentStep":false},{"name":"Add Test Metrics","time":{"start":1752180374650,"stop":1752180374650,"duration":0},"status":"passed","steps":[],"attachments":[{"uid":"7d384b221c98ec55","name":"Test Duration","source":"7d384b221c98ec55.txt","type":"text/plain","size":14},{"uid":"63d47c207b69eed7","name":"Test Status","source":"63d47c207b69eed7.txt","type":"text/plain","size":7}],"parameters":[{"name":"testName","value":"TC11_verifyUPIAutoPayPageAccessibility"},{"name":"status","value":"SKIPPED"},{"name":"duration","value":"1"}],"shouldDisplayMessage":false,"stepsCount":0,"attachmentsCount":2,"hasContent":true,"attachmentStep":false},{"name":"Add Trend Data","time":{"start":1752180374650,"stop":1752180374650,"duration":0},"status":"passed","steps":[],"attachments":[],"parameters":[{"name":"testName","value":"TC11_verifyUPIAutoPayPageAccessibility"},{"name":"status","value":"SKIPPED"},{"name":"duration","value":"1"}],"shouldDisplayMessage":false,"stepsCount":0,"attachmentsCount":0,"hasContent":true,"attachmentStep":false}],"attachments":[],"parameters":[],"shouldDisplayMessage":true,"stepsCount":3,"attachmentsCount":7,"hasContent":true,"attachmentStep":false},"afterStages":[{"name":"tearDown","time":{"start":1752180374651,"stop":1752180374673,"duration":22},"description":"","status":"passed","steps":[],"attachments":[],"parameters":[],"shouldDisplayMessage":false,"stepsCount":0,"attachmentsCount":0,"hasContent":false,"attachmentStep":false}],"labels":[{"name":"package","value":"testClassPool.UPIAUTOPAYPAGETest"},{"name":"testClass","value":"testClassPool.UPIAUTOPAYPAGETest"},{"name":"testMethod","value":"TC11_verifyUPIAutoPayPageAccessibility"},{"name":"parentSuite","value":"Stashfin Web Automation Suite"},{"name":"suite","value":"Stashfin Web Test Run"},{"name":"subSuite","value":"testClassPool.UPIAUTOPAYPAGETest"},{"name":"host","value":"88a75f442ca5"},{"name":"thread","value":"100@88a75f442ca5.TestNG-test-Stashfin Web Test Run-1(31)"},{"name":"framework","value":"testng"},{"name":"language","value":"java"},{"name":"resultFormat","value":"allure2"}],"parameters":[],"links":[],"hidden":false,"retry":false,"extra":{"severity":"normal","retries":[],"categories":[],"tags":[]},"source":"878ba62e933b6108.json","parameterValues":[]}