{"uid":"9087777232adb8b","name":"TC02_verifyContinueButtonIsDisabledInitially","fullName":"TC02_verifyContinueButtonIsDisabledInitially (General)","historyId":"43bd2836292f1deb76432f6b5fdc9b32","time":{"start":1752214075986,"stop":1752214075989,"duration":3},"status":"failed","statusMessage":"Continue Button Initially is unexpectedly enabled. expected [false] but found [true]","statusTrace":"java.lang.AssertionError: Continue Button Initially is unexpectedly enabled. expected [false] but found [true]\n\tat org.testng.Assert.fail(Assert.java:111)\n\tat org.testng.Assert.failNotEquals(Assert.java:1590)\n\tat org.testng.Assert.assertFalse(Assert.java:79)\n\tat utils.AssertionUtils.assertElementDisabled(AssertionUtils.java:65)\n\tat testClassPool.ShareBankStatementTest.TC02_verifyContinueButtonIsDisabledInitially(ShareBankStatementTest.java:54)\n\tat java.base/jdk.internal.reflect.NativeMethodAccessorImpl.invoke0(Native Method)\n\tat java.base/jdk.internal.reflect.NativeMethodAccessorImpl.invoke(NativeMethodAccessorImpl.java:77)\n\tat java.base/jdk.internal.reflect.DelegatingMethodAccessorImpl.invoke(DelegatingMethodAccessorImpl.java:43)\n\tat java.base/java.lang.reflect.Method.invoke(Method.java:568)\n\tat org.testng.internal.invokers.MethodInvocationHelper.invokeMethod(MethodInvocationHelper.java:141)\n\tat org.testng.internal.invokers.TestInvoker.invokeMethod(TestInvoker.java:687)\n\tat org.testng.internal.invokers.TestInvoker.invokeTestMethod(TestInvoker.java:230)\n\tat org.testng.internal.invokers.MethodRunner.runInSequence(MethodRunner.java:63)\n\tat org.testng.internal.invokers.TestInvoker$MethodInvocationAgent.invoke(TestInvoker.java:995)\n\tat org.testng.internal.invokers.TestInvoker.invokeTestMethods(TestInvoker.java:203)\n\tat org.testng.internal.invokers.TestMethodWorker.invokeTestMethods(TestMethodWorker.java:154)\n\tat org.testng.internal.invokers.TestMethodWorker.run(TestMethodWorker.java:134)\n\tat java.base/java.util.concurrent.Executors$RunnableAdapter.call(Executors.java:539)\n\tat java.base/java.util.concurrent.FutureTask.run(FutureTask.java:264)\n\tat org.testng.internal.thread.graph.TestNGFutureTask.run(TestNGFutureTask.java:22)\n\tat java.base/java.util.concurrent.ThreadPoolExecutor.runWorker(ThreadPoolExecutor.java:1136)\n\tat java.base/java.util.concurrent.ThreadPoolExecutor$Worker.run(ThreadPoolExecutor.java:635)\n\tat java.base/java.lang.Thread.run(Thread.java:833)\n","flaky":false,"newFailed":false,"newBroken":false,"newPassed":false,"retriesCount":0,"retriesStatusChange":false,"beforeStages":[{"name":"setUp","time":{"start":1752214063216,"stop":1752214064187,"duration":971},"description":"","status":"passed","steps":[],"attachments":[],"parameters":[],"shouldDisplayMessage":false,"stepsCount":0,"attachmentsCount":0,"hasContent":false,"attachmentStep":false},{"name":"setUP","time":{"start":1752214064187,"stop":1752214075985,"duration":11798},"description":"","status":"passed","steps":[{"name":"Entering mobile number: 8108706495","time":{"start":1752214064722,"stop":1752214065834,"duration":1112},"status":"passed","steps":[],"attachments":[],"parameters":[{"name":"mobileNumber","value":"8108706495"}],"shouldDisplayMessage":false,"stepsCount":0,"attachmentsCount":0,"hasContent":true,"attachmentStep":false},{"name":"Verifying element is visible: {elementName}","time":{"start":1752214073948,"stop":1752214073950,"duration":2},"status":"passed","steps":[],"attachments":[],"parameters":[{"name":"locator","value":"Locator@//*[text()='Approved!']"},{"name":"name","value":"Approved! text"}],"shouldDisplayMessage":false,"stepsCount":0,"attachmentsCount":0,"hasContent":true,"attachmentStep":false},{"name":"Verifying element text is: Approved!","time":{"start":1752214073950,"stop":1752214073951,"duration":1},"status":"passed","steps":[],"attachments":[],"parameters":[{"name":"locator","value":"Locator@//*[text()='Approved!']"},{"name":"expected","value":"Approved!"},{"name":"elementName","value":"Approved Text"}],"shouldDisplayMessage":false,"stepsCount":0,"attachmentsCount":0,"hasContent":true,"attachmentStep":false},{"name":"Verifying element is visible: {elementName}","time":{"start":1752214073951,"stop":1752214073953,"duration":2},"status":"passed","steps":[],"attachments":[],"parameters":[{"name":"locator","value":"Locator@//*[text()='You are eligible for a Personal Loan up to']"},{"name":"name","value":"Approved subtitle"}],"shouldDisplayMessage":false,"stepsCount":0,"attachmentsCount":0,"hasContent":true,"attachmentStep":false},{"name":"Verifying element text is: You are eligible for a Personal Loan up to","time":{"start":1752214073953,"stop":1752214073953,"duration":0},"status":"passed","steps":[],"attachments":[],"parameters":[{"name":"locator","value":"Locator@//*[text()='You are eligible for a Personal Loan up to']"},{"name":"expected","value":"You are eligible for a Personal Loan up to"},{"name":"elementName","value":"Sub Title Text"}],"shouldDisplayMessage":false,"stepsCount":0,"attachmentsCount":0,"hasContent":true,"attachmentStep":false},{"name":"Verifying element is visible: {elementName}","time":{"start":1752214073953,"stop":1752214073955,"duration":2},"status":"passed","steps":[],"attachments":[],"parameters":[{"name":"locator","value":"Locator@//*[@class='amount']/span[2]"},{"name":"name","value":"Approved Amount"}],"shouldDisplayMessage":false,"stepsCount":0,"attachmentsCount":0,"hasContent":true,"attachmentStep":false},{"name":"Verifying element is visible: {elementName}","time":{"start":1752214073955,"stop":1752214073957,"duration":2},"status":"passed","steps":[],"attachments":[],"parameters":[{"name":"locator","value":"Locator@//*[text()='Continue']"},{"name":"name","value":"Continue Button"}],"shouldDisplayMessage":false,"stepsCount":0,"attachmentsCount":0,"hasContent":true,"attachmentStep":false},{"name":"Verifying element is enabled: Continue Button","time":{"start":1752214073957,"stop":1752214073958,"duration":1},"status":"passed","steps":[],"attachments":[],"parameters":[{"name":"locator","value":"Locator@//*[text()='Continue']"},{"name":"elementName","value":"Continue Button"}],"shouldDisplayMessage":false,"stepsCount":0,"attachmentsCount":0,"hasContent":true,"attachmentStep":false}],"attachments":[],"parameters":[],"shouldDisplayMessage":false,"stepsCount":8,"attachmentsCount":0,"hasContent":true,"attachmentStep":false}],"testStage":{"status":"failed","statusMessage":"Continue Button Initially is unexpectedly enabled. expected [false] but found [true]","statusTrace":"java.lang.AssertionError: Continue Button Initially is unexpectedly enabled. expected [false] but found [true]\n\tat org.testng.Assert.fail(Assert.java:111)\n\tat org.testng.Assert.failNotEquals(Assert.java:1590)\n\tat org.testng.Assert.assertFalse(Assert.java:79)\n\tat utils.AssertionUtils.assertElementDisabled(AssertionUtils.java:65)\n\tat testClassPool.ShareBankStatementTest.TC02_verifyContinueButtonIsDisabledInitially(ShareBankStatementTest.java:54)\n\tat java.base/jdk.internal.reflect.NativeMethodAccessorImpl.invoke0(Native Method)\n\tat java.base/jdk.internal.reflect.NativeMethodAccessorImpl.invoke(NativeMethodAccessorImpl.java:77)\n\tat java.base/jdk.internal.reflect.DelegatingMethodAccessorImpl.invoke(DelegatingMethodAccessorImpl.java:43)\n\tat java.base/java.lang.reflect.Method.invoke(Method.java:568)\n\tat org.testng.internal.invokers.MethodInvocationHelper.invokeMethod(MethodInvocationHelper.java:141)\n\tat org.testng.internal.invokers.TestInvoker.invokeMethod(TestInvoker.java:687)\n\tat org.testng.internal.invokers.TestInvoker.invokeTestMethod(TestInvoker.java:230)\n\tat org.testng.internal.invokers.MethodRunner.runInSequence(MethodRunner.java:63)\n\tat org.testng.internal.invokers.TestInvoker$MethodInvocationAgent.invoke(TestInvoker.java:995)\n\tat org.testng.internal.invokers.TestInvoker.invokeTestMethods(TestInvoker.java:203)\n\tat org.testng.internal.invokers.TestMethodWorker.invokeTestMethods(TestMethodWorker.java:154)\n\tat org.testng.internal.invokers.TestMethodWorker.run(TestMethodWorker.java:134)\n\tat java.base/java.util.concurrent.Executors$RunnableAdapter.call(Executors.java:539)\n\tat java.base/java.util.concurrent.FutureTask.run(FutureTask.java:264)\n\tat org.testng.internal.thread.graph.TestNGFutureTask.run(TestNGFutureTask.java:22)\n\tat java.base/java.util.concurrent.ThreadPoolExecutor.runWorker(ThreadPoolExecutor.java:1136)\n\tat java.base/java.util.concurrent.ThreadPoolExecutor$Worker.run(ThreadPoolExecutor.java:635)\n\tat java.base/java.lang.Thread.run(Thread.java:833)\n","steps":[{"name":"Add Environment Info","time":{"start":1752214075986,"stop":1752214075987,"duration":1},"status":"passed","steps":[],"attachments":[{"uid":"639119511bd784b4","name":"Platform","source":"639119511bd784b4.txt","type":"text/plain","size":5},{"uid":"79399bf179203510","name":"Test Framework","source":"79399bf179203510.txt","type":"text/plain","size":6},{"uid":"2f4109b6e68c160a","name":"Java Version","source":"2f4109b6e68c160a.txt","type":"text/plain","size":6},{"uid":"a59d943aea2ff087","name":"Browser","source":"a59d943aea2ff087.txt","type":"text/plain","size":6},{"uid":"46f4dffea4776c13","name":"Automation Tool","source":"46f4dffea4776c13.txt","type":"text/plain","size":10}],"parameters":[],"shouldDisplayMessage":false,"stepsCount":0,"attachmentsCount":5,"hasContent":true,"attachmentStep":false},{"name":"Verifying element is disabled: Continue Button Initially","time":{"start":1752214075987,"stop":1752214075989,"duration":2},"status":"failed","statusMessage":"Continue Button Initially is unexpectedly enabled. expected [false] but found [true]","statusTrace":"java.lang.AssertionError: Continue Button Initially is unexpectedly enabled. expected [false] but found [true]\n\tat org.testng.Assert.fail(Assert.java:111)\n\tat org.testng.Assert.failNotEquals(Assert.java:1590)\n\tat org.testng.Assert.assertFalse(Assert.java:79)\n\tat utils.AssertionUtils.assertElementDisabled(AssertionUtils.java:65)\n\tat testClassPool.ShareBankStatementTest.TC02_verifyContinueButtonIsDisabledInitially(ShareBankStatementTest.java:54)\n\tat java.base/jdk.internal.reflect.NativeMethodAccessorImpl.invoke0(Native Method)\n\tat java.base/jdk.internal.reflect.NativeMethodAccessorImpl.invoke(NativeMethodAccessorImpl.java:77)\n\tat java.base/jdk.internal.reflect.DelegatingMethodAccessorImpl.invoke(DelegatingMethodAccessorImpl.java:43)\n\tat java.base/java.lang.reflect.Method.invoke(Method.java:568)\n\tat org.testng.internal.invokers.MethodInvocationHelper.invokeMethod(MethodInvocationHelper.java:141)\n\tat org.testng.internal.invokers.TestInvoker.invokeMethod(TestInvoker.java:687)\n\tat org.testng.internal.invokers.TestInvoker.invokeTestMethod(TestInvoker.java:230)\n\tat org.testng.internal.invokers.MethodRunner.runInSequence(MethodRunner.java:63)\n\tat org.testng.internal.invokers.TestInvoker$MethodInvocationAgent.invoke(TestInvoker.java:995)\n\tat org.testng.internal.invokers.TestInvoker.invokeTestMethods(TestInvoker.java:203)\n\tat org.testng.internal.invokers.TestMethodWorker.invokeTestMethods(TestMethodWorker.java:154)\n\tat org.testng.internal.invokers.TestMethodWorker.run(TestMethodWorker.java:134)\n\tat java.base/java.util.concurrent.Executors$RunnableAdapter.call(Executors.java:539)\n\tat java.base/java.util.concurrent.FutureTask.run(FutureTask.java:264)\n\tat org.testng.internal.thread.graph.TestNGFutureTask.run(TestNGFutureTask.java:22)\n\tat java.base/java.util.concurrent.ThreadPoolExecutor.runWorker(ThreadPoolExecutor.java:1136)\n\tat java.base/java.util.concurrent.ThreadPoolExecutor$Worker.run(ThreadPoolExecutor.java:635)\n\tat java.base/java.lang.Thread.run(Thread.java:833)\n","steps":[],"attachments":[],"parameters":[{"name":"locator","value":"Locator@//*[@type=\"button\"]"},{"name":"elementName","value":"Continue Button Initially"}],"shouldDisplayMessage":true,"stepsCount":0,"attachmentsCount":0,"hasContent":true,"attachmentStep":false},{"name":"Add Test Metrics","time":{"start":1752214075989,"stop":1752214075989,"duration":0},"status":"passed","steps":[],"attachments":[{"uid":"5a455c44de428427","name":"Test Duration","source":"5a455c44de428427.txt","type":"text/plain","size":14},{"uid":"14abf71a245820ee","name":"Test Status","source":"14abf71a245820ee.txt","type":"text/plain","size":6}],"parameters":[{"name":"testName","value":"TC02_verifyContinueButtonIsDisabledInitially"},{"name":"status","value":"FAILED"},{"name":"duration","value":"3"}],"shouldDisplayMessage":false,"stepsCount":0,"attachmentsCount":2,"hasContent":true,"attachmentStep":false},{"name":"Add Trend Data","time":{"start":1752214075989,"stop":1752214075989,"duration":0},"status":"passed","steps":[],"attachments":[],"parameters":[{"name":"testName","value":"TC02_verifyContinueButtonIsDisabledInitially"},{"name":"status","value":"FAILED"},{"name":"duration","value":"3"}],"shouldDisplayMessage":false,"stepsCount":0,"attachmentsCount":0,"hasContent":true,"attachmentStep":false},{"name":"Add Failure Details","time":{"start":1752214075989,"stop":1752214075989,"duration":0},"status":"passed","steps":[],"attachments":[{"uid":"d57ec8dca9ea3ea5","name":"Error Stack Trace","source":"d57ec8dca9ea3ea5.txt","type":"text/plain","size":1787},{"uid":"88bac90db51ae793","name":"Error Message","source":"88bac90db51ae793.txt","type":"text/plain","size":84}],"parameters":[{"name":"result","value":"[TestResult name=TC02_verifyContinueButtonIsDisabledInitially status=FAILURE method=ShareBankStatementTest.TC02_verifyContinueButtonIsDisabledInitially()[pri:0, instance:testClassPool.ShareBankStatementTest@fd9ebde] output=[2025-07-11 06:07:55] STARTED - TC02_verifyContinueButtonIsDisabledInitially: Test execution started]"}],"shouldDisplayMessage":false,"stepsCount":0,"attachmentsCount":2,"hasContent":true,"attachmentStep":false}],"attachments":[],"parameters":[],"shouldDisplayMessage":false,"stepsCount":5,"attachmentsCount":9,"hasContent":true,"attachmentStep":false},"afterStages":[{"name":"tearDown","time":{"start":1752214075990,"stop":1752214076075,"duration":85},"description":"","status":"passed","steps":[],"attachments":[{"uid":"83be06c3ef1f426f","name":"All Failed APIs","source":"83be06c3ef1f426f.txt","type":"text/plain","size":607}],"parameters":[],"shouldDisplayMessage":false,"stepsCount":0,"attachmentsCount":1,"hasContent":true,"attachmentStep":false}],"labels":[{"name":"package","value":"testClassPool.ShareBankStatementTest"},{"name":"testClass","value":"testClassPool.ShareBankStatementTest"},{"name":"testMethod","value":"TC02_verifyContinueButtonIsDisabledInitially"},{"name":"parentSuite","value":"Stashfin Web Automation Suite"},{"name":"suite","value":"Stashfin Web Test Run"},{"name":"subSuite","value":"testClassPool.ShareBankStatementTest"},{"name":"host","value":"ebc7cad54d04"},{"name":"thread","value":"102@ebc7cad54d04.TestNG-test-Stashfin Web Test Run-1(31)"},{"name":"framework","value":"testng"},{"name":"language","value":"java"},{"name":"resultFormat","value":"allure2"}],"parameters":[],"links":[],"hidden":false,"retry":false,"extra":{"severity":"normal","retries":[],"categories":[{"name":"Product defects","matchedStatuses":[],"flaky":false}],"tags":[]},"source":"9087777232adb8b.json","parameterValues":[]}