{"uid":"9360068b7033ab2a","name":"Test form validation with empty account number","fullName":"TC23_testFormValidationWithEmptyAccountNumber (Bank Account)","historyId":"4c56c56a6827c5f406c351043a06f8c4","time":{"start":1751435750091,"stop":1751435750092,"duration":1},"status":"skipped","statusMessage":"Bank Account Details page did not load after Aadhaar KYC bypass. Navigation may have failed or page is still loading.","statusTrace":"java.lang.AssertionError: Bank Account Details page did not load after Aadhaar KYC bypass. Navigation may have failed or page is still loading.\n\tat TestUtils.LoanJourneyFlow.reachBankAccountDetailsPage(LoanJourneyFlow.java:282)\n\tat testClassPool.EnterYourBankAccountDetailsTest.setUp(EnterYourBankAccountDetailsTest.java:26)\n\tat java.base/jdk.internal.reflect.DirectMethodHandleAccessor.invoke(DirectMethodHandleAccessor.java:103)\n\tat java.base/java.lang.reflect.Method.invoke(Method.java:580)\n\tat org.testng.internal.invokers.MethodInvocationHelper.invokeMethod(MethodInvocationHelper.java:141)\n\tat org.testng.internal.invokers.MethodInvocationHelper.invokeMethodConsideringTimeout(MethodInvocationHelper.java:71)\n\tat org.testng.internal.invokers.ConfigInvoker.invokeConfigurationMethod(ConfigInvoker.java:400)\n\tat org.testng.internal.invokers.ConfigInvoker.invokeConfigurations(ConfigInvoker.java:333)\n\tat org.testng.internal.invokers.TestInvoker.runConfigMethods(TestInvoker.java:836)\n\tat org.testng.internal.invokers.TestInvoker.invokeMethod(TestInvoker.java:601)\n\tat org.testng.internal.invokers.TestInvoker.invokeTestMethod(TestInvoker.java:230)\n\tat org.testng.internal.invokers.MethodRunner.runInSequence(MethodRunner.java:63)\n\tat org.testng.internal.invokers.TestInvoker$MethodInvocationAgent.invoke(TestInvoker.java:995)\n\tat org.testng.internal.invokers.TestInvoker.invokeTestMethods(TestInvoker.java:203)\n\tat org.testng.internal.invokers.TestMethodWorker.invokeTestMethods(TestMethodWorker.java:154)\n\tat org.testng.internal.invokers.TestMethodWorker.run(TestMethodWorker.java:134)\n\tat java.base/java.util.ArrayList.forEach(ArrayList.java:1597)\n\tat org.testng.TestRunner.privateRun(TestRunner.java:741)\n\tat org.testng.TestRunner.run(TestRunner.java:616)\n\tat org.testng.SuiteRunner.runTest(SuiteRunner.java:421)\n\tat org.testng.SuiteRunner$SuiteWorker.run(SuiteRunner.java:463)\n\tat org.testng.internal.thread.ThreadUtil.lambda$execute$0(ThreadUtil.java:64)\n\tat java.base/java.util.concurrent.FutureTask.run(FutureTask.java:317)\n\tat java.base/java.util.concurrent.ThreadPoolExecutor.runWorker(ThreadPoolExecutor.java:1144)\n\tat java.base/java.util.concurrent.ThreadPoolExecutor$Worker.run(ThreadPoolExecutor.java:642)\n\tat java.base/java.lang.Thread.run(Thread.java:1575)\n","flaky":false,"newFailed":false,"newBroken":false,"newPassed":false,"retriesCount":0,"retriesStatusChange":false,"beforeStages":[{"name":"setUp","time":{"start":1751435749077,"stop":1751435750090,"duration":1013},"description":"","status":"passed","steps":[],"attachments":[],"parameters":[],"shouldDisplayMessage":false,"stepsCount":0,"attachmentsCount":0,"hasContent":false,"attachmentStep":false},{"name":"setUp","time":{"start":1751435750091,"stop":1751435750091,"duration":0},"description":"","status":"broken","steps":[],"attachments":[],"parameters":[],"shouldDisplayMessage":false,"stepsCount":0,"attachmentsCount":0,"hasContent":false,"attachmentStep":false}],"testStage":{"status":"skipped","statusMessage":"Bank Account Details page did not load after Aadhaar KYC bypass. Navigation may have failed or page is still loading.","statusTrace":"java.lang.AssertionError: Bank Account Details page did not load after Aadhaar KYC bypass. Navigation may have failed or page is still loading.\n\tat TestUtils.LoanJourneyFlow.reachBankAccountDetailsPage(LoanJourneyFlow.java:282)\n\tat testClassPool.EnterYourBankAccountDetailsTest.setUp(EnterYourBankAccountDetailsTest.java:26)\n\tat java.base/jdk.internal.reflect.DirectMethodHandleAccessor.invoke(DirectMethodHandleAccessor.java:103)\n\tat java.base/java.lang.reflect.Method.invoke(Method.java:580)\n\tat org.testng.internal.invokers.MethodInvocationHelper.invokeMethod(MethodInvocationHelper.java:141)\n\tat org.testng.internal.invokers.MethodInvocationHelper.invokeMethodConsideringTimeout(MethodInvocationHelper.java:71)\n\tat org.testng.internal.invokers.ConfigInvoker.invokeConfigurationMethod(ConfigInvoker.java:400)\n\tat org.testng.internal.invokers.ConfigInvoker.invokeConfigurations(ConfigInvoker.java:333)\n\tat org.testng.internal.invokers.TestInvoker.runConfigMethods(TestInvoker.java:836)\n\tat org.testng.internal.invokers.TestInvoker.invokeMethod(TestInvoker.java:601)\n\tat org.testng.internal.invokers.TestInvoker.invokeTestMethod(TestInvoker.java:230)\n\tat org.testng.internal.invokers.MethodRunner.runInSequence(MethodRunner.java:63)\n\tat org.testng.internal.invokers.TestInvoker$MethodInvocationAgent.invoke(TestInvoker.java:995)\n\tat org.testng.internal.invokers.TestInvoker.invokeTestMethods(TestInvoker.java:203)\n\tat org.testng.internal.invokers.TestMethodWorker.invokeTestMethods(TestMethodWorker.java:154)\n\tat org.testng.internal.invokers.TestMethodWorker.run(TestMethodWorker.java:134)\n\tat java.base/java.util.ArrayList.forEach(ArrayList.java:1597)\n\tat org.testng.TestRunner.privateRun(TestRunner.java:741)\n\tat org.testng.TestRunner.run(TestRunner.java:616)\n\tat org.testng.SuiteRunner.runTest(SuiteRunner.java:421)\n\tat org.testng.SuiteRunner$SuiteWorker.run(SuiteRunner.java:463)\n\tat org.testng.internal.thread.ThreadUtil.lambda$execute$0(ThreadUtil.java:64)\n\tat java.base/java.util.concurrent.FutureTask.run(FutureTask.java:317)\n\tat java.base/java.util.concurrent.ThreadPoolExecutor.runWorker(ThreadPoolExecutor.java:1144)\n\tat java.base/java.util.concurrent.ThreadPoolExecutor$Worker.run(ThreadPoolExecutor.java:642)\n\tat java.base/java.lang.Thread.run(Thread.java:1575)\n","steps":[{"name":"Add Environment Info","time":{"start":1751435750091,"stop":1751435750092,"duration":1},"status":"passed","steps":[],"attachments":[{"uid":"8dbf7ab73e8b1b50","name":"Platform","source":"8dbf7ab73e8b1b50.txt","type":"text/plain","size":8},{"uid":"237acbce3bd1d977","name":"Test Framework","source":"237acbce3bd1d977.txt","type":"text/plain","size":6},{"uid":"141a85c8de5807e5","name":"Java Version","source":"141a85c8de5807e5.txt","type":"text/plain","size":6},{"uid":"a2f7d961f74469d2","name":"Browser","source":"a2f7d961f74469d2.txt","type":"text/plain","size":6},{"uid":"6023fa8920d27c23","name":"Automation Tool","source":"6023fa8920d27c23.txt","type":"text/plain","size":10}],"parameters":[],"shouldDisplayMessage":false,"stepsCount":0,"attachmentsCount":5,"hasContent":true,"attachmentStep":false},{"name":"Add Test Metrics","time":{"start":1751435750092,"stop":1751435750092,"duration":0},"status":"passed","steps":[],"attachments":[{"uid":"b7eef04d66e5778d","name":"Test Duration","source":"b7eef04d66e5778d.txt","type":"text/plain","size":14},{"uid":"72bc28f75e91036a","name":"Test Status","source":"72bc28f75e91036a.txt","type":"text/plain","size":7}],"parameters":[{"name":"testName","value":"TC23_testFormValidationWithEmptyAccountNumber"},{"name":"status","value":"SKIPPED"},{"name":"duration","value":"1"}],"shouldDisplayMessage":false,"stepsCount":0,"attachmentsCount":2,"hasContent":true,"attachmentStep":false},{"name":"Add Trend Data","time":{"start":1751435750092,"stop":1751435750092,"duration":0},"status":"passed","steps":[],"attachments":[],"parameters":[{"name":"testName","value":"TC23_testFormValidationWithEmptyAccountNumber"},{"name":"status","value":"SKIPPED"},{"name":"duration","value":"1"}],"shouldDisplayMessage":false,"stepsCount":0,"attachmentsCount":0,"hasContent":true,"attachmentStep":false}],"attachments":[],"parameters":[],"shouldDisplayMessage":true,"stepsCount":3,"attachmentsCount":7,"hasContent":true,"attachmentStep":false},"afterStages":[{"name":"tearDown","time":{"start":1751435750092,"stop":1751435750205,"duration":113},"description":"","status":"passed","steps":[],"attachments":[],"parameters":[],"shouldDisplayMessage":false,"stepsCount":0,"attachmentsCount":0,"hasContent":false,"attachmentStep":false}],"labels":[{"name":"package","value":"testClassPool.EnterYourBankAccountDetailsTest"},{"name":"testClass","value":"testClassPool.EnterYourBankAccountDetailsTest"},{"name":"testMethod","value":"TC23_testFormValidationWithEmptyAccountNumber"},{"name":"parentSuite","value":"Stashfin Web Automation Suite"},{"name":"suite","value":"Stashfin Web Test Run"},{"name":"subSuite","value":"testClassPool.EnterYourBankAccountDetailsTest"},{"name":"host","value":"MacBook-Pro.local"},{"name":"thread","value":"19907@MacBook-Pro.local.TestNG-tests-1(47)"},{"name":"framework","value":"testng"},{"name":"language","value":"java"},{"name":"resultFormat","value":"allure2"}],"parameters":[],"links":[],"hidden":true,"retry":true,"extra":{"categories":[],"tags":[]},"source":"9360068b7033ab2a.json","parameterValues":[]}