{"uid":"93e4fc695d1459dd","name":"TC_AA_OTP_Flow_SelectBank_EnterOtp_Submit","fullName":"TC_AA_OTP_Flow_SelectBank_EnterOtp_Submit (General)","historyId":"18413f02463a6095df3906375c3100c5","time":{"start":1752214162133,"stop":1752214192531,"duration":30398},"status":"broken","statusMessage":"Error {\n  message='Timeout 30000ms exceeded.\n  name='TimeoutError\n  stack='TimeoutError: Timeout 30000ms exceeded.\n    at ProgressController.run (/tmp/playwright-java-363669863262601229/package/lib/server/progress.js:76:26)\n    at Frame.click (/tmp/playwright-java-363669863262601229/package/lib/server/frames.js:991:23)\n    at FrameDispatcher.click (/tmp/playwright-java-363669863262601229/package/lib/server/dispatchers/frameDispatcher.js:117:30)\n    at FrameDispatcher._handleCommand (/tmp/playwright-java-363669863262601229/package/lib/server/dispatchers/dispatcher.js:94:40)\n    at DispatcherConnection.dispatch (/tmp/playwright-java-363669863262601229/package/lib/server/dispatchers/dispatcher.js:307:39)\n}\nCall log:\n-   - waiting for locator(\"//li[contains(.,'Ignosis Bank UAT')]\")\n","statusTrace":"com.microsoft.playwright.TimeoutError: Error {\n  message='Timeout 30000ms exceeded.\n  name='TimeoutError\n  stack='TimeoutError: Timeout 30000ms exceeded.\n    at ProgressController.run (/tmp/playwright-java-363669863262601229/package/lib/server/progress.js:76:26)\n    at Frame.click (/tmp/playwright-java-363669863262601229/package/lib/server/frames.js:991:23)\n    at FrameDispatcher.click (/tmp/playwright-java-363669863262601229/package/lib/server/dispatchers/frameDispatcher.js:117:30)\n    at FrameDispatcher._handleCommand (/tmp/playwright-java-363669863262601229/package/lib/server/dispatchers/dispatcher.js:94:40)\n    at DispatcherConnection.dispatch (/tmp/playwright-java-363669863262601229/package/lib/server/dispatchers/dispatcher.js:307:39)\n}\nCall log:\n-   - waiting for locator(\"//li[contains(.,'Ignosis Bank UAT')]\")\n\n\tat com.microsoft.playwright.impl.WaitableResult.get(WaitableResult.java:52)\n\tat com.microsoft.playwright.impl.ChannelOwner.runUntil(ChannelOwner.java:132)\n\tat com.microsoft.playwright.impl.Connection.sendMessage(Connection.java:130)\n\tat com.microsoft.playwright.impl.ChannelOwner.sendMessage(ChannelOwner.java:118)\n\tat com.microsoft.playwright.impl.FrameImpl.clickImpl(FrameImpl.java:252)\n\tat com.microsoft.playwright.impl.FrameImpl.lambda$click$8(FrameImpl.java:243)\n\tat com.microsoft.playwright.impl.LoggingSupport.lambda$withLogging$0(LoggingSupport.java:36)\n\tat com.microsoft.playwright.impl.LoggingSupport.withLogging(LoggingSupport.java:47)\n\tat com.microsoft.playwright.impl.ChannelOwner.withLogging(ChannelOwner.java:97)\n\tat com.microsoft.playwright.impl.LoggingSupport.withLogging(LoggingSupport.java:35)\n\tat com.microsoft.playwright.impl.FrameImpl.click(FrameImpl.java:243)\n\tat com.microsoft.playwright.impl.LocatorImpl.click(LocatorImpl.java:174)\n\tat com.microsoft.playwright.Locator.click(Locator.java:2513)\n\tat pages.ht_media.ShareBankStatement.selectIgnosisBankUAT(ShareBankStatement.java:213)\n\tat testClassPool.ShareBankStatementTest.TC_AA_OTP_Flow_SelectBank_EnterOtp_Submit(ShareBankStatementTest.java:82)\n\tat java.base/jdk.internal.reflect.NativeMethodAccessorImpl.invoke0(Native Method)\n\tat java.base/jdk.internal.reflect.NativeMethodAccessorImpl.invoke(NativeMethodAccessorImpl.java:77)\n\tat java.base/jdk.internal.reflect.DelegatingMethodAccessorImpl.invoke(DelegatingMethodAccessorImpl.java:43)\n\tat java.base/java.lang.reflect.Method.invoke(Method.java:568)\n\tat org.testng.internal.invokers.MethodInvocationHelper.invokeMethod(MethodInvocationHelper.java:141)\n\tat org.testng.internal.invokers.TestInvoker.invokeMethod(TestInvoker.java:687)\n\tat org.testng.internal.invokers.TestInvoker.invokeTestMethod(TestInvoker.java:230)\n\tat org.testng.internal.invokers.MethodRunner.runInSequence(MethodRunner.java:63)\n\tat org.testng.internal.invokers.TestInvoker$MethodInvocationAgent.invoke(TestInvoker.java:995)\n\tat org.testng.internal.invokers.TestInvoker.invokeTestMethods(TestInvoker.java:203)\n\tat org.testng.internal.invokers.TestMethodWorker.invokeTestMethods(TestMethodWorker.java:154)\n\tat org.testng.internal.invokers.TestMethodWorker.run(TestMethodWorker.java:134)\n\tat java.base/java.util.concurrent.Executors$RunnableAdapter.call(Executors.java:539)\n\tat java.base/java.util.concurrent.FutureTask.run(FutureTask.java:264)\n\tat org.testng.internal.thread.graph.TestNGFutureTask.run(TestNGFutureTask.java:22)\n\tat java.base/java.util.concurrent.ThreadPoolExecutor.runWorker(ThreadPoolExecutor.java:1136)\n\tat java.base/java.util.concurrent.ThreadPoolExecutor$Worker.run(ThreadPoolExecutor.java:635)\n\tat java.base/java.lang.Thread.run(Thread.java:833)\nCaused by: com.microsoft.playwright.TimeoutError: Error {\n  message='Timeout 30000ms exceeded.\n  name='TimeoutError\n  stack='TimeoutError: Timeout 30000ms exceeded.\n    at ProgressController.run (/tmp/playwright-java-363669863262601229/package/lib/server/progress.js:76:26)\n    at Frame.click (/tmp/playwright-java-363669863262601229/package/lib/server/frames.js:991:23)\n    at FrameDispatcher.click (/tmp/playwright-java-363669863262601229/package/lib/server/dispatchers/frameDispatcher.js:117:30)\n    at FrameDispatcher._handleCommand (/tmp/playwright-java-363669863262601229/package/lib/server/dispatchers/dispatcher.js:94:40)\n    at DispatcherConnection.dispatch (/tmp/playwright-java-363669863262601229/package/lib/server/dispatchers/dispatcher.js:307:39)\n}\nCall log:\n-   - waiting for locator(\"//li[contains(.,'Ignosis Bank UAT')]\")\n\n\tat com.microsoft.playwright.impl.Connection.dispatch(Connection.java:254)\n\tat com.microsoft.playwright.impl.Connection.processOneMessage(Connection.java:211)\n\tat com.microsoft.playwright.impl.ChannelOwner.runUntil(ChannelOwner.java:130)\n\t... 31 more\n","flaky":false,"newFailed":false,"newBroken":false,"newPassed":false,"retriesCount":0,"retriesStatusChange":false,"beforeStages":[{"name":"setUp","time":{"start":1752214148814,"stop":1752214150075,"duration":1261},"description":"","status":"passed","steps":[],"attachments":[],"parameters":[],"shouldDisplayMessage":false,"stepsCount":0,"attachmentsCount":0,"hasContent":false,"attachmentStep":false},{"name":"setUP","time":{"start":1752214150075,"stop":1752214162131,"duration":12056},"description":"","status":"passed","steps":[{"name":"Entering mobile number: 9871516723","time":{"start":1752214150615,"stop":1752214151677,"duration":1062},"status":"passed","steps":[],"attachments":[],"parameters":[{"name":"mobileNumber","value":"9871516723"}],"shouldDisplayMessage":false,"stepsCount":0,"attachmentsCount":0,"hasContent":true,"attachmentStep":false},{"name":"Verifying element is visible: {elementName}","time":{"start":1752214160096,"stop":1752214160098,"duration":2},"status":"passed","steps":[],"attachments":[],"parameters":[{"name":"locator","value":"Locator@//*[text()='Approved!']"},{"name":"name","value":"Approved! text"}],"shouldDisplayMessage":false,"stepsCount":0,"attachmentsCount":0,"hasContent":true,"attachmentStep":false},{"name":"Verifying element text is: Approved!","time":{"start":1752214160098,"stop":1752214160099,"duration":1},"status":"passed","steps":[],"attachments":[],"parameters":[{"name":"locator","value":"Locator@//*[text()='Approved!']"},{"name":"expected","value":"Approved!"},{"name":"elementName","value":"Approved Text"}],"shouldDisplayMessage":false,"stepsCount":0,"attachmentsCount":0,"hasContent":true,"attachmentStep":false},{"name":"Verifying element is visible: {elementName}","time":{"start":1752214160099,"stop":1752214160101,"duration":2},"status":"passed","steps":[],"attachments":[],"parameters":[{"name":"locator","value":"Locator@//*[text()='You are eligible for a Personal Loan up to']"},{"name":"name","value":"Approved subtitle"}],"shouldDisplayMessage":false,"stepsCount":0,"attachmentsCount":0,"hasContent":true,"attachmentStep":false},{"name":"Verifying element text is: You are eligible for a Personal Loan up to","time":{"start":1752214160101,"stop":1752214160102,"duration":1},"status":"passed","steps":[],"attachments":[],"parameters":[{"name":"locator","value":"Locator@//*[text()='You are eligible for a Personal Loan up to']"},{"name":"expected","value":"You are eligible for a Personal Loan up to"},{"name":"elementName","value":"Sub Title Text"}],"shouldDisplayMessage":false,"stepsCount":0,"attachmentsCount":0,"hasContent":true,"attachmentStep":false},{"name":"Verifying element is visible: {elementName}","time":{"start":1752214160102,"stop":1752214160104,"duration":2},"status":"passed","steps":[],"attachments":[],"parameters":[{"name":"locator","value":"Locator@//*[@class='amount']/span[2]"},{"name":"name","value":"Approved Amount"}],"shouldDisplayMessage":false,"stepsCount":0,"attachmentsCount":0,"hasContent":true,"attachmentStep":false},{"name":"Verifying element is visible: {elementName}","time":{"start":1752214160104,"stop":1752214160106,"duration":2},"status":"passed","steps":[],"attachments":[],"parameters":[{"name":"locator","value":"Locator@//*[text()='Continue']"},{"name":"name","value":"Continue Button"}],"shouldDisplayMessage":false,"stepsCount":0,"attachmentsCount":0,"hasContent":true,"attachmentStep":false},{"name":"Verifying element is enabled: Continue Button","time":{"start":1752214160106,"stop":1752214160107,"duration":1},"status":"passed","steps":[],"attachments":[],"parameters":[{"name":"locator","value":"Locator@//*[text()='Continue']"},{"name":"elementName","value":"Continue Button"}],"shouldDisplayMessage":false,"stepsCount":0,"attachmentsCount":0,"hasContent":true,"attachmentStep":false}],"attachments":[],"parameters":[],"shouldDisplayMessage":false,"stepsCount":8,"attachmentsCount":0,"hasContent":true,"attachmentStep":false}],"testStage":{"status":"broken","statusMessage":"Error {\n  message='Timeout 30000ms exceeded.\n  name='TimeoutError\n  stack='TimeoutError: Timeout 30000ms exceeded.\n    at ProgressController.run (/tmp/playwright-java-363669863262601229/package/lib/server/progress.js:76:26)\n    at Frame.click (/tmp/playwright-java-363669863262601229/package/lib/server/frames.js:991:23)\n    at FrameDispatcher.click (/tmp/playwright-java-363669863262601229/package/lib/server/dispatchers/frameDispatcher.js:117:30)\n    at FrameDispatcher._handleCommand (/tmp/playwright-java-363669863262601229/package/lib/server/dispatchers/dispatcher.js:94:40)\n    at DispatcherConnection.dispatch (/tmp/playwright-java-363669863262601229/package/lib/server/dispatchers/dispatcher.js:307:39)\n}\nCall log:\n-   - waiting for locator(\"//li[contains(.,'Ignosis Bank UAT')]\")\n","statusTrace":"com.microsoft.playwright.TimeoutError: Error {\n  message='Timeout 30000ms exceeded.\n  name='TimeoutError\n  stack='TimeoutError: Timeout 30000ms exceeded.\n    at ProgressController.run (/tmp/playwright-java-363669863262601229/package/lib/server/progress.js:76:26)\n    at Frame.click (/tmp/playwright-java-363669863262601229/package/lib/server/frames.js:991:23)\n    at FrameDispatcher.click (/tmp/playwright-java-363669863262601229/package/lib/server/dispatchers/frameDispatcher.js:117:30)\n    at FrameDispatcher._handleCommand (/tmp/playwright-java-363669863262601229/package/lib/server/dispatchers/dispatcher.js:94:40)\n    at DispatcherConnection.dispatch (/tmp/playwright-java-363669863262601229/package/lib/server/dispatchers/dispatcher.js:307:39)\n}\nCall log:\n-   - waiting for locator(\"//li[contains(.,'Ignosis Bank UAT')]\")\n\n\tat com.microsoft.playwright.impl.WaitableResult.get(WaitableResult.java:52)\n\tat com.microsoft.playwright.impl.ChannelOwner.runUntil(ChannelOwner.java:132)\n\tat com.microsoft.playwright.impl.Connection.sendMessage(Connection.java:130)\n\tat com.microsoft.playwright.impl.ChannelOwner.sendMessage(ChannelOwner.java:118)\n\tat com.microsoft.playwright.impl.FrameImpl.clickImpl(FrameImpl.java:252)\n\tat com.microsoft.playwright.impl.FrameImpl.lambda$click$8(FrameImpl.java:243)\n\tat com.microsoft.playwright.impl.LoggingSupport.lambda$withLogging$0(LoggingSupport.java:36)\n\tat com.microsoft.playwright.impl.LoggingSupport.withLogging(LoggingSupport.java:47)\n\tat com.microsoft.playwright.impl.ChannelOwner.withLogging(ChannelOwner.java:97)\n\tat com.microsoft.playwright.impl.LoggingSupport.withLogging(LoggingSupport.java:35)\n\tat com.microsoft.playwright.impl.FrameImpl.click(FrameImpl.java:243)\n\tat com.microsoft.playwright.impl.LocatorImpl.click(LocatorImpl.java:174)\n\tat com.microsoft.playwright.Locator.click(Locator.java:2513)\n\tat pages.ht_media.ShareBankStatement.selectIgnosisBankUAT(ShareBankStatement.java:213)\n\tat testClassPool.ShareBankStatementTest.TC_AA_OTP_Flow_SelectBank_EnterOtp_Submit(ShareBankStatementTest.java:82)\n\tat java.base/jdk.internal.reflect.NativeMethodAccessorImpl.invoke0(Native Method)\n\tat java.base/jdk.internal.reflect.NativeMethodAccessorImpl.invoke(NativeMethodAccessorImpl.java:77)\n\tat java.base/jdk.internal.reflect.DelegatingMethodAccessorImpl.invoke(DelegatingMethodAccessorImpl.java:43)\n\tat java.base/java.lang.reflect.Method.invoke(Method.java:568)\n\tat org.testng.internal.invokers.MethodInvocationHelper.invokeMethod(MethodInvocationHelper.java:141)\n\tat org.testng.internal.invokers.TestInvoker.invokeMethod(TestInvoker.java:687)\n\tat org.testng.internal.invokers.TestInvoker.invokeTestMethod(TestInvoker.java:230)\n\tat org.testng.internal.invokers.MethodRunner.runInSequence(MethodRunner.java:63)\n\tat org.testng.internal.invokers.TestInvoker$MethodInvocationAgent.invoke(TestInvoker.java:995)\n\tat org.testng.internal.invokers.TestInvoker.invokeTestMethods(TestInvoker.java:203)\n\tat org.testng.internal.invokers.TestMethodWorker.invokeTestMethods(TestMethodWorker.java:154)\n\tat org.testng.internal.invokers.TestMethodWorker.run(TestMethodWorker.java:134)\n\tat java.base/java.util.concurrent.Executors$RunnableAdapter.call(Executors.java:539)\n\tat java.base/java.util.concurrent.FutureTask.run(FutureTask.java:264)\n\tat org.testng.internal.thread.graph.TestNGFutureTask.run(TestNGFutureTask.java:22)\n\tat java.base/java.util.concurrent.ThreadPoolExecutor.runWorker(ThreadPoolExecutor.java:1136)\n\tat java.base/java.util.concurrent.ThreadPoolExecutor$Worker.run(ThreadPoolExecutor.java:635)\n\tat java.base/java.lang.Thread.run(Thread.java:833)\nCaused by: com.microsoft.playwright.TimeoutError: Error {\n  message='Timeout 30000ms exceeded.\n  name='TimeoutError\n  stack='TimeoutError: Timeout 30000ms exceeded.\n    at ProgressController.run (/tmp/playwright-java-363669863262601229/package/lib/server/progress.js:76:26)\n    at Frame.click (/tmp/playwright-java-363669863262601229/package/lib/server/frames.js:991:23)\n    at FrameDispatcher.click (/tmp/playwright-java-363669863262601229/package/lib/server/dispatchers/frameDispatcher.js:117:30)\n    at FrameDispatcher._handleCommand (/tmp/playwright-java-363669863262601229/package/lib/server/dispatchers/dispatcher.js:94:40)\n    at DispatcherConnection.dispatch (/tmp/playwright-java-363669863262601229/package/lib/server/dispatchers/dispatcher.js:307:39)\n}\nCall log:\n-   - waiting for locator(\"//li[contains(.,'Ignosis Bank UAT')]\")\n\n\tat com.microsoft.playwright.impl.Connection.dispatch(Connection.java:254)\n\tat com.microsoft.playwright.impl.Connection.processOneMessage(Connection.java:211)\n\tat com.microsoft.playwright.impl.ChannelOwner.runUntil(ChannelOwner.java:130)\n\t... 31 more\n","steps":[{"name":"Add Environment Info","time":{"start":1752214162133,"stop":1752214162134,"duration":1},"status":"passed","steps":[],"attachments":[{"uid":"53ffc81dd2dabdc0","name":"Platform","source":"53ffc81dd2dabdc0.txt","type":"text/plain","size":5},{"uid":"fb26847e5b538255","name":"Test Framework","source":"fb26847e5b538255.txt","type":"text/plain","size":6},{"uid":"c8e5edb0be8753b9","name":"Java Version","source":"c8e5edb0be8753b9.txt","type":"text/plain","size":6},{"uid":"d461d9cc90f5d0ca","name":"Browser","source":"d461d9cc90f5d0ca.txt","type":"text/plain","size":6},{"uid":"81963862c88f52c0","name":"Automation Tool","source":"81963862c88f52c0.txt","type":"text/plain","size":10}],"parameters":[],"shouldDisplayMessage":false,"stepsCount":0,"attachmentsCount":5,"hasContent":true,"attachmentStep":false},{"name":"Add Test Metrics","time":{"start":1752214192500,"stop":1752214192525,"duration":25},"status":"passed","steps":[],"attachments":[{"uid":"83c92cd776f5a202","name":"Test Duration","source":"83c92cd776f5a202.txt","type":"text/plain","size":18},{"uid":"a11b5000c3bd95f","name":"Test Status","source":"a11b5000c3bd95f.txt","type":"text/plain","size":6}],"parameters":[{"name":"testName","value":"TC_AA_OTP_Flow_SelectBank_EnterOtp_Submit"},{"name":"status","value":"FAILED"},{"name":"duration","value":"30365"}],"shouldDisplayMessage":false,"stepsCount":0,"attachmentsCount":2,"hasContent":true,"attachmentStep":false},{"name":"Add Trend Data","time":{"start":1752214192526,"stop":1752214192530,"duration":4},"status":"passed","steps":[],"attachments":[],"parameters":[{"name":"testName","value":"TC_AA_OTP_Flow_SelectBank_EnterOtp_Submit"},{"name":"status","value":"FAILED"},{"name":"duration","value":"30365"}],"shouldDisplayMessage":false,"stepsCount":0,"attachmentsCount":0,"hasContent":true,"attachmentStep":false},{"name":"Add Failure Details","time":{"start":1752214192530,"stop":1752214192530,"duration":0},"status":"passed","steps":[],"attachments":[{"uid":"cc57f681ab6dc07c","name":"Error Stack Trace","source":"cc57f681ab6dc07c.txt","type":"text/plain","size":2633},{"uid":"9dd1a89b7857537d","name":"Error Message","source":"9dd1a89b7857537d.txt","type":"text/plain","size":789}],"parameters":[{"name":"result","value":"[TestResult name=TC_AA_OTP_Flow_SelectBank_EnterOtp_Submit status=FAILURE method=ShareBankStatementTest.TC_AA_OTP_Flow_SelectBank_EnterOtp_Submit()[pri:0, instance:testClassPool.ShareBankStatementTest@fd9ebde] output=[2025-07-11 06:09:22] STARTED - TC_AA_OTP_Flow_SelectBank_EnterOtp_Submit: Test execution started]"}],"shouldDisplayMessage":false,"stepsCount":0,"attachmentsCount":2,"hasContent":true,"attachmentStep":false}],"attachments":[],"parameters":[],"shouldDisplayMessage":true,"stepsCount":4,"attachmentsCount":9,"hasContent":true,"attachmentStep":false},"afterStages":[{"name":"tearDown","time":{"start":1752214192535,"stop":1752214192660,"duration":125},"description":"","status":"passed","steps":[],"attachments":[{"uid":"40770a501f38db02","name":"All Failed APIs","source":"40770a501f38db02.txt","type":"text/plain","size":607}],"parameters":[],"shouldDisplayMessage":false,"stepsCount":0,"attachmentsCount":1,"hasContent":true,"attachmentStep":false}],"labels":[{"name":"package","value":"testClassPool.ShareBankStatementTest"},{"name":"testClass","value":"testClassPool.ShareBankStatementTest"},{"name":"testMethod","value":"TC_AA_OTP_Flow_SelectBank_EnterOtp_Submit"},{"name":"parentSuite","value":"Stashfin Web Automation Suite"},{"name":"suite","value":"Stashfin Web Test Run"},{"name":"subSuite","value":"testClassPool.ShareBankStatementTest"},{"name":"host","value":"ebc7cad54d04"},{"name":"thread","value":"102@ebc7cad54d04.TestNG-test-Stashfin Web Test Run-1(31)"},{"name":"framework","value":"testng"},{"name":"language","value":"java"},{"name":"resultFormat","value":"allure2"}],"parameters":[],"links":[],"hidden":false,"retry":false,"extra":{"severity":"normal","retries":[],"categories":[{"name":"Test defects","matchedStatuses":[],"flaky":false}],"tags":[]},"source":"93e4fc695d1459dd.json","parameterValues":[]}