{"uid":"9e5e1b2e3fc5986","name":"TC_AA_OTP_Flow_SelectBank_EnterOtp_Submit","fullName":"TC_AA_OTP_Flow_SelectBank_EnterOtp_Submit (General)","historyId":"18413f02463a6095df3906375c3100c5","time":{"start":1751959179914,"stop":1751959210833,"duration":30919},"status":"broken","statusMessage":"Error {\n  message='Timeout 30000ms exceeded.\n  name='TimeoutError\n  stack='TimeoutError: Timeout 30000ms exceeded.\n    at ProgressController.run (/tmp/playwright-java-7265160461043526489/package/lib/server/progress.js:76:26)\n    at Frame.click (/tmp/playwright-java-7265160461043526489/package/lib/server/frames.js:991:23)\n    at FrameDispatcher.click (/tmp/playwright-java-7265160461043526489/package/lib/server/dispatchers/frameDispatcher.js:117:30)\n    at FrameDispatcher._handleCommand (/tmp/playwright-java-7265160461043526489/package/lib/server/dispatchers/dispatcher.js:94:40)\n    at DispatcherConnection.dispatch (/tmp/playwright-java-7265160461043526489/package/lib/server/dispatchers/dispatcher.js:307:39)\n}\nCall log:\n-   - waiting for locator(\"//li[contains(.,'Ignosis Bank UAT')]\")\n","statusTrace":"com.microsoft.playwright.TimeoutError: Error {\n  message='Timeout 30000ms exceeded.\n  name='TimeoutError\n  stack='TimeoutError: Timeout 30000ms exceeded.\n    at ProgressController.run (/tmp/playwright-java-7265160461043526489/package/lib/server/progress.js:76:26)\n    at Frame.click (/tmp/playwright-java-7265160461043526489/package/lib/server/frames.js:991:23)\n    at FrameDispatcher.click (/tmp/playwright-java-7265160461043526489/package/lib/server/dispatchers/frameDispatcher.js:117:30)\n    at FrameDispatcher._handleCommand (/tmp/playwright-java-7265160461043526489/package/lib/server/dispatchers/dispatcher.js:94:40)\n    at DispatcherConnection.dispatch (/tmp/playwright-java-7265160461043526489/package/lib/server/dispatchers/dispatcher.js:307:39)\n}\nCall log:\n-   - waiting for locator(\"//li[contains(.,'Ignosis Bank UAT')]\")\n\n\tat com.microsoft.playwright.impl.WaitableResult.get(WaitableResult.java:52)\n\tat com.microsoft.playwright.impl.ChannelOwner.runUntil(ChannelOwner.java:132)\n\tat com.microsoft.playwright.impl.Connection.sendMessage(Connection.java:130)\n\tat com.microsoft.playwright.impl.ChannelOwner.sendMessage(ChannelOwner.java:118)\n\tat com.microsoft.playwright.impl.FrameImpl.clickImpl(FrameImpl.java:252)\n\tat com.microsoft.playwright.impl.FrameImpl.lambda$click$8(FrameImpl.java:243)\n\tat com.microsoft.playwright.impl.LoggingSupport.lambda$withLogging$0(LoggingSupport.java:36)\n\tat com.microsoft.playwright.impl.LoggingSupport.withLogging(LoggingSupport.java:47)\n\tat com.microsoft.playwright.impl.ChannelOwner.withLogging(ChannelOwner.java:97)\n\tat com.microsoft.playwright.impl.LoggingSupport.withLogging(LoggingSupport.java:35)\n\tat com.microsoft.playwright.impl.FrameImpl.click(FrameImpl.java:243)\n\tat com.microsoft.playwright.impl.LocatorImpl.click(LocatorImpl.java:174)\n\tat com.microsoft.playwright.Locator.click(Locator.java:2513)\n\tat pages.ht_media.ShareBankStatement.selectIgnosisBankUAT(ShareBankStatement.java:213)\n\tat testClassPool.ShareBankStatementTest.TC_AA_OTP_Flow_SelectBank_EnterOtp_Submit(ShareBankStatementTest.java:81)\n\tat java.base/jdk.internal.reflect.NativeMethodAccessorImpl.invoke0(Native Method)\n\tat java.base/jdk.internal.reflect.NativeMethodAccessorImpl.invoke(NativeMethodAccessorImpl.java:77)\n\tat java.base/jdk.internal.reflect.DelegatingMethodAccessorImpl.invoke(DelegatingMethodAccessorImpl.java:43)\n\tat java.base/java.lang.reflect.Method.invoke(Method.java:568)\n\tat org.testng.internal.invokers.MethodInvocationHelper.invokeMethod(MethodInvocationHelper.java:141)\n\tat org.testng.internal.invokers.TestInvoker.invokeMethod(TestInvoker.java:687)\n\tat org.testng.internal.invokers.TestInvoker.invokeTestMethod(TestInvoker.java:230)\n\tat org.testng.internal.invokers.MethodRunner.runInSequence(MethodRunner.java:63)\n\tat org.testng.internal.invokers.TestInvoker$MethodInvocationAgent.invoke(TestInvoker.java:995)\n\tat org.testng.internal.invokers.TestInvoker.invokeTestMethods(TestInvoker.java:203)\n\tat org.testng.internal.invokers.TestMethodWorker.invokeTestMethods(TestMethodWorker.java:154)\n\tat org.testng.internal.invokers.TestMethodWorker.run(TestMethodWorker.java:134)\n\tat java.base/java.util.concurrent.Executors$RunnableAdapter.call(Executors.java:539)\n\tat java.base/java.util.concurrent.FutureTask.run(FutureTask.java:264)\n\tat org.testng.internal.thread.graph.TestNGFutureTask.run(TestNGFutureTask.java:22)\n\tat java.base/java.util.concurrent.ThreadPoolExecutor.runWorker(ThreadPoolExecutor.java:1136)\n\tat java.base/java.util.concurrent.ThreadPoolExecutor$Worker.run(ThreadPoolExecutor.java:635)\n\tat java.base/java.lang.Thread.run(Thread.java:833)\nCaused by: com.microsoft.playwright.TimeoutError: Error {\n  message='Timeout 30000ms exceeded.\n  name='TimeoutError\n  stack='TimeoutError: Timeout 30000ms exceeded.\n    at ProgressController.run (/tmp/playwright-java-7265160461043526489/package/lib/server/progress.js:76:26)\n    at Frame.click (/tmp/playwright-java-7265160461043526489/package/lib/server/frames.js:991:23)\n    at FrameDispatcher.click (/tmp/playwright-java-7265160461043526489/package/lib/server/dispatchers/frameDispatcher.js:117:30)\n    at FrameDispatcher._handleCommand (/tmp/playwright-java-7265160461043526489/package/lib/server/dispatchers/dispatcher.js:94:40)\n    at DispatcherConnection.dispatch (/tmp/playwright-java-7265160461043526489/package/lib/server/dispatchers/dispatcher.js:307:39)\n}\nCall log:\n-   - waiting for locator(\"//li[contains(.,'Ignosis Bank UAT')]\")\n\n\tat com.microsoft.playwright.impl.Connection.dispatch(Connection.java:254)\n\tat com.microsoft.playwright.impl.Connection.processOneMessage(Connection.java:211)\n\tat com.microsoft.playwright.impl.ChannelOwner.runUntil(ChannelOwner.java:130)\n\t... 31 more\n","flaky":false,"newFailed":false,"newBroken":false,"newPassed":false,"retriesCount":9,"retriesStatusChange":true,"beforeStages":[{"name":"setUp","time":{"start":1751959162100,"stop":1751959163481,"duration":1381},"description":"","status":"passed","steps":[],"attachments":[],"parameters":[],"shouldDisplayMessage":false,"stepsCount":0,"attachmentsCount":0,"hasContent":false,"attachmentStep":false},{"name":"setUP","time":{"start":1751959163483,"stop":1751959179909,"duration":16426},"description":"","status":"passed","steps":[{"name":"Entering mobile number: 9477537022","time":{"start":1751959164030,"stop":1751959165144,"duration":1114},"status":"passed","steps":[],"attachments":[],"parameters":[{"name":"mobileNumber","value":"9477537022"}],"shouldDisplayMessage":false,"stepsCount":0,"attachmentsCount":0,"hasContent":true,"attachmentStep":false},{"name":"Verifying element is visible: {elementName}","time":{"start":1751959177871,"stop":1751959177874,"duration":3},"status":"passed","steps":[],"attachments":[],"parameters":[{"name":"locator","value":"Locator@//*[text()='Approved!']"},{"name":"name","value":"Approved! text"}],"shouldDisplayMessage":false,"stepsCount":0,"attachmentsCount":0,"hasContent":true,"attachmentStep":false},{"name":"Verifying element text is: Approved!","time":{"start":1751959177874,"stop":1751959177875,"duration":1},"status":"passed","steps":[],"attachments":[],"parameters":[{"name":"locator","value":"Locator@//*[text()='Approved!']"},{"name":"expected","value":"Approved!"},{"name":"elementName","value":"Approved Text"}],"shouldDisplayMessage":false,"stepsCount":0,"attachmentsCount":0,"hasContent":true,"attachmentStep":false},{"name":"Verifying element is visible: {elementName}","time":{"start":1751959177875,"stop":1751959177878,"duration":3},"status":"passed","steps":[],"attachments":[],"parameters":[{"name":"locator","value":"Locator@//*[text()='You are eligible for a Personal Loan up to']"},{"name":"name","value":"Approved subtitle"}],"shouldDisplayMessage":false,"stepsCount":0,"attachmentsCount":0,"hasContent":true,"attachmentStep":false},{"name":"Verifying element text is: You are eligible for a Personal Loan up to","time":{"start":1751959177878,"stop":1751959177878,"duration":0},"status":"passed","steps":[],"attachments":[],"parameters":[{"name":"locator","value":"Locator@//*[text()='You are eligible for a Personal Loan up to']"},{"name":"expected","value":"You are eligible for a Personal Loan up to"},{"name":"elementName","value":"Sub Title Text"}],"shouldDisplayMessage":false,"stepsCount":0,"attachmentsCount":0,"hasContent":true,"attachmentStep":false},{"name":"Verifying element is visible: {elementName}","time":{"start":1751959177879,"stop":1751959177881,"duration":2},"status":"passed","steps":[],"attachments":[],"parameters":[{"name":"locator","value":"Locator@//*[@class='amount']/span[2]"},{"name":"name","value":"Approved Amount"}],"shouldDisplayMessage":false,"stepsCount":0,"attachmentsCount":0,"hasContent":true,"attachmentStep":false},{"name":"Verifying element is visible: {elementName}","time":{"start":1751959177881,"stop":1751959177885,"duration":4},"status":"passed","steps":[],"attachments":[],"parameters":[{"name":"locator","value":"Locator@//*[text()='Continue']"},{"name":"name","value":"Continue Button"}],"shouldDisplayMessage":false,"stepsCount":0,"attachmentsCount":0,"hasContent":true,"attachmentStep":false},{"name":"Verifying element is enabled: Continue Button","time":{"start":1751959177885,"stop":1751959177887,"duration":2},"status":"passed","steps":[],"attachments":[],"parameters":[{"name":"locator","value":"Locator@//*[text()='Continue']"},{"name":"elementName","value":"Continue Button"}],"shouldDisplayMessage":false,"stepsCount":0,"attachmentsCount":0,"hasContent":true,"attachmentStep":false}],"attachments":[{"uid":"1f0a06631ae8a6eb","name":"UI Error Message","source":"1f0a06631ae8a6eb.txt","type":"text/plain","size":46},{"uid":"ba7c96fdf52eb7e9","name":"Modal Screenshot","source":"ba7c96fdf52eb7e9.png","type":"image/png","size":42805},{"uid":"b027a4ebfb994aab","name":"Retry Info","source":"b027a4ebfb994aab.txt","type":"text/plain","size":51}],"parameters":[],"shouldDisplayMessage":false,"stepsCount":8,"attachmentsCount":3,"hasContent":true,"attachmentStep":false}],"testStage":{"status":"broken","statusMessage":"Error {\n  message='Timeout 30000ms exceeded.\n  name='TimeoutError\n  stack='TimeoutError: Timeout 30000ms exceeded.\n    at ProgressController.run (/tmp/playwright-java-7265160461043526489/package/lib/server/progress.js:76:26)\n    at Frame.click (/tmp/playwright-java-7265160461043526489/package/lib/server/frames.js:991:23)\n    at FrameDispatcher.click (/tmp/playwright-java-7265160461043526489/package/lib/server/dispatchers/frameDispatcher.js:117:30)\n    at FrameDispatcher._handleCommand (/tmp/playwright-java-7265160461043526489/package/lib/server/dispatchers/dispatcher.js:94:40)\n    at DispatcherConnection.dispatch (/tmp/playwright-java-7265160461043526489/package/lib/server/dispatchers/dispatcher.js:307:39)\n}\nCall log:\n-   - waiting for locator(\"//li[contains(.,'Ignosis Bank UAT')]\")\n","statusTrace":"com.microsoft.playwright.TimeoutError: Error {\n  message='Timeout 30000ms exceeded.\n  name='TimeoutError\n  stack='TimeoutError: Timeout 30000ms exceeded.\n    at ProgressController.run (/tmp/playwright-java-7265160461043526489/package/lib/server/progress.js:76:26)\n    at Frame.click (/tmp/playwright-java-7265160461043526489/package/lib/server/frames.js:991:23)\n    at FrameDispatcher.click (/tmp/playwright-java-7265160461043526489/package/lib/server/dispatchers/frameDispatcher.js:117:30)\n    at FrameDispatcher._handleCommand (/tmp/playwright-java-7265160461043526489/package/lib/server/dispatchers/dispatcher.js:94:40)\n    at DispatcherConnection.dispatch (/tmp/playwright-java-7265160461043526489/package/lib/server/dispatchers/dispatcher.js:307:39)\n}\nCall log:\n-   - waiting for locator(\"//li[contains(.,'Ignosis Bank UAT')]\")\n\n\tat com.microsoft.playwright.impl.WaitableResult.get(WaitableResult.java:52)\n\tat com.microsoft.playwright.impl.ChannelOwner.runUntil(ChannelOwner.java:132)\n\tat com.microsoft.playwright.impl.Connection.sendMessage(Connection.java:130)\n\tat com.microsoft.playwright.impl.ChannelOwner.sendMessage(ChannelOwner.java:118)\n\tat com.microsoft.playwright.impl.FrameImpl.clickImpl(FrameImpl.java:252)\n\tat com.microsoft.playwright.impl.FrameImpl.lambda$click$8(FrameImpl.java:243)\n\tat com.microsoft.playwright.impl.LoggingSupport.lambda$withLogging$0(LoggingSupport.java:36)\n\tat com.microsoft.playwright.impl.LoggingSupport.withLogging(LoggingSupport.java:47)\n\tat com.microsoft.playwright.impl.ChannelOwner.withLogging(ChannelOwner.java:97)\n\tat com.microsoft.playwright.impl.LoggingSupport.withLogging(LoggingSupport.java:35)\n\tat com.microsoft.playwright.impl.FrameImpl.click(FrameImpl.java:243)\n\tat com.microsoft.playwright.impl.LocatorImpl.click(LocatorImpl.java:174)\n\tat com.microsoft.playwright.Locator.click(Locator.java:2513)\n\tat pages.ht_media.ShareBankStatement.selectIgnosisBankUAT(ShareBankStatement.java:213)\n\tat testClassPool.ShareBankStatementTest.TC_AA_OTP_Flow_SelectBank_EnterOtp_Submit(ShareBankStatementTest.java:81)\n\tat java.base/jdk.internal.reflect.NativeMethodAccessorImpl.invoke0(Native Method)\n\tat java.base/jdk.internal.reflect.NativeMethodAccessorImpl.invoke(NativeMethodAccessorImpl.java:77)\n\tat java.base/jdk.internal.reflect.DelegatingMethodAccessorImpl.invoke(DelegatingMethodAccessorImpl.java:43)\n\tat java.base/java.lang.reflect.Method.invoke(Method.java:568)\n\tat org.testng.internal.invokers.MethodInvocationHelper.invokeMethod(MethodInvocationHelper.java:141)\n\tat org.testng.internal.invokers.TestInvoker.invokeMethod(TestInvoker.java:687)\n\tat org.testng.internal.invokers.TestInvoker.invokeTestMethod(TestInvoker.java:230)\n\tat org.testng.internal.invokers.MethodRunner.runInSequence(MethodRunner.java:63)\n\tat org.testng.internal.invokers.TestInvoker$MethodInvocationAgent.invoke(TestInvoker.java:995)\n\tat org.testng.internal.invokers.TestInvoker.invokeTestMethods(TestInvoker.java:203)\n\tat org.testng.internal.invokers.TestMethodWorker.invokeTestMethods(TestMethodWorker.java:154)\n\tat org.testng.internal.invokers.TestMethodWorker.run(TestMethodWorker.java:134)\n\tat java.base/java.util.concurrent.Executors$RunnableAdapter.call(Executors.java:539)\n\tat java.base/java.util.concurrent.FutureTask.run(FutureTask.java:264)\n\tat org.testng.internal.thread.graph.TestNGFutureTask.run(TestNGFutureTask.java:22)\n\tat java.base/java.util.concurrent.ThreadPoolExecutor.runWorker(ThreadPoolExecutor.java:1136)\n\tat java.base/java.util.concurrent.ThreadPoolExecutor$Worker.run(ThreadPoolExecutor.java:635)\n\tat java.base/java.lang.Thread.run(Thread.java:833)\nCaused by: com.microsoft.playwright.TimeoutError: Error {\n  message='Timeout 30000ms exceeded.\n  name='TimeoutError\n  stack='TimeoutError: Timeout 30000ms exceeded.\n    at ProgressController.run (/tmp/playwright-java-7265160461043526489/package/lib/server/progress.js:76:26)\n    at Frame.click (/tmp/playwright-java-7265160461043526489/package/lib/server/frames.js:991:23)\n    at FrameDispatcher.click (/tmp/playwright-java-7265160461043526489/package/lib/server/dispatchers/frameDispatcher.js:117:30)\n    at FrameDispatcher._handleCommand (/tmp/playwright-java-7265160461043526489/package/lib/server/dispatchers/dispatcher.js:94:40)\n    at DispatcherConnection.dispatch (/tmp/playwright-java-7265160461043526489/package/lib/server/dispatchers/dispatcher.js:307:39)\n}\nCall log:\n-   - waiting for locator(\"//li[contains(.,'Ignosis Bank UAT')]\")\n\n\tat com.microsoft.playwright.impl.Connection.dispatch(Connection.java:254)\n\tat com.microsoft.playwright.impl.Connection.processOneMessage(Connection.java:211)\n\tat com.microsoft.playwright.impl.ChannelOwner.runUntil(ChannelOwner.java:130)\n\t... 31 more\n","steps":[{"name":"Add Environment Info","time":{"start":1751959179914,"stop":1751959179917,"duration":3},"status":"passed","steps":[],"attachments":[{"uid":"b8310cf7b7957923","name":"Platform","source":"b8310cf7b7957923.txt","type":"text/plain","size":5},{"uid":"163eaa080ff3b556","name":"Test Framework","source":"163eaa080ff3b556.txt","type":"text/plain","size":6},{"uid":"f731dd386d5db20a","name":"Java Version","source":"f731dd386d5db20a.txt","type":"text/plain","size":6},{"uid":"2afb714847d3b70","name":"Browser","source":"2afb714847d3b70.txt","type":"text/plain","size":6},{"uid":"85d68186058ecf39","name":"Automation Tool","source":"85d68186058ecf39.txt","type":"text/plain","size":10}],"parameters":[],"shouldDisplayMessage":false,"stepsCount":0,"attachmentsCount":5,"hasContent":true,"attachmentStep":false},{"name":"Add Test Metrics","time":{"start":1751959210824,"stop":1751959210827,"duration":3},"status":"passed","steps":[],"attachments":[{"uid":"a19eb3ed1b0b8e22","name":"Test Duration","source":"a19eb3ed1b0b8e22.txt","type":"text/plain","size":18},{"uid":"f169a7caf352c2de","name":"Test Status","source":"f169a7caf352c2de.txt","type":"text/plain","size":6}],"parameters":[{"name":"testName","value":"TC_AA_OTP_Flow_SelectBank_EnterOtp_Submit"},{"name":"status","value":"FAILED"},{"name":"duration","value":"30909"}],"shouldDisplayMessage":false,"stepsCount":0,"attachmentsCount":2,"hasContent":true,"attachmentStep":false},{"name":"Add Trend Data","time":{"start":1751959210827,"stop":1751959210828,"duration":1},"status":"passed","steps":[],"attachments":[],"parameters":[{"name":"testName","value":"TC_AA_OTP_Flow_SelectBank_EnterOtp_Submit"},{"name":"status","value":"FAILED"},{"name":"duration","value":"30909"}],"shouldDisplayMessage":false,"stepsCount":0,"attachmentsCount":0,"hasContent":true,"attachmentStep":false},{"name":"Add Failure Details","time":{"start":1751959210828,"stop":1751959210832,"duration":4},"status":"passed","steps":[],"attachments":[{"uid":"daf027114ee432db","name":"Error Stack Trace","source":"daf027114ee432db.txt","type":"text/plain","size":2633},{"uid":"1a8b6716bdb13368","name":"Error Message","source":"1a8b6716bdb13368.txt","type":"text/plain","size":794}],"parameters":[{"name":"result","value":"[TestResult name=TC_AA_OTP_Flow_SelectBank_EnterOtp_Submit status=FAILURE method=ShareBankStatementTest.TC_AA_OTP_Flow_SelectBank_EnterOtp_Submit()[pri:0, instance:testClassPool.ShareBankStatementTest@290d10ef] output=[2025-07-08 07:19:39] STARTED - TC_AA_OTP_Flow_SelectBank_EnterOtp_Submit: Test execution started]"}],"shouldDisplayMessage":false,"stepsCount":0,"attachmentsCount":2,"hasContent":true,"attachmentStep":false}],"attachments":[],"parameters":[],"shouldDisplayMessage":true,"stepsCount":4,"attachmentsCount":9,"hasContent":true,"attachmentStep":false},"afterStages":[{"name":"tearDown","time":{"start":1751959210844,"stop":1751959211105,"duration":261},"description":"","status":"passed","steps":[],"attachments":[{"uid":"75c601171f374928","name":"All Failed APIs","source":"75c601171f374928.txt","type":"text/plain","size":607}],"parameters":[],"shouldDisplayMessage":false,"stepsCount":0,"attachmentsCount":1,"hasContent":true,"attachmentStep":false}],"labels":[{"name":"package","value":"testClassPool.ShareBankStatementTest"},{"name":"testClass","value":"testClassPool.ShareBankStatementTest"},{"name":"testMethod","value":"TC_AA_OTP_Flow_SelectBank_EnterOtp_Submit"},{"name":"parentSuite","value":"Stashfin Web Automation Suite"},{"name":"suite","value":"Stashfin Web Test Run"},{"name":"subSuite","value":"testClassPool.ShareBankStatementTest"},{"name":"host","value":"10b4e3d84cb0"},{"name":"thread","value":"271@10b4e3d84cb0.TestNG-test-Stashfin Web Test Run-1(31)"},{"name":"framework","value":"testng"},{"name":"language","value":"java"},{"name":"resultFormat","value":"allure2"}],"parameters":[],"links":[],"hidden":false,"retry":false,"extra":{"severity":"normal","retries":[{"uid":"1c278559d289b18f","status":"broken","statusDetails":"Error {\n  message='Timeout 30000ms exceeded.\n  name='TimeoutError\n  stack='TimeoutError: Timeout 30000ms exceeded.\n    at ProgressController.run (/tmp/playwright-java-4478805413876323549/package/lib/server/progress.js:76:26)\n    at Frame.click (/tmp/playwright-java-4478805413876323549/package/lib/server/frames.js:991:23)\n    at FrameDispatcher.click (/tmp/playwright-java-4478805413876323549/package/lib/server/dispatchers/frameDispatcher.js:117:30)\n    at FrameDispatcher._handleCommand (/tmp/playwright-java-4478805413876323549/package/lib/server/dispatchers/dispatcher.js:94:40)\n    at DispatcherConnection.dispatch (/tmp/playwright-java-4478805413876323549/package/lib/server/dispatchers/dispatcher.js:307:39)\n}\nCall log:\n-   - waiting for locator(\"//li[contains(.,'Ignosis Bank UAT')]\")\n","time":{"start":1751911011456,"stop":1751911041883,"duration":30427}},{"uid":"5d0d977a9e7e6b30","status":"skipped","statusDetails":"Error {\n  message='\n╔═════════════════════════════════════════════════════════════════════════════════════════════════╗\n║ Host system is missing dependencies to run browsers.                                            ║\n║ Please install them with the following command:                                                 ║\n║                                                                                                 ║\n║     mvn exec:java -e -D exec.mainClass=com.microsoft.playwright.CLI -D exec.args=\"install-deps\" ║\n║                                                                                                 ║\n║ Alternatively, use apt:                                                                         ║\n║     apt-get install libgbm1                                                                     ║\n║                                                                                                 ║\n║ <3 Playwright Team                                                                              ║\n╚═════════════════════════════════════════════════════════════════════════════════════════════════╝\n  name='Error\n  stack='Error: \n╔═════════════════════════════════════════════════════════════════════════════════════════════════╗\n║ Host system is missing dependencies to run browsers.                                            ║\n║ Please install them with the following command:                                                 ║\n║                                                                                                 ║\n║     mvn exec:java -e -D exec.mainClass=com.microsoft.playwright.CLI -D exec.args=\"install-deps\" ║\n║                                                                                                 ║\n║ Alternatively, use apt:                                                                         ║\n║     apt-get install libgbm1                                                                     ║\n║                                                                                                 ║\n║ <3 Playwright Team                                                                              ║\n╚═════════════════════════════════════════════════════════════════════════════════════════════════╝\n    at validateDependenciesLinux (/tmp/playwright-java-15254842763600266869/package/lib/server/registry/dependencies.js:269:9)\n    at async Registry._validateHostRequirements (/tmp/playwright-java-15254842763600266869/package/lib/server/registry/index.js:927:14)\n    at async Registry._validateHostRequirementsForExecutableIfNeeded (/tmp/playwright-java-15254842763600266869/package/lib/server/registry/index.js:1047:7)\n    at async Registry.validateHostRequirementsForExecutablesIfNeeded (/tmp/playwright-java-15254842763600266869/package/lib/server/registry/index.js:1036:7)\n    at async Chromium._launchProcess (/tmp/playwright-java-15254842763600266869/package/lib/server/browserType.js:206:7)\n    at async Chromium._innerLaunch (/tmp/playwright-java-15254842763600266869/package/lib/server/browserType.js:135:70)\n    at async Chromium._innerLaunchWithRetries (/tmp/playwright-java-15254842763600266869/package/lib/server/browserType.js:122:14)\n    at async ProgressController.run (/tmp/playwright-java-15254842763600266869/package/lib/server/progress.js:80:22)\n    at async Chromium.launch (/tmp/playwright-java-15254842763600266869/package/lib/server/browserType.js:87:21)\n    at async BrowserTypeDispatcher.launch (/tmp/playwright-java-15254842763600266869/package/lib/server/dispatchers/browserTypeDispatcher.js:36:21)\n}","time":{"start":1751905868936,"stop":1751905868942,"duration":6}},{"uid":"8dc41b2267924f26","status":"skipped","statusDetails":"Error {\n  message='\n╔═════════════════════════════════════════════════════════════════════════════════════════════════╗\n║ Host system is missing dependencies to run browsers.                                            ║\n║ Please install them with the following command:                                                 ║\n║                                                                                                 ║\n║     mvn exec:java -e -D exec.mainClass=com.microsoft.playwright.CLI -D exec.args=\"install-deps\" ║\n║                                                                                                 ║\n║ Alternatively, use apt:                                                                         ║\n║     apt-get install libgbm1                                                                     ║\n║                                                                                                 ║\n║ <3 Playwright Team                                                                              ║\n╚═════════════════════════════════════════════════════════════════════════════════════════════════╝\n  name='Error\n  stack='Error: \n╔═════════════════════════════════════════════════════════════════════════════════════════════════╗\n║ Host system is missing dependencies to run browsers.                                            ║\n║ Please install them with the following command:                                                 ║\n║                                                                                                 ║\n║     mvn exec:java -e -D exec.mainClass=com.microsoft.playwright.CLI -D exec.args=\"install-deps\" ║\n║                                                                                                 ║\n║ Alternatively, use apt:                                                                         ║\n║     apt-get install libgbm1                                                                     ║\n║                                                                                                 ║\n║ <3 Playwright Team                                                                              ║\n╚═════════════════════════════════════════════════════════════════════════════════════════════════╝\n    at validateDependenciesLinux (/tmp/playwright-java-5252559726226793018/package/lib/server/registry/dependencies.js:269:9)\n    at async Registry._validateHostRequirements (/tmp/playwright-java-5252559726226793018/package/lib/server/registry/index.js:927:14)\n    at async Registry._validateHostRequirementsForExecutableIfNeeded (/tmp/playwright-java-5252559726226793018/package/lib/server/registry/index.js:1047:7)\n    at async Registry.validateHostRequirementsForExecutablesIfNeeded (/tmp/playwright-java-5252559726226793018/package/lib/server/registry/index.js:1036:7)\n    at async Chromium._launchProcess (/tmp/playwright-java-5252559726226793018/package/lib/server/browserType.js:206:7)\n    at async Chromium._innerLaunch (/tmp/playwright-java-5252559726226793018/package/lib/server/browserType.js:135:70)\n    at async Chromium._innerLaunchWithRetries (/tmp/playwright-java-5252559726226793018/package/lib/server/browserType.js:122:14)\n    at async ProgressController.run (/tmp/playwright-java-5252559726226793018/package/lib/server/progress.js:80:22)\n    at async Chromium.launch (/tmp/playwright-java-5252559726226793018/package/lib/server/browserType.js:87:21)\n    at async BrowserTypeDispatcher.launch (/tmp/playwright-java-5252559726226793018/package/lib/server/dispatchers/browserTypeDispatcher.js:36:21)\n}","time":{"start":1751904372665,"stop":1751904372688,"duration":23}},{"uid":"daa14315dfd31f58","status":"skipped","statusDetails":"Error {\n  message='\n╔═════════════════════════════════════════════════════════════════════════════════════════════════╗\n║ Host system is missing dependencies to run browsers.                                            ║\n║ Please install them with the following command:                                                 ║\n║                                                                                                 ║\n║     mvn exec:java -e -D exec.mainClass=com.microsoft.playwright.CLI -D exec.args=\"install-deps\" ║\n║                                                                                                 ║\n║ Alternatively, use apt:                                                                         ║\n║     apt-get install libgbm1                                                                     ║\n║                                                                                                 ║\n║ <3 Playwright Team                                                                              ║\n╚═════════════════════════════════════════════════════════════════════════════════════════════════╝\n  name='Error\n  stack='Error: \n╔═════════════════════════════════════════════════════════════════════════════════════════════════╗\n║ Host system is missing dependencies to run browsers.                                            ║\n║ Please install them with the following command:                                                 ║\n║                                                                                                 ║\n║     mvn exec:java -e -D exec.mainClass=com.microsoft.playwright.CLI -D exec.args=\"install-deps\" ║\n║                                                                                                 ║\n║ Alternatively, use apt:                                                                         ║\n║     apt-get install libgbm1                                                                     ║\n║                                                                                                 ║\n║ <3 Playwright Team                                                                              ║\n╚═════════════════════════════════════════════════════════════════════════════════════════════════╝\n    at validateDependenciesLinux (/tmp/playwright-java-8597452185106347710/package/lib/server/registry/dependencies.js:269:9)\n    at async Registry._validateHostRequirements (/tmp/playwright-java-8597452185106347710/package/lib/server/registry/index.js:927:14)\n    at async Registry._validateHostRequirementsForExecutableIfNeeded (/tmp/playwright-java-8597452185106347710/package/lib/server/registry/index.js:1047:7)\n    at async Registry.validateHostRequirementsForExecutablesIfNeeded (/tmp/playwright-java-8597452185106347710/package/lib/server/registry/index.js:1036:7)\n    at async Chromium._launchProcess (/tmp/playwright-java-8597452185106347710/package/lib/server/browserType.js:206:7)\n    at async Chromium._innerLaunch (/tmp/playwright-java-8597452185106347710/package/lib/server/browserType.js:135:70)\n    at async Chromium._innerLaunchWithRetries (/tmp/playwright-java-8597452185106347710/package/lib/server/browserType.js:122:14)\n    at async ProgressController.run (/tmp/playwright-java-8597452185106347710/package/lib/server/progress.js:80:22)\n    at async Chromium.launch (/tmp/playwright-java-8597452185106347710/package/lib/server/browserType.js:87:21)\n    at async BrowserTypeDispatcher.launch (/tmp/playwright-java-8597452185106347710/package/lib/server/dispatchers/browserTypeDispatcher.js:36:21)\n}","time":{"start":1751903864251,"stop":1751903864254,"duration":3}},{"uid":"4c5a32f455aa7959","status":"skipped","statusDetails":"Error {\n  message='\n╔═════════════════════════════════════════════════════════════════════════════════════════════════╗\n║ Host system is missing dependencies to run browsers.                                            ║\n║ Please install them with the following command:                                                 ║\n║                                                                                                 ║\n║     mvn exec:java -e -D exec.mainClass=com.microsoft.playwright.CLI -D exec.args=\"install-deps\" ║\n║                                                                                                 ║\n║ Alternatively, use apt:                                                                         ║\n║     apt-get install libgbm1                                                                     ║\n║                                                                                                 ║\n║ <3 Playwright Team                                                                              ║\n╚═════════════════════════════════════════════════════════════════════════════════════════════════╝\n  name='Error\n  stack='Error: \n╔═════════════════════════════════════════════════════════════════════════════════════════════════╗\n║ Host system is missing dependencies to run browsers.                                            ║\n║ Please install them with the following command:                                                 ║\n║                                                                                                 ║\n║     mvn exec:java -e -D exec.mainClass=com.microsoft.playwright.CLI -D exec.args=\"install-deps\" ║\n║                                                                                                 ║\n║ Alternatively, use apt:                                                                         ║\n║     apt-get install libgbm1                                                                     ║\n║                                                                                                 ║\n║ <3 Playwright Team                                                                              ║\n╚═════════════════════════════════════════════════════════════════════════════════════════════════╝\n    at validateDependenciesLinux (/tmp/playwright-java-11187364974156768872/package/lib/server/registry/dependencies.js:269:9)\n    at async Registry._validateHostRequirements (/tmp/playwright-java-11187364974156768872/package/lib/server/registry/index.js:927:14)\n    at async Registry._validateHostRequirementsForExecutableIfNeeded (/tmp/playwright-java-11187364974156768872/package/lib/server/registry/index.js:1047:7)\n    at async Registry.validateHostRequirementsForExecutablesIfNeeded (/tmp/playwright-java-11187364974156768872/package/lib/server/registry/index.js:1036:7)\n    at async Chromium._launchProcess (/tmp/playwright-java-11187364974156768872/package/lib/server/browserType.js:206:7)\n    at async Chromium._innerLaunch (/tmp/playwright-java-11187364974156768872/package/lib/server/browserType.js:135:70)\n    at async Chromium._innerLaunchWithRetries (/tmp/playwright-java-11187364974156768872/package/lib/server/browserType.js:122:14)\n    at async ProgressController.run (/tmp/playwright-java-11187364974156768872/package/lib/server/progress.js:80:22)\n    at async Chromium.launch (/tmp/playwright-java-11187364974156768872/package/lib/server/browserType.js:87:21)\n    at async BrowserTypeDispatcher.launch (/tmp/playwright-java-11187364974156768872/package/lib/server/dispatchers/browserTypeDispatcher.js:36:21)\n}","time":{"start":1751903626614,"stop":1751903626616,"duration":2}},{"uid":"371e6df08dcd8e7e","status":"skipped","statusDetails":"Error {\n  message='\n╔═════════════════════════════════════════════════════════════════════════════════════════════════╗\n║ Host system is missing dependencies to run browsers.                                            ║\n║ Please install them with the following command:                                                 ║\n║                                                                                                 ║\n║     mvn exec:java -e -D exec.mainClass=com.microsoft.playwright.CLI -D exec.args=\"install-deps\" ║\n║                                                                                                 ║\n║ Alternatively, use apt:                                                                         ║\n║     apt-get install libgbm1                                                                     ║\n║                                                                                                 ║\n║ <3 Playwright Team                                                                              ║\n╚═════════════════════════════════════════════════════════════════════════════════════════════════╝\n  name='Error\n  stack='Error: \n╔═════════════════════════════════════════════════════════════════════════════════════════════════╗\n║ Host system is missing dependencies to run browsers.                                            ║\n║ Please install them with the following command:                                                 ║\n║                                                                                                 ║\n║     mvn exec:java -e -D exec.mainClass=com.microsoft.playwright.CLI -D exec.args=\"install-deps\" ║\n║                                                                                                 ║\n║ Alternatively, use apt:                                                                         ║\n║     apt-get install libgbm1                                                                     ║\n║                                                                                                 ║\n║ <3 Playwright Team                                                                              ║\n╚═════════════════════════════════════════════════════════════════════════════════════════════════╝\n    at validateDependenciesLinux (/tmp/playwright-java-13266229082329907590/package/lib/server/registry/dependencies.js:269:9)\n    at async Registry._validateHostRequirements (/tmp/playwright-java-13266229082329907590/package/lib/server/registry/index.js:927:14)\n    at async Registry._validateHostRequirementsForExecutableIfNeeded (/tmp/playwright-java-13266229082329907590/package/lib/server/registry/index.js:1047:7)\n    at async Registry.validateHostRequirementsForExecutablesIfNeeded (/tmp/playwright-java-13266229082329907590/package/lib/server/registry/index.js:1036:7)\n    at async Chromium._launchProcess (/tmp/playwright-java-13266229082329907590/package/lib/server/browserType.js:206:7)\n    at async Chromium._innerLaunch (/tmp/playwright-java-13266229082329907590/package/lib/server/browserType.js:135:70)\n    at async Chromium._innerLaunchWithRetries (/tmp/playwright-java-13266229082329907590/package/lib/server/browserType.js:122:14)\n    at async ProgressController.run (/tmp/playwright-java-13266229082329907590/package/lib/server/progress.js:80:22)\n    at async Chromium.launch (/tmp/playwright-java-13266229082329907590/package/lib/server/browserType.js:87:21)\n    at async BrowserTypeDispatcher.launch (/tmp/playwright-java-13266229082329907590/package/lib/server/dispatchers/browserTypeDispatcher.js:36:21)\n}","time":{"start":1751903299444,"stop":1751903299446,"duration":2}},{"uid":"4f5251e2ab2166bf","status":"broken","statusDetails":"Error {\n  message='Timeout 30000ms exceeded.\n  name='TimeoutError\n  stack='TimeoutError: Timeout 30000ms exceeded.\n    at ProgressController.run (/private/var/folders/w6/57mby7d92xgbc8_lq6xsrrw00000gp/T/playwright-java-4491421945174427984/package/lib/server/progress.js:76:26)\n    at Frame.click (/private/var/folders/w6/57mby7d92xgbc8_lq6xsrrw00000gp/T/playwright-java-4491421945174427984/package/lib/server/frames.js:991:23)\n    at FrameDispatcher.click (/private/var/folders/w6/57mby7d92xgbc8_lq6xsrrw00000gp/T/playwright-java-4491421945174427984/package/lib/server/dispatchers/frameDispatcher.js:117:30)\n    at FrameDispatcher._handleCommand (/private/var/folders/w6/57mby7d92xgbc8_lq6xsrrw00000gp/T/playwright-java-4491421945174427984/package/lib/server/dispatchers/dispatcher.js:94:40)\n    at DispatcherConnection.dispatch (/private/var/folders/w6/57mby7d92xgbc8_lq6xsrrw00000gp/T/playwright-java-4491421945174427984/package/lib/server/dispatchers/dispatcher.js:307:39)\n}\nCall log:\n-   - waiting for locator(\"//li[contains(.,'Ignosis Bank UAT')]\")\n","time":{"start":1751482637836,"stop":1751482668687,"duration":30851}},{"uid":"ff43f8d56f93313f","status":"broken","statusDetails":"Error {\n  message='Timeout 30000ms exceeded.\n  name='TimeoutError\n  stack='TimeoutError: Timeout 30000ms exceeded.\n    at ProgressController.run (/private/var/folders/w6/57mby7d92xgbc8_lq6xsrrw00000gp/T/playwright-java-3756907139159717001/package/lib/server/progress.js:76:26)\n    at Frame.click (/private/var/folders/w6/57mby7d92xgbc8_lq6xsrrw00000gp/T/playwright-java-3756907139159717001/package/lib/server/frames.js:991:23)\n    at FrameDispatcher.click (/private/var/folders/w6/57mby7d92xgbc8_lq6xsrrw00000gp/T/playwright-java-3756907139159717001/package/lib/server/dispatchers/frameDispatcher.js:117:30)\n    at FrameDispatcher._handleCommand (/private/var/folders/w6/57mby7d92xgbc8_lq6xsrrw00000gp/T/playwright-java-3756907139159717001/package/lib/server/dispatchers/dispatcher.js:94:40)\n    at DispatcherConnection.dispatch (/private/var/folders/w6/57mby7d92xgbc8_lq6xsrrw00000gp/T/playwright-java-3756907139159717001/package/lib/server/dispatchers/dispatcher.js:307:39)\n}\nCall log:\n-   - waiting for locator(\"//li[contains(.,'Ignosis Bank UAT')]\")\n","time":{"start":1751442875050,"stop":1751442905884,"duration":30834}},{"uid":"9373d366f8460fe9","status":"broken","statusDetails":"Error {\n  message='Timeout 30000ms exceeded.\n  name='TimeoutError\n  stack='TimeoutError: Timeout 30000ms exceeded.\n    at ProgressController.run (/private/var/folders/w6/57mby7d92xgbc8_lq6xsrrw00000gp/T/playwright-java-358261320630406518/package/lib/server/progress.js:76:26)\n    at Frame.click (/private/var/folders/w6/57mby7d92xgbc8_lq6xsrrw00000gp/T/playwright-java-358261320630406518/package/lib/server/frames.js:991:23)\n    at FrameDispatcher.click (/private/var/folders/w6/57mby7d92xgbc8_lq6xsrrw00000gp/T/playwright-java-358261320630406518/package/lib/server/dispatchers/frameDispatcher.js:117:30)\n    at FrameDispatcher._handleCommand (/private/var/folders/w6/57mby7d92xgbc8_lq6xsrrw00000gp/T/playwright-java-358261320630406518/package/lib/server/dispatchers/dispatcher.js:94:40)\n    at DispatcherConnection.dispatch (/private/var/folders/w6/57mby7d92xgbc8_lq6xsrrw00000gp/T/playwright-java-358261320630406518/package/lib/server/dispatchers/dispatcher.js:307:39)\n}\nCall log:\n-   - waiting for locator(\"//li[contains(.,'Ignosis Bank UAT')]\")\n","time":{"start":1751437633571,"stop":1751437666526,"duration":32955}}],"categories":[{"name":"Test defects","matchedStatuses":[]}],"tags":[]},"source":"9e5e1b2e3fc5986.json","parameterValues":[]}