{"uid":"a4cae9ce98834d05","name":"TC_AA_OTP_Flow_SelectBank_EnterOtp_Submit","fullName":"TC_AA_OTP_Flow_SelectBank_EnterOtp_Submit (General)","historyId":"18413f02463a6095df3906375c3100c5","time":{"start":1752182444588,"stop":1752182474980,"duration":30392},"status":"broken","statusMessage":"Error {\n  message='Timeout 30000ms exceeded.\n  name='TimeoutError\n  stack='TimeoutError: Timeout 30000ms exceeded.\n    at ProgressController.run (/tmp/playwright-java-234975558383199656/package/lib/server/progress.js:76:26)\n    at Frame.click (/tmp/playwright-java-234975558383199656/package/lib/server/frames.js:991:23)\n    at FrameDispatcher.click (/tmp/playwright-java-234975558383199656/package/lib/server/dispatchers/frameDispatcher.js:117:30)\n    at FrameDispatcher._handleCommand (/tmp/playwright-java-234975558383199656/package/lib/server/dispatchers/dispatcher.js:94:40)\n    at DispatcherConnection.dispatch (/tmp/playwright-java-234975558383199656/package/lib/server/dispatchers/dispatcher.js:307:39)\n}\nCall log:\n-   - waiting for locator(\"//li[contains(.,'Ignosis Bank UAT')]\")\n","statusTrace":"com.microsoft.playwright.TimeoutError: Error {\n  message='Timeout 30000ms exceeded.\n  name='TimeoutError\n  stack='TimeoutError: Timeout 30000ms exceeded.\n    at ProgressController.run (/tmp/playwright-java-234975558383199656/package/lib/server/progress.js:76:26)\n    at Frame.click (/tmp/playwright-java-234975558383199656/package/lib/server/frames.js:991:23)\n    at FrameDispatcher.click (/tmp/playwright-java-234975558383199656/package/lib/server/dispatchers/frameDispatcher.js:117:30)\n    at FrameDispatcher._handleCommand (/tmp/playwright-java-234975558383199656/package/lib/server/dispatchers/dispatcher.js:94:40)\n    at DispatcherConnection.dispatch (/tmp/playwright-java-234975558383199656/package/lib/server/dispatchers/dispatcher.js:307:39)\n}\nCall log:\n-   - waiting for locator(\"//li[contains(.,'Ignosis Bank UAT')]\")\n\n\tat com.microsoft.playwright.impl.WaitableResult.get(WaitableResult.java:52)\n\tat com.microsoft.playwright.impl.ChannelOwner.runUntil(ChannelOwner.java:132)\n\tat com.microsoft.playwright.impl.Connection.sendMessage(Connection.java:130)\n\tat com.microsoft.playwright.impl.ChannelOwner.sendMessage(ChannelOwner.java:118)\n\tat com.microsoft.playwright.impl.FrameImpl.clickImpl(FrameImpl.java:252)\n\tat com.microsoft.playwright.impl.FrameImpl.lambda$click$8(FrameImpl.java:243)\n\tat com.microsoft.playwright.impl.LoggingSupport.lambda$withLogging$0(LoggingSupport.java:36)\n\tat com.microsoft.playwright.impl.LoggingSupport.withLogging(LoggingSupport.java:47)\n\tat com.microsoft.playwright.impl.ChannelOwner.withLogging(ChannelOwner.java:97)\n\tat com.microsoft.playwright.impl.LoggingSupport.withLogging(LoggingSupport.java:35)\n\tat com.microsoft.playwright.impl.FrameImpl.click(FrameImpl.java:243)\n\tat com.microsoft.playwright.impl.LocatorImpl.click(LocatorImpl.java:174)\n\tat com.microsoft.playwright.Locator.click(Locator.java:2513)\n\tat pages.ht_media.ShareBankStatement.selectIgnosisBankUAT(ShareBankStatement.java:213)\n\tat testClassPool.ShareBankStatementTest.TC_AA_OTP_Flow_SelectBank_EnterOtp_Submit(ShareBankStatementTest.java:82)\n\tat java.base/jdk.internal.reflect.NativeMethodAccessorImpl.invoke0(Native Method)\n\tat java.base/jdk.internal.reflect.NativeMethodAccessorImpl.invoke(NativeMethodAccessorImpl.java:77)\n\tat java.base/jdk.internal.reflect.DelegatingMethodAccessorImpl.invoke(DelegatingMethodAccessorImpl.java:43)\n\tat java.base/java.lang.reflect.Method.invoke(Method.java:568)\n\tat org.testng.internal.invokers.MethodInvocationHelper.invokeMethod(MethodInvocationHelper.java:141)\n\tat org.testng.internal.invokers.TestInvoker.invokeMethod(TestInvoker.java:687)\n\tat org.testng.internal.invokers.TestInvoker.invokeTestMethod(TestInvoker.java:230)\n\tat org.testng.internal.invokers.MethodRunner.runInSequence(MethodRunner.java:63)\n\tat org.testng.internal.invokers.TestInvoker$MethodInvocationAgent.invoke(TestInvoker.java:995)\n\tat org.testng.internal.invokers.TestInvoker.invokeTestMethods(TestInvoker.java:203)\n\tat org.testng.internal.invokers.TestMethodWorker.invokeTestMethods(TestMethodWorker.java:154)\n\tat org.testng.internal.invokers.TestMethodWorker.run(TestMethodWorker.java:134)\n\tat java.base/java.util.concurrent.Executors$RunnableAdapter.call(Executors.java:539)\n\tat java.base/java.util.concurrent.FutureTask.run(FutureTask.java:264)\n\tat org.testng.internal.thread.graph.TestNGFutureTask.run(TestNGFutureTask.java:22)\n\tat java.base/java.util.concurrent.ThreadPoolExecutor.runWorker(ThreadPoolExecutor.java:1136)\n\tat java.base/java.util.concurrent.ThreadPoolExecutor$Worker.run(ThreadPoolExecutor.java:635)\n\tat java.base/java.lang.Thread.run(Thread.java:833)\nCaused by: com.microsoft.playwright.TimeoutError: Error {\n  message='Timeout 30000ms exceeded.\n  name='TimeoutError\n  stack='TimeoutError: Timeout 30000ms exceeded.\n    at ProgressController.run (/tmp/playwright-java-234975558383199656/package/lib/server/progress.js:76:26)\n    at Frame.click (/tmp/playwright-java-234975558383199656/package/lib/server/frames.js:991:23)\n    at FrameDispatcher.click (/tmp/playwright-java-234975558383199656/package/lib/server/dispatchers/frameDispatcher.js:117:30)\n    at FrameDispatcher._handleCommand (/tmp/playwright-java-234975558383199656/package/lib/server/dispatchers/dispatcher.js:94:40)\n    at DispatcherConnection.dispatch (/tmp/playwright-java-234975558383199656/package/lib/server/dispatchers/dispatcher.js:307:39)\n}\nCall log:\n-   - waiting for locator(\"//li[contains(.,'Ignosis Bank UAT')]\")\n\n\tat com.microsoft.playwright.impl.Connection.dispatch(Connection.java:254)\n\tat com.microsoft.playwright.impl.Connection.processOneMessage(Connection.java:211)\n\tat com.microsoft.playwright.impl.ChannelOwner.runUntil(ChannelOwner.java:130)\n\t... 31 more\n","flaky":false,"newFailed":false,"newBroken":false,"newPassed":false,"retriesCount":0,"retriesStatusChange":false,"beforeStages":[{"name":"setUp","time":{"start":1752182431515,"stop":1752182432319,"duration":804},"description":"","status":"passed","steps":[],"attachments":[],"parameters":[],"shouldDisplayMessage":false,"stepsCount":0,"attachmentsCount":0,"hasContent":false,"attachmentStep":false},{"name":"setUP","time":{"start":1752182432320,"stop":1752182444583,"duration":12263},"description":"","status":"passed","steps":[{"name":"Entering mobile number: 8785878041","time":{"start":1752182432861,"stop":1752182433990,"duration":1129},"status":"passed","steps":[],"attachments":[],"parameters":[{"name":"mobileNumber","value":"8785878041"}],"shouldDisplayMessage":false,"stepsCount":0,"attachmentsCount":0,"hasContent":true,"attachmentStep":false},{"name":"Verifying element is visible: {elementName}","time":{"start":1752182442532,"stop":1752182442534,"duration":2},"status":"passed","steps":[],"attachments":[],"parameters":[{"name":"locator","value":"Locator@//*[text()='Approved!']"},{"name":"name","value":"Approved! text"}],"shouldDisplayMessage":false,"stepsCount":0,"attachmentsCount":0,"hasContent":true,"attachmentStep":false},{"name":"Verifying element text is: Approved!","time":{"start":1752182442534,"stop":1752182442535,"duration":1},"status":"passed","steps":[],"attachments":[],"parameters":[{"name":"locator","value":"Locator@//*[text()='Approved!']"},{"name":"expected","value":"Approved!"},{"name":"elementName","value":"Approved Text"}],"shouldDisplayMessage":false,"stepsCount":0,"attachmentsCount":0,"hasContent":true,"attachmentStep":false},{"name":"Verifying element is visible: {elementName}","time":{"start":1752182442535,"stop":1752182442537,"duration":2},"status":"passed","steps":[],"attachments":[],"parameters":[{"name":"locator","value":"Locator@//*[text()='You are eligible for a Personal Loan up to']"},{"name":"name","value":"Approved subtitle"}],"shouldDisplayMessage":false,"stepsCount":0,"attachmentsCount":0,"hasContent":true,"attachmentStep":false},{"name":"Verifying element text is: You are eligible for a Personal Loan up to","time":{"start":1752182442537,"stop":1752182442537,"duration":0},"status":"passed","steps":[],"attachments":[],"parameters":[{"name":"locator","value":"Locator@//*[text()='You are eligible for a Personal Loan up to']"},{"name":"expected","value":"You are eligible for a Personal Loan up to"},{"name":"elementName","value":"Sub Title Text"}],"shouldDisplayMessage":false,"stepsCount":0,"attachmentsCount":0,"hasContent":true,"attachmentStep":false},{"name":"Verifying element is visible: {elementName}","time":{"start":1752182442537,"stop":1752182442539,"duration":2},"status":"passed","steps":[],"attachments":[],"parameters":[{"name":"locator","value":"Locator@//*[@class='amount']/span[2]"},{"name":"name","value":"Approved Amount"}],"shouldDisplayMessage":false,"stepsCount":0,"attachmentsCount":0,"hasContent":true,"attachmentStep":false},{"name":"Verifying element is visible: {elementName}","time":{"start":1752182442539,"stop":1752182442540,"duration":1},"status":"passed","steps":[],"attachments":[],"parameters":[{"name":"locator","value":"Locator@//*[text()='Continue']"},{"name":"name","value":"Continue Button"}],"shouldDisplayMessage":false,"stepsCount":0,"attachmentsCount":0,"hasContent":true,"attachmentStep":false},{"name":"Verifying element is enabled: Continue Button","time":{"start":1752182442540,"stop":1752182442541,"duration":1},"status":"passed","steps":[],"attachments":[],"parameters":[{"name":"locator","value":"Locator@//*[text()='Continue']"},{"name":"elementName","value":"Continue Button"}],"shouldDisplayMessage":false,"stepsCount":0,"attachmentsCount":0,"hasContent":true,"attachmentStep":false}],"attachments":[],"parameters":[],"shouldDisplayMessage":false,"stepsCount":8,"attachmentsCount":0,"hasContent":true,"attachmentStep":false}],"testStage":{"status":"broken","statusMessage":"Error {\n  message='Timeout 30000ms exceeded.\n  name='TimeoutError\n  stack='TimeoutError: Timeout 30000ms exceeded.\n    at ProgressController.run (/tmp/playwright-java-234975558383199656/package/lib/server/progress.js:76:26)\n    at Frame.click (/tmp/playwright-java-234975558383199656/package/lib/server/frames.js:991:23)\n    at FrameDispatcher.click (/tmp/playwright-java-234975558383199656/package/lib/server/dispatchers/frameDispatcher.js:117:30)\n    at FrameDispatcher._handleCommand (/tmp/playwright-java-234975558383199656/package/lib/server/dispatchers/dispatcher.js:94:40)\n    at DispatcherConnection.dispatch (/tmp/playwright-java-234975558383199656/package/lib/server/dispatchers/dispatcher.js:307:39)\n}\nCall log:\n-   - waiting for locator(\"//li[contains(.,'Ignosis Bank UAT')]\")\n","statusTrace":"com.microsoft.playwright.TimeoutError: Error {\n  message='Timeout 30000ms exceeded.\n  name='TimeoutError\n  stack='TimeoutError: Timeout 30000ms exceeded.\n    at ProgressController.run (/tmp/playwright-java-234975558383199656/package/lib/server/progress.js:76:26)\n    at Frame.click (/tmp/playwright-java-234975558383199656/package/lib/server/frames.js:991:23)\n    at FrameDispatcher.click (/tmp/playwright-java-234975558383199656/package/lib/server/dispatchers/frameDispatcher.js:117:30)\n    at FrameDispatcher._handleCommand (/tmp/playwright-java-234975558383199656/package/lib/server/dispatchers/dispatcher.js:94:40)\n    at DispatcherConnection.dispatch (/tmp/playwright-java-234975558383199656/package/lib/server/dispatchers/dispatcher.js:307:39)\n}\nCall log:\n-   - waiting for locator(\"//li[contains(.,'Ignosis Bank UAT')]\")\n\n\tat com.microsoft.playwright.impl.WaitableResult.get(WaitableResult.java:52)\n\tat com.microsoft.playwright.impl.ChannelOwner.runUntil(ChannelOwner.java:132)\n\tat com.microsoft.playwright.impl.Connection.sendMessage(Connection.java:130)\n\tat com.microsoft.playwright.impl.ChannelOwner.sendMessage(ChannelOwner.java:118)\n\tat com.microsoft.playwright.impl.FrameImpl.clickImpl(FrameImpl.java:252)\n\tat com.microsoft.playwright.impl.FrameImpl.lambda$click$8(FrameImpl.java:243)\n\tat com.microsoft.playwright.impl.LoggingSupport.lambda$withLogging$0(LoggingSupport.java:36)\n\tat com.microsoft.playwright.impl.LoggingSupport.withLogging(LoggingSupport.java:47)\n\tat com.microsoft.playwright.impl.ChannelOwner.withLogging(ChannelOwner.java:97)\n\tat com.microsoft.playwright.impl.LoggingSupport.withLogging(LoggingSupport.java:35)\n\tat com.microsoft.playwright.impl.FrameImpl.click(FrameImpl.java:243)\n\tat com.microsoft.playwright.impl.LocatorImpl.click(LocatorImpl.java:174)\n\tat com.microsoft.playwright.Locator.click(Locator.java:2513)\n\tat pages.ht_media.ShareBankStatement.selectIgnosisBankUAT(ShareBankStatement.java:213)\n\tat testClassPool.ShareBankStatementTest.TC_AA_OTP_Flow_SelectBank_EnterOtp_Submit(ShareBankStatementTest.java:82)\n\tat java.base/jdk.internal.reflect.NativeMethodAccessorImpl.invoke0(Native Method)\n\tat java.base/jdk.internal.reflect.NativeMethodAccessorImpl.invoke(NativeMethodAccessorImpl.java:77)\n\tat java.base/jdk.internal.reflect.DelegatingMethodAccessorImpl.invoke(DelegatingMethodAccessorImpl.java:43)\n\tat java.base/java.lang.reflect.Method.invoke(Method.java:568)\n\tat org.testng.internal.invokers.MethodInvocationHelper.invokeMethod(MethodInvocationHelper.java:141)\n\tat org.testng.internal.invokers.TestInvoker.invokeMethod(TestInvoker.java:687)\n\tat org.testng.internal.invokers.TestInvoker.invokeTestMethod(TestInvoker.java:230)\n\tat org.testng.internal.invokers.MethodRunner.runInSequence(MethodRunner.java:63)\n\tat org.testng.internal.invokers.TestInvoker$MethodInvocationAgent.invoke(TestInvoker.java:995)\n\tat org.testng.internal.invokers.TestInvoker.invokeTestMethods(TestInvoker.java:203)\n\tat org.testng.internal.invokers.TestMethodWorker.invokeTestMethods(TestMethodWorker.java:154)\n\tat org.testng.internal.invokers.TestMethodWorker.run(TestMethodWorker.java:134)\n\tat java.base/java.util.concurrent.Executors$RunnableAdapter.call(Executors.java:539)\n\tat java.base/java.util.concurrent.FutureTask.run(FutureTask.java:264)\n\tat org.testng.internal.thread.graph.TestNGFutureTask.run(TestNGFutureTask.java:22)\n\tat java.base/java.util.concurrent.ThreadPoolExecutor.runWorker(ThreadPoolExecutor.java:1136)\n\tat java.base/java.util.concurrent.ThreadPoolExecutor$Worker.run(ThreadPoolExecutor.java:635)\n\tat java.base/java.lang.Thread.run(Thread.java:833)\nCaused by: com.microsoft.playwright.TimeoutError: Error {\n  message='Timeout 30000ms exceeded.\n  name='TimeoutError\n  stack='TimeoutError: Timeout 30000ms exceeded.\n    at ProgressController.run (/tmp/playwright-java-234975558383199656/package/lib/server/progress.js:76:26)\n    at Frame.click (/tmp/playwright-java-234975558383199656/package/lib/server/frames.js:991:23)\n    at FrameDispatcher.click (/tmp/playwright-java-234975558383199656/package/lib/server/dispatchers/frameDispatcher.js:117:30)\n    at FrameDispatcher._handleCommand (/tmp/playwright-java-234975558383199656/package/lib/server/dispatchers/dispatcher.js:94:40)\n    at DispatcherConnection.dispatch (/tmp/playwright-java-234975558383199656/package/lib/server/dispatchers/dispatcher.js:307:39)\n}\nCall log:\n-   - waiting for locator(\"//li[contains(.,'Ignosis Bank UAT')]\")\n\n\tat com.microsoft.playwright.impl.Connection.dispatch(Connection.java:254)\n\tat com.microsoft.playwright.impl.Connection.processOneMessage(Connection.java:211)\n\tat com.microsoft.playwright.impl.ChannelOwner.runUntil(ChannelOwner.java:130)\n\t... 31 more\n","steps":[{"name":"Add Environment Info","time":{"start":1752182444588,"stop":1752182444589,"duration":1},"status":"passed","steps":[],"attachments":[{"uid":"47ea0de57b60e0c9","name":"Platform","source":"47ea0de57b60e0c9.txt","type":"text/plain","size":5},{"uid":"9693bd048472ef26","name":"Test Framework","source":"9693bd048472ef26.txt","type":"text/plain","size":6},{"uid":"47d37db37041db69","name":"Java Version","source":"47d37db37041db69.txt","type":"text/plain","size":6},{"uid":"88b38925bd78e2fc","name":"Browser","source":"88b38925bd78e2fc.txt","type":"text/plain","size":6},{"uid":"7e919f7fc0727cd9","name":"Automation Tool","source":"7e919f7fc0727cd9.txt","type":"text/plain","size":10}],"parameters":[],"shouldDisplayMessage":false,"stepsCount":0,"attachmentsCount":5,"hasContent":true,"attachmentStep":false},{"name":"Add Test Metrics","time":{"start":1752182474974,"stop":1752182474978,"duration":4},"status":"passed","steps":[],"attachments":[{"uid":"1f31c14ec22f9a","name":"Test Duration","source":"1f31c14ec22f9a.txt","type":"text/plain","size":18},{"uid":"fe65b149de47dd4a","name":"Test Status","source":"fe65b149de47dd4a.txt","type":"text/plain","size":6}],"parameters":[{"name":"testName","value":"TC_AA_OTP_Flow_SelectBank_EnterOtp_Submit"},{"name":"status","value":"FAILED"},{"name":"duration","value":"30385"}],"shouldDisplayMessage":false,"stepsCount":0,"attachmentsCount":2,"hasContent":true,"attachmentStep":false},{"name":"Add Trend Data","time":{"start":1752182474978,"stop":1752182474979,"duration":1},"status":"passed","steps":[],"attachments":[],"parameters":[{"name":"testName","value":"TC_AA_OTP_Flow_SelectBank_EnterOtp_Submit"},{"name":"status","value":"FAILED"},{"name":"duration","value":"30385"}],"shouldDisplayMessage":false,"stepsCount":0,"attachmentsCount":0,"hasContent":true,"attachmentStep":false},{"name":"Add Failure Details","time":{"start":1752182474979,"stop":1752182474980,"duration":1},"status":"passed","steps":[],"attachments":[{"uid":"f454895ebcb64047","name":"Error Stack Trace","source":"f454895ebcb64047.txt","type":"text/plain","size":2633},{"uid":"bfbbd3099e8e6476","name":"Error Message","source":"bfbbd3099e8e6476.txt","type":"text/plain","size":789}],"parameters":[{"name":"result","value":"[TestResult name=TC_AA_OTP_Flow_SelectBank_EnterOtp_Submit status=FAILURE method=ShareBankStatementTest.TC_AA_OTP_Flow_SelectBank_EnterOtp_Submit()[pri:0, instance:testClassPool.ShareBankStatementTest@4068102e] output=[2025-07-10 21:20:44] STARTED - TC_AA_OTP_Flow_SelectBank_EnterOtp_Submit: Test execution started]"}],"shouldDisplayMessage":false,"stepsCount":0,"attachmentsCount":2,"hasContent":true,"attachmentStep":false}],"attachments":[],"parameters":[],"shouldDisplayMessage":true,"stepsCount":4,"attachmentsCount":9,"hasContent":true,"attachmentStep":false},"afterStages":[{"name":"tearDown","time":{"start":1752182474987,"stop":1752182475121,"duration":134},"description":"","status":"passed","steps":[],"attachments":[{"uid":"4c28541cdcbb4fb0","name":"All Failed APIs","source":"4c28541cdcbb4fb0.txt","type":"text/plain","size":607}],"parameters":[],"shouldDisplayMessage":false,"stepsCount":0,"attachmentsCount":1,"hasContent":true,"attachmentStep":false}],"labels":[{"name":"package","value":"testClassPool.ShareBankStatementTest"},{"name":"testClass","value":"testClassPool.ShareBankStatementTest"},{"name":"testMethod","value":"TC_AA_OTP_Flow_SelectBank_EnterOtp_Submit"},{"name":"parentSuite","value":"Stashfin Web Automation Suite"},{"name":"suite","value":"Stashfin Web Test Run"},{"name":"subSuite","value":"testClassPool.ShareBankStatementTest"},{"name":"host","value":"101c1c305061"},{"name":"thread","value":"104@101c1c305061.TestNG-test-Stashfin Web Test Run-1(31)"},{"name":"framework","value":"testng"},{"name":"language","value":"java"},{"name":"resultFormat","value":"allure2"}],"parameters":[],"links":[],"hidden":false,"retry":false,"extra":{"severity":"normal","retries":[],"categories":[{"name":"Test defects","matchedStatuses":[],"flaky":false}],"tags":[]},"source":"a4cae9ce98834d05.json","parameterValues":[]}