{"uid":"acf240fd06bbc542","name":"Verify all transaction data retrieval","fullName":"testGetAllTransactionData (General)","historyId":"c463fac2290101f5323408493cbe29ca","time":{"start":1752179887400,"stop":1752179888084,"duration":684},"status":"broken","statusMessage":"Database query execution failed","statusTrace":"java.lang.RuntimeException: Database query execution failed\n\tat utils.DatabaseUtils.executeQuery(DatabaseUtils.java:102)\n\tat utils.DatabaseUtils.getAllTransactionData(DatabaseUtils.java:152)\n\tat testClassPool.DatabaseOperationsTest.testGetAllTransactionData(DatabaseOperationsTest.java:82)\n\tat java.base/jdk.internal.reflect.NativeMethodAccessorImpl.invoke0(Native Method)\n\tat java.base/jdk.internal.reflect.NativeMethodAccessorImpl.invoke(NativeMethodAccessorImpl.java:77)\n\tat java.base/jdk.internal.reflect.DelegatingMethodAccessorImpl.invoke(DelegatingMethodAccessorImpl.java:43)\n\tat java.base/java.lang.reflect.Method.invoke(Method.java:568)\n\tat org.testng.internal.invokers.MethodInvocationHelper.invokeMethod(MethodInvocationHelper.java:141)\n\tat org.testng.internal.invokers.TestInvoker.invokeMethod(TestInvoker.java:687)\n\tat org.testng.internal.invokers.TestInvoker.invokeTestMethod(TestInvoker.java:230)\n\tat org.testng.internal.invokers.MethodRunner.runInSequence(MethodRunner.java:63)\n\tat org.testng.internal.invokers.TestInvoker$MethodInvocationAgent.invoke(TestInvoker.java:995)\n\tat org.testng.internal.invokers.TestInvoker.invokeTestMethods(TestInvoker.java:203)\n\tat org.testng.internal.invokers.TestMethodWorker.invokeTestMethods(TestMethodWorker.java:154)\n\tat org.testng.internal.invokers.TestMethodWorker.run(TestMethodWorker.java:134)\n\tat java.base/java.util.concurrent.Executors$RunnableAdapter.call(Executors.java:539)\n\tat java.base/java.util.concurrent.FutureTask.run(FutureTask.java:264)\n\tat org.testng.internal.thread.graph.TestNGFutureTask.run(TestNGFutureTask.java:22)\n\tat java.base/java.util.concurrent.ThreadPoolExecutor.runWorker(ThreadPoolExecutor.java:1136)\n\tat java.base/java.util.concurrent.ThreadPoolExecutor$Worker.run(ThreadPoolExecutor.java:635)\n\tat java.base/java.lang.Thread.run(Thread.java:833)\nCaused by: java.sql.SQLException: Zero date value prohibited\n\tat com.mysql.cj.jdbc.exceptions.SQLError.createSQLException(SQLError.java:130)\n\tat com.mysql.cj.jdbc.exceptions.SQLError.createSQLException(SQLError.java:98)\n\tat com.mysql.cj.jdbc.exceptions.SQLError.createSQLException(SQLError.java:90)\n\tat com.mysql.cj.jdbc.exceptions.SQLError.createSQLException(SQLError.java:64)\n\tat com.mysql.cj.jdbc.exceptions.SQLError.createSQLException(SQLError.java:74)\n\tat com.mysql.cj.jdbc.exceptions.SQLExceptionsMapping.translateException(SQLExceptionsMapping.java:99)\n\tat com.mysql.cj.jdbc.result.ResultSetImpl.getObject(ResultSetImpl.java:1285)\n\tat utils.DatabaseUtils.executeQuery(DatabaseUtils.java:92)\n\t... 20 more\nCaused by: com.mysql.cj.exceptions.DataReadException: Zero date value prohibited\n\tat com.mysql.cj.result.LocalDateTimeValueFactory.localCreateFromDatetime(LocalDateTimeValueFactory.java:84)\n\tat com.mysql.cj.result.LocalDateTimeValueFactory.localCreateFromDatetime(LocalDateTimeValueFactory.java:44)\n\tat com.mysql.cj.result.AbstractDateTimeValueFactory.createFromDatetime(AbstractDateTimeValueFactory.java:104)\n\tat com.mysql.cj.protocol.a.MysqlTextValueDecoder.decodeDatetime(MysqlTextValueDecoder.java:90)\n\tat com.mysql.cj.protocol.result.AbstractResultsetRow.decodeAndCreateReturnValue(AbstractResultsetRow.java:86)\n\tat com.mysql.cj.protocol.result.AbstractResultsetRow.getValueFromBytes(AbstractResultsetRow.java:243)\n\tat com.mysql.cj.protocol.a.result.TextBufferRow.getValue(TextBufferRow.java:132)\n\tat com.mysql.cj.jdbc.result.ResultSetImpl.getLocalDateTime(ResultSetImpl.java:959)\n\tat com.mysql.cj.jdbc.result.ResultSetImpl.getObject(ResultSetImpl.java:1282)\n\t... 21 more\n","flaky":false,"newFailed":false,"newBroken":false,"newPassed":false,"retriesCount":0,"retriesStatusChange":false,"beforeStages":[{"name":"setUp","time":{"start":1752179882921,"stop":1752179883307,"duration":386},"description":"","status":"passed","steps":[],"attachments":[],"parameters":[],"shouldDisplayMessage":false,"stepsCount":0,"attachmentsCount":0,"hasContent":false,"attachmentStep":false},{"name":"setUp","time":{"start":1752179886687,"stop":1752179887399,"duration":712},"description":"","status":"passed","steps":[],"attachments":[],"parameters":[],"shouldDisplayMessage":false,"stepsCount":0,"attachmentsCount":0,"hasContent":false,"attachmentStep":false}],"testStage":{"status":"broken","statusMessage":"Database query execution failed","statusTrace":"java.lang.RuntimeException: Database query execution failed\n\tat utils.DatabaseUtils.executeQuery(DatabaseUtils.java:102)\n\tat utils.DatabaseUtils.getAllTransactionData(DatabaseUtils.java:152)\n\tat testClassPool.DatabaseOperationsTest.testGetAllTransactionData(DatabaseOperationsTest.java:82)\n\tat java.base/jdk.internal.reflect.NativeMethodAccessorImpl.invoke0(Native Method)\n\tat java.base/jdk.internal.reflect.NativeMethodAccessorImpl.invoke(NativeMethodAccessorImpl.java:77)\n\tat java.base/jdk.internal.reflect.DelegatingMethodAccessorImpl.invoke(DelegatingMethodAccessorImpl.java:43)\n\tat java.base/java.lang.reflect.Method.invoke(Method.java:568)\n\tat org.testng.internal.invokers.MethodInvocationHelper.invokeMethod(MethodInvocationHelper.java:141)\n\tat org.testng.internal.invokers.TestInvoker.invokeMethod(TestInvoker.java:687)\n\tat org.testng.internal.invokers.TestInvoker.invokeTestMethod(TestInvoker.java:230)\n\tat org.testng.internal.invokers.MethodRunner.runInSequence(MethodRunner.java:63)\n\tat org.testng.internal.invokers.TestInvoker$MethodInvocationAgent.invoke(TestInvoker.java:995)\n\tat org.testng.internal.invokers.TestInvoker.invokeTestMethods(TestInvoker.java:203)\n\tat org.testng.internal.invokers.TestMethodWorker.invokeTestMethods(TestMethodWorker.java:154)\n\tat org.testng.internal.invokers.TestMethodWorker.run(TestMethodWorker.java:134)\n\tat java.base/java.util.concurrent.Executors$RunnableAdapter.call(Executors.java:539)\n\tat java.base/java.util.concurrent.FutureTask.run(FutureTask.java:264)\n\tat org.testng.internal.thread.graph.TestNGFutureTask.run(TestNGFutureTask.java:22)\n\tat java.base/java.util.concurrent.ThreadPoolExecutor.runWorker(ThreadPoolExecutor.java:1136)\n\tat java.base/java.util.concurrent.ThreadPoolExecutor$Worker.run(ThreadPoolExecutor.java:635)\n\tat java.base/java.lang.Thread.run(Thread.java:833)\nCaused by: java.sql.SQLException: Zero date value prohibited\n\tat com.mysql.cj.jdbc.exceptions.SQLError.createSQLException(SQLError.java:130)\n\tat com.mysql.cj.jdbc.exceptions.SQLError.createSQLException(SQLError.java:98)\n\tat com.mysql.cj.jdbc.exceptions.SQLError.createSQLException(SQLError.java:90)\n\tat com.mysql.cj.jdbc.exceptions.SQLError.createSQLException(SQLError.java:64)\n\tat com.mysql.cj.jdbc.exceptions.SQLError.createSQLException(SQLError.java:74)\n\tat com.mysql.cj.jdbc.exceptions.SQLExceptionsMapping.translateException(SQLExceptionsMapping.java:99)\n\tat com.mysql.cj.jdbc.result.ResultSetImpl.getObject(ResultSetImpl.java:1285)\n\tat utils.DatabaseUtils.executeQuery(DatabaseUtils.java:92)\n\t... 20 more\nCaused by: com.mysql.cj.exceptions.DataReadException: Zero date value prohibited\n\tat com.mysql.cj.result.LocalDateTimeValueFactory.localCreateFromDatetime(LocalDateTimeValueFactory.java:84)\n\tat com.mysql.cj.result.LocalDateTimeValueFactory.localCreateFromDatetime(LocalDateTimeValueFactory.java:44)\n\tat com.mysql.cj.result.AbstractDateTimeValueFactory.createFromDatetime(AbstractDateTimeValueFactory.java:104)\n\tat com.mysql.cj.protocol.a.MysqlTextValueDecoder.decodeDatetime(MysqlTextValueDecoder.java:90)\n\tat com.mysql.cj.protocol.result.AbstractResultsetRow.decodeAndCreateReturnValue(AbstractResultsetRow.java:86)\n\tat com.mysql.cj.protocol.result.AbstractResultsetRow.getValueFromBytes(AbstractResultsetRow.java:243)\n\tat com.mysql.cj.protocol.a.result.TextBufferRow.getValue(TextBufferRow.java:132)\n\tat com.mysql.cj.jdbc.result.ResultSetImpl.getLocalDateTime(ResultSetImpl.java:959)\n\tat com.mysql.cj.jdbc.result.ResultSetImpl.getObject(ResultSetImpl.java:1282)\n\t... 21 more\n","steps":[{"name":"Add Environment Info","time":{"start":1752179887400,"stop":1752179887400,"duration":0},"status":"passed","steps":[],"attachments":[{"uid":"29eb9328bd5a9355","name":"Platform","source":"29eb9328bd5a9355.txt","type":"text/plain","size":5},{"uid":"301fa362ff9368eb","name":"Test Framework","source":"301fa362ff9368eb.txt","type":"text/plain","size":6},{"uid":"1582e62eb7076b6f","name":"Java Version","source":"1582e62eb7076b6f.txt","type":"text/plain","size":6},{"uid":"e86f536922f64ea3","name":"Browser","source":"e86f536922f64ea3.txt","type":"text/plain","size":6},{"uid":"67ec54a8a3a63ea4","name":"Automation Tool","source":"67ec54a8a3a63ea4.txt","type":"text/plain","size":10}],"parameters":[],"shouldDisplayMessage":false,"stepsCount":0,"attachmentsCount":5,"hasContent":true,"attachmentStep":false},{"name":"Add Test Metrics","time":{"start":1752179888083,"stop":1752179888083,"duration":0},"status":"passed","steps":[],"attachments":[{"uid":"6057e94899385a07","name":"Test Duration","source":"6057e94899385a07.txt","type":"text/plain","size":16},{"uid":"7f5d3a40469d0588","name":"Test Status","source":"7f5d3a40469d0588.txt","type":"text/plain","size":6}],"parameters":[{"name":"testName","value":"testGetAllTransactionData"},{"name":"status","value":"FAILED"},{"name":"duration","value":"683"}],"shouldDisplayMessage":false,"stepsCount":0,"attachmentsCount":2,"hasContent":true,"attachmentStep":false},{"name":"Add Trend Data","time":{"start":1752179888084,"stop":1752179888084,"duration":0},"status":"passed","steps":[],"attachments":[],"parameters":[{"name":"testName","value":"testGetAllTransactionData"},{"name":"status","value":"FAILED"},{"name":"duration","value":"683"}],"shouldDisplayMessage":false,"stepsCount":0,"attachmentsCount":0,"hasContent":true,"attachmentStep":false},{"name":"Add Failure Details","time":{"start":1752179888084,"stop":1752179888084,"duration":0},"status":"passed","steps":[],"attachments":[{"uid":"b8b2a1b5cbb8af4d","name":"Error Stack Trace","source":"b8b2a1b5cbb8af4d.txt","type":"text/plain","size":1688},{"uid":"34e7702af7478c71","name":"Error Message","source":"34e7702af7478c71.txt","type":"text/plain","size":31}],"parameters":[{"name":"result","value":"[TestResult name=testGetAllTransactionData status=FAILURE method=DatabaseOperationsTest.testGetAllTransactionData()[pri:0, instance:testClassPool.DatabaseOperationsTest@1ac4ccad] output=[2025-07-10 20:38:07] STARTED - testGetAllTransactionData: Test execution started]"}],"shouldDisplayMessage":false,"stepsCount":0,"attachmentsCount":2,"hasContent":true,"attachmentStep":false}],"attachments":[],"parameters":[],"shouldDisplayMessage":true,"stepsCount":4,"attachmentsCount":9,"hasContent":true,"attachmentStep":false},"afterStages":[{"name":"tearDown","time":{"start":1752179888084,"stop":1752179888200,"duration":116},"description":"","status":"passed","steps":[],"attachments":[],"parameters":[],"shouldDisplayMessage":false,"stepsCount":0,"attachmentsCount":0,"hasContent":false,"attachmentStep":false},{"name":"tearDown","time":{"start":1752179921444,"stop":1752179921444,"duration":0},"description":"","status":"passed","steps":[],"attachments":[],"parameters":[],"shouldDisplayMessage":false,"stepsCount":0,"attachmentsCount":0,"hasContent":false,"attachmentStep":false}],"labels":[{"name":"package","value":"testClassPool.DatabaseOperationsTest"},{"name":"testClass","value":"testClassPool.DatabaseOperationsTest"},{"name":"testMethod","value":"testGetAllTransactionData"},{"name":"parentSuite","value":"Stashfin Web Automation Suite"},{"name":"suite","value":"Stashfin Web Test Run"},{"name":"subSuite","value":"testClassPool.DatabaseOperationsTest"},{"name":"host","value":"16a877dec30b"},{"name":"thread","value":"101@16a877dec30b.TestNG-test-Stashfin Web Test Run-1(31)"},{"name":"framework","value":"testng"},{"name":"language","value":"java"},{"name":"resultFormat","value":"allure2"}],"parameters":[],"links":[],"hidden":false,"retry":false,"extra":{"severity":"normal","retries":[],"categories":[{"name":"Test defects","matchedStatuses":[],"flaky":false}],"tags":[]},"source":"acf240fd06bbc542.json","parameterValues":[]}