{"uid":"b32d2927e60cf841","name":"Test form validation with very long names","fullName":"TC25_testFormValidationWithVeryLongNames (Reference Details)","historyId":"ffe625c1cf519ee3a32eac7392b7b905","time":{"start":1751443154848,"stop":1751443154850,"duration":2},"status":"skipped","statusMessage":"Basic Details page did not load after OTP confirmation. Navigation may have failed or page is still loading.","statusTrace":"java.lang.AssertionError: Basic Details page did not load after OTP confirmation. Navigation may have failed or page is still loading.\n\tat TestUtils.LoanJourneyFlow.fillBasicDetails(LoanJourneyFlow.java:45)\n\tat TestUtils.LoanJourneyFlow.reachReferenceDetailsPage(LoanJourneyFlow.java:719)\n\tat testClassPool.ReferenceDetailPageTest.setUp(ReferenceDetailPageTest.java:25)\n\tat java.base/jdk.internal.reflect.NativeMethodAccessorImpl.invoke0(Native Method)\n\tat java.base/jdk.internal.reflect.NativeMethodAccessorImpl.invoke(NativeMethodAccessorImpl.java:77)\n\tat java.base/jdk.internal.reflect.DelegatingMethodAccessorImpl.invoke(DelegatingMethodAccessorImpl.java:43)\n\tat java.base/java.lang.reflect.Method.invoke(Method.java:568)\n\tat org.testng.internal.invokers.MethodInvocationHelper.invokeMethod(MethodInvocationHelper.java:141)\n\tat org.testng.internal.invokers.MethodInvocationHelper.invokeMethodConsideringTimeout(MethodInvocationHelper.java:71)\n\tat org.testng.internal.invokers.ConfigInvoker.invokeConfigurationMethod(ConfigInvoker.java:400)\n\tat org.testng.internal.invokers.ConfigInvoker.invokeConfigurations(ConfigInvoker.java:333)\n\tat org.testng.internal.invokers.TestInvoker.runConfigMethods(TestInvoker.java:836)\n\tat org.testng.internal.invokers.TestInvoker.invokeMethod(TestInvoker.java:601)\n\tat org.testng.internal.invokers.TestInvoker.invokeTestMethod(TestInvoker.java:230)\n\tat org.testng.internal.invokers.MethodRunner.runInSequence(MethodRunner.java:63)\n\tat org.testng.internal.invokers.TestInvoker$MethodInvocationAgent.invoke(TestInvoker.java:995)\n\tat org.testng.internal.invokers.TestInvoker.invokeTestMethods(TestInvoker.java:203)\n\tat org.testng.internal.invokers.TestMethodWorker.invokeTestMethods(TestMethodWorker.java:154)\n\tat org.testng.internal.invokers.TestMethodWorker.run(TestMethodWorker.java:134)\n\tat java.base/java.util.ArrayList.forEach(ArrayList.java:1511)\n\tat org.testng.TestRunner.privateRun(TestRunner.java:741)\n\tat org.testng.TestRunner.run(TestRunner.java:616)\n\tat org.testng.SuiteRunner.runTest(SuiteRunner.java:421)\n\tat org.testng.SuiteRunner$SuiteWorker.run(SuiteRunner.java:463)\n\tat org.testng.internal.thread.ThreadUtil.lambda$execute$0(ThreadUtil.java:64)\n\tat java.base/java.util.concurrent.FutureTask.run(FutureTask.java:264)\n\tat java.base/java.util.concurrent.ThreadPoolExecutor.runWorker(ThreadPoolExecutor.java:1136)\n\tat java.base/java.util.concurrent.ThreadPoolExecutor$Worker.run(ThreadPoolExecutor.java:635)\n\tat java.base/java.lang.Thread.run(Thread.java:842)\n","flaky":false,"newFailed":false,"newBroken":false,"newPassed":false,"retriesCount":0,"retriesStatusChange":false,"beforeStages":[{"name":"setUp","time":{"start":1751443132614,"stop":1751443133730,"duration":1116},"description":"","status":"passed","steps":[],"attachments":[],"parameters":[],"shouldDisplayMessage":false,"stepsCount":0,"attachmentsCount":0,"hasContent":false,"attachmentStep":false},{"name":"setUp","time":{"start":1751443133731,"stop":1751443154844,"duration":21113},"description":"","status":"failed","statusMessage":"Basic Details page did not load after OTP confirmation. Navigation may have failed or page is still loading.","statusTrace":"java.lang.AssertionError: Basic Details page did not load after OTP confirmation. Navigation may have failed or page is still loading.\n\tat TestUtils.LoanJourneyFlow.fillBasicDetails(LoanJourneyFlow.java:45)\n\tat TestUtils.LoanJourneyFlow.reachReferenceDetailsPage(LoanJourneyFlow.java:719)\n\tat testClassPool.ReferenceDetailPageTest.setUp(ReferenceDetailPageTest.java:25)\n\tat java.base/jdk.internal.reflect.NativeMethodAccessorImpl.invoke0(Native Method)\n\tat java.base/jdk.internal.reflect.NativeMethodAccessorImpl.invoke(NativeMethodAccessorImpl.java:77)\n\tat java.base/jdk.internal.reflect.DelegatingMethodAccessorImpl.invoke(DelegatingMethodAccessorImpl.java:43)\n\tat java.base/java.lang.reflect.Method.invoke(Method.java:568)\n\tat org.testng.internal.invokers.MethodInvocationHelper.invokeMethod(MethodInvocationHelper.java:141)\n\tat org.testng.internal.invokers.MethodInvocationHelper.invokeMethodConsideringTimeout(MethodInvocationHelper.java:71)\n\tat org.testng.internal.invokers.ConfigInvoker.invokeConfigurationMethod(ConfigInvoker.java:400)\n\tat org.testng.internal.invokers.ConfigInvoker.invokeConfigurations(ConfigInvoker.java:333)\n\tat org.testng.internal.invokers.TestInvoker.runConfigMethods(TestInvoker.java:836)\n\tat org.testng.internal.invokers.TestInvoker.invokeMethod(TestInvoker.java:601)\n\tat org.testng.internal.invokers.TestInvoker.invokeTestMethod(TestInvoker.java:230)\n\tat org.testng.internal.invokers.MethodRunner.runInSequence(MethodRunner.java:63)\n\tat org.testng.internal.invokers.TestInvoker$MethodInvocationAgent.invoke(TestInvoker.java:995)\n\tat org.testng.internal.invokers.TestInvoker.invokeTestMethods(TestInvoker.java:203)\n\tat org.testng.internal.invokers.TestMethodWorker.invokeTestMethods(TestMethodWorker.java:154)\n\tat org.testng.internal.invokers.TestMethodWorker.run(TestMethodWorker.java:134)\n\tat java.base/java.util.ArrayList.forEach(ArrayList.java:1511)\n\tat org.testng.TestRunner.privateRun(TestRunner.java:741)\n\tat org.testng.TestRunner.run(TestRunner.java:616)\n\tat org.testng.SuiteRunner.runTest(SuiteRunner.java:421)\n\tat org.testng.SuiteRunner$SuiteWorker.run(SuiteRunner.java:463)\n\tat org.testng.internal.thread.ThreadUtil.lambda$execute$0(ThreadUtil.java:64)\n\tat java.base/java.util.concurrent.FutureTask.run(FutureTask.java:264)\n\tat java.base/java.util.concurrent.ThreadPoolExecutor.runWorker(ThreadPoolExecutor.java:1136)\n\tat java.base/java.util.concurrent.ThreadPoolExecutor$Worker.run(ThreadPoolExecutor.java:635)\n\tat java.base/java.lang.Thread.run(Thread.java:842)\n","steps":[],"attachments":[{"uid":"1747700c3efd5afe","name":"UI Error Modal after timeout","source":"1747700c3efd5afe.txt","type":"text/plain","size":46},{"uid":"27b974ec9bd45ce9","name":"Timeout Exception","source":"27b974ec9bd45ce9.txt","type":"text/plain","size":1216}],"parameters":[],"shouldDisplayMessage":true,"stepsCount":0,"attachmentsCount":2,"hasContent":true,"attachmentStep":false}],"testStage":{"status":"skipped","statusMessage":"Basic Details page did not load after OTP confirmation. Navigation may have failed or page is still loading.","statusTrace":"java.lang.AssertionError: Basic Details page did not load after OTP confirmation. Navigation may have failed or page is still loading.\n\tat TestUtils.LoanJourneyFlow.fillBasicDetails(LoanJourneyFlow.java:45)\n\tat TestUtils.LoanJourneyFlow.reachReferenceDetailsPage(LoanJourneyFlow.java:719)\n\tat testClassPool.ReferenceDetailPageTest.setUp(ReferenceDetailPageTest.java:25)\n\tat java.base/jdk.internal.reflect.NativeMethodAccessorImpl.invoke0(Native Method)\n\tat java.base/jdk.internal.reflect.NativeMethodAccessorImpl.invoke(NativeMethodAccessorImpl.java:77)\n\tat java.base/jdk.internal.reflect.DelegatingMethodAccessorImpl.invoke(DelegatingMethodAccessorImpl.java:43)\n\tat java.base/java.lang.reflect.Method.invoke(Method.java:568)\n\tat org.testng.internal.invokers.MethodInvocationHelper.invokeMethod(MethodInvocationHelper.java:141)\n\tat org.testng.internal.invokers.MethodInvocationHelper.invokeMethodConsideringTimeout(MethodInvocationHelper.java:71)\n\tat org.testng.internal.invokers.ConfigInvoker.invokeConfigurationMethod(ConfigInvoker.java:400)\n\tat org.testng.internal.invokers.ConfigInvoker.invokeConfigurations(ConfigInvoker.java:333)\n\tat org.testng.internal.invokers.TestInvoker.runConfigMethods(TestInvoker.java:836)\n\tat org.testng.internal.invokers.TestInvoker.invokeMethod(TestInvoker.java:601)\n\tat org.testng.internal.invokers.TestInvoker.invokeTestMethod(TestInvoker.java:230)\n\tat org.testng.internal.invokers.MethodRunner.runInSequence(MethodRunner.java:63)\n\tat org.testng.internal.invokers.TestInvoker$MethodInvocationAgent.invoke(TestInvoker.java:995)\n\tat org.testng.internal.invokers.TestInvoker.invokeTestMethods(TestInvoker.java:203)\n\tat org.testng.internal.invokers.TestMethodWorker.invokeTestMethods(TestMethodWorker.java:154)\n\tat org.testng.internal.invokers.TestMethodWorker.run(TestMethodWorker.java:134)\n\tat java.base/java.util.ArrayList.forEach(ArrayList.java:1511)\n\tat org.testng.TestRunner.privateRun(TestRunner.java:741)\n\tat org.testng.TestRunner.run(TestRunner.java:616)\n\tat org.testng.SuiteRunner.runTest(SuiteRunner.java:421)\n\tat org.testng.SuiteRunner$SuiteWorker.run(SuiteRunner.java:463)\n\tat org.testng.internal.thread.ThreadUtil.lambda$execute$0(ThreadUtil.java:64)\n\tat java.base/java.util.concurrent.FutureTask.run(FutureTask.java:264)\n\tat java.base/java.util.concurrent.ThreadPoolExecutor.runWorker(ThreadPoolExecutor.java:1136)\n\tat java.base/java.util.concurrent.ThreadPoolExecutor$Worker.run(ThreadPoolExecutor.java:635)\n\tat java.base/java.lang.Thread.run(Thread.java:842)\n","steps":[],"attachments":[{"uid":"5f3875071f2decfd","name":"Platform","source":"5f3875071f2decfd.txt","type":"text/plain","size":8},{"uid":"2b5c7db1ab456f97","name":"Test Framework","source":"2b5c7db1ab456f97.txt","type":"text/plain","size":6},{"uid":"37698f87f91d2683","name":"Java Version","source":"37698f87f91d2683.txt","type":"text/plain","size":7},{"uid":"f9923cdc158e3451","name":"Browser","source":"f9923cdc158e3451.txt","type":"text/plain","size":6},{"uid":"e0e41a30d5b6dee0","name":"Automation Tool","source":"e0e41a30d5b6dee0.txt","type":"text/plain","size":10},{"uid":"f2df17ea03c35453","name":"Test Duration","source":"f2df17ea03c35453.txt","type":"text/plain","size":14},{"uid":"515be83943769401","name":"Test Status","source":"515be83943769401.txt","type":"text/plain","size":7}],"parameters":[],"shouldDisplayMessage":true,"stepsCount":0,"attachmentsCount":7,"hasContent":true,"attachmentStep":false},"afterStages":[{"name":"tearDown","time":{"start":1751443154851,"stop":1751443154939,"duration":88},"description":"","status":"passed","steps":[],"attachments":[],"parameters":[],"shouldDisplayMessage":false,"stepsCount":0,"attachmentsCount":0,"hasContent":false,"attachmentStep":false}],"labels":[{"name":"package","value":"testClassPool.ReferenceDetailPageTest"},{"name":"testClass","value":"testClassPool.ReferenceDetailPageTest"},{"name":"testMethod","value":"TC25_testFormValidationWithVeryLongNames"},{"name":"parentSuite","value":"Failed suite [Stashfin Web Automation Suite]"},{"name":"suite","value":"Stashfin Web Test Run(failed)"},{"name":"subSuite","value":"testClassPool.ReferenceDetailPageTest"},{"name":"host","value":"MacBook-Pro.local"},{"name":"thread","value":"29295@MacBook-Pro.local.TestNG-tests-1(28)"},{"name":"framework","value":"testng"},{"name":"language","value":"java"},{"name":"resultFormat","value":"allure2"}],"parameters":[],"links":[],"hidden":true,"retry":true,"extra":{"categories":[],"tags":[]},"source":"b32d2927e60cf841.json","parameterValues":[]}