{"uid":"b70f1625cd7754f2","name":"Verify Get Better Interest text is visible","fullName":"TC06_verifyGetBetterInterestTextVisible (KYC Process)","historyId":"9adca5d1c1c08527cc81d30b2b522afd","time":{"start":1751443258551,"stop":1751443258552,"duration":1},"status":"skipped","statusMessage":"Basic Details page did not load after OTP confirmation. Navigation may have failed or page is still loading.","statusTrace":"java.lang.AssertionError: Basic Details page did not load after OTP confirmation. Navigation may have failed or page is still loading.\n\tat TestUtils.LoanJourneyFlow.fillBasicDetails(LoanJourneyFlow.java:45)\n\tat TestUtils.LoanJourneyFlow.reachReferenceDetailsPage(LoanJourneyFlow.java:719)\n\tat testClassPool.CompleteYourAadharKYCTest.navigateToAadhaarKYCPage(CompleteYourAadharKYCTest.java:59)\n\tat testClassPool.CompleteYourAadharKYCTest.setUp(CompleteYourAadharKYCTest.java:39)\n\tat java.base/jdk.internal.reflect.NativeMethodAccessorImpl.invoke0(Native Method)\n\tat java.base/jdk.internal.reflect.NativeMethodAccessorImpl.invoke(NativeMethodAccessorImpl.java:77)\n\tat java.base/jdk.internal.reflect.DelegatingMethodAccessorImpl.invoke(DelegatingMethodAccessorImpl.java:43)\n\tat java.base/java.lang.reflect.Method.invoke(Method.java:568)\n\tat org.testng.internal.invokers.MethodInvocationHelper.invokeMethod(MethodInvocationHelper.java:141)\n\tat org.testng.internal.invokers.MethodInvocationHelper.invokeMethodConsideringTimeout(MethodInvocationHelper.java:71)\n\tat org.testng.internal.invokers.ConfigInvoker.invokeConfigurationMethod(ConfigInvoker.java:400)\n\tat org.testng.internal.invokers.ConfigInvoker.invokeConfigurations(ConfigInvoker.java:333)\n\tat org.testng.internal.invokers.TestInvoker.runConfigMethods(TestInvoker.java:836)\n\tat org.testng.internal.invokers.TestInvoker.invokeMethod(TestInvoker.java:601)\n\tat org.testng.internal.invokers.TestInvoker.invokeTestMethod(TestInvoker.java:230)\n\tat org.testng.internal.invokers.MethodRunner.runInSequence(MethodRunner.java:63)\n\tat org.testng.internal.invokers.TestInvoker$MethodInvocationAgent.invoke(TestInvoker.java:995)\n\tat org.testng.internal.invokers.TestInvoker.invokeTestMethods(TestInvoker.java:203)\n\tat org.testng.internal.invokers.TestMethodWorker.invokeTestMethods(TestMethodWorker.java:154)\n\tat org.testng.internal.invokers.TestMethodWorker.run(TestMethodWorker.java:134)\n\tat java.base/java.util.ArrayList.forEach(ArrayList.java:1511)\n\tat org.testng.TestRunner.privateRun(TestRunner.java:741)\n\tat org.testng.TestRunner.run(TestRunner.java:616)\n\tat org.testng.SuiteRunner.runTest(SuiteRunner.java:421)\n\tat org.testng.SuiteRunner$SuiteWorker.run(SuiteRunner.java:463)\n\tat org.testng.internal.thread.ThreadUtil.lambda$execute$0(ThreadUtil.java:64)\n\tat java.base/java.util.concurrent.FutureTask.run(FutureTask.java:264)\n\tat java.base/java.util.concurrent.ThreadPoolExecutor.runWorker(ThreadPoolExecutor.java:1136)\n\tat java.base/java.util.concurrent.ThreadPoolExecutor$Worker.run(ThreadPoolExecutor.java:635)\n\tat java.base/java.lang.Thread.run(Thread.java:842)\n","flaky":false,"newFailed":false,"newBroken":false,"newPassed":false,"retriesCount":0,"retriesStatusChange":false,"beforeStages":[{"name":"setUp","time":{"start":1751443257503,"stop":1751443258550,"duration":1047},"description":"","status":"passed","steps":[],"attachments":[],"parameters":[],"shouldDisplayMessage":false,"attachmentsCount":0,"attachmentStep":false,"stepsCount":0,"hasContent":false},{"name":"setUp","time":{"start":1751443258551,"stop":1751443258551,"duration":0},"description":"","status":"broken","steps":[],"attachments":[],"parameters":[],"shouldDisplayMessage":false,"attachmentsCount":0,"attachmentStep":false,"stepsCount":0,"hasContent":false}],"testStage":{"status":"skipped","statusMessage":"Basic Details page did not load after OTP confirmation. Navigation may have failed or page is still loading.","statusTrace":"java.lang.AssertionError: Basic Details page did not load after OTP confirmation. Navigation may have failed or page is still loading.\n\tat TestUtils.LoanJourneyFlow.fillBasicDetails(LoanJourneyFlow.java:45)\n\tat TestUtils.LoanJourneyFlow.reachReferenceDetailsPage(LoanJourneyFlow.java:719)\n\tat testClassPool.CompleteYourAadharKYCTest.navigateToAadhaarKYCPage(CompleteYourAadharKYCTest.java:59)\n\tat testClassPool.CompleteYourAadharKYCTest.setUp(CompleteYourAadharKYCTest.java:39)\n\tat java.base/jdk.internal.reflect.NativeMethodAccessorImpl.invoke0(Native Method)\n\tat java.base/jdk.internal.reflect.NativeMethodAccessorImpl.invoke(NativeMethodAccessorImpl.java:77)\n\tat java.base/jdk.internal.reflect.DelegatingMethodAccessorImpl.invoke(DelegatingMethodAccessorImpl.java:43)\n\tat java.base/java.lang.reflect.Method.invoke(Method.java:568)\n\tat org.testng.internal.invokers.MethodInvocationHelper.invokeMethod(MethodInvocationHelper.java:141)\n\tat org.testng.internal.invokers.MethodInvocationHelper.invokeMethodConsideringTimeout(MethodInvocationHelper.java:71)\n\tat org.testng.internal.invokers.ConfigInvoker.invokeConfigurationMethod(ConfigInvoker.java:400)\n\tat org.testng.internal.invokers.ConfigInvoker.invokeConfigurations(ConfigInvoker.java:333)\n\tat org.testng.internal.invokers.TestInvoker.runConfigMethods(TestInvoker.java:836)\n\tat org.testng.internal.invokers.TestInvoker.invokeMethod(TestInvoker.java:601)\n\tat org.testng.internal.invokers.TestInvoker.invokeTestMethod(TestInvoker.java:230)\n\tat org.testng.internal.invokers.MethodRunner.runInSequence(MethodRunner.java:63)\n\tat org.testng.internal.invokers.TestInvoker$MethodInvocationAgent.invoke(TestInvoker.java:995)\n\tat org.testng.internal.invokers.TestInvoker.invokeTestMethods(TestInvoker.java:203)\n\tat org.testng.internal.invokers.TestMethodWorker.invokeTestMethods(TestMethodWorker.java:154)\n\tat org.testng.internal.invokers.TestMethodWorker.run(TestMethodWorker.java:134)\n\tat java.base/java.util.ArrayList.forEach(ArrayList.java:1511)\n\tat org.testng.TestRunner.privateRun(TestRunner.java:741)\n\tat org.testng.TestRunner.run(TestRunner.java:616)\n\tat org.testng.SuiteRunner.runTest(SuiteRunner.java:421)\n\tat org.testng.SuiteRunner$SuiteWorker.run(SuiteRunner.java:463)\n\tat org.testng.internal.thread.ThreadUtil.lambda$execute$0(ThreadUtil.java:64)\n\tat java.base/java.util.concurrent.FutureTask.run(FutureTask.java:264)\n\tat java.base/java.util.concurrent.ThreadPoolExecutor.runWorker(ThreadPoolExecutor.java:1136)\n\tat java.base/java.util.concurrent.ThreadPoolExecutor$Worker.run(ThreadPoolExecutor.java:635)\n\tat java.base/java.lang.Thread.run(Thread.java:842)\n","steps":[],"attachments":[{"uid":"55ba85f9c6e8d6e7","name":"Platform","source":"55ba85f9c6e8d6e7.txt","type":"text/plain","size":8},{"uid":"a2ed116e1b53d837","name":"Test Framework","source":"a2ed116e1b53d837.txt","type":"text/plain","size":6},{"uid":"4f352b96d7e1da13","name":"Java Version","source":"4f352b96d7e1da13.txt","type":"text/plain","size":7},{"uid":"229e16fe99035b0","name":"Browser","source":"229e16fe99035b0.txt","type":"text/plain","size":6},{"uid":"f6871e6b4f3d7523","name":"Automation Tool","source":"f6871e6b4f3d7523.txt","type":"text/plain","size":10},{"uid":"d5669a2529f7aa93","name":"Test Duration","source":"d5669a2529f7aa93.txt","type":"text/plain","size":14},{"uid":"6f92586bec1c2092","name":"Test Status","source":"6f92586bec1c2092.txt","type":"text/plain","size":7}],"parameters":[],"shouldDisplayMessage":true,"attachmentsCount":7,"attachmentStep":false,"stepsCount":0,"hasContent":true},"afterStages":[{"name":"tearDown","time":{"start":1751443258552,"stop":1751443258659,"duration":107},"description":"","status":"passed","steps":[],"attachments":[],"parameters":[],"shouldDisplayMessage":false,"attachmentsCount":0,"attachmentStep":false,"stepsCount":0,"hasContent":false}],"labels":[{"name":"package","value":"testClassPool.CompleteYourAadharKYCTest"},{"name":"testClass","value":"testClassPool.CompleteYourAadharKYCTest"},{"name":"testMethod","value":"TC06_verifyGetBetterInterestTextVisible"},{"name":"parentSuite","value":"Failed suite [Stashfin Web Automation Suite]"},{"name":"suite","value":"Stashfin Web Test Run(failed)"},{"name":"subSuite","value":"testClassPool.CompleteYourAadharKYCTest"},{"name":"host","value":"MacBook-Pro.local"},{"name":"thread","value":"29295@MacBook-Pro.local.TestNG-tests-1(28)"},{"name":"framework","value":"testng"},{"name":"language","value":"java"},{"name":"resultFormat","value":"allure2"}],"parameters":[],"links":[],"hidden":true,"retry":true,"extra":{"categories":[],"tags":[]},"source":"b70f1625cd7754f2.json","parameterValues":[]}