{"uid":"b7bf9b0b24b386ec","name":"TC08 - Verify review screen accessibility","fullName":"TC08_verifyReviewScreenAccessibility (General)","historyId":"d2ce5ef742e9bc5b90542f16e7b78d5a","time":{"start":1751904369420,"stop":1751904369423,"duration":3},"status":"skipped","statusMessage":"Cannot invoke \"com.microsoft.playwright.Page.locator(String)\" because \"page\" is null","statusTrace":"java.lang.NullPointerException: Cannot invoke \"com.microsoft.playwright.Page.locator(String)\" because \"page\" is null\n\tat pages.ht_media.HtMediaLoginPage.<init>(HtMediaLoginPage.java:73)\n\tat pages.ht_media.HtMediaLoginPage.getInstance(HtMediaLoginPage.java:102)\n\tat TestUtils.LoginUtility.<init>(LoginUtility.java:15)\n\tat TestUtils.LoanJourneyFlow.login(LoanJourneyFlow.java:23)\n\tat TestUtils.LoanJourneyFlow.reachJustAFewMoreDetailsToProceedPage(LoanJourneyFlow.java:1129)\n\tat TestUtils.LoanJourneyFlow.reachUPIAutoPayPage(LoanJourneyFlow.java:1284)\n\tat TestUtils.LoanJourneyFlow.reachDIGIOScreen(LoanJourneyFlow.java:1355)\n\tat TestUtils.LoanJourneyFlow.reachApplicationReviewScreen(LoanJourneyFlow.java:1406)\n\tat testClassPool.ApplicationReviewScreenTest.setUp(ApplicationReviewScreenTest.java:23)\n\tat java.base/jdk.internal.reflect.NativeMethodAccessorImpl.invoke0(Native Method)\n\tat java.base/jdk.internal.reflect.NativeMethodAccessorImpl.invoke(NativeMethodAccessorImpl.java:77)\n\tat java.base/jdk.internal.reflect.DelegatingMethodAccessorImpl.invoke(DelegatingMethodAccessorImpl.java:43)\n\tat java.base/java.lang.reflect.Method.invoke(Method.java:568)\n\tat org.testng.internal.invokers.MethodInvocationHelper.invokeMethod(MethodInvocationHelper.java:141)\n\tat org.testng.internal.invokers.MethodInvocationHelper.invokeMethodConsideringTimeout(MethodInvocationHelper.java:71)\n\tat org.testng.internal.invokers.ConfigInvoker.invokeConfigurationMethod(ConfigInvoker.java:400)\n\tat org.testng.internal.invokers.ConfigInvoker.invokeConfigurations(ConfigInvoker.java:333)\n\tat org.testng.internal.invokers.TestInvoker.runConfigMethods(TestInvoker.java:836)\n\tat org.testng.internal.invokers.TestInvoker.invokeMethod(TestInvoker.java:601)\n\tat org.testng.internal.invokers.TestInvoker.invokeTestMethod(TestInvoker.java:230)\n\tat org.testng.internal.invokers.MethodRunner.runInSequence(MethodRunner.java:63)\n\tat org.testng.internal.invokers.TestInvoker$MethodInvocationAgent.invoke(TestInvoker.java:995)\n\tat org.testng.internal.invokers.TestInvoker.invokeTestMethods(TestInvoker.java:203)\n\tat org.testng.internal.invokers.TestMethodWorker.invokeTestMethods(TestMethodWorker.java:154)\n\tat org.testng.internal.invokers.TestMethodWorker.run(TestMethodWorker.java:134)\n\tat java.base/java.util.concurrent.Executors$RunnableAdapter.call(Executors.java:539)\n\tat java.base/java.util.concurrent.FutureTask.run(FutureTask.java:264)\n\tat org.testng.internal.thread.graph.TestNGFutureTask.run(TestNGFutureTask.java:22)\n\tat java.base/java.util.concurrent.ThreadPoolExecutor.runWorker(ThreadPoolExecutor.java:1136)\n\tat java.base/java.util.concurrent.ThreadPoolExecutor$Worker.run(ThreadPoolExecutor.java:635)\n\tat java.base/java.lang.Thread.run(Thread.java:833)\n","flaky":false,"newFailed":false,"newBroken":false,"newPassed":false,"retriesCount":0,"retriesStatusChange":false,"beforeStages":[{"name":"setUp","time":{"start":1751904369272,"stop":1751904369415,"duration":143},"description":"","status":"broken","statusMessage":"Error {\n  message='\n╔═════════════════════════════════════════════════════════════════════════════════════════════════╗\n║ Host system is missing dependencies to run browsers.                                            ║\n║ Please install them with the following command:                                                 ║\n║                                                                                                 ║\n║     mvn exec:java -e -D exec.mainClass=com.microsoft.playwright.CLI -D exec.args=\"install-deps\" ║\n║                                                                                                 ║\n║ Alternatively, use apt:                                                                         ║\n║     apt-get install libgbm1                                                                     ║\n║                                                                                                 ║\n║ <3 Playwright Team                                                                              ║\n╚═════════════════════════════════════════════════════════════════════════════════════════════════╝\n  name='Error\n  stack='Error: \n╔═════════════════════════════════════════════════════════════════════════════════════════════════╗\n║ Host system is missing dependencies to run browsers.                                            ║\n║ Please install them with the following command:                                                 ║\n║                                                                                                 ║\n║     mvn exec:java -e -D exec.mainClass=com.microsoft.playwright.CLI -D exec.args=\"install-deps\" ║\n║                                                                                                 ║\n║ Alternatively, use apt:                                                                         ║\n║     apt-get install libgbm1                                                                     ║\n║                                                                                                 ║\n║ <3 Playwright Team                                                                              ║\n╚═════════════════════════════════════════════════════════════════════════════════════════════════╝\n    at validateDependenciesLinux (/tmp/playwright-java-5252559726226793018/package/lib/server/registry/dependencies.js:269:9)\n    at async Registry._validateHostRequirements (/tmp/playwright-java-5252559726226793018/package/lib/server/registry/index.js:927:14)\n    at async Registry._validateHostRequirementsForExecutableIfNeeded (/tmp/playwright-java-5252559726226793018/package/lib/server/registry/index.js:1047:7)\n    at async Registry.validateHostRequirementsForExecutablesIfNeeded (/tmp/playwright-java-5252559726226793018/package/lib/server/registry/index.js:1036:7)\n    at async Chromium._launchProcess (/tmp/playwright-java-5252559726226793018/package/lib/server/browserType.js:206:7)\n    at async Chromium._innerLaunch (/tmp/playwright-java-5252559726226793018/package/lib/server/browserType.js:135:70)\n    at async Chromium._innerLaunchWithRetries (/tmp/playwright-java-5252559726226793018/package/lib/server/browserType.js:122:14)\n    at async ProgressController.run (/tmp/playwright-java-5252559726226793018/package/lib/server/progress.js:80:22)\n    at async Chromium.launch (/tmp/playwright-java-5252559726226793018/package/lib/server/browserType.js:87:21)\n    at async BrowserTypeDispatcher.launch (/tmp/playwright-java-5252559726226793018/package/lib/server/dispatchers/browserTypeDispatcher.js:36:21)\n}","statusTrace":"com.microsoft.playwright.PlaywrightException: Error {\n  message='\n╔═════════════════════════════════════════════════════════════════════════════════════════════════╗\n║ Host system is missing dependencies to run browsers.                                            ║\n║ Please install them with the following command:                                                 ║\n║                                                                                                 ║\n║     mvn exec:java -e -D exec.mainClass=com.microsoft.playwright.CLI -D exec.args=\"install-deps\" ║\n║                                                                                                 ║\n║ Alternatively, use apt:                                                                         ║\n║     apt-get install libgbm1                                                                     ║\n║                                                                                                 ║\n║ <3 Playwright Team                                                                              ║\n╚═════════════════════════════════════════════════════════════════════════════════════════════════╝\n  name='Error\n  stack='Error: \n╔═════════════════════════════════════════════════════════════════════════════════════════════════╗\n║ Host system is missing dependencies to run browsers.                                            ║\n║ Please install them with the following command:                                                 ║\n║                                                                                                 ║\n║     mvn exec:java -e -D exec.mainClass=com.microsoft.playwright.CLI -D exec.args=\"install-deps\" ║\n║                                                                                                 ║\n║ Alternatively, use apt:                                                                         ║\n║     apt-get install libgbm1                                                                     ║\n║                                                                                                 ║\n║ <3 Playwright Team                                                                              ║\n╚═════════════════════════════════════════════════════════════════════════════════════════════════╝\n    at validateDependenciesLinux (/tmp/playwright-java-5252559726226793018/package/lib/server/registry/dependencies.js:269:9)\n    at async Registry._validateHostRequirements (/tmp/playwright-java-5252559726226793018/package/lib/server/registry/index.js:927:14)\n    at async Registry._validateHostRequirementsForExecutableIfNeeded (/tmp/playwright-java-5252559726226793018/package/lib/server/registry/index.js:1047:7)\n    at async Registry.validateHostRequirementsForExecutablesIfNeeded (/tmp/playwright-java-5252559726226793018/package/lib/server/registry/index.js:1036:7)\n    at async Chromium._launchProcess (/tmp/playwright-java-5252559726226793018/package/lib/server/browserType.js:206:7)\n    at async Chromium._innerLaunch (/tmp/playwright-java-5252559726226793018/package/lib/server/browserType.js:135:70)\n    at async Chromium._innerLaunchWithRetries (/tmp/playwright-java-5252559726226793018/package/lib/server/browserType.js:122:14)\n    at async ProgressController.run (/tmp/playwright-java-5252559726226793018/package/lib/server/progress.js:80:22)\n    at async Chromium.launch (/tmp/playwright-java-5252559726226793018/package/lib/server/browserType.js:87:21)\n    at async BrowserTypeDispatcher.launch (/tmp/playwright-java-5252559726226793018/package/lib/server/dispatchers/browserTypeDispatcher.js:36:21)\n}\n\tat com.microsoft.playwright.impl.WaitableResult.get(WaitableResult.java:56)\n\tat com.microsoft.playwright.impl.ChannelOwner.runUntil(ChannelOwner.java:132)\n\tat com.microsoft.playwright.impl.Connection.sendMessage(Connection.java:130)\n\tat com.microsoft.playwright.impl.ChannelOwner.sendMessage(ChannelOwner.java:118)\n\tat com.microsoft.playwright.impl.BrowserTypeImpl.launchImpl(BrowserTypeImpl.java:52)\n\tat com.microsoft.playwright.impl.BrowserTypeImpl.lambda$launch$0(BrowserTypeImpl.java:44)\n\tat com.microsoft.playwright.impl.LoggingSupport.withLogging(LoggingSupport.java:47)\n\tat com.microsoft.playwright.impl.ChannelOwner.withLogging(ChannelOwner.java:97)\n\tat com.microsoft.playwright.impl.BrowserTypeImpl.launch(BrowserTypeImpl.java:44)\n\tat com.microsoft.playwright.impl.BrowserTypeImpl.launch(BrowserTypeImpl.java:37)\n\tat homeBase.DriverManager.initDriver(DriverManager.java:64)\n\tat base.BaseTest.setUp(BaseTest.java:51)\n\tat jdk.internal.reflect.GeneratedMethodAccessor70.invoke(Unknown Source)\n\tat java.base/jdk.internal.reflect.DelegatingMethodAccessorImpl.invoke(DelegatingMethodAccessorImpl.java:43)\n\tat java.base/java.lang.reflect.Method.invoke(Method.java:568)\n\tat org.testng.internal.invokers.MethodInvocationHelper.invokeMethod(MethodInvocationHelper.java:141)\n\tat org.testng.internal.invokers.MethodInvocationHelper.invokeMethodConsideringTimeout(MethodInvocationHelper.java:71)\n\tat org.testng.internal.invokers.ConfigInvoker.invokeConfigurationMethod(ConfigInvoker.java:400)\n\tat org.testng.internal.invokers.ConfigInvoker.invokeConfigurations(ConfigInvoker.java:333)\n\tat org.testng.internal.invokers.TestInvoker.runConfigMethods(TestInvoker.java:836)\n\tat org.testng.internal.invokers.TestInvoker.invokeMethod(TestInvoker.java:601)\n\tat org.testng.internal.invokers.TestInvoker.invokeTestMethod(TestInvoker.java:230)\n\tat org.testng.internal.invokers.MethodRunner.runInSequence(MethodRunner.java:63)\n\tat org.testng.internal.invokers.TestInvoker$MethodInvocationAgent.invoke(TestInvoker.java:995)\n\tat org.testng.internal.invokers.TestInvoker.invokeTestMethods(TestInvoker.java:203)\n\tat org.testng.internal.invokers.TestMethodWorker.invokeTestMethods(TestMethodWorker.java:154)\n\tat org.testng.internal.invokers.TestMethodWorker.run(TestMethodWorker.java:134)\n\tat java.base/java.util.concurrent.Executors$RunnableAdapter.call(Executors.java:539)\n\tat java.base/java.util.concurrent.FutureTask.run(FutureTask.java:264)\n\tat org.testng.internal.thread.graph.TestNGFutureTask.run(TestNGFutureTask.java:22)\n\tat java.base/java.util.concurrent.ThreadPoolExecutor.runWorker(ThreadPoolExecutor.java:1136)\n\tat java.base/java.util.concurrent.ThreadPoolExecutor$Worker.run(ThreadPoolExecutor.java:635)\n\tat java.base/java.lang.Thread.run(Thread.java:833)\nCaused by: com.microsoft.playwright.impl.DriverException: Error {\n  message='\n╔═════════════════════════════════════════════════════════════════════════════════════════════════╗\n║ Host system is missing dependencies to run browsers.                                            ║\n║ Please install them with the following command:                                                 ║\n║                                                                                                 ║\n║     mvn exec:java -e -D exec.mainClass=com.microsoft.playwright.CLI -D exec.args=\"install-deps\" ║\n║                                                                                                 ║\n║ Alternatively, use apt:                                                                         ║\n║     apt-get install libgbm1                                                                     ║\n║                                                                                                 ║\n║ <3 Playwright Team                                                                              ║\n╚═════════════════════════════════════════════════════════════════════════════════════════════════╝\n  name='Error\n  stack='Error: \n╔═════════════════════════════════════════════════════════════════════════════════════════════════╗\n║ Host system is missing dependencies to run browsers.                                            ║\n║ Please install them with the following command:                                                 ║\n║                                                                                                 ║\n║     mvn exec:java -e -D exec.mainClass=com.microsoft.playwright.CLI -D exec.args=\"install-deps\" ║\n║                                                                                                 ║\n║ Alternatively, use apt:                                                                         ║\n║     apt-get install libgbm1                                                                     ║\n║                                                                                                 ║\n║ <3 Playwright Team                                                                              ║\n╚═════════════════════════════════════════════════════════════════════════════════════════════════╝\n    at validateDependenciesLinux (/tmp/playwright-java-5252559726226793018/package/lib/server/registry/dependencies.js:269:9)\n    at async Registry._validateHostRequirements (/tmp/playwright-java-5252559726226793018/package/lib/server/registry/index.js:927:14)\n    at async Registry._validateHostRequirementsForExecutableIfNeeded (/tmp/playwright-java-5252559726226793018/package/lib/server/registry/index.js:1047:7)\n    at async Registry.validateHostRequirementsForExecutablesIfNeeded (/tmp/playwright-java-5252559726226793018/package/lib/server/registry/index.js:1036:7)\n    at async Chromium._launchProcess (/tmp/playwright-java-5252559726226793018/package/lib/server/browserType.js:206:7)\n    at async Chromium._innerLaunch (/tmp/playwright-java-5252559726226793018/package/lib/server/browserType.js:135:70)\n    at async Chromium._innerLaunchWithRetries (/tmp/playwright-java-5252559726226793018/package/lib/server/browserType.js:122:14)\n    at async ProgressController.run (/tmp/playwright-java-5252559726226793018/package/lib/server/progress.js:80:22)\n    at async Chromium.launch (/tmp/playwright-java-5252559726226793018/package/lib/server/browserType.js:87:21)\n    at async BrowserTypeDispatcher.launch (/tmp/playwright-java-5252559726226793018/package/lib/server/dispatchers/browserTypeDispatcher.js:36:21)\n}\n\tat com.microsoft.playwright.impl.Connection.dispatch(Connection.java:259)\n\tat com.microsoft.playwright.impl.Connection.processOneMessage(Connection.java:211)\n\tat com.microsoft.playwright.impl.ChannelOwner.runUntil(ChannelOwner.java:130)\n\t... 31 more\n","steps":[],"attachments":[],"parameters":[],"shouldDisplayMessage":true,"attachmentsCount":0,"attachmentStep":false,"stepsCount":0,"hasContent":true},{"name":"setUp","time":{"start":1751904369418,"stop":1751904369418,"duration":0},"description":"","status":"broken","statusMessage":"Cannot invoke \"com.microsoft.playwright.Page.locator(String)\" because \"page\" is null","statusTrace":"java.lang.NullPointerException: Cannot invoke \"com.microsoft.playwright.Page.locator(String)\" because \"page\" is null\n\tat pages.ht_media.HtMediaLoginPage.<init>(HtMediaLoginPage.java:73)\n\tat pages.ht_media.HtMediaLoginPage.getInstance(HtMediaLoginPage.java:102)\n\tat TestUtils.LoginUtility.<init>(LoginUtility.java:15)\n\tat TestUtils.LoanJourneyFlow.login(LoanJourneyFlow.java:23)\n\tat TestUtils.LoanJourneyFlow.reachJustAFewMoreDetailsToProceedPage(LoanJourneyFlow.java:1129)\n\tat TestUtils.LoanJourneyFlow.reachUPIAutoPayPage(LoanJourneyFlow.java:1284)\n\tat TestUtils.LoanJourneyFlow.reachDIGIOScreen(LoanJourneyFlow.java:1355)\n\tat TestUtils.LoanJourneyFlow.reachApplicationReviewScreen(LoanJourneyFlow.java:1406)\n\tat testClassPool.ApplicationReviewScreenTest.setUp(ApplicationReviewScreenTest.java:23)\n\tat java.base/jdk.internal.reflect.NativeMethodAccessorImpl.invoke0(Native Method)\n\tat java.base/jdk.internal.reflect.NativeMethodAccessorImpl.invoke(NativeMethodAccessorImpl.java:77)\n\tat java.base/jdk.internal.reflect.DelegatingMethodAccessorImpl.invoke(DelegatingMethodAccessorImpl.java:43)\n\tat java.base/java.lang.reflect.Method.invoke(Method.java:568)\n\tat org.testng.internal.invokers.MethodInvocationHelper.invokeMethod(MethodInvocationHelper.java:141)\n\tat org.testng.internal.invokers.MethodInvocationHelper.invokeMethodConsideringTimeout(MethodInvocationHelper.java:71)\n\tat org.testng.internal.invokers.ConfigInvoker.invokeConfigurationMethod(ConfigInvoker.java:400)\n\tat org.testng.internal.invokers.ConfigInvoker.invokeConfigurations(ConfigInvoker.java:333)\n\tat org.testng.internal.invokers.TestInvoker.runConfigMethods(TestInvoker.java:836)\n\tat org.testng.internal.invokers.TestInvoker.invokeMethod(TestInvoker.java:601)\n\tat org.testng.internal.invokers.TestInvoker.invokeTestMethod(TestInvoker.java:230)\n\tat org.testng.internal.invokers.MethodRunner.runInSequence(MethodRunner.java:63)\n\tat org.testng.internal.invokers.TestInvoker$MethodInvocationAgent.invoke(TestInvoker.java:995)\n\tat org.testng.internal.invokers.TestInvoker.invokeTestMethods(TestInvoker.java:203)\n\tat org.testng.internal.invokers.TestMethodWorker.invokeTestMethods(TestMethodWorker.java:154)\n\tat org.testng.internal.invokers.TestMethodWorker.run(TestMethodWorker.java:134)\n\tat java.base/java.util.concurrent.Executors$RunnableAdapter.call(Executors.java:539)\n\tat java.base/java.util.concurrent.FutureTask.run(FutureTask.java:264)\n\tat org.testng.internal.thread.graph.TestNGFutureTask.run(TestNGFutureTask.java:22)\n\tat java.base/java.util.concurrent.ThreadPoolExecutor.runWorker(ThreadPoolExecutor.java:1136)\n\tat java.base/java.util.concurrent.ThreadPoolExecutor$Worker.run(ThreadPoolExecutor.java:635)\n\tat java.base/java.lang.Thread.run(Thread.java:833)\n","steps":[],"attachments":[],"parameters":[],"shouldDisplayMessage":true,"attachmentsCount":0,"attachmentStep":false,"stepsCount":0,"hasContent":true}],"testStage":{"status":"skipped","statusMessage":"Cannot invoke \"com.microsoft.playwright.Page.locator(String)\" because \"page\" is null","statusTrace":"java.lang.NullPointerException: Cannot invoke \"com.microsoft.playwright.Page.locator(String)\" because \"page\" is null\n\tat pages.ht_media.HtMediaLoginPage.<init>(HtMediaLoginPage.java:73)\n\tat pages.ht_media.HtMediaLoginPage.getInstance(HtMediaLoginPage.java:102)\n\tat TestUtils.LoginUtility.<init>(LoginUtility.java:15)\n\tat TestUtils.LoanJourneyFlow.login(LoanJourneyFlow.java:23)\n\tat TestUtils.LoanJourneyFlow.reachJustAFewMoreDetailsToProceedPage(LoanJourneyFlow.java:1129)\n\tat TestUtils.LoanJourneyFlow.reachUPIAutoPayPage(LoanJourneyFlow.java:1284)\n\tat TestUtils.LoanJourneyFlow.reachDIGIOScreen(LoanJourneyFlow.java:1355)\n\tat TestUtils.LoanJourneyFlow.reachApplicationReviewScreen(LoanJourneyFlow.java:1406)\n\tat testClassPool.ApplicationReviewScreenTest.setUp(ApplicationReviewScreenTest.java:23)\n\tat java.base/jdk.internal.reflect.NativeMethodAccessorImpl.invoke0(Native Method)\n\tat java.base/jdk.internal.reflect.NativeMethodAccessorImpl.invoke(NativeMethodAccessorImpl.java:77)\n\tat java.base/jdk.internal.reflect.DelegatingMethodAccessorImpl.invoke(DelegatingMethodAccessorImpl.java:43)\n\tat java.base/java.lang.reflect.Method.invoke(Method.java:568)\n\tat org.testng.internal.invokers.MethodInvocationHelper.invokeMethod(MethodInvocationHelper.java:141)\n\tat org.testng.internal.invokers.MethodInvocationHelper.invokeMethodConsideringTimeout(MethodInvocationHelper.java:71)\n\tat org.testng.internal.invokers.ConfigInvoker.invokeConfigurationMethod(ConfigInvoker.java:400)\n\tat org.testng.internal.invokers.ConfigInvoker.invokeConfigurations(ConfigInvoker.java:333)\n\tat org.testng.internal.invokers.TestInvoker.runConfigMethods(TestInvoker.java:836)\n\tat org.testng.internal.invokers.TestInvoker.invokeMethod(TestInvoker.java:601)\n\tat org.testng.internal.invokers.TestInvoker.invokeTestMethod(TestInvoker.java:230)\n\tat org.testng.internal.invokers.MethodRunner.runInSequence(MethodRunner.java:63)\n\tat org.testng.internal.invokers.TestInvoker$MethodInvocationAgent.invoke(TestInvoker.java:995)\n\tat org.testng.internal.invokers.TestInvoker.invokeTestMethods(TestInvoker.java:203)\n\tat org.testng.internal.invokers.TestMethodWorker.invokeTestMethods(TestMethodWorker.java:154)\n\tat org.testng.internal.invokers.TestMethodWorker.run(TestMethodWorker.java:134)\n\tat java.base/java.util.concurrent.Executors$RunnableAdapter.call(Executors.java:539)\n\tat java.base/java.util.concurrent.FutureTask.run(FutureTask.java:264)\n\tat org.testng.internal.thread.graph.TestNGFutureTask.run(TestNGFutureTask.java:22)\n\tat java.base/java.util.concurrent.ThreadPoolExecutor.runWorker(ThreadPoolExecutor.java:1136)\n\tat java.base/java.util.concurrent.ThreadPoolExecutor$Worker.run(ThreadPoolExecutor.java:635)\n\tat java.base/java.lang.Thread.run(Thread.java:833)\n","steps":[{"name":"Add Environment Info","time":{"start":1751904369421,"stop":1751904369422,"duration":1},"status":"passed","steps":[],"attachments":[{"uid":"654fa61ddb994d9b","name":"Platform","source":"654fa61ddb994d9b.txt","type":"text/plain","size":5},{"uid":"97ca2fd0ce6c7d97","name":"Test Framework","source":"97ca2fd0ce6c7d97.txt","type":"text/plain","size":6},{"uid":"9049e42f8d544aa3","name":"Java Version","source":"9049e42f8d544aa3.txt","type":"text/plain","size":6},{"uid":"26307ef0ac20159f","name":"Browser","source":"26307ef0ac20159f.txt","type":"text/plain","size":6},{"uid":"ec89890fb44fc111","name":"Automation Tool","source":"ec89890fb44fc111.txt","type":"text/plain","size":10}],"parameters":[],"shouldDisplayMessage":false,"attachmentsCount":5,"attachmentStep":false,"stepsCount":0,"hasContent":true},{"name":"Add Test Metrics","time":{"start":1751904369422,"stop":1751904369423,"duration":1},"status":"passed","steps":[],"attachments":[{"uid":"b78c40cff1cf1812","name":"Test Duration","source":"b78c40cff1cf1812.txt","type":"text/plain","size":14},{"uid":"5d025286b0cfa25","name":"Test Status","source":"5d025286b0cfa25.txt","type":"text/plain","size":7}],"parameters":[{"name":"testName","value":"TC08_verifyReviewScreenAccessibility"},{"name":"status","value":"SKIPPED"},{"name":"duration","value":"2"}],"shouldDisplayMessage":false,"attachmentsCount":2,"attachmentStep":false,"stepsCount":0,"hasContent":true},{"name":"Add Trend Data","time":{"start":1751904369423,"stop":1751904369423,"duration":0},"status":"passed","steps":[],"attachments":[],"parameters":[{"name":"testName","value":"TC08_verifyReviewScreenAccessibility"},{"name":"status","value":"SKIPPED"},{"name":"duration","value":"2"}],"shouldDisplayMessage":false,"attachmentsCount":0,"attachmentStep":false,"stepsCount":0,"hasContent":true}],"attachments":[],"parameters":[],"shouldDisplayMessage":true,"attachmentsCount":7,"attachmentStep":false,"stepsCount":3,"hasContent":true},"afterStages":[{"name":"tearDown","time":{"start":1751904369424,"stop":1751904369427,"duration":3},"description":"","status":"passed","steps":[],"attachments":[],"parameters":[],"shouldDisplayMessage":false,"attachmentsCount":0,"attachmentStep":false,"stepsCount":0,"hasContent":false}],"labels":[{"name":"package","value":"testClassPool.ApplicationReviewScreenTest"},{"name":"testClass","value":"testClassPool.ApplicationReviewScreenTest"},{"name":"testMethod","value":"TC08_verifyReviewScreenAccessibility"},{"name":"parentSuite","value":"Stashfin Web Automation Suite"},{"name":"suite","value":"Stashfin Web Test Run"},{"name":"subSuite","value":"testClassPool.ApplicationReviewScreenTest"},{"name":"host","value":"92d25aee718d"},{"name":"thread","value":"227@92d25aee718d.TestNG-test-Stashfin Web Test Run-1(31)"},{"name":"framework","value":"testng"},{"name":"language","value":"java"},{"name":"resultFormat","value":"allure2"}],"parameters":[],"links":[],"hidden":true,"retry":true,"extra":{"categories":[],"tags":[]},"source":"b7bf9b0b24b386ec.json","parameterValues":[]}