{"uid":"bf1e96237bdf14a0","name":"Test form validation with empty IFSC code","fullName":"TC25_testFormValidationWithEmptyIFSCCode (Bank Account)","historyId":"e10c2bcf1004581314e595fb932d0ca7","time":{"start":1752180475712,"stop":1752180475713,"duration":1},"status":"skipped","statusMessage":"Reference 1 Name input field is not visible. The page may not have loaded properly or the element locator may be incorrect.","statusTrace":"java.lang.AssertionError: Reference 1 Name input field is not visible. The page may not have loaded properly or the element locator may be incorrect.\n\tat TestUtils.LoanJourneyFlow.fillReferences(LoanJourneyFlow.java:589)\n\tat TestUtils.LoanJourneyFlow.reachBankAccountDetailsPage(LoanJourneyFlow.java:767)\n\tat testClassPool.EnterYourBankAccountDetailsTest.setUp(EnterYourBankAccountDetailsTest.java:26)\n\tat java.base/jdk.internal.reflect.NativeMethodAccessorImpl.invoke0(Native Method)\n\tat java.base/jdk.internal.reflect.NativeMethodAccessorImpl.invoke(NativeMethodAccessorImpl.java:77)\n\tat java.base/jdk.internal.reflect.DelegatingMethodAccessorImpl.invoke(DelegatingMethodAccessorImpl.java:43)\n\tat java.base/java.lang.reflect.Method.invoke(Method.java:568)\n\tat org.testng.internal.invokers.MethodInvocationHelper.invokeMethod(MethodInvocationHelper.java:141)\n\tat org.testng.internal.invokers.MethodInvocationHelper.invokeMethodConsideringTimeout(MethodInvocationHelper.java:71)\n\tat org.testng.internal.invokers.ConfigInvoker.invokeConfigurationMethod(ConfigInvoker.java:400)\n\tat org.testng.internal.invokers.ConfigInvoker.invokeConfigurations(ConfigInvoker.java:333)\n\tat org.testng.internal.invokers.TestInvoker.runConfigMethods(TestInvoker.java:836)\n\tat org.testng.internal.invokers.TestInvoker.invokeMethod(TestInvoker.java:601)\n\tat org.testng.internal.invokers.TestInvoker.invokeTestMethod(TestInvoker.java:230)\n\tat org.testng.internal.invokers.MethodRunner.runInSequence(MethodRunner.java:63)\n\tat org.testng.internal.invokers.TestInvoker$MethodInvocationAgent.invoke(TestInvoker.java:995)\n\tat org.testng.internal.invokers.TestInvoker.invokeTestMethods(TestInvoker.java:203)\n\tat org.testng.internal.invokers.TestMethodWorker.invokeTestMethods(TestMethodWorker.java:154)\n\tat org.testng.internal.invokers.TestMethodWorker.run(TestMethodWorker.java:134)\n\tat java.base/java.util.concurrent.Executors$RunnableAdapter.call(Executors.java:539)\n\tat java.base/java.util.concurrent.FutureTask.run(FutureTask.java:264)\n\tat org.testng.internal.thread.graph.TestNGFutureTask.run(TestNGFutureTask.java:22)\n\tat java.base/java.util.concurrent.ThreadPoolExecutor.runWorker(ThreadPoolExecutor.java:1136)\n\tat java.base/java.util.concurrent.ThreadPoolExecutor$Worker.run(ThreadPoolExecutor.java:635)\n\tat java.base/java.lang.Thread.run(Thread.java:833)\n","flaky":false,"newFailed":false,"newBroken":false,"newPassed":false,"retriesCount":0,"retriesStatusChange":false,"beforeStages":[{"name":"setUp","time":{"start":1752180474938,"stop":1752180475710,"duration":772},"description":"","status":"passed","steps":[],"attachments":[],"parameters":[],"shouldDisplayMessage":false,"stepsCount":0,"attachmentsCount":0,"hasContent":false,"attachmentStep":false},{"name":"setUp","time":{"start":1752180475711,"stop":1752180475711,"duration":0},"description":"","status":"broken","steps":[],"attachments":[],"parameters":[],"shouldDisplayMessage":false,"stepsCount":0,"attachmentsCount":0,"hasContent":false,"attachmentStep":false}],"testStage":{"status":"skipped","statusMessage":"Reference 1 Name input field is not visible. The page may not have loaded properly or the element locator may be incorrect.","statusTrace":"java.lang.AssertionError: Reference 1 Name input field is not visible. The page may not have loaded properly or the element locator may be incorrect.\n\tat TestUtils.LoanJourneyFlow.fillReferences(LoanJourneyFlow.java:589)\n\tat TestUtils.LoanJourneyFlow.reachBankAccountDetailsPage(LoanJourneyFlow.java:767)\n\tat testClassPool.EnterYourBankAccountDetailsTest.setUp(EnterYourBankAccountDetailsTest.java:26)\n\tat java.base/jdk.internal.reflect.NativeMethodAccessorImpl.invoke0(Native Method)\n\tat java.base/jdk.internal.reflect.NativeMethodAccessorImpl.invoke(NativeMethodAccessorImpl.java:77)\n\tat java.base/jdk.internal.reflect.DelegatingMethodAccessorImpl.invoke(DelegatingMethodAccessorImpl.java:43)\n\tat java.base/java.lang.reflect.Method.invoke(Method.java:568)\n\tat org.testng.internal.invokers.MethodInvocationHelper.invokeMethod(MethodInvocationHelper.java:141)\n\tat org.testng.internal.invokers.MethodInvocationHelper.invokeMethodConsideringTimeout(MethodInvocationHelper.java:71)\n\tat org.testng.internal.invokers.ConfigInvoker.invokeConfigurationMethod(ConfigInvoker.java:400)\n\tat org.testng.internal.invokers.ConfigInvoker.invokeConfigurations(ConfigInvoker.java:333)\n\tat org.testng.internal.invokers.TestInvoker.runConfigMethods(TestInvoker.java:836)\n\tat org.testng.internal.invokers.TestInvoker.invokeMethod(TestInvoker.java:601)\n\tat org.testng.internal.invokers.TestInvoker.invokeTestMethod(TestInvoker.java:230)\n\tat org.testng.internal.invokers.MethodRunner.runInSequence(MethodRunner.java:63)\n\tat org.testng.internal.invokers.TestInvoker$MethodInvocationAgent.invoke(TestInvoker.java:995)\n\tat org.testng.internal.invokers.TestInvoker.invokeTestMethods(TestInvoker.java:203)\n\tat org.testng.internal.invokers.TestMethodWorker.invokeTestMethods(TestMethodWorker.java:154)\n\tat org.testng.internal.invokers.TestMethodWorker.run(TestMethodWorker.java:134)\n\tat java.base/java.util.concurrent.Executors$RunnableAdapter.call(Executors.java:539)\n\tat java.base/java.util.concurrent.FutureTask.run(FutureTask.java:264)\n\tat org.testng.internal.thread.graph.TestNGFutureTask.run(TestNGFutureTask.java:22)\n\tat java.base/java.util.concurrent.ThreadPoolExecutor.runWorker(ThreadPoolExecutor.java:1136)\n\tat java.base/java.util.concurrent.ThreadPoolExecutor$Worker.run(ThreadPoolExecutor.java:635)\n\tat java.base/java.lang.Thread.run(Thread.java:833)\n","steps":[{"name":"Add Environment Info","time":{"start":1752180475712,"stop":1752180475712,"duration":0},"status":"passed","steps":[],"attachments":[{"uid":"1ea9442c0691f5ed","name":"Platform","source":"1ea9442c0691f5ed.txt","type":"text/plain","size":5},{"uid":"35ded39845943bbe","name":"Test Framework","source":"35ded39845943bbe.txt","type":"text/plain","size":6},{"uid":"9693da8b62f94950","name":"Java Version","source":"9693da8b62f94950.txt","type":"text/plain","size":6},{"uid":"6520421fe96a60f8","name":"Browser","source":"6520421fe96a60f8.txt","type":"text/plain","size":6},{"uid":"c0d64b9d4e57216f","name":"Automation Tool","source":"c0d64b9d4e57216f.txt","type":"text/plain","size":10}],"parameters":[],"shouldDisplayMessage":false,"stepsCount":0,"attachmentsCount":5,"hasContent":true,"attachmentStep":false},{"name":"Add Test Metrics","time":{"start":1752180475712,"stop":1752180475712,"duration":0},"status":"passed","steps":[],"attachments":[{"uid":"f1baa877728414b","name":"Test Duration","source":"f1baa877728414b.txt","type":"text/plain","size":14},{"uid":"2429242280428cd4","name":"Test Status","source":"2429242280428cd4.txt","type":"text/plain","size":7}],"parameters":[{"name":"testName","value":"TC25_testFormValidationWithEmptyIFSCCode"},{"name":"status","value":"SKIPPED"},{"name":"duration","value":"0"}],"shouldDisplayMessage":false,"stepsCount":0,"attachmentsCount":2,"hasContent":true,"attachmentStep":false},{"name":"Add Trend Data","time":{"start":1752180475712,"stop":1752180475713,"duration":1},"status":"passed","steps":[],"attachments":[],"parameters":[{"name":"testName","value":"TC25_testFormValidationWithEmptyIFSCCode"},{"name":"status","value":"SKIPPED"},{"name":"duration","value":"0"}],"shouldDisplayMessage":false,"stepsCount":0,"attachmentsCount":0,"hasContent":true,"attachmentStep":false}],"attachments":[],"parameters":[],"shouldDisplayMessage":true,"stepsCount":3,"attachmentsCount":7,"hasContent":true,"attachmentStep":false},"afterStages":[{"name":"tearDown","time":{"start":1752180475713,"stop":1752180475738,"duration":25},"description":"","status":"passed","steps":[],"attachments":[],"parameters":[],"shouldDisplayMessage":false,"stepsCount":0,"attachmentsCount":0,"hasContent":false,"attachmentStep":false}],"labels":[{"name":"package","value":"testClassPool.EnterYourBankAccountDetailsTest"},{"name":"testClass","value":"testClassPool.EnterYourBankAccountDetailsTest"},{"name":"testMethod","value":"TC25_testFormValidationWithEmptyIFSCCode"},{"name":"parentSuite","value":"Stashfin Web Automation Suite"},{"name":"suite","value":"Stashfin Web Test Run"},{"name":"subSuite","value":"testClassPool.EnterYourBankAccountDetailsTest"},{"name":"host","value":"37a327fdcdc9"},{"name":"thread","value":"101@37a327fdcdc9.TestNG-test-Stashfin Web Test Run-1(31)"},{"name":"framework","value":"testng"},{"name":"language","value":"java"},{"name":"resultFormat","value":"allure2"}],"parameters":[],"links":[],"hidden":false,"retry":false,"extra":{"severity":"normal","retries":[],"categories":[],"tags":[]},"source":"bf1e96237bdf14a0.json","parameterValues":[]}