{"uid":"ce51a8f11f768e8a","name":"Test submit button on DIGIO screen","fullName":"TC17_testSubmitButtonOnDIGIOScreen (General)","historyId":"395beac075bf26746802854d61a16792","time":{"start":1752179978720,"stop":1752179978721,"duration":1},"status":"skipped","statusMessage":"Reference 1 Name input field is not visible. The page may not have loaded properly or the element locator may be incorrect.","statusTrace":"java.lang.AssertionError: Reference 1 Name input field is not visible. The page may not have loaded properly or the element locator may be incorrect.\n\tat TestUtils.LoanJourneyFlow.fillReferences(LoanJourneyFlow.java:589)\n\tat TestUtils.LoanJourneyFlow.reachJustAFewMoreDetailsToProceedPage(LoanJourneyFlow.java:1133)\n\tat TestUtils.LoanJourneyFlow.reachUPIAutoPayPage(LoanJourneyFlow.java:1284)\n\tat TestUtils.LoanJourneyFlow.reachDIGIOScreen(LoanJourneyFlow.java:1355)\n\tat testClassPool.DIGIOTest.setUp(DIGIOTest.java:22)\n\tat java.base/jdk.internal.reflect.NativeMethodAccessorImpl.invoke0(Native Method)\n\tat java.base/jdk.internal.reflect.NativeMethodAccessorImpl.invoke(NativeMethodAccessorImpl.java:77)\n\tat java.base/jdk.internal.reflect.DelegatingMethodAccessorImpl.invoke(DelegatingMethodAccessorImpl.java:43)\n\tat java.base/java.lang.reflect.Method.invoke(Method.java:568)\n\tat org.testng.internal.invokers.MethodInvocationHelper.invokeMethod(MethodInvocationHelper.java:141)\n\tat org.testng.internal.invokers.MethodInvocationHelper.invokeMethodConsideringTimeout(MethodInvocationHelper.java:71)\n\tat org.testng.internal.invokers.ConfigInvoker.invokeConfigurationMethod(ConfigInvoker.java:400)\n\tat org.testng.internal.invokers.ConfigInvoker.invokeConfigurations(ConfigInvoker.java:333)\n\tat org.testng.internal.invokers.TestInvoker.runConfigMethods(TestInvoker.java:836)\n\tat org.testng.internal.invokers.TestInvoker.invokeMethod(TestInvoker.java:601)\n\tat org.testng.internal.invokers.TestInvoker.invokeTestMethod(TestInvoker.java:230)\n\tat org.testng.internal.invokers.MethodRunner.runInSequence(MethodRunner.java:63)\n\tat org.testng.internal.invokers.TestInvoker$MethodInvocationAgent.invoke(TestInvoker.java:995)\n\tat org.testng.internal.invokers.TestInvoker.invokeTestMethods(TestInvoker.java:203)\n\tat org.testng.internal.invokers.TestMethodWorker.invokeTestMethods(TestMethodWorker.java:154)\n\tat org.testng.internal.invokers.TestMethodWorker.run(TestMethodWorker.java:134)\n\tat java.base/java.util.concurrent.Executors$RunnableAdapter.call(Executors.java:539)\n\tat java.base/java.util.concurrent.FutureTask.run(FutureTask.java:264)\n\tat org.testng.internal.thread.graph.TestNGFutureTask.run(TestNGFutureTask.java:22)\n\tat java.base/java.util.concurrent.ThreadPoolExecutor.runWorker(ThreadPoolExecutor.java:1136)\n\tat java.base/java.util.concurrent.ThreadPoolExecutor$Worker.run(ThreadPoolExecutor.java:635)\n\tat java.base/java.lang.Thread.run(Thread.java:833)\n","flaky":false,"newFailed":false,"newBroken":false,"newPassed":false,"retriesCount":0,"retriesStatusChange":false,"beforeStages":[{"name":"setUp","time":{"start":1752179977786,"stop":1752179978718,"duration":932},"description":"","status":"passed","steps":[],"attachments":[],"parameters":[],"shouldDisplayMessage":false,"stepsCount":0,"attachmentsCount":0,"hasContent":false,"attachmentStep":false},{"name":"setUp","time":{"start":1752179978719,"stop":1752179978719,"duration":0},"description":"","status":"broken","steps":[],"attachments":[],"parameters":[],"shouldDisplayMessage":false,"stepsCount":0,"attachmentsCount":0,"hasContent":false,"attachmentStep":false}],"testStage":{"status":"skipped","statusMessage":"Reference 1 Name input field is not visible. The page may not have loaded properly or the element locator may be incorrect.","statusTrace":"java.lang.AssertionError: Reference 1 Name input field is not visible. The page may not have loaded properly or the element locator may be incorrect.\n\tat TestUtils.LoanJourneyFlow.fillReferences(LoanJourneyFlow.java:589)\n\tat TestUtils.LoanJourneyFlow.reachJustAFewMoreDetailsToProceedPage(LoanJourneyFlow.java:1133)\n\tat TestUtils.LoanJourneyFlow.reachUPIAutoPayPage(LoanJourneyFlow.java:1284)\n\tat TestUtils.LoanJourneyFlow.reachDIGIOScreen(LoanJourneyFlow.java:1355)\n\tat testClassPool.DIGIOTest.setUp(DIGIOTest.java:22)\n\tat java.base/jdk.internal.reflect.NativeMethodAccessorImpl.invoke0(Native Method)\n\tat java.base/jdk.internal.reflect.NativeMethodAccessorImpl.invoke(NativeMethodAccessorImpl.java:77)\n\tat java.base/jdk.internal.reflect.DelegatingMethodAccessorImpl.invoke(DelegatingMethodAccessorImpl.java:43)\n\tat java.base/java.lang.reflect.Method.invoke(Method.java:568)\n\tat org.testng.internal.invokers.MethodInvocationHelper.invokeMethod(MethodInvocationHelper.java:141)\n\tat org.testng.internal.invokers.MethodInvocationHelper.invokeMethodConsideringTimeout(MethodInvocationHelper.java:71)\n\tat org.testng.internal.invokers.ConfigInvoker.invokeConfigurationMethod(ConfigInvoker.java:400)\n\tat org.testng.internal.invokers.ConfigInvoker.invokeConfigurations(ConfigInvoker.java:333)\n\tat org.testng.internal.invokers.TestInvoker.runConfigMethods(TestInvoker.java:836)\n\tat org.testng.internal.invokers.TestInvoker.invokeMethod(TestInvoker.java:601)\n\tat org.testng.internal.invokers.TestInvoker.invokeTestMethod(TestInvoker.java:230)\n\tat org.testng.internal.invokers.MethodRunner.runInSequence(MethodRunner.java:63)\n\tat org.testng.internal.invokers.TestInvoker$MethodInvocationAgent.invoke(TestInvoker.java:995)\n\tat org.testng.internal.invokers.TestInvoker.invokeTestMethods(TestInvoker.java:203)\n\tat org.testng.internal.invokers.TestMethodWorker.invokeTestMethods(TestMethodWorker.java:154)\n\tat org.testng.internal.invokers.TestMethodWorker.run(TestMethodWorker.java:134)\n\tat java.base/java.util.concurrent.Executors$RunnableAdapter.call(Executors.java:539)\n\tat java.base/java.util.concurrent.FutureTask.run(FutureTask.java:264)\n\tat org.testng.internal.thread.graph.TestNGFutureTask.run(TestNGFutureTask.java:22)\n\tat java.base/java.util.concurrent.ThreadPoolExecutor.runWorker(ThreadPoolExecutor.java:1136)\n\tat java.base/java.util.concurrent.ThreadPoolExecutor$Worker.run(ThreadPoolExecutor.java:635)\n\tat java.base/java.lang.Thread.run(Thread.java:833)\n","steps":[{"name":"Add Environment Info","time":{"start":1752179978720,"stop":1752179978720,"duration":0},"status":"passed","steps":[],"attachments":[{"uid":"280dbf34b4c0506a","name":"Platform","source":"280dbf34b4c0506a.txt","type":"text/plain","size":5},{"uid":"73fe25bbf1b2dd28","name":"Test Framework","source":"73fe25bbf1b2dd28.txt","type":"text/plain","size":6},{"uid":"1aea4d9d69724f71","name":"Java Version","source":"1aea4d9d69724f71.txt","type":"text/plain","size":6},{"uid":"e677d9c10ca74791","name":"Browser","source":"e677d9c10ca74791.txt","type":"text/plain","size":6},{"uid":"e868eef5f9d21e31","name":"Automation Tool","source":"e868eef5f9d21e31.txt","type":"text/plain","size":10}],"parameters":[],"shouldDisplayMessage":false,"stepsCount":0,"attachmentsCount":5,"hasContent":true,"attachmentStep":false},{"name":"Add Test Metrics","time":{"start":1752179978720,"stop":1752179978720,"duration":0},"status":"passed","steps":[],"attachments":[{"uid":"4f0f56c7b0ebc7e7","name":"Test Duration","source":"4f0f56c7b0ebc7e7.txt","type":"text/plain","size":14},{"uid":"98b383e3782554d5","name":"Test Status","source":"98b383e3782554d5.txt","type":"text/plain","size":7}],"parameters":[{"name":"testName","value":"TC17_testSubmitButtonOnDIGIOScreen"},{"name":"status","value":"SKIPPED"},{"name":"duration","value":"0"}],"shouldDisplayMessage":false,"stepsCount":0,"attachmentsCount":2,"hasContent":true,"attachmentStep":false},{"name":"Add Trend Data","time":{"start":1752179978720,"stop":1752179978721,"duration":1},"status":"passed","steps":[],"attachments":[],"parameters":[{"name":"testName","value":"TC17_testSubmitButtonOnDIGIOScreen"},{"name":"status","value":"SKIPPED"},{"name":"duration","value":"0"}],"shouldDisplayMessage":false,"stepsCount":0,"attachmentsCount":0,"hasContent":true,"attachmentStep":false}],"attachments":[],"parameters":[],"shouldDisplayMessage":true,"stepsCount":3,"attachmentsCount":7,"hasContent":true,"attachmentStep":false},"afterStages":[{"name":"tearDown","time":{"start":1752179978721,"stop":1752179978747,"duration":26},"description":"","status":"passed","steps":[],"attachments":[],"parameters":[],"shouldDisplayMessage":false,"stepsCount":0,"attachmentsCount":0,"hasContent":false,"attachmentStep":false}],"labels":[{"name":"package","value":"testClassPool.DIGIOTest"},{"name":"testClass","value":"testClassPool.DIGIOTest"},{"name":"testMethod","value":"TC17_testSubmitButtonOnDIGIOScreen"},{"name":"parentSuite","value":"Stashfin Web Automation Suite"},{"name":"suite","value":"Stashfin Web Test Run"},{"name":"subSuite","value":"testClassPool.DIGIOTest"},{"name":"host","value":"16a877dec30b"},{"name":"thread","value":"101@16a877dec30b.TestNG-test-Stashfin Web Test Run-1(31)"},{"name":"framework","value":"testng"},{"name":"language","value":"java"},{"name":"resultFormat","value":"allure2"}],"parameters":[],"links":[],"hidden":false,"retry":false,"extra":{"severity":"normal","retries":[],"categories":[],"tags":[]},"source":"ce51a8f11f768e8a.json","parameterValues":[]}