{"uid":"cf64a30a17e77b73","name":"Verify confirmation checkbox is visible","fullName":"TC05_verifyConfirmationCheckboxVisible (Bank Account)","historyId":"f89d2c9ca000bb1b2135c79a618e15d8","time":{"start":1751480291637,"stop":1751480291638,"duration":1},"status":"skipped","statusMessage":"Cannot invoke \"com.mysql.cj.protocol.ColumnDefinition.getFields()\" because \"this.columnDefinition\" is null","statusTrace":"java.lang.NullPointerException: Cannot invoke \"com.mysql.cj.protocol.ColumnDefinition.getFields()\" because \"this.columnDefinition\" is null\n\tat com.mysql.cj.jdbc.result.ResultSetImpl.checkColumnBounds(ResultSetImpl.java:508)\n\tat com.mysql.cj.jdbc.result.ResultSetImpl.getObject(ResultSetImpl.java:1118)\n\tat utils.DatabaseUtils.executeQuery(DatabaseUtils.java:92)\n\tat utils.StepBypassUtils.bypassStepWithDbOnly(StepBypassUtils.java:36)\n\tat TestUtils.LoanJourneyFlow.SKIPAA(LoanJourneyFlow.java:155)\n\tat TestUtils.LoanJourneyFlow.reachBankAccountDetailsPage(LoanJourneyFlow.java:605)\n\tat testClassPool.EnterYourBankAccountDetailsTest.setUp(EnterYourBankAccountDetailsTest.java:26)\n\tat java.base/jdk.internal.reflect.DirectMethodHandleAccessor.invoke(DirectMethodHandleAccessor.java:103)\n\tat java.base/java.lang.reflect.Method.invoke(Method.java:580)\n\tat org.testng.internal.invokers.MethodInvocationHelper.invokeMethod(MethodInvocationHelper.java:141)\n\tat org.testng.internal.invokers.MethodInvocationHelper.invokeMethodConsideringTimeout(MethodInvocationHelper.java:71)\n\tat org.testng.internal.invokers.ConfigInvoker.invokeConfigurationMethod(ConfigInvoker.java:400)\n\tat org.testng.internal.invokers.ConfigInvoker.invokeConfigurations(ConfigInvoker.java:333)\n\tat org.testng.internal.invokers.TestInvoker.runConfigMethods(TestInvoker.java:836)\n\tat org.testng.internal.invokers.TestInvoker.invokeMethod(TestInvoker.java:601)\n\tat org.testng.internal.invokers.TestInvoker.invokeTestMethod(TestInvoker.java:230)\n\tat org.testng.internal.invokers.MethodRunner.runInSequence(MethodRunner.java:63)\n\tat org.testng.internal.invokers.TestInvoker$MethodInvocationAgent.invoke(TestInvoker.java:995)\n\tat org.testng.internal.invokers.TestInvoker.invokeTestMethods(TestInvoker.java:203)\n\tat org.testng.internal.invokers.TestMethodWorker.invokeTestMethods(TestMethodWorker.java:154)\n\tat org.testng.internal.invokers.TestMethodWorker.run(TestMethodWorker.java:134)\n\tat java.base/java.util.concurrent.Executors$RunnableAdapter.call(Executors.java:572)\n\tat java.base/java.util.concurrent.FutureTask.run(FutureTask.java:317)\n\tat org.testng.internal.thread.graph.TestNGFutureTask.run(TestNGFutureTask.java:22)\n\tat java.base/java.util.concurrent.ThreadPoolExecutor.runWorker(ThreadPoolExecutor.java:1144)\n\tat java.base/java.util.concurrent.ThreadPoolExecutor$Worker.run(ThreadPoolExecutor.java:642)\n\tat java.base/java.lang.Thread.run(Thread.java:1575)\n","flaky":false,"newFailed":false,"newBroken":false,"newPassed":false,"retriesCount":0,"retriesStatusChange":false,"beforeStages":[{"name":"setUp","time":{"start":1751480290367,"stop":1751480291636,"duration":1269},"description":"","status":"passed","steps":[],"attachments":[],"parameters":[],"shouldDisplayMessage":false,"attachmentsCount":0,"attachmentStep":false,"stepsCount":0,"hasContent":false},{"name":"setUp","time":{"start":1751480291636,"stop":1751480291636,"duration":0},"description":"","status":"broken","steps":[],"attachments":[],"parameters":[],"shouldDisplayMessage":false,"attachmentsCount":0,"attachmentStep":false,"stepsCount":0,"hasContent":false}],"testStage":{"status":"skipped","statusMessage":"Cannot invoke \"com.mysql.cj.protocol.ColumnDefinition.getFields()\" because \"this.columnDefinition\" is null","statusTrace":"java.lang.NullPointerException: Cannot invoke \"com.mysql.cj.protocol.ColumnDefinition.getFields()\" because \"this.columnDefinition\" is null\n\tat com.mysql.cj.jdbc.result.ResultSetImpl.checkColumnBounds(ResultSetImpl.java:508)\n\tat com.mysql.cj.jdbc.result.ResultSetImpl.getObject(ResultSetImpl.java:1118)\n\tat utils.DatabaseUtils.executeQuery(DatabaseUtils.java:92)\n\tat utils.StepBypassUtils.bypassStepWithDbOnly(StepBypassUtils.java:36)\n\tat TestUtils.LoanJourneyFlow.SKIPAA(LoanJourneyFlow.java:155)\n\tat TestUtils.LoanJourneyFlow.reachBankAccountDetailsPage(LoanJourneyFlow.java:605)\n\tat testClassPool.EnterYourBankAccountDetailsTest.setUp(EnterYourBankAccountDetailsTest.java:26)\n\tat java.base/jdk.internal.reflect.DirectMethodHandleAccessor.invoke(DirectMethodHandleAccessor.java:103)\n\tat java.base/java.lang.reflect.Method.invoke(Method.java:580)\n\tat org.testng.internal.invokers.MethodInvocationHelper.invokeMethod(MethodInvocationHelper.java:141)\n\tat org.testng.internal.invokers.MethodInvocationHelper.invokeMethodConsideringTimeout(MethodInvocationHelper.java:71)\n\tat org.testng.internal.invokers.ConfigInvoker.invokeConfigurationMethod(ConfigInvoker.java:400)\n\tat org.testng.internal.invokers.ConfigInvoker.invokeConfigurations(ConfigInvoker.java:333)\n\tat org.testng.internal.invokers.TestInvoker.runConfigMethods(TestInvoker.java:836)\n\tat org.testng.internal.invokers.TestInvoker.invokeMethod(TestInvoker.java:601)\n\tat org.testng.internal.invokers.TestInvoker.invokeTestMethod(TestInvoker.java:230)\n\tat org.testng.internal.invokers.MethodRunner.runInSequence(MethodRunner.java:63)\n\tat org.testng.internal.invokers.TestInvoker$MethodInvocationAgent.invoke(TestInvoker.java:995)\n\tat org.testng.internal.invokers.TestInvoker.invokeTestMethods(TestInvoker.java:203)\n\tat org.testng.internal.invokers.TestMethodWorker.invokeTestMethods(TestMethodWorker.java:154)\n\tat org.testng.internal.invokers.TestMethodWorker.run(TestMethodWorker.java:134)\n\tat java.base/java.util.concurrent.Executors$RunnableAdapter.call(Executors.java:572)\n\tat java.base/java.util.concurrent.FutureTask.run(FutureTask.java:317)\n\tat org.testng.internal.thread.graph.TestNGFutureTask.run(TestNGFutureTask.java:22)\n\tat java.base/java.util.concurrent.ThreadPoolExecutor.runWorker(ThreadPoolExecutor.java:1144)\n\tat java.base/java.util.concurrent.ThreadPoolExecutor$Worker.run(ThreadPoolExecutor.java:642)\n\tat java.base/java.lang.Thread.run(Thread.java:1575)\n","steps":[{"name":"Add Environment Info","time":{"start":1751480291637,"stop":1751480291637,"duration":0},"status":"passed","steps":[],"attachments":[{"uid":"c0a541642c2b68fe","name":"Platform","source":"c0a541642c2b68fe.txt","type":"text/plain","size":8},{"uid":"a17e1006a106a884","name":"Test Framework","source":"a17e1006a106a884.txt","type":"text/plain","size":6},{"uid":"fa01873d7d67a472","name":"Java Version","source":"fa01873d7d67a472.txt","type":"text/plain","size":6},{"uid":"24aa0ca3ffce7678","name":"Browser","source":"24aa0ca3ffce7678.txt","type":"text/plain","size":6},{"uid":"848a782506766fbb","name":"Automation Tool","source":"848a782506766fbb.txt","type":"text/plain","size":10}],"parameters":[],"shouldDisplayMessage":false,"attachmentsCount":5,"attachmentStep":false,"stepsCount":0,"hasContent":true},{"name":"Add Test Metrics","time":{"start":1751480291638,"stop":1751480291638,"duration":0},"status":"passed","steps":[],"attachments":[{"uid":"6aa1cf5377ec80bd","name":"Test Duration","source":"6aa1cf5377ec80bd.txt","type":"text/plain","size":14},{"uid":"6f4f98160059efb7","name":"Test Status","source":"6f4f98160059efb7.txt","type":"text/plain","size":7}],"parameters":[{"name":"testName","value":"TC05_verifyConfirmationCheckboxVisible"},{"name":"status","value":"SKIPPED"},{"name":"duration","value":"1"}],"shouldDisplayMessage":false,"attachmentsCount":2,"attachmentStep":false,"stepsCount":0,"hasContent":true},{"name":"Add Trend Data","time":{"start":1751480291638,"stop":1751480291638,"duration":0},"status":"passed","steps":[],"attachments":[],"parameters":[{"name":"testName","value":"TC05_verifyConfirmationCheckboxVisible"},{"name":"status","value":"SKIPPED"},{"name":"duration","value":"1"}],"shouldDisplayMessage":false,"attachmentsCount":0,"attachmentStep":false,"stepsCount":0,"hasContent":true}],"attachments":[],"parameters":[],"shouldDisplayMessage":true,"attachmentsCount":7,"attachmentStep":false,"stepsCount":3,"hasContent":true},"afterStages":[{"name":"tearDown","time":{"start":1751480291638,"stop":1751480291758,"duration":120},"description":"","status":"passed","steps":[],"attachments":[],"parameters":[],"shouldDisplayMessage":false,"attachmentsCount":0,"attachmentStep":false,"stepsCount":0,"hasContent":false}],"labels":[{"name":"package","value":"testClassPool.EnterYourBankAccountDetailsTest"},{"name":"testClass","value":"testClassPool.EnterYourBankAccountDetailsTest"},{"name":"testMethod","value":"TC05_verifyConfirmationCheckboxVisible"},{"name":"parentSuite","value":"Stashfin Web Automation Suite"},{"name":"suite","value":"Stashfin Web Test Run"},{"name":"subSuite","value":"testClassPool.EnterYourBankAccountDetailsTest"},{"name":"host","value":"MacBook-Pro.local"},{"name":"thread","value":"50467@MacBook-Pro.local.TestNG-test-Stashfin Web Test Run-1(49)"},{"name":"framework","value":"testng"},{"name":"language","value":"java"},{"name":"resultFormat","value":"allure2"}],"parameters":[],"links":[],"hidden":true,"retry":true,"extra":{"categories":[],"tags":[]},"source":"cf64a30a17e77b73.json","parameterValues":[]}