{"uid":"d471a479b2b4f30d","name":"Test consent information accuracy","fullName":"TC31_testConsentInformationAccuracy (KYC Process)","historyId":"cc4a7472f600ad49ff8a677d8b71f26a","time":{"start":1751443270800,"stop":1751443270801,"duration":1},"status":"skipped","statusMessage":"Basic Details page did not load after OTP confirmation. Navigation may have failed or page is still loading.","statusTrace":"java.lang.AssertionError: Basic Details page did not load after OTP confirmation. Navigation may have failed or page is still loading.\n\tat TestUtils.LoanJourneyFlow.fillBasicDetails(LoanJourneyFlow.java:45)\n\tat TestUtils.LoanJourneyFlow.reachReferenceDetailsPage(LoanJourneyFlow.java:719)\n\tat testClassPool.CompleteYourAadharKYCTest.navigateToAadhaarKYCPage(CompleteYourAadharKYCTest.java:59)\n\tat testClassPool.CompleteYourAadharKYCTest.setUp(CompleteYourAadharKYCTest.java:39)\n\tat java.base/jdk.internal.reflect.NativeMethodAccessorImpl.invoke0(Native Method)\n\tat java.base/jdk.internal.reflect.NativeMethodAccessorImpl.invoke(NativeMethodAccessorImpl.java:77)\n\tat java.base/jdk.internal.reflect.DelegatingMethodAccessorImpl.invoke(DelegatingMethodAccessorImpl.java:43)\n\tat java.base/java.lang.reflect.Method.invoke(Method.java:568)\n\tat org.testng.internal.invokers.MethodInvocationHelper.invokeMethod(MethodInvocationHelper.java:141)\n\tat org.testng.internal.invokers.MethodInvocationHelper.invokeMethodConsideringTimeout(MethodInvocationHelper.java:71)\n\tat org.testng.internal.invokers.ConfigInvoker.invokeConfigurationMethod(ConfigInvoker.java:400)\n\tat org.testng.internal.invokers.ConfigInvoker.invokeConfigurations(ConfigInvoker.java:333)\n\tat org.testng.internal.invokers.TestInvoker.runConfigMethods(TestInvoker.java:836)\n\tat org.testng.internal.invokers.TestInvoker.invokeMethod(TestInvoker.java:601)\n\tat org.testng.internal.invokers.TestInvoker.invokeTestMethod(TestInvoker.java:230)\n\tat org.testng.internal.invokers.MethodRunner.runInSequence(MethodRunner.java:63)\n\tat org.testng.internal.invokers.TestInvoker$MethodInvocationAgent.invoke(TestInvoker.java:995)\n\tat org.testng.internal.invokers.TestInvoker.invokeTestMethods(TestInvoker.java:203)\n\tat org.testng.internal.invokers.TestMethodWorker.invokeTestMethods(TestMethodWorker.java:154)\n\tat org.testng.internal.invokers.TestMethodWorker.run(TestMethodWorker.java:134)\n\tat java.base/java.util.ArrayList.forEach(ArrayList.java:1511)\n\tat org.testng.TestRunner.privateRun(TestRunner.java:741)\n\tat org.testng.TestRunner.run(TestRunner.java:616)\n\tat org.testng.SuiteRunner.runTest(SuiteRunner.java:421)\n\tat org.testng.SuiteRunner$SuiteWorker.run(SuiteRunner.java:463)\n\tat org.testng.internal.thread.ThreadUtil.lambda$execute$0(ThreadUtil.java:64)\n\tat java.base/java.util.concurrent.FutureTask.run(FutureTask.java:264)\n\tat java.base/java.util.concurrent.ThreadPoolExecutor.runWorker(ThreadPoolExecutor.java:1136)\n\tat java.base/java.util.concurrent.ThreadPoolExecutor$Worker.run(ThreadPoolExecutor.java:635)\n\tat java.base/java.lang.Thread.run(Thread.java:842)\n","flaky":false,"newFailed":false,"newBroken":false,"newPassed":false,"retriesCount":0,"retriesStatusChange":false,"beforeStages":[{"name":"setUp","time":{"start":1751443269723,"stop":1751443270799,"duration":1076},"description":"","status":"passed","steps":[],"attachments":[],"parameters":[],"shouldDisplayMessage":false,"stepsCount":0,"attachmentsCount":0,"hasContent":false,"attachmentStep":false},{"name":"setUp","time":{"start":1751443270800,"stop":1751443270800,"duration":0},"description":"","status":"broken","steps":[],"attachments":[],"parameters":[],"shouldDisplayMessage":false,"stepsCount":0,"attachmentsCount":0,"hasContent":false,"attachmentStep":false}],"testStage":{"status":"skipped","statusMessage":"Basic Details page did not load after OTP confirmation. Navigation may have failed or page is still loading.","statusTrace":"java.lang.AssertionError: Basic Details page did not load after OTP confirmation. Navigation may have failed or page is still loading.\n\tat TestUtils.LoanJourneyFlow.fillBasicDetails(LoanJourneyFlow.java:45)\n\tat TestUtils.LoanJourneyFlow.reachReferenceDetailsPage(LoanJourneyFlow.java:719)\n\tat testClassPool.CompleteYourAadharKYCTest.navigateToAadhaarKYCPage(CompleteYourAadharKYCTest.java:59)\n\tat testClassPool.CompleteYourAadharKYCTest.setUp(CompleteYourAadharKYCTest.java:39)\n\tat java.base/jdk.internal.reflect.NativeMethodAccessorImpl.invoke0(Native Method)\n\tat java.base/jdk.internal.reflect.NativeMethodAccessorImpl.invoke(NativeMethodAccessorImpl.java:77)\n\tat java.base/jdk.internal.reflect.DelegatingMethodAccessorImpl.invoke(DelegatingMethodAccessorImpl.java:43)\n\tat java.base/java.lang.reflect.Method.invoke(Method.java:568)\n\tat org.testng.internal.invokers.MethodInvocationHelper.invokeMethod(MethodInvocationHelper.java:141)\n\tat org.testng.internal.invokers.MethodInvocationHelper.invokeMethodConsideringTimeout(MethodInvocationHelper.java:71)\n\tat org.testng.internal.invokers.ConfigInvoker.invokeConfigurationMethod(ConfigInvoker.java:400)\n\tat org.testng.internal.invokers.ConfigInvoker.invokeConfigurations(ConfigInvoker.java:333)\n\tat org.testng.internal.invokers.TestInvoker.runConfigMethods(TestInvoker.java:836)\n\tat org.testng.internal.invokers.TestInvoker.invokeMethod(TestInvoker.java:601)\n\tat org.testng.internal.invokers.TestInvoker.invokeTestMethod(TestInvoker.java:230)\n\tat org.testng.internal.invokers.MethodRunner.runInSequence(MethodRunner.java:63)\n\tat org.testng.internal.invokers.TestInvoker$MethodInvocationAgent.invoke(TestInvoker.java:995)\n\tat org.testng.internal.invokers.TestInvoker.invokeTestMethods(TestInvoker.java:203)\n\tat org.testng.internal.invokers.TestMethodWorker.invokeTestMethods(TestMethodWorker.java:154)\n\tat org.testng.internal.invokers.TestMethodWorker.run(TestMethodWorker.java:134)\n\tat java.base/java.util.ArrayList.forEach(ArrayList.java:1511)\n\tat org.testng.TestRunner.privateRun(TestRunner.java:741)\n\tat org.testng.TestRunner.run(TestRunner.java:616)\n\tat org.testng.SuiteRunner.runTest(SuiteRunner.java:421)\n\tat org.testng.SuiteRunner$SuiteWorker.run(SuiteRunner.java:463)\n\tat org.testng.internal.thread.ThreadUtil.lambda$execute$0(ThreadUtil.java:64)\n\tat java.base/java.util.concurrent.FutureTask.run(FutureTask.java:264)\n\tat java.base/java.util.concurrent.ThreadPoolExecutor.runWorker(ThreadPoolExecutor.java:1136)\n\tat java.base/java.util.concurrent.ThreadPoolExecutor$Worker.run(ThreadPoolExecutor.java:635)\n\tat java.base/java.lang.Thread.run(Thread.java:842)\n","steps":[],"attachments":[{"uid":"513d5cdecee1419d","name":"Platform","source":"513d5cdecee1419d.txt","type":"text/plain","size":8},{"uid":"127ea054c1e230bd","name":"Test Framework","source":"127ea054c1e230bd.txt","type":"text/plain","size":6},{"uid":"a858971055cc897e","name":"Java Version","source":"a858971055cc897e.txt","type":"text/plain","size":7},{"uid":"232ff4b6ab2ece12","name":"Browser","source":"232ff4b6ab2ece12.txt","type":"text/plain","size":6},{"uid":"82b42634150ed84c","name":"Automation Tool","source":"82b42634150ed84c.txt","type":"text/plain","size":10},{"uid":"32fa02e94d9f0af2","name":"Test Duration","source":"32fa02e94d9f0af2.txt","type":"text/plain","size":14},{"uid":"cab75b8d4112908e","name":"Test Status","source":"cab75b8d4112908e.txt","type":"text/plain","size":7}],"parameters":[],"shouldDisplayMessage":true,"stepsCount":0,"attachmentsCount":7,"hasContent":true,"attachmentStep":false},"afterStages":[{"name":"tearDown","time":{"start":1751443270801,"stop":1751443270909,"duration":108},"description":"","status":"passed","steps":[],"attachments":[],"parameters":[],"shouldDisplayMessage":false,"stepsCount":0,"attachmentsCount":0,"hasContent":false,"attachmentStep":false}],"labels":[{"name":"package","value":"testClassPool.CompleteYourAadharKYCTest"},{"name":"testClass","value":"testClassPool.CompleteYourAadharKYCTest"},{"name":"testMethod","value":"TC31_testConsentInformationAccuracy"},{"name":"parentSuite","value":"Failed suite [Stashfin Web Automation Suite]"},{"name":"suite","value":"Stashfin Web Test Run(failed)"},{"name":"subSuite","value":"testClassPool.CompleteYourAadharKYCTest"},{"name":"host","value":"MacBook-Pro.local"},{"name":"thread","value":"29295@MacBook-Pro.local.TestNG-tests-1(28)"},{"name":"framework","value":"testng"},{"name":"language","value":"java"},{"name":"resultFormat","value":"allure2"}],"parameters":[],"links":[],"hidden":true,"retry":true,"extra":{"categories":[],"tags":[]},"source":"d471a479b2b4f30d.json","parameterValues":[]}