{"uid":"d6ffb6da882b3bdf","name":"TC02_verifyPageTitleVisible","fullName":"TC02_verifyPageTitleVisible (General)","historyId":"f8bcbcc4bb1cd26d08d6a37f5875e91b","time":{"start":1751443329558,"stop":1751443329559,"duration":1},"status":"skipped","statusMessage":"Take a Selfie page did not load after Aadhaar KYC bypass. Navigation may have failed or page is still loading.","statusTrace":"java.lang.AssertionError: Take a Selfie page did not load after Aadhaar KYC bypass. Navigation may have failed or page is still loading.\n\tat TestUtils.LoanJourneyFlow.reachTakeASelfiePage(LoanJourneyFlow.java:319)\n\tat testClassPool.TakeASelfieTest.setUP(TakeASelfieTest.java:27)\n\tat java.base/jdk.internal.reflect.NativeMethodAccessorImpl.invoke0(Native Method)\n\tat java.base/jdk.internal.reflect.NativeMethodAccessorImpl.invoke(NativeMethodAccessorImpl.java:77)\n\tat java.base/jdk.internal.reflect.DelegatingMethodAccessorImpl.invoke(DelegatingMethodAccessorImpl.java:43)\n\tat java.base/java.lang.reflect.Method.invoke(Method.java:568)\n\tat org.testng.internal.invokers.MethodInvocationHelper.invokeMethod(MethodInvocationHelper.java:141)\n\tat org.testng.internal.invokers.MethodInvocationHelper.invokeMethodConsideringTimeout(MethodInvocationHelper.java:71)\n\tat org.testng.internal.invokers.ConfigInvoker.invokeConfigurationMethod(ConfigInvoker.java:400)\n\tat org.testng.internal.invokers.ConfigInvoker.invokeConfigurations(ConfigInvoker.java:333)\n\tat org.testng.internal.invokers.TestInvoker.runConfigMethods(TestInvoker.java:836)\n\tat org.testng.internal.invokers.TestInvoker.invokeMethod(TestInvoker.java:601)\n\tat org.testng.internal.invokers.TestInvoker.invokeTestMethod(TestInvoker.java:230)\n\tat org.testng.internal.invokers.MethodRunner.runInSequence(MethodRunner.java:63)\n\tat org.testng.internal.invokers.TestInvoker$MethodInvocationAgent.invoke(TestInvoker.java:995)\n\tat org.testng.internal.invokers.TestInvoker.invokeTestMethods(TestInvoker.java:203)\n\tat org.testng.internal.invokers.TestMethodWorker.invokeTestMethods(TestMethodWorker.java:154)\n\tat org.testng.internal.invokers.TestMethodWorker.run(TestMethodWorker.java:134)\n\tat java.base/java.util.ArrayList.forEach(ArrayList.java:1511)\n\tat org.testng.TestRunner.privateRun(TestRunner.java:741)\n\tat org.testng.TestRunner.run(TestRunner.java:616)\n\tat org.testng.SuiteRunner.runTest(SuiteRunner.java:421)\n\tat org.testng.SuiteRunner$SuiteWorker.run(SuiteRunner.java:463)\n\tat org.testng.internal.thread.ThreadUtil.lambda$execute$0(ThreadUtil.java:64)\n\tat java.base/java.util.concurrent.FutureTask.run(FutureTask.java:264)\n\tat java.base/java.util.concurrent.ThreadPoolExecutor.runWorker(ThreadPoolExecutor.java:1136)\n\tat java.base/java.util.concurrent.ThreadPoolExecutor$Worker.run(ThreadPoolExecutor.java:635)\n\tat java.base/java.lang.Thread.run(Thread.java:842)\n","flaky":false,"newFailed":false,"newBroken":false,"newPassed":false,"retriesCount":0,"retriesStatusChange":false,"beforeStages":[{"name":"setUp","time":{"start":1751443328600,"stop":1751443329556,"duration":956},"description":"","status":"passed","steps":[],"attachments":[],"parameters":[],"shouldDisplayMessage":false,"attachmentsCount":0,"attachmentStep":false,"stepsCount":0,"hasContent":false},{"name":"setUP","time":{"start":1751443329557,"stop":1751443329557,"duration":0},"description":"","status":"broken","steps":[],"attachments":[],"parameters":[],"shouldDisplayMessage":false,"attachmentsCount":0,"attachmentStep":false,"stepsCount":0,"hasContent":false}],"testStage":{"status":"skipped","statusMessage":"Take a Selfie page did not load after Aadhaar KYC bypass. Navigation may have failed or page is still loading.","statusTrace":"java.lang.AssertionError: Take a Selfie page did not load after Aadhaar KYC bypass. Navigation may have failed or page is still loading.\n\tat TestUtils.LoanJourneyFlow.reachTakeASelfiePage(LoanJourneyFlow.java:319)\n\tat testClassPool.TakeASelfieTest.setUP(TakeASelfieTest.java:27)\n\tat java.base/jdk.internal.reflect.NativeMethodAccessorImpl.invoke0(Native Method)\n\tat java.base/jdk.internal.reflect.NativeMethodAccessorImpl.invoke(NativeMethodAccessorImpl.java:77)\n\tat java.base/jdk.internal.reflect.DelegatingMethodAccessorImpl.invoke(DelegatingMethodAccessorImpl.java:43)\n\tat java.base/java.lang.reflect.Method.invoke(Method.java:568)\n\tat org.testng.internal.invokers.MethodInvocationHelper.invokeMethod(MethodInvocationHelper.java:141)\n\tat org.testng.internal.invokers.MethodInvocationHelper.invokeMethodConsideringTimeout(MethodInvocationHelper.java:71)\n\tat org.testng.internal.invokers.ConfigInvoker.invokeConfigurationMethod(ConfigInvoker.java:400)\n\tat org.testng.internal.invokers.ConfigInvoker.invokeConfigurations(ConfigInvoker.java:333)\n\tat org.testng.internal.invokers.TestInvoker.runConfigMethods(TestInvoker.java:836)\n\tat org.testng.internal.invokers.TestInvoker.invokeMethod(TestInvoker.java:601)\n\tat org.testng.internal.invokers.TestInvoker.invokeTestMethod(TestInvoker.java:230)\n\tat org.testng.internal.invokers.MethodRunner.runInSequence(MethodRunner.java:63)\n\tat org.testng.internal.invokers.TestInvoker$MethodInvocationAgent.invoke(TestInvoker.java:995)\n\tat org.testng.internal.invokers.TestInvoker.invokeTestMethods(TestInvoker.java:203)\n\tat org.testng.internal.invokers.TestMethodWorker.invokeTestMethods(TestMethodWorker.java:154)\n\tat org.testng.internal.invokers.TestMethodWorker.run(TestMethodWorker.java:134)\n\tat java.base/java.util.ArrayList.forEach(ArrayList.java:1511)\n\tat org.testng.TestRunner.privateRun(TestRunner.java:741)\n\tat org.testng.TestRunner.run(TestRunner.java:616)\n\tat org.testng.SuiteRunner.runTest(SuiteRunner.java:421)\n\tat org.testng.SuiteRunner$SuiteWorker.run(SuiteRunner.java:463)\n\tat org.testng.internal.thread.ThreadUtil.lambda$execute$0(ThreadUtil.java:64)\n\tat java.base/java.util.concurrent.FutureTask.run(FutureTask.java:264)\n\tat java.base/java.util.concurrent.ThreadPoolExecutor.runWorker(ThreadPoolExecutor.java:1136)\n\tat java.base/java.util.concurrent.ThreadPoolExecutor$Worker.run(ThreadPoolExecutor.java:635)\n\tat java.base/java.lang.Thread.run(Thread.java:842)\n","steps":[],"attachments":[{"uid":"bc7364ee6ecc2fbf","name":"Platform","source":"bc7364ee6ecc2fbf.txt","type":"text/plain","size":8},{"uid":"3d5681d9526a1844","name":"Test Framework","source":"3d5681d9526a1844.txt","type":"text/plain","size":6},{"uid":"b77e523a5d506e6f","name":"Java Version","source":"b77e523a5d506e6f.txt","type":"text/plain","size":7},{"uid":"c602df9171ca5338","name":"Browser","source":"c602df9171ca5338.txt","type":"text/plain","size":6},{"uid":"26765b896182c999","name":"Automation Tool","source":"26765b896182c999.txt","type":"text/plain","size":10},{"uid":"835b05ca7b1999a","name":"Test Duration","source":"835b05ca7b1999a.txt","type":"text/plain","size":14},{"uid":"2ab2ef4398d03661","name":"Test Status","source":"2ab2ef4398d03661.txt","type":"text/plain","size":7}],"parameters":[],"shouldDisplayMessage":true,"attachmentsCount":7,"attachmentStep":false,"stepsCount":0,"hasContent":true},"afterStages":[{"name":"tearDown","time":{"start":1751443329559,"stop":1751443329675,"duration":116},"description":"","status":"passed","steps":[],"attachments":[],"parameters":[],"shouldDisplayMessage":false,"attachmentsCount":0,"attachmentStep":false,"stepsCount":0,"hasContent":false}],"labels":[{"name":"package","value":"testClassPool.TakeASelfieTest"},{"name":"testClass","value":"testClassPool.TakeASelfieTest"},{"name":"testMethod","value":"TC02_verifyPageTitleVisible"},{"name":"parentSuite","value":"Failed suite [Stashfin Web Automation Suite]"},{"name":"suite","value":"Stashfin Web Test Run(failed)"},{"name":"subSuite","value":"testClassPool.TakeASelfieTest"},{"name":"host","value":"MacBook-Pro.local"},{"name":"thread","value":"29295@MacBook-Pro.local.TestNG-tests-1(28)"},{"name":"framework","value":"testng"},{"name":"language","value":"java"},{"name":"resultFormat","value":"allure2"}],"parameters":[],"links":[],"hidden":true,"retry":true,"extra":{"categories":[],"tags":[]},"source":"d6ffb6da882b3bdf.json","parameterValues":[]}