{"uid":"da2d1042bb1477eb","name":"Test form submission with valid data","fullName":"TC22_testFormSubmissionWithValidData (Bank Account)","historyId":"56516b3c944fc212d953a75c0b2a9453","time":{"start":1751480316490,"stop":1751480316491,"duration":1},"status":"skipped","statusMessage":"Cannot invoke \"com.mysql.cj.protocol.ColumnDefinition.getFields()\" because \"this.columnDefinition\" is null","statusTrace":"java.lang.NullPointerException: Cannot invoke \"com.mysql.cj.protocol.ColumnDefinition.getFields()\" because \"this.columnDefinition\" is null\n\tat com.mysql.cj.jdbc.result.ResultSetImpl.checkColumnBounds(ResultSetImpl.java:508)\n\tat com.mysql.cj.jdbc.result.ResultSetImpl.getObject(ResultSetImpl.java:1118)\n\tat utils.DatabaseUtils.executeQuery(DatabaseUtils.java:92)\n\tat utils.StepBypassUtils.bypassStepWithDbOnly(StepBypassUtils.java:36)\n\tat TestUtils.LoanJourneyFlow.SKIPAA(LoanJourneyFlow.java:155)\n\tat TestUtils.LoanJourneyFlow.reachBankAccountDetailsPage(LoanJourneyFlow.java:605)\n\tat testClassPool.EnterYourBankAccountDetailsTest.setUp(EnterYourBankAccountDetailsTest.java:26)\n\tat java.base/jdk.internal.reflect.DirectMethodHandleAccessor.invoke(DirectMethodHandleAccessor.java:103)\n\tat java.base/java.lang.reflect.Method.invoke(Method.java:580)\n\tat org.testng.internal.invokers.MethodInvocationHelper.invokeMethod(MethodInvocationHelper.java:141)\n\tat org.testng.internal.invokers.MethodInvocationHelper.invokeMethodConsideringTimeout(MethodInvocationHelper.java:71)\n\tat org.testng.internal.invokers.ConfigInvoker.invokeConfigurationMethod(ConfigInvoker.java:400)\n\tat org.testng.internal.invokers.ConfigInvoker.invokeConfigurations(ConfigInvoker.java:333)\n\tat org.testng.internal.invokers.TestInvoker.runConfigMethods(TestInvoker.java:836)\n\tat org.testng.internal.invokers.TestInvoker.invokeMethod(TestInvoker.java:601)\n\tat org.testng.internal.invokers.TestInvoker.invokeTestMethod(TestInvoker.java:230)\n\tat org.testng.internal.invokers.MethodRunner.runInSequence(MethodRunner.java:63)\n\tat org.testng.internal.invokers.TestInvoker$MethodInvocationAgent.invoke(TestInvoker.java:995)\n\tat org.testng.internal.invokers.TestInvoker.invokeTestMethods(TestInvoker.java:203)\n\tat org.testng.internal.invokers.TestMethodWorker.invokeTestMethods(TestMethodWorker.java:154)\n\tat org.testng.internal.invokers.TestMethodWorker.run(TestMethodWorker.java:134)\n\tat java.base/java.util.concurrent.Executors$RunnableAdapter.call(Executors.java:572)\n\tat java.base/java.util.concurrent.FutureTask.run(FutureTask.java:317)\n\tat org.testng.internal.thread.graph.TestNGFutureTask.run(TestNGFutureTask.java:22)\n\tat java.base/java.util.concurrent.ThreadPoolExecutor.runWorker(ThreadPoolExecutor.java:1144)\n\tat java.base/java.util.concurrent.ThreadPoolExecutor$Worker.run(ThreadPoolExecutor.java:642)\n\tat java.base/java.lang.Thread.run(Thread.java:1575)\n","flaky":false,"newFailed":false,"newBroken":false,"newPassed":false,"retriesCount":0,"retriesStatusChange":false,"beforeStages":[{"name":"setUp","time":{"start":1751480315226,"stop":1751480316488,"duration":1262},"description":"","status":"passed","steps":[],"attachments":[],"parameters":[],"shouldDisplayMessage":false,"attachmentsCount":0,"attachmentStep":false,"stepsCount":0,"hasContent":false},{"name":"setUp","time":{"start":1751480316488,"stop":1751480316488,"duration":0},"description":"","status":"broken","steps":[],"attachments":[],"parameters":[],"shouldDisplayMessage":false,"attachmentsCount":0,"attachmentStep":false,"stepsCount":0,"hasContent":false}],"testStage":{"status":"skipped","statusMessage":"Cannot invoke \"com.mysql.cj.protocol.ColumnDefinition.getFields()\" because \"this.columnDefinition\" is null","statusTrace":"java.lang.NullPointerException: Cannot invoke \"com.mysql.cj.protocol.ColumnDefinition.getFields()\" because \"this.columnDefinition\" is null\n\tat com.mysql.cj.jdbc.result.ResultSetImpl.checkColumnBounds(ResultSetImpl.java:508)\n\tat com.mysql.cj.jdbc.result.ResultSetImpl.getObject(ResultSetImpl.java:1118)\n\tat utils.DatabaseUtils.executeQuery(DatabaseUtils.java:92)\n\tat utils.StepBypassUtils.bypassStepWithDbOnly(StepBypassUtils.java:36)\n\tat TestUtils.LoanJourneyFlow.SKIPAA(LoanJourneyFlow.java:155)\n\tat TestUtils.LoanJourneyFlow.reachBankAccountDetailsPage(LoanJourneyFlow.java:605)\n\tat testClassPool.EnterYourBankAccountDetailsTest.setUp(EnterYourBankAccountDetailsTest.java:26)\n\tat java.base/jdk.internal.reflect.DirectMethodHandleAccessor.invoke(DirectMethodHandleAccessor.java:103)\n\tat java.base/java.lang.reflect.Method.invoke(Method.java:580)\n\tat org.testng.internal.invokers.MethodInvocationHelper.invokeMethod(MethodInvocationHelper.java:141)\n\tat org.testng.internal.invokers.MethodInvocationHelper.invokeMethodConsideringTimeout(MethodInvocationHelper.java:71)\n\tat org.testng.internal.invokers.ConfigInvoker.invokeConfigurationMethod(ConfigInvoker.java:400)\n\tat org.testng.internal.invokers.ConfigInvoker.invokeConfigurations(ConfigInvoker.java:333)\n\tat org.testng.internal.invokers.TestInvoker.runConfigMethods(TestInvoker.java:836)\n\tat org.testng.internal.invokers.TestInvoker.invokeMethod(TestInvoker.java:601)\n\tat org.testng.internal.invokers.TestInvoker.invokeTestMethod(TestInvoker.java:230)\n\tat org.testng.internal.invokers.MethodRunner.runInSequence(MethodRunner.java:63)\n\tat org.testng.internal.invokers.TestInvoker$MethodInvocationAgent.invoke(TestInvoker.java:995)\n\tat org.testng.internal.invokers.TestInvoker.invokeTestMethods(TestInvoker.java:203)\n\tat org.testng.internal.invokers.TestMethodWorker.invokeTestMethods(TestMethodWorker.java:154)\n\tat org.testng.internal.invokers.TestMethodWorker.run(TestMethodWorker.java:134)\n\tat java.base/java.util.concurrent.Executors$RunnableAdapter.call(Executors.java:572)\n\tat java.base/java.util.concurrent.FutureTask.run(FutureTask.java:317)\n\tat org.testng.internal.thread.graph.TestNGFutureTask.run(TestNGFutureTask.java:22)\n\tat java.base/java.util.concurrent.ThreadPoolExecutor.runWorker(ThreadPoolExecutor.java:1144)\n\tat java.base/java.util.concurrent.ThreadPoolExecutor$Worker.run(ThreadPoolExecutor.java:642)\n\tat java.base/java.lang.Thread.run(Thread.java:1575)\n","steps":[{"name":"Add Environment Info","time":{"start":1751480316490,"stop":1751480316490,"duration":0},"status":"passed","steps":[],"attachments":[{"uid":"9544e436172dc8c6","name":"Platform","source":"9544e436172dc8c6.txt","type":"text/plain","size":8},{"uid":"937ceeebcd640942","name":"Test Framework","source":"937ceeebcd640942.txt","type":"text/plain","size":6},{"uid":"e77f1d16a5e56656","name":"Java Version","source":"e77f1d16a5e56656.txt","type":"text/plain","size":6},{"uid":"35f2dc01090b93c3","name":"Browser","source":"35f2dc01090b93c3.txt","type":"text/plain","size":6},{"uid":"ee3ee06709f65e66","name":"Automation Tool","source":"ee3ee06709f65e66.txt","type":"text/plain","size":10}],"parameters":[],"shouldDisplayMessage":false,"attachmentsCount":5,"attachmentStep":false,"stepsCount":0,"hasContent":true},{"name":"Add Test Metrics","time":{"start":1751480316491,"stop":1751480316491,"duration":0},"status":"passed","steps":[],"attachments":[{"uid":"4c97298baeca089f","name":"Test Duration","source":"4c97298baeca089f.txt","type":"text/plain","size":14},{"uid":"4573d674e5aa1e66","name":"Test Status","source":"4573d674e5aa1e66.txt","type":"text/plain","size":7}],"parameters":[{"name":"testName","value":"TC22_testFormSubmissionWithValidData"},{"name":"status","value":"SKIPPED"},{"name":"duration","value":"0"}],"shouldDisplayMessage":false,"attachmentsCount":2,"attachmentStep":false,"stepsCount":0,"hasContent":true},{"name":"Add Trend Data","time":{"start":1751480316491,"stop":1751480316491,"duration":0},"status":"passed","steps":[],"attachments":[],"parameters":[{"name":"testName","value":"TC22_testFormSubmissionWithValidData"},{"name":"status","value":"SKIPPED"},{"name":"duration","value":"0"}],"shouldDisplayMessage":false,"attachmentsCount":0,"attachmentStep":false,"stepsCount":0,"hasContent":true}],"attachments":[],"parameters":[],"shouldDisplayMessage":true,"attachmentsCount":7,"attachmentStep":false,"stepsCount":3,"hasContent":true},"afterStages":[{"name":"tearDown","time":{"start":1751480316491,"stop":1751480316615,"duration":124},"description":"","status":"passed","steps":[],"attachments":[],"parameters":[],"shouldDisplayMessage":false,"attachmentsCount":0,"attachmentStep":false,"stepsCount":0,"hasContent":false}],"labels":[{"name":"package","value":"testClassPool.EnterYourBankAccountDetailsTest"},{"name":"testClass","value":"testClassPool.EnterYourBankAccountDetailsTest"},{"name":"testMethod","value":"TC22_testFormSubmissionWithValidData"},{"name":"parentSuite","value":"Stashfin Web Automation Suite"},{"name":"suite","value":"Stashfin Web Test Run"},{"name":"subSuite","value":"testClassPool.EnterYourBankAccountDetailsTest"},{"name":"host","value":"MacBook-Pro.local"},{"name":"thread","value":"50467@MacBook-Pro.local.TestNG-test-Stashfin Web Test Run-1(49)"},{"name":"framework","value":"testng"},{"name":"language","value":"java"},{"name":"resultFormat","value":"allure2"}],"parameters":[],"links":[],"hidden":true,"retry":true,"extra":{"categories":[],"tags":[]},"source":"da2d1042bb1477eb.json","parameterValues":[]}