{"uid":"db58e64ece59c868","name":"Sanity: Complete Loan Journey in one go","fullName":"SanityTest.LoanJourneySanityTest.testFullLoanJourneySanity","historyId":"38259e1d28c0c2d83551dfe29edd5570","time":{"start":1752724125193,"stop":1752724155436,"duration":30243},"description":"Runs the full loan journey from start to finish with a fresh mobile number, validating all major checkpoints.","descriptionHtml":"<p>Runs the full loan journey from start to finish with a fresh mobile number, validating all major checkpoints.</p>\n","status":"failed","statusMessage":"Skip Button on Business Detail Page is not visible.","statusTrace":"java.lang.AssertionError: Skip Button on Business Detail Page is not visible.\n\tat utils.AssertionUtils.assertElementVisible(AssertionUtils.java:28)\n\tat TestUtils.LoanJourneyFlow.SKIPAA(LoanJourneyFlow.java:443)\n\tat TestUtils.LoanJourneyFlow.reachTakeASelfieAfterBankDetails(LoanJourneyFlow.java:838)\n\tat SanityTest.LoanJourneySanityTest.testFullLoanJourneySanity(LoanJourneySanityTest.java:34)\n\tat java.base/jdk.internal.reflect.DirectMethodHandleAccessor.invoke(DirectMethodHandleAccessor.java:103)\n\tat java.base/java.lang.reflect.Method.invoke(Method.java:580)\n\tat org.testng.internal.invokers.MethodInvocationHelper.invokeMethod(MethodInvocationHelper.java:141)\n\tat org.testng.internal.invokers.TestInvoker.invokeMethod(TestInvoker.java:687)\n\tat org.testng.internal.invokers.TestInvoker.invokeTestMethod(TestInvoker.java:230)\n\tat org.testng.internal.invokers.MethodRunner.runInSequence(MethodRunner.java:63)\n\tat org.testng.internal.invokers.TestInvoker$MethodInvocationAgent.invoke(TestInvoker.java:995)\n\tat org.testng.internal.invokers.TestInvoker.invokeTestMethods(TestInvoker.java:203)\n\tat org.testng.internal.invokers.TestMethodWorker.invokeTestMethods(TestMethodWorker.java:154)\n\tat org.testng.internal.invokers.TestMethodWorker.run(TestMethodWorker.java:134)\n\tat java.base/java.util.ArrayList.forEach(ArrayList.java:1597)\n\tat org.testng.TestRunner.privateRun(TestRunner.java:741)\n\tat org.testng.TestRunner.run(TestRunner.java:616)\n\tat org.testng.SuiteRunner.runTest(SuiteRunner.java:421)\n\tat org.testng.SuiteRunner.runSequentially(SuiteRunner.java:413)\n\tat org.testng.SuiteRunner.privateRun(SuiteRunner.java:373)\n\tat org.testng.SuiteRunner.run(SuiteRunner.java:312)\n\tat org.testng.SuiteRunnerWorker.runSuite(SuiteRunnerWorker.java:52)\n\tat org.testng.SuiteRunnerWorker.run(SuiteRunnerWorker.java:95)\n\tat org.testng.TestNG.runSuitesSequentially(TestNG.java:1274)\n\tat org.testng.TestNG.runSuitesLocally(TestNG.java:1208)\n\tat org.testng.TestNG.runSuites(TestNG.java:1112)\n\tat org.testng.TestNG.run(TestNG.java:1079)\n\tat org.apache.maven.surefire.testng.TestNGExecutor.run(TestNGExecutor.java:308)\n\tat org.apache.maven.surefire.testng.TestNGXmlTestSuite.execute(TestNGXmlTestSuite.java:71)\n\tat org.apache.maven.surefire.testng.TestNGProvider.invoke(TestNGProvider.java:113)\n\tat org.apache.maven.surefire.booter.ForkedBooter.runSuitesInProcess(ForkedBooter.java:385)\n\tat org.apache.maven.surefire.booter.ForkedBooter.execute(ForkedBooter.java:162)\n\tat org.apache.maven.surefire.booter.ForkedBooter.run(ForkedBooter.java:507)\n\tat org.apache.maven.surefire.booter.ForkedBooter.main(ForkedBooter.java:495)\nCaused by: com.microsoft.playwright.TimeoutError: Error {\n  message='Timeout 5000ms exceeded.\n  name='TimeoutError\n  stack='TimeoutError: Timeout 5000ms exceeded.\n    at ProgressController.run (/private/var/folders/w6/57mby7d92xgbc8_lq6xsrrw00000gp/T/playwright-java-14751433515037935560/package/lib/server/progress.js:76:26)\n    at Frame.waitForSelector (/private/var/folders/w6/57mby7d92xgbc8_lq6xsrrw00000gp/T/playwright-java-14751433515037935560/package/lib/server/frames.js:647:23)\n    at FrameDispatcher.waitForSelector (/private/var/folders/w6/57mby7d92xgbc8_lq6xsrrw00000gp/T/playwright-java-14751433515037935560/package/lib/server/dispatchers/frameDispatcher.js:82:116)\n    at FrameDispatcher._handleCommand (/private/var/folders/w6/57mby7d92xgbc8_lq6xsrrw00000gp/T/playwright-java-14751433515037935560/package/lib/server/dispatchers/dispatcher.js:94:40)\n    at DispatcherConnection.dispatch (/private/var/folders/w6/57mby7d92xgbc8_lq6xsrrw00000gp/T/playwright-java-14751433515037935560/package/lib/server/dispatchers/dispatcher.js:307:39)\n}\nCall log:\n-   - waiting for locator(\"//*[contains(text(),'Skip')]\") to be visible\n\n\tat com.microsoft.playwright.impl.WaitableResult.get(WaitableResult.java:52)\n\tat com.microsoft.playwright.impl.ChannelOwner.runUntil(ChannelOwner.java:132)\n\tat com.microsoft.playwright.impl.Connection.sendMessage(Connection.java:130)\n\tat com.microsoft.playwright.impl.ChannelOwner.sendMessage(ChannelOwner.java:118)\n\tat com.microsoft.playwright.impl.FrameImpl.waitForSelectorImpl(FrameImpl.java:1060)\n\tat com.microsoft.playwright.impl.LocatorImpl.lambda$waitForImpl$8(LocatorImpl.java:634)\n\tat com.microsoft.playwright.impl.LoggingSupport.withLogging(LoggingSupport.java:47)\n\tat com.microsoft.playwright.impl.ChannelOwner.withLogging(ChannelOwner.java:97)\n\tat com.microsoft.playwright.impl.LocatorImpl.waitForImpl(LocatorImpl.java:634)\n\tat com.microsoft.playwright.impl.LocatorImpl.waitFor(LocatorImpl.java:630)\n\tat utils.AssertionUtils.assertElementVisible(AssertionUtils.java:22)\n\t... 33 more\nCaused by: com.microsoft.playwright.TimeoutError: Error {\n  message='Timeout 5000ms exceeded.\n  name='TimeoutError\n  stack='TimeoutError: Timeout 5000ms exceeded.\n    at ProgressController.run (/private/var/folders/w6/57mby7d92xgbc8_lq6xsrrw00000gp/T/playwright-java-14751433515037935560/package/lib/server/progress.js:76:26)\n    at Frame.waitForSelector (/private/var/folders/w6/57mby7d92xgbc8_lq6xsrrw00000gp/T/playwright-java-14751433515037935560/package/lib/server/frames.js:647:23)\n    at FrameDispatcher.waitForSelector (/private/var/folders/w6/57mby7d92xgbc8_lq6xsrrw00000gp/T/playwright-java-14751433515037935560/package/lib/server/dispatchers/frameDispatcher.js:82:116)\n    at FrameDispatcher._handleCommand (/private/var/folders/w6/57mby7d92xgbc8_lq6xsrrw00000gp/T/playwright-java-14751433515037935560/package/lib/server/dispatchers/dispatcher.js:94:40)\n    at DispatcherConnection.dispatch (/private/var/folders/w6/57mby7d92xgbc8_lq6xsrrw00000gp/T/playwright-java-14751433515037935560/package/lib/server/dispatchers/dispatcher.js:307:39)\n}\nCall log:\n-   - waiting for locator(\"//*[contains(text(),'Skip')]\") to be visible\n\n\tat com.microsoft.playwright.impl.Connection.dispatch(Connection.java:254)\n\tat com.microsoft.playwright.impl.Connection.processOneMessage(Connection.java:211)\n\tat com.microsoft.playwright.impl.ChannelOwner.runUntil(ChannelOwner.java:130)\n\t... 42 more\n","flaky":false,"newFailed":false,"newBroken":false,"newPassed":false,"retriesCount":0,"retriesStatusChange":false,"beforeStages":[{"name":"setUp","time":{"start":1752724121208,"stop":1752724124470,"duration":3262},"description":"","status":"passed","steps":[],"attachments":[],"parameters":[],"shouldDisplayMessage":false,"attachmentsCount":0,"attachmentStep":false,"stepsCount":0,"hasContent":false},{"name":"setUpDatabase","time":{"start":1752724124499,"stop":1752724125176,"duration":677},"description":"","status":"passed","steps":[],"attachments":[],"parameters":[],"shouldDisplayMessage":false,"attachmentsCount":0,"attachmentStep":false,"stepsCount":0,"hasContent":false}],"testStage":{"description":"Runs the full loan journey from start to finish with a fresh mobile number, validating all major checkpoints.","status":"failed","statusMessage":"Skip Button on Business Detail Page is not visible.","statusTrace":"java.lang.AssertionError: Skip Button on Business Detail Page is not visible.\n\tat utils.AssertionUtils.assertElementVisible(AssertionUtils.java:28)\n\tat TestUtils.LoanJourneyFlow.SKIPAA(LoanJourneyFlow.java:443)\n\tat TestUtils.LoanJourneyFlow.reachTakeASelfieAfterBankDetails(LoanJourneyFlow.java:838)\n\tat SanityTest.LoanJourneySanityTest.testFullLoanJourneySanity(LoanJourneySanityTest.java:34)\n\tat java.base/jdk.internal.reflect.DirectMethodHandleAccessor.invoke(DirectMethodHandleAccessor.java:103)\n\tat java.base/java.lang.reflect.Method.invoke(Method.java:580)\n\tat org.testng.internal.invokers.MethodInvocationHelper.invokeMethod(MethodInvocationHelper.java:141)\n\tat org.testng.internal.invokers.TestInvoker.invokeMethod(TestInvoker.java:687)\n\tat org.testng.internal.invokers.TestInvoker.invokeTestMethod(TestInvoker.java:230)\n\tat org.testng.internal.invokers.MethodRunner.runInSequence(MethodRunner.java:63)\n\tat org.testng.internal.invokers.TestInvoker$MethodInvocationAgent.invoke(TestInvoker.java:995)\n\tat org.testng.internal.invokers.TestInvoker.invokeTestMethods(TestInvoker.java:203)\n\tat org.testng.internal.invokers.TestMethodWorker.invokeTestMethods(TestMethodWorker.java:154)\n\tat org.testng.internal.invokers.TestMethodWorker.run(TestMethodWorker.java:134)\n\tat java.base/java.util.ArrayList.forEach(ArrayList.java:1597)\n\tat org.testng.TestRunner.privateRun(TestRunner.java:741)\n\tat org.testng.TestRunner.run(TestRunner.java:616)\n\tat org.testng.SuiteRunner.runTest(SuiteRunner.java:421)\n\tat org.testng.SuiteRunner.runSequentially(SuiteRunner.java:413)\n\tat org.testng.SuiteRunner.privateRun(SuiteRunner.java:373)\n\tat org.testng.SuiteRunner.run(SuiteRunner.java:312)\n\tat org.testng.SuiteRunnerWorker.runSuite(SuiteRunnerWorker.java:52)\n\tat org.testng.SuiteRunnerWorker.run(SuiteRunnerWorker.java:95)\n\tat org.testng.TestNG.runSuitesSequentially(TestNG.java:1274)\n\tat org.testng.TestNG.runSuitesLocally(TestNG.java:1208)\n\tat org.testng.TestNG.runSuites(TestNG.java:1112)\n\tat org.testng.TestNG.run(TestNG.java:1079)\n\tat org.apache.maven.surefire.testng.TestNGExecutor.run(TestNGExecutor.java:308)\n\tat org.apache.maven.surefire.testng.TestNGXmlTestSuite.execute(TestNGXmlTestSuite.java:71)\n\tat org.apache.maven.surefire.testng.TestNGProvider.invoke(TestNGProvider.java:113)\n\tat org.apache.maven.surefire.booter.ForkedBooter.runSuitesInProcess(ForkedBooter.java:385)\n\tat org.apache.maven.surefire.booter.ForkedBooter.execute(ForkedBooter.java:162)\n\tat org.apache.maven.surefire.booter.ForkedBooter.run(ForkedBooter.java:507)\n\tat org.apache.maven.surefire.booter.ForkedBooter.main(ForkedBooter.java:495)\nCaused by: com.microsoft.playwright.TimeoutError: Error {\n  message='Timeout 5000ms exceeded.\n  name='TimeoutError\n  stack='TimeoutError: Timeout 5000ms exceeded.\n    at ProgressController.run (/private/var/folders/w6/57mby7d92xgbc8_lq6xsrrw00000gp/T/playwright-java-14751433515037935560/package/lib/server/progress.js:76:26)\n    at Frame.waitForSelector (/private/var/folders/w6/57mby7d92xgbc8_lq6xsrrw00000gp/T/playwright-java-14751433515037935560/package/lib/server/frames.js:647:23)\n    at FrameDispatcher.waitForSelector (/private/var/folders/w6/57mby7d92xgbc8_lq6xsrrw00000gp/T/playwright-java-14751433515037935560/package/lib/server/dispatchers/frameDispatcher.js:82:116)\n    at FrameDispatcher._handleCommand (/private/var/folders/w6/57mby7d92xgbc8_lq6xsrrw00000gp/T/playwright-java-14751433515037935560/package/lib/server/dispatchers/dispatcher.js:94:40)\n    at DispatcherConnection.dispatch (/private/var/folders/w6/57mby7d92xgbc8_lq6xsrrw00000gp/T/playwright-java-14751433515037935560/package/lib/server/dispatchers/dispatcher.js:307:39)\n}\nCall log:\n-   - waiting for locator(\"//*[contains(text(),'Skip')]\") to be visible\n\n\tat com.microsoft.playwright.impl.WaitableResult.get(WaitableResult.java:52)\n\tat com.microsoft.playwright.impl.ChannelOwner.runUntil(ChannelOwner.java:132)\n\tat com.microsoft.playwright.impl.Connection.sendMessage(Connection.java:130)\n\tat com.microsoft.playwright.impl.ChannelOwner.sendMessage(ChannelOwner.java:118)\n\tat com.microsoft.playwright.impl.FrameImpl.waitForSelectorImpl(FrameImpl.java:1060)\n\tat com.microsoft.playwright.impl.LocatorImpl.lambda$waitForImpl$8(LocatorImpl.java:634)\n\tat com.microsoft.playwright.impl.LoggingSupport.withLogging(LoggingSupport.java:47)\n\tat com.microsoft.playwright.impl.ChannelOwner.withLogging(ChannelOwner.java:97)\n\tat com.microsoft.playwright.impl.LocatorImpl.waitForImpl(LocatorImpl.java:634)\n\tat com.microsoft.playwright.impl.LocatorImpl.waitFor(LocatorImpl.java:630)\n\tat utils.AssertionUtils.assertElementVisible(AssertionUtils.java:22)\n\t... 33 more\nCaused by: com.microsoft.playwright.TimeoutError: Error {\n  message='Timeout 5000ms exceeded.\n  name='TimeoutError\n  stack='TimeoutError: Timeout 5000ms exceeded.\n    at ProgressController.run (/private/var/folders/w6/57mby7d92xgbc8_lq6xsrrw00000gp/T/playwright-java-14751433515037935560/package/lib/server/progress.js:76:26)\n    at Frame.waitForSelector (/private/var/folders/w6/57mby7d92xgbc8_lq6xsrrw00000gp/T/playwright-java-14751433515037935560/package/lib/server/frames.js:647:23)\n    at FrameDispatcher.waitForSelector (/private/var/folders/w6/57mby7d92xgbc8_lq6xsrrw00000gp/T/playwright-java-14751433515037935560/package/lib/server/dispatchers/frameDispatcher.js:82:116)\n    at FrameDispatcher._handleCommand (/private/var/folders/w6/57mby7d92xgbc8_lq6xsrrw00000gp/T/playwright-java-14751433515037935560/package/lib/server/dispatchers/dispatcher.js:94:40)\n    at DispatcherConnection.dispatch (/private/var/folders/w6/57mby7d92xgbc8_lq6xsrrw00000gp/T/playwright-java-14751433515037935560/package/lib/server/dispatchers/dispatcher.js:307:39)\n}\nCall log:\n-   - waiting for locator(\"//*[contains(text(),'Skip')]\") to be visible\n\n\tat com.microsoft.playwright.impl.Connection.dispatch(Connection.java:254)\n\tat com.microsoft.playwright.impl.Connection.processOneMessage(Connection.java:211)\n\tat com.microsoft.playwright.impl.ChannelOwner.runUntil(ChannelOwner.java:130)\n\t... 42 more\n","steps":[{"name":"Entering mobile number: 7071698558","time":{"start":1752724125835,"stop":1752724126934,"duration":1099},"status":"passed","steps":[],"attachments":[],"parameters":[{"name":"mobileNumber","value":"7071698558"}],"shouldDisplayMessage":false,"attachmentsCount":0,"attachmentStep":false,"stepsCount":0,"hasContent":true},{"name":"Verifying element is visible: {elementName}","time":{"start":1752724139461,"stop":1752724139465,"duration":4},"status":"passed","steps":[],"attachments":[],"parameters":[{"name":"locator","value":"Locator@//*[text()='Approved!']"},{"name":"name","value":"Approved! text"}],"shouldDisplayMessage":false,"attachmentsCount":0,"attachmentStep":false,"stepsCount":0,"hasContent":true},{"name":"Verifying element text is: Approved!","time":{"start":1752724139466,"stop":1752724139467,"duration":1},"status":"passed","steps":[],"attachments":[],"parameters":[{"name":"locator","value":"Locator@//*[text()='Approved!']"},{"name":"expected","value":"Approved!"},{"name":"elementName","value":"Approved Text"}],"shouldDisplayMessage":false,"attachmentsCount":0,"attachmentStep":false,"stepsCount":0,"hasContent":true},{"name":"Verifying element is visible: {elementName}","time":{"start":1752724139467,"stop":1752724139468,"duration":1},"status":"passed","steps":[],"attachments":[],"parameters":[{"name":"locator","value":"Locator@//*[text()='You are eligible for a Personal Loan up to']"},{"name":"name","value":"Approved subtitle"}],"shouldDisplayMessage":false,"attachmentsCount":0,"attachmentStep":false,"stepsCount":0,"hasContent":true},{"name":"Verifying element text is: You are eligible for a Personal Loan up to","time":{"start":1752724139468,"stop":1752724139469,"duration":1},"status":"passed","steps":[],"attachments":[],"parameters":[{"name":"locator","value":"Locator@//*[text()='You are eligible for a Personal Loan up to']"},{"name":"expected","value":"You are eligible for a Personal Loan up to"},{"name":"elementName","value":"Sub Title Text"}],"shouldDisplayMessage":false,"attachmentsCount":0,"attachmentStep":false,"stepsCount":0,"hasContent":true},{"name":"Verifying element is visible: {elementName}","time":{"start":1752724139469,"stop":1752724139470,"duration":1},"status":"passed","steps":[],"attachments":[],"parameters":[{"name":"locator","value":"Locator@//*[@class='amount']/span[2]"},{"name":"name","value":"Approved Amount"}],"shouldDisplayMessage":false,"attachmentsCount":0,"attachmentStep":false,"stepsCount":0,"hasContent":true},{"name":"Verifying element is visible: {elementName}","time":{"start":1752724139470,"stop":1752724139472,"duration":2},"status":"passed","steps":[],"attachments":[],"parameters":[{"name":"locator","value":"Locator@//*[text()='Continue']"},{"name":"name","value":"Continue Button"}],"shouldDisplayMessage":false,"attachmentsCount":0,"attachmentStep":false,"stepsCount":0,"hasContent":true},{"name":"Verifying element is enabled: Continue Button","time":{"start":1752724139472,"stop":1752724139473,"duration":1},"status":"passed","steps":[],"attachments":[],"parameters":[{"name":"locator","value":"Locator@//*[text()='Continue']"},{"name":"elementName","value":"Continue Button"}],"shouldDisplayMessage":false,"attachmentsCount":0,"attachmentStep":false,"stepsCount":0,"hasContent":true},{"name":"Verifying element is enabled: Continue Button After Selecting Self-Employed","time":{"start":1752724144556,"stop":1752724144557,"duration":1},"status":"passed","steps":[],"attachments":[],"parameters":[{"name":"locator","value":"Locator@//*[@type=\"button\"]"},{"name":"elementName","value":"Continue Button After Selecting Self-Employed"}],"shouldDisplayMessage":false,"attachmentsCount":0,"attachmentStep":false,"stepsCount":0,"hasContent":true},{"name":"Verifying element is visible: {elementName}","time":{"start":1752724150375,"stop":1752724155433,"duration":5058},"status":"failed","statusMessage":"Skip Button on Business Detail Page is not visible.","statusTrace":"java.lang.AssertionError: Skip Button on Business Detail Page is not visible.\n\tat utils.AssertionUtils.assertElementVisible(AssertionUtils.java:28)\n\tat TestUtils.LoanJourneyFlow.SKIPAA(LoanJourneyFlow.java:443)\n\tat TestUtils.LoanJourneyFlow.reachTakeASelfieAfterBankDetails(LoanJourneyFlow.java:838)\n\tat SanityTest.LoanJourneySanityTest.testFullLoanJourneySanity(LoanJourneySanityTest.java:34)\n\tat java.base/jdk.internal.reflect.DirectMethodHandleAccessor.invoke(DirectMethodHandleAccessor.java:103)\n\tat java.base/java.lang.reflect.Method.invoke(Method.java:580)\n\tat org.testng.internal.invokers.MethodInvocationHelper.invokeMethod(MethodInvocationHelper.java:141)\n\tat org.testng.internal.invokers.TestInvoker.invokeMethod(TestInvoker.java:687)\n\tat org.testng.internal.invokers.TestInvoker.invokeTestMethod(TestInvoker.java:230)\n\tat org.testng.internal.invokers.MethodRunner.runInSequence(MethodRunner.java:63)\n\tat org.testng.internal.invokers.TestInvoker$MethodInvocationAgent.invoke(TestInvoker.java:995)\n\tat org.testng.internal.invokers.TestInvoker.invokeTestMethods(TestInvoker.java:203)\n\tat org.testng.internal.invokers.TestMethodWorker.invokeTestMethods(TestMethodWorker.java:154)\n\tat org.testng.internal.invokers.TestMethodWorker.run(TestMethodWorker.java:134)\n\tat java.base/java.util.ArrayList.forEach(ArrayList.java:1597)\n\tat org.testng.TestRunner.privateRun(TestRunner.java:741)\n\tat org.testng.TestRunner.run(TestRunner.java:616)\n\tat org.testng.SuiteRunner.runTest(SuiteRunner.java:421)\n\tat org.testng.SuiteRunner.runSequentially(SuiteRunner.java:413)\n\tat org.testng.SuiteRunner.privateRun(SuiteRunner.java:373)\n\tat org.testng.SuiteRunner.run(SuiteRunner.java:312)\n\tat org.testng.SuiteRunnerWorker.runSuite(SuiteRunnerWorker.java:52)\n\tat org.testng.SuiteRunnerWorker.run(SuiteRunnerWorker.java:95)\n\tat org.testng.TestNG.runSuitesSequentially(TestNG.java:1274)\n\tat org.testng.TestNG.runSuitesLocally(TestNG.java:1208)\n\tat org.testng.TestNG.runSuites(TestNG.java:1112)\n\tat org.testng.TestNG.run(TestNG.java:1079)\n\tat org.apache.maven.surefire.testng.TestNGExecutor.run(TestNGExecutor.java:308)\n\tat org.apache.maven.surefire.testng.TestNGXmlTestSuite.execute(TestNGXmlTestSuite.java:71)\n\tat org.apache.maven.surefire.testng.TestNGProvider.invoke(TestNGProvider.java:113)\n\tat org.apache.maven.surefire.booter.ForkedBooter.runSuitesInProcess(ForkedBooter.java:385)\n\tat org.apache.maven.surefire.booter.ForkedBooter.execute(ForkedBooter.java:162)\n\tat org.apache.maven.surefire.booter.ForkedBooter.run(ForkedBooter.java:507)\n\tat org.apache.maven.surefire.booter.ForkedBooter.main(ForkedBooter.java:495)\nCaused by: com.microsoft.playwright.TimeoutError: Error {\n  message='Timeout 5000ms exceeded.\n  name='TimeoutError\n  stack='TimeoutError: Timeout 5000ms exceeded.\n    at ProgressController.run (/private/var/folders/w6/57mby7d92xgbc8_lq6xsrrw00000gp/T/playwright-java-14751433515037935560/package/lib/server/progress.js:76:26)\n    at Frame.waitForSelector (/private/var/folders/w6/57mby7d92xgbc8_lq6xsrrw00000gp/T/playwright-java-14751433515037935560/package/lib/server/frames.js:647:23)\n    at FrameDispatcher.waitForSelector (/private/var/folders/w6/57mby7d92xgbc8_lq6xsrrw00000gp/T/playwright-java-14751433515037935560/package/lib/server/dispatchers/frameDispatcher.js:82:116)\n    at FrameDispatcher._handleCommand (/private/var/folders/w6/57mby7d92xgbc8_lq6xsrrw00000gp/T/playwright-java-14751433515037935560/package/lib/server/dispatchers/dispatcher.js:94:40)\n    at DispatcherConnection.dispatch (/private/var/folders/w6/57mby7d92xgbc8_lq6xsrrw00000gp/T/playwright-java-14751433515037935560/package/lib/server/dispatchers/dispatcher.js:307:39)\n}\nCall log:\n-   - waiting for locator(\"//*[contains(text(),'Skip')]\") to be visible\n\n\tat com.microsoft.playwright.impl.WaitableResult.get(WaitableResult.java:52)\n\tat com.microsoft.playwright.impl.ChannelOwner.runUntil(ChannelOwner.java:132)\n\tat com.microsoft.playwright.impl.Connection.sendMessage(Connection.java:130)\n\tat com.microsoft.playwright.impl.ChannelOwner.sendMessage(ChannelOwner.java:118)\n\tat com.microsoft.playwright.impl.FrameImpl.waitForSelectorImpl(FrameImpl.java:1060)\n\tat com.microsoft.playwright.impl.LocatorImpl.lambda$waitForImpl$8(LocatorImpl.java:634)\n\tat com.microsoft.playwright.impl.LoggingSupport.withLogging(LoggingSupport.java:47)\n\tat com.microsoft.playwright.impl.ChannelOwner.withLogging(ChannelOwner.java:97)\n\tat com.microsoft.playwright.impl.LocatorImpl.waitForImpl(LocatorImpl.java:634)\n\tat com.microsoft.playwright.impl.LocatorImpl.waitFor(LocatorImpl.java:630)\n\tat utils.AssertionUtils.assertElementVisible(AssertionUtils.java:22)\n\t... 33 more\nCaused by: com.microsoft.playwright.TimeoutError: Error {\n  message='Timeout 5000ms exceeded.\n  name='TimeoutError\n  stack='TimeoutError: Timeout 5000ms exceeded.\n    at ProgressController.run (/private/var/folders/w6/57mby7d92xgbc8_lq6xsrrw00000gp/T/playwright-java-14751433515037935560/package/lib/server/progress.js:76:26)\n    at Frame.waitForSelector (/private/var/folders/w6/57mby7d92xgbc8_lq6xsrrw00000gp/T/playwright-java-14751433515037935560/package/lib/server/frames.js:647:23)\n    at FrameDispatcher.waitForSelector (/private/var/folders/w6/57mby7d92xgbc8_lq6xsrrw00000gp/T/playwright-java-14751433515037935560/package/lib/server/dispatchers/frameDispatcher.js:82:116)\n    at FrameDispatcher._handleCommand (/private/var/folders/w6/57mby7d92xgbc8_lq6xsrrw00000gp/T/playwright-java-14751433515037935560/package/lib/server/dispatchers/dispatcher.js:94:40)\n    at DispatcherConnection.dispatch (/private/var/folders/w6/57mby7d92xgbc8_lq6xsrrw00000gp/T/playwright-java-14751433515037935560/package/lib/server/dispatchers/dispatcher.js:307:39)\n}\nCall log:\n-   - waiting for locator(\"//*[contains(text(),'Skip')]\") to be visible\n\n\tat com.microsoft.playwright.impl.Connection.dispatch(Connection.java:254)\n\tat com.microsoft.playwright.impl.Connection.processOneMessage(Connection.java:211)\n\tat com.microsoft.playwright.impl.ChannelOwner.runUntil(ChannelOwner.java:130)\n\t... 42 more\n","steps":[],"attachments":[],"parameters":[{"name":"locator","value":"Locator@//*[contains(text(),'Skip')]"},{"name":"name","value":"Skip Button on Business Detail Page"}],"shouldDisplayMessage":true,"attachmentsCount":0,"attachmentStep":false,"stepsCount":0,"hasContent":true}],"attachments":[{"uid":"6b282389b7965e07","name":"UI Error Message","source":"6b282389b7965e07.txt","type":"text/plain","size":46},{"uid":"14669aad4b1368fc","name":"OTP Modal Screenshot","source":"14669aad4b1368fc.png","type":"image/png","size":31571},{"uid":"cfd0c625b314512b","name":"Retry Info","source":"cfd0c625b314512b.txt","type":"text/plain","size":56}],"parameters":[],"shouldDisplayMessage":false,"attachmentsCount":3,"attachmentStep":false,"stepsCount":10,"hasContent":true},"afterStages":[{"name":"tearDownDatabase","time":{"start":1752724155444,"stop":1752724155453,"duration":9},"description":"","status":"passed","steps":[],"attachments":[],"parameters":[],"shouldDisplayMessage":false,"attachmentsCount":0,"attachmentStep":false,"stepsCount":0,"hasContent":false},{"name":"tearDown","time":{"start":1752724155454,"stop":1752724155680,"duration":226},"description":"","status":"passed","steps":[],"attachments":[{"uid":"2c470d8cf88866c3","name":"All Failed APIs","source":"2c470d8cf88866c3.txt","type":"text/plain","size":3091}],"parameters":[],"shouldDisplayMessage":false,"attachmentsCount":1,"attachmentStep":false,"stepsCount":0,"hasContent":true}],"labels":[{"name":"package","value":"SanityTest.LoanJourneySanityTest"},{"name":"testClass","value":"SanityTest.LoanJourneySanityTest"},{"name":"testMethod","value":"testFullLoanJourneySanity"},{"name":"parentSuite","value":"Single Test Suite"},{"name":"suite","value":"Single Test"},{"name":"subSuite","value":"SanityTest.LoanJourneySanityTest"},{"name":"host","value":"MacBook-Pro.local"},{"name":"thread","value":"99531@MacBook-Pro.local.main(1)"},{"name":"framework","value":"testng"},{"name":"language","value":"java"},{"name":"resultFormat","value":"allure2"}],"parameters":[],"links":[],"hidden":true,"retry":true,"extra":{"categories":[],"tags":[]},"source":"db58e64ece59c868.json","parameterValues":[]}