{"uid":"e2750208019bfdec","name":"Test failure screenshot capture","fullName":"testFailureScreenshot (General)","historyId":"dc4f0cae7ba91d726847be2ae728a1dd","time":{"start":1752202699286,"stop":1752202699743,"duration":457},"status":"failed","statusMessage":"Intentional failure to test screenshot capture","statusTrace":"java.lang.AssertionError: Intentional failure to test screenshot capture\n\tat org.testng.Assert.fail(Assert.java:111)\n\tat testClassPool.ScreenshotTest.testFailureScreenshot(ScreenshotTest.java:47)\n\tat java.base/jdk.internal.reflect.DirectMethodHandleAccessor.invoke(DirectMethodHandleAccessor.java:103)\n\tat java.base/java.lang.reflect.Method.invoke(Method.java:580)\n\tat org.testng.internal.invokers.MethodInvocationHelper.invokeMethod(MethodInvocationHelper.java:141)\n\tat org.testng.internal.invokers.TestInvoker.invokeMethod(TestInvoker.java:687)\n\tat org.testng.internal.invokers.TestInvoker.invokeTestMethod(TestInvoker.java:230)\n\tat org.testng.internal.invokers.MethodRunner.runInSequence(MethodRunner.java:63)\n\tat org.testng.internal.invokers.TestInvoker$MethodInvocationAgent.invoke(TestInvoker.java:995)\n\tat org.testng.internal.invokers.TestInvoker.invokeTestMethods(TestInvoker.java:203)\n\tat org.testng.internal.invokers.TestMethodWorker.invokeTestMethods(TestMethodWorker.java:154)\n\tat org.testng.internal.invokers.TestMethodWorker.run(TestMethodWorker.java:134)\n\tat java.base/java.util.concurrent.Executors$RunnableAdapter.call(Executors.java:572)\n\tat java.base/java.util.concurrent.FutureTask.run(FutureTask.java:317)\n\tat org.testng.internal.thread.graph.TestNGFutureTask.run(TestNGFutureTask.java:22)\n\tat java.base/java.util.concurrent.ThreadPoolExecutor.runWorker(ThreadPoolExecutor.java:1144)\n\tat java.base/java.util.concurrent.ThreadPoolExecutor$Worker.run(ThreadPoolExecutor.java:642)\n\tat java.base/java.lang.Thread.run(Thread.java:1575)\n","flaky":false,"newFailed":false,"newBroken":false,"newPassed":false,"retriesCount":0,"retriesStatusChange":false,"beforeStages":[{"name":"setUp","time":{"start":1752202696885,"stop":1752202699231,"duration":2346},"description":"","status":"passed","steps":[],"attachments":[],"parameters":[],"shouldDisplayMessage":false,"stepsCount":0,"attachmentsCount":0,"hasContent":false}],"testStage":{"status":"failed","statusMessage":"Intentional failure to test screenshot capture","statusTrace":"java.lang.AssertionError: Intentional failure to test screenshot capture\n\tat org.testng.Assert.fail(Assert.java:111)\n\tat testClassPool.ScreenshotTest.testFailureScreenshot(ScreenshotTest.java:47)\n\tat java.base/jdk.internal.reflect.DirectMethodHandleAccessor.invoke(DirectMethodHandleAccessor.java:103)\n\tat java.base/java.lang.reflect.Method.invoke(Method.java:580)\n\tat org.testng.internal.invokers.MethodInvocationHelper.invokeMethod(MethodInvocationHelper.java:141)\n\tat org.testng.internal.invokers.TestInvoker.invokeMethod(TestInvoker.java:687)\n\tat org.testng.internal.invokers.TestInvoker.invokeTestMethod(TestInvoker.java:230)\n\tat org.testng.internal.invokers.MethodRunner.runInSequence(MethodRunner.java:63)\n\tat org.testng.internal.invokers.TestInvoker$MethodInvocationAgent.invoke(TestInvoker.java:995)\n\tat org.testng.internal.invokers.TestInvoker.invokeTestMethods(TestInvoker.java:203)\n\tat org.testng.internal.invokers.TestMethodWorker.invokeTestMethods(TestMethodWorker.java:154)\n\tat org.testng.internal.invokers.TestMethodWorker.run(TestMethodWorker.java:134)\n\tat java.base/java.util.concurrent.Executors$RunnableAdapter.call(Executors.java:572)\n\tat java.base/java.util.concurrent.FutureTask.run(FutureTask.java:317)\n\tat org.testng.internal.thread.graph.TestNGFutureTask.run(TestNGFutureTask.java:22)\n\tat java.base/java.util.concurrent.ThreadPoolExecutor.runWorker(ThreadPoolExecutor.java:1144)\n\tat java.base/java.util.concurrent.ThreadPoolExecutor$Worker.run(ThreadPoolExecutor.java:642)\n\tat java.base/java.lang.Thread.run(Thread.java:1575)\n","steps":[{"name":"Add Environment Info","time":{"start":1752202699302,"stop":1752202699303,"duration":1},"status":"passed","steps":[],"attachments":[{"uid":"a734823e4f086853","name":"Platform","source":"a734823e4f086853.txt","type":"text/plain","size":8},{"uid":"467edbbb87182679","name":"Test Framework","source":"467edbbb87182679.txt","type":"text/plain","size":6},{"uid":"91ed8584c48e6a33","name":"Java Version","source":"91ed8584c48e6a33.txt","type":"text/plain","size":6},{"uid":"cddafa70d119f8f2","name":"Browser","source":"cddafa70d119f8f2.txt","type":"text/plain","size":6},{"uid":"ef130c689c80d644","name":"Automation Tool","source":"ef130c689c80d644.txt","type":"text/plain","size":10}],"parameters":[],"shouldDisplayMessage":false,"stepsCount":0,"attachmentsCount":5,"hasContent":true},{"name":"Add Test Metrics","time":{"start":1752202699741,"stop":1752202699742,"duration":1},"status":"passed","steps":[],"attachments":[{"uid":"7d2b99cef34d53b4","name":"Test Duration","source":"7d2b99cef34d53b4.txt","type":"text/plain","size":16},{"uid":"1ba50ddd350d14ca","name":"Test Status","source":"1ba50ddd350d14ca.txt","type":"text/plain","size":6}],"parameters":[{"name":"testName","value":"testFailureScreenshot"},{"name":"status","value":"FAILED"},{"name":"duration","value":"453"}],"shouldDisplayMessage":false,"stepsCount":0,"attachmentsCount":2,"hasContent":true},{"name":"Add Trend Data","time":{"start":1752202699742,"stop":1752202699742,"duration":0},"status":"passed","steps":[],"attachments":[],"parameters":[{"name":"testName","value":"testFailureScreenshot"},{"name":"status","value":"FAILED"},{"name":"duration","value":"453"}],"shouldDisplayMessage":false,"stepsCount":0,"attachmentsCount":0,"hasContent":true},{"name":"Add Failure Details","time":{"start":1752202699742,"stop":1752202699742,"duration":0},"status":"passed","steps":[],"attachments":[{"uid":"3838490a0183a693","name":"Error Stack Trace","source":"3838490a0183a693.txt","type":"text/plain","size":1407},{"uid":"ad05c5a1c58027fd","name":"Error Message","source":"ad05c5a1c58027fd.txt","type":"text/plain","size":46}],"parameters":[{"name":"result","value":"[TestResult name=testFailureScreenshot status=FAILURE method=ScreenshotTest.testFailureScreenshot()[pri:0, instance:testClassPool.ScreenshotTest@337bbfdf] output=[2025-07-11 08:28:19] STARTED - testFailureScreenshot: Test execution started]"}],"shouldDisplayMessage":false,"stepsCount":0,"attachmentsCount":2,"hasContent":true}],"attachments":[],"parameters":[],"shouldDisplayMessage":true,"stepsCount":4,"attachmentsCount":9,"hasContent":true},"afterStages":[{"name":"tearDown","time":{"start":1752202699749,"stop":1752202699849,"duration":100},"description":"","status":"passed","steps":[],"attachments":[],"parameters":[],"shouldDisplayMessage":false,"stepsCount":0,"attachmentsCount":0,"hasContent":false}],"labels":[{"name":"package","value":"testClassPool.ScreenshotTest"},{"name":"testClass","value":"testClassPool.ScreenshotTest"},{"name":"testMethod","value":"testFailureScreenshot"},{"name":"parentSuite","value":"Stashfin Web Automation Suite"},{"name":"suite","value":"Stashfin Web Test Run"},{"name":"subSuite","value":"testClassPool.ScreenshotTest"},{"name":"host","value":"MacBook-Pro.local"},{"name":"thread","value":"32402@MacBook-Pro.local.TestNG-test-Stashfin Web Test Run-1(49)"},{"name":"framework","value":"testng"},{"name":"language","value":"java"},{"name":"resultFormat","value":"allure2"}],"parameters":[],"links":[],"hidden":false,"retry":false,"extra":{"severity":"normal","retries":[],"categories":[{"name":"Product defects","matchedStatuses":[],"flaky":false}],"tags":[]},"source":"e2750208019bfdec.json","parameterValues":[]}