{"uid":"f0061300ff3715b0","name":"TC02_verifyContinueButtonIsDisabledInitially","fullName":"TC02_verifyContinueButtonIsDisabledInitially (General)","historyId":"43bd2836292f1deb76432f6b5fdc9b32","time":{"start":1751959090427,"stop":1751959090451,"duration":24},"status":"failed","statusMessage":"Continue Button Initially is unexpectedly enabled. expected [false] but found [true]","statusTrace":"java.lang.AssertionError: Continue Button Initially is unexpectedly enabled. expected [false] but found [true]\n\tat org.testng.Assert.fail(Assert.java:111)\n\tat org.testng.Assert.failNotEquals(Assert.java:1590)\n\tat org.testng.Assert.assertFalse(Assert.java:79)\n\tat utils.AssertionUtils.assertElementDisabled(AssertionUtils.java:65)\n\tat testClassPool.ShareBankStatementTest.TC02_verifyContinueButtonIsDisabledInitially(ShareBankStatementTest.java:54)\n\tat java.base/jdk.internal.reflect.NativeMethodAccessorImpl.invoke0(Native Method)\n\tat java.base/jdk.internal.reflect.NativeMethodAccessorImpl.invoke(NativeMethodAccessorImpl.java:77)\n\tat java.base/jdk.internal.reflect.DelegatingMethodAccessorImpl.invoke(DelegatingMethodAccessorImpl.java:43)\n\tat java.base/java.lang.reflect.Method.invoke(Method.java:568)\n\tat org.testng.internal.invokers.MethodInvocationHelper.invokeMethod(MethodInvocationHelper.java:141)\n\tat org.testng.internal.invokers.TestInvoker.invokeMethod(TestInvoker.java:687)\n\tat org.testng.internal.invokers.TestInvoker.invokeTestMethod(TestInvoker.java:230)\n\tat org.testng.internal.invokers.MethodRunner.runInSequence(MethodRunner.java:63)\n\tat org.testng.internal.invokers.TestInvoker$MethodInvocationAgent.invoke(TestInvoker.java:995)\n\tat org.testng.internal.invokers.TestInvoker.invokeTestMethods(TestInvoker.java:203)\n\tat org.testng.internal.invokers.TestMethodWorker.invokeTestMethods(TestMethodWorker.java:154)\n\tat org.testng.internal.invokers.TestMethodWorker.run(TestMethodWorker.java:134)\n\tat java.base/java.util.concurrent.Executors$RunnableAdapter.call(Executors.java:539)\n\tat java.base/java.util.concurrent.FutureTask.run(FutureTask.java:264)\n\tat org.testng.internal.thread.graph.TestNGFutureTask.run(TestNGFutureTask.java:22)\n\tat java.base/java.util.concurrent.ThreadPoolExecutor.runWorker(ThreadPoolExecutor.java:1136)\n\tat java.base/java.util.concurrent.ThreadPoolExecutor$Worker.run(ThreadPoolExecutor.java:635)\n\tat java.base/java.lang.Thread.run(Thread.java:833)\n","flaky":false,"newFailed":false,"newBroken":false,"newPassed":false,"retriesCount":9,"retriesStatusChange":true,"beforeStages":[{"name":"setUp","time":{"start":1751959070974,"stop":1751959073946,"duration":2972},"description":"","status":"passed","steps":[],"attachments":[],"parameters":[],"shouldDisplayMessage":false,"stepsCount":0,"attachmentsCount":0,"hasContent":false,"attachmentStep":false},{"name":"setUP","time":{"start":1751959073947,"stop":1751959090421,"duration":16474},"description":"","status":"passed","steps":[{"name":"Entering mobile number: 8778073057","time":{"start":1751959074492,"stop":1751959075631,"duration":1139},"status":"passed","steps":[],"attachments":[],"parameters":[{"name":"mobileNumber","value":"8778073057"}],"shouldDisplayMessage":false,"stepsCount":0,"attachmentsCount":0,"hasContent":true,"attachmentStep":false},{"name":"Verifying element is visible: {elementName}","time":{"start":1751959088352,"stop":1751959088356,"duration":4},"status":"passed","steps":[],"attachments":[],"parameters":[{"name":"locator","value":"Locator@//*[text()='Approved!']"},{"name":"name","value":"Approved! text"}],"shouldDisplayMessage":false,"stepsCount":0,"attachmentsCount":0,"hasContent":true,"attachmentStep":false},{"name":"Verifying element text is: Approved!","time":{"start":1751959088357,"stop":1751959088359,"duration":2},"status":"passed","steps":[],"attachments":[],"parameters":[{"name":"locator","value":"Locator@//*[text()='Approved!']"},{"name":"expected","value":"Approved!"},{"name":"elementName","value":"Approved Text"}],"shouldDisplayMessage":false,"stepsCount":0,"attachmentsCount":0,"hasContent":true,"attachmentStep":false},{"name":"Verifying element is visible: {elementName}","time":{"start":1751959088359,"stop":1751959088363,"duration":4},"status":"passed","steps":[],"attachments":[],"parameters":[{"name":"locator","value":"Locator@//*[text()='You are eligible for a Personal Loan up to']"},{"name":"name","value":"Approved subtitle"}],"shouldDisplayMessage":false,"stepsCount":0,"attachmentsCount":0,"hasContent":true,"attachmentStep":false},{"name":"Verifying element text is: You are eligible for a Personal Loan up to","time":{"start":1751959088363,"stop":1751959088365,"duration":2},"status":"passed","steps":[],"attachments":[],"parameters":[{"name":"locator","value":"Locator@//*[text()='You are eligible for a Personal Loan up to']"},{"name":"expected","value":"You are eligible for a Personal Loan up to"},{"name":"elementName","value":"Sub Title Text"}],"shouldDisplayMessage":false,"stepsCount":0,"attachmentsCount":0,"hasContent":true,"attachmentStep":false},{"name":"Verifying element is visible: {elementName}","time":{"start":1751959088365,"stop":1751959088371,"duration":6},"status":"passed","steps":[],"attachments":[],"parameters":[{"name":"locator","value":"Locator@//*[@class='amount']/span[2]"},{"name":"name","value":"Approved Amount"}],"shouldDisplayMessage":false,"stepsCount":0,"attachmentsCount":0,"hasContent":true,"attachmentStep":false},{"name":"Verifying element is visible: {elementName}","time":{"start":1751959088371,"stop":1751959088374,"duration":3},"status":"passed","steps":[],"attachments":[],"parameters":[{"name":"locator","value":"Locator@//*[text()='Continue']"},{"name":"name","value":"Continue Button"}],"shouldDisplayMessage":false,"stepsCount":0,"attachmentsCount":0,"hasContent":true,"attachmentStep":false},{"name":"Verifying element is enabled: Continue Button","time":{"start":1751959088375,"stop":1751959088377,"duration":2},"status":"passed","steps":[],"attachments":[],"parameters":[{"name":"locator","value":"Locator@//*[text()='Continue']"},{"name":"elementName","value":"Continue Button"}],"shouldDisplayMessage":false,"stepsCount":0,"attachmentsCount":0,"hasContent":true,"attachmentStep":false}],"attachments":[{"uid":"db88ce48dc99fe06","name":"UI Error Message","source":"db88ce48dc99fe06.txt","type":"text/plain","size":46},{"uid":"5782a4aa15150cc6","name":"Modal Screenshot","source":"5782a4aa15150cc6.png","type":"image/png","size":42814},{"uid":"b0c0e9879d825847","name":"Retry Info","source":"b0c0e9879d825847.txt","type":"text/plain","size":51}],"parameters":[],"shouldDisplayMessage":false,"stepsCount":8,"attachmentsCount":3,"hasContent":true,"attachmentStep":false}],"testStage":{"status":"failed","statusMessage":"Continue Button Initially is unexpectedly enabled. expected [false] but found [true]","statusTrace":"java.lang.AssertionError: Continue Button Initially is unexpectedly enabled. expected [false] but found [true]\n\tat org.testng.Assert.fail(Assert.java:111)\n\tat org.testng.Assert.failNotEquals(Assert.java:1590)\n\tat org.testng.Assert.assertFalse(Assert.java:79)\n\tat utils.AssertionUtils.assertElementDisabled(AssertionUtils.java:65)\n\tat testClassPool.ShareBankStatementTest.TC02_verifyContinueButtonIsDisabledInitially(ShareBankStatementTest.java:54)\n\tat java.base/jdk.internal.reflect.NativeMethodAccessorImpl.invoke0(Native Method)\n\tat java.base/jdk.internal.reflect.NativeMethodAccessorImpl.invoke(NativeMethodAccessorImpl.java:77)\n\tat java.base/jdk.internal.reflect.DelegatingMethodAccessorImpl.invoke(DelegatingMethodAccessorImpl.java:43)\n\tat java.base/java.lang.reflect.Method.invoke(Method.java:568)\n\tat org.testng.internal.invokers.MethodInvocationHelper.invokeMethod(MethodInvocationHelper.java:141)\n\tat org.testng.internal.invokers.TestInvoker.invokeMethod(TestInvoker.java:687)\n\tat org.testng.internal.invokers.TestInvoker.invokeTestMethod(TestInvoker.java:230)\n\tat org.testng.internal.invokers.MethodRunner.runInSequence(MethodRunner.java:63)\n\tat org.testng.internal.invokers.TestInvoker$MethodInvocationAgent.invoke(TestInvoker.java:995)\n\tat org.testng.internal.invokers.TestInvoker.invokeTestMethods(TestInvoker.java:203)\n\tat org.testng.internal.invokers.TestMethodWorker.invokeTestMethods(TestMethodWorker.java:154)\n\tat org.testng.internal.invokers.TestMethodWorker.run(TestMethodWorker.java:134)\n\tat java.base/java.util.concurrent.Executors$RunnableAdapter.call(Executors.java:539)\n\tat java.base/java.util.concurrent.FutureTask.run(FutureTask.java:264)\n\tat org.testng.internal.thread.graph.TestNGFutureTask.run(TestNGFutureTask.java:22)\n\tat java.base/java.util.concurrent.ThreadPoolExecutor.runWorker(ThreadPoolExecutor.java:1136)\n\tat java.base/java.util.concurrent.ThreadPoolExecutor$Worker.run(ThreadPoolExecutor.java:635)\n\tat java.base/java.lang.Thread.run(Thread.java:833)\n","steps":[{"name":"Add Environment Info","time":{"start":1751959090427,"stop":1751959090431,"duration":4},"status":"passed","steps":[],"attachments":[{"uid":"702cc6a0363b81c9","name":"Platform","source":"702cc6a0363b81c9.txt","type":"text/plain","size":5},{"uid":"b1003008b7ed0c47","name":"Test Framework","source":"b1003008b7ed0c47.txt","type":"text/plain","size":6},{"uid":"76d85e14c0ae84e7","name":"Java Version","source":"76d85e14c0ae84e7.txt","type":"text/plain","size":6},{"uid":"470e36767712efdf","name":"Browser","source":"470e36767712efdf.txt","type":"text/plain","size":6},{"uid":"c06304991949108","name":"Automation Tool","source":"c06304991949108.txt","type":"text/plain","size":10}],"parameters":[],"shouldDisplayMessage":false,"stepsCount":0,"attachmentsCount":5,"hasContent":true,"attachmentStep":false},{"name":"Verifying element is disabled: Continue Button Initially","time":{"start":1751959090431,"stop":1751959090444,"duration":13},"status":"failed","statusMessage":"Continue Button Initially is unexpectedly enabled. expected [false] but found [true]","statusTrace":"java.lang.AssertionError: Continue Button Initially is unexpectedly enabled. expected [false] but found [true]\n\tat org.testng.Assert.fail(Assert.java:111)\n\tat org.testng.Assert.failNotEquals(Assert.java:1590)\n\tat org.testng.Assert.assertFalse(Assert.java:79)\n\tat utils.AssertionUtils.assertElementDisabled(AssertionUtils.java:65)\n\tat testClassPool.ShareBankStatementTest.TC02_verifyContinueButtonIsDisabledInitially(ShareBankStatementTest.java:54)\n\tat java.base/jdk.internal.reflect.NativeMethodAccessorImpl.invoke0(Native Method)\n\tat java.base/jdk.internal.reflect.NativeMethodAccessorImpl.invoke(NativeMethodAccessorImpl.java:77)\n\tat java.base/jdk.internal.reflect.DelegatingMethodAccessorImpl.invoke(DelegatingMethodAccessorImpl.java:43)\n\tat java.base/java.lang.reflect.Method.invoke(Method.java:568)\n\tat org.testng.internal.invokers.MethodInvocationHelper.invokeMethod(MethodInvocationHelper.java:141)\n\tat org.testng.internal.invokers.TestInvoker.invokeMethod(TestInvoker.java:687)\n\tat org.testng.internal.invokers.TestInvoker.invokeTestMethod(TestInvoker.java:230)\n\tat org.testng.internal.invokers.MethodRunner.runInSequence(MethodRunner.java:63)\n\tat org.testng.internal.invokers.TestInvoker$MethodInvocationAgent.invoke(TestInvoker.java:995)\n\tat org.testng.internal.invokers.TestInvoker.invokeTestMethods(TestInvoker.java:203)\n\tat org.testng.internal.invokers.TestMethodWorker.invokeTestMethods(TestMethodWorker.java:154)\n\tat org.testng.internal.invokers.TestMethodWorker.run(TestMethodWorker.java:134)\n\tat java.base/java.util.concurrent.Executors$RunnableAdapter.call(Executors.java:539)\n\tat java.base/java.util.concurrent.FutureTask.run(FutureTask.java:264)\n\tat org.testng.internal.thread.graph.TestNGFutureTask.run(TestNGFutureTask.java:22)\n\tat java.base/java.util.concurrent.ThreadPoolExecutor.runWorker(ThreadPoolExecutor.java:1136)\n\tat java.base/java.util.concurrent.ThreadPoolExecutor$Worker.run(ThreadPoolExecutor.java:635)\n\tat java.base/java.lang.Thread.run(Thread.java:833)\n","steps":[],"attachments":[],"parameters":[{"name":"locator","value":"Locator@//*[@type=\"button\"]"},{"name":"elementName","value":"Continue Button Initially"}],"shouldDisplayMessage":true,"stepsCount":0,"attachmentsCount":0,"hasContent":true,"attachmentStep":false},{"name":"Add Test Metrics","time":{"start":1751959090445,"stop":1751959090448,"duration":3},"status":"passed","steps":[],"attachments":[{"uid":"e90497d989d952f3","name":"Test Duration","source":"e90497d989d952f3.txt","type":"text/plain","size":15},{"uid":"1418d0b7a221726c","name":"Test Status","source":"1418d0b7a221726c.txt","type":"text/plain","size":6}],"parameters":[{"name":"testName","value":"TC02_verifyContinueButtonIsDisabledInitially"},{"name":"status","value":"FAILED"},{"name":"duration","value":"18"}],"shouldDisplayMessage":false,"stepsCount":0,"attachmentsCount":2,"hasContent":true,"attachmentStep":false},{"name":"Add Trend Data","time":{"start":1751959090448,"stop":1751959090449,"duration":1},"status":"passed","steps":[],"attachments":[],"parameters":[{"name":"testName","value":"TC02_verifyContinueButtonIsDisabledInitially"},{"name":"status","value":"FAILED"},{"name":"duration","value":"18"}],"shouldDisplayMessage":false,"stepsCount":0,"attachmentsCount":0,"hasContent":true,"attachmentStep":false},{"name":"Add Failure Details","time":{"start":1751959090450,"stop":1751959090451,"duration":1},"status":"passed","steps":[],"attachments":[{"uid":"833abbc869af6f68","name":"Error Stack Trace","source":"833abbc869af6f68.txt","type":"text/plain","size":1787},{"uid":"9d6d71dde042375f","name":"Error Message","source":"9d6d71dde042375f.txt","type":"text/plain","size":84}],"parameters":[{"name":"result","value":"[TestResult name=TC02_verifyContinueButtonIsDisabledInitially status=FAILURE method=ShareBankStatementTest.TC02_verifyContinueButtonIsDisabledInitially()[pri:0, instance:testClassPool.ShareBankStatementTest@290d10ef] output=[2025-07-08 07:18:10] STARTED - TC02_verifyContinueButtonIsDisabledInitially: Test execution started]"}],"shouldDisplayMessage":false,"stepsCount":0,"attachmentsCount":2,"hasContent":true,"attachmentStep":false}],"attachments":[],"parameters":[],"shouldDisplayMessage":false,"stepsCount":5,"attachmentsCount":9,"hasContent":true,"attachmentStep":false},"afterStages":[{"name":"tearDown","time":{"start":1751959090454,"stop":1751959090636,"duration":182},"description":"","status":"passed","steps":[],"attachments":[{"uid":"8e3c49759988d936","name":"All Failed APIs","source":"8e3c49759988d936.txt","type":"text/plain","size":607}],"parameters":[],"shouldDisplayMessage":false,"stepsCount":0,"attachmentsCount":1,"hasContent":true,"attachmentStep":false}],"labels":[{"name":"package","value":"testClassPool.ShareBankStatementTest"},{"name":"testClass","value":"testClassPool.ShareBankStatementTest"},{"name":"testMethod","value":"TC02_verifyContinueButtonIsDisabledInitially"},{"name":"parentSuite","value":"Stashfin Web Automation Suite"},{"name":"suite","value":"Stashfin Web Test Run"},{"name":"subSuite","value":"testClassPool.ShareBankStatementTest"},{"name":"host","value":"10b4e3d84cb0"},{"name":"thread","value":"271@10b4e3d84cb0.TestNG-test-Stashfin Web Test Run-1(31)"},{"name":"framework","value":"testng"},{"name":"language","value":"java"},{"name":"resultFormat","value":"allure2"}],"parameters":[],"links":[],"hidden":false,"retry":false,"extra":{"severity":"normal","retries":[{"uid":"f6466c77f586458b","status":"failed","statusDetails":"Continue Button Initially is unexpectedly enabled. expected [false] but found [true]","time":{"start":1751910921700,"stop":1751910921717,"duration":17}},{"uid":"7bc4272d1ef14781","status":"skipped","statusDetails":"Error {\n  message='\n╔═════════════════════════════════════════════════════════════════════════════════════════════════╗\n║ Host system is missing dependencies to run browsers.                                            ║\n║ Please install them with the following command:                                                 ║\n║                                                                                                 ║\n║     mvn exec:java -e -D exec.mainClass=com.microsoft.playwright.CLI -D exec.args=\"install-deps\" ║\n║                                                                                                 ║\n║ Alternatively, use apt:                                                                         ║\n║     apt-get install libgbm1                                                                     ║\n║                                                                                                 ║\n║ <3 Playwright Team                                                                              ║\n╚═════════════════════════════════════════════════════════════════════════════════════════════════╝\n  name='Error\n  stack='Error: \n╔═════════════════════════════════════════════════════════════════════════════════════════════════╗\n║ Host system is missing dependencies to run browsers.                                            ║\n║ Please install them with the following command:                                                 ║\n║                                                                                                 ║\n║     mvn exec:java -e -D exec.mainClass=com.microsoft.playwright.CLI -D exec.args=\"install-deps\" ║\n║                                                                                                 ║\n║ Alternatively, use apt:                                                                         ║\n║     apt-get install libgbm1                                                                     ║\n║                                                                                                 ║\n║ <3 Playwright Team                                                                              ║\n╚═════════════════════════════════════════════════════════════════════════════════════════════════╝\n    at validateDependenciesLinux (/tmp/playwright-java-15254842763600266869/package/lib/server/registry/dependencies.js:269:9)\n    at async Registry._validateHostRequirements (/tmp/playwright-java-15254842763600266869/package/lib/server/registry/index.js:927:14)\n    at async Registry._validateHostRequirementsForExecutableIfNeeded (/tmp/playwright-java-15254842763600266869/package/lib/server/registry/index.js:1047:7)\n    at async Registry.validateHostRequirementsForExecutablesIfNeeded (/tmp/playwright-java-15254842763600266869/package/lib/server/registry/index.js:1036:7)\n    at async Chromium._launchProcess (/tmp/playwright-java-15254842763600266869/package/lib/server/browserType.js:206:7)\n    at async Chromium._innerLaunch (/tmp/playwright-java-15254842763600266869/package/lib/server/browserType.js:135:70)\n    at async Chromium._innerLaunchWithRetries (/tmp/playwright-java-15254842763600266869/package/lib/server/browserType.js:122:14)\n    at async ProgressController.run (/tmp/playwright-java-15254842763600266869/package/lib/server/progress.js:80:22)\n    at async Chromium.launch (/tmp/playwright-java-15254842763600266869/package/lib/server/browserType.js:87:21)\n    at async BrowserTypeDispatcher.launch (/tmp/playwright-java-15254842763600266869/package/lib/server/dispatchers/browserTypeDispatcher.js:36:21)\n}","time":{"start":1751905868449,"stop":1751905868451,"duration":2}},{"uid":"79afd1a51557e384","status":"skipped","statusDetails":"Error {\n  message='\n╔═════════════════════════════════════════════════════════════════════════════════════════════════╗\n║ Host system is missing dependencies to run browsers.                                            ║\n║ Please install them with the following command:                                                 ║\n║                                                                                                 ║\n║     mvn exec:java -e -D exec.mainClass=com.microsoft.playwright.CLI -D exec.args=\"install-deps\" ║\n║                                                                                                 ║\n║ Alternatively, use apt:                                                                         ║\n║     apt-get install libgbm1                                                                     ║\n║                                                                                                 ║\n║ <3 Playwright Team                                                                              ║\n╚═════════════════════════════════════════════════════════════════════════════════════════════════╝\n  name='Error\n  stack='Error: \n╔═════════════════════════════════════════════════════════════════════════════════════════════════╗\n║ Host system is missing dependencies to run browsers.                                            ║\n║ Please install them with the following command:                                                 ║\n║                                                                                                 ║\n║     mvn exec:java -e -D exec.mainClass=com.microsoft.playwright.CLI -D exec.args=\"install-deps\" ║\n║                                                                                                 ║\n║ Alternatively, use apt:                                                                         ║\n║     apt-get install libgbm1                                                                     ║\n║                                                                                                 ║\n║ <3 Playwright Team                                                                              ║\n╚═════════════════════════════════════════════════════════════════════════════════════════════════╝\n    at validateDependenciesLinux (/tmp/playwright-java-5252559726226793018/package/lib/server/registry/dependencies.js:269:9)\n    at async Registry._validateHostRequirements (/tmp/playwright-java-5252559726226793018/package/lib/server/registry/index.js:927:14)\n    at async Registry._validateHostRequirementsForExecutableIfNeeded (/tmp/playwright-java-5252559726226793018/package/lib/server/registry/index.js:1047:7)\n    at async Registry.validateHostRequirementsForExecutablesIfNeeded (/tmp/playwright-java-5252559726226793018/package/lib/server/registry/index.js:1036:7)\n    at async Chromium._launchProcess (/tmp/playwright-java-5252559726226793018/package/lib/server/browserType.js:206:7)\n    at async Chromium._innerLaunch (/tmp/playwright-java-5252559726226793018/package/lib/server/browserType.js:135:70)\n    at async Chromium._innerLaunchWithRetries (/tmp/playwright-java-5252559726226793018/package/lib/server/browserType.js:122:14)\n    at async ProgressController.run (/tmp/playwright-java-5252559726226793018/package/lib/server/progress.js:80:22)\n    at async Chromium.launch (/tmp/playwright-java-5252559726226793018/package/lib/server/browserType.js:87:21)\n    at async BrowserTypeDispatcher.launch (/tmp/playwright-java-5252559726226793018/package/lib/server/dispatchers/browserTypeDispatcher.js:36:21)\n}","time":{"start":1751904371957,"stop":1751904371999,"duration":42}},{"uid":"4b436f07eb83610d","status":"skipped","statusDetails":"Error {\n  message='\n╔═════════════════════════════════════════════════════════════════════════════════════════════════╗\n║ Host system is missing dependencies to run browsers.                                            ║\n║ Please install them with the following command:                                                 ║\n║                                                                                                 ║\n║     mvn exec:java -e -D exec.mainClass=com.microsoft.playwright.CLI -D exec.args=\"install-deps\" ║\n║                                                                                                 ║\n║ Alternatively, use apt:                                                                         ║\n║     apt-get install libgbm1                                                                     ║\n║                                                                                                 ║\n║ <3 Playwright Team                                                                              ║\n╚═════════════════════════════════════════════════════════════════════════════════════════════════╝\n  name='Error\n  stack='Error: \n╔═════════════════════════════════════════════════════════════════════════════════════════════════╗\n║ Host system is missing dependencies to run browsers.                                            ║\n║ Please install them with the following command:                                                 ║\n║                                                                                                 ║\n║     mvn exec:java -e -D exec.mainClass=com.microsoft.playwright.CLI -D exec.args=\"install-deps\" ║\n║                                                                                                 ║\n║ Alternatively, use apt:                                                                         ║\n║     apt-get install libgbm1                                                                     ║\n║                                                                                                 ║\n║ <3 Playwright Team                                                                              ║\n╚═════════════════════════════════════════════════════════════════════════════════════════════════╝\n    at validateDependenciesLinux (/tmp/playwright-java-8597452185106347710/package/lib/server/registry/dependencies.js:269:9)\n    at async Registry._validateHostRequirements (/tmp/playwright-java-8597452185106347710/package/lib/server/registry/index.js:927:14)\n    at async Registry._validateHostRequirementsForExecutableIfNeeded (/tmp/playwright-java-8597452185106347710/package/lib/server/registry/index.js:1047:7)\n    at async Registry.validateHostRequirementsForExecutablesIfNeeded (/tmp/playwright-java-8597452185106347710/package/lib/server/registry/index.js:1036:7)\n    at async Chromium._launchProcess (/tmp/playwright-java-8597452185106347710/package/lib/server/browserType.js:206:7)\n    at async Chromium._innerLaunch (/tmp/playwright-java-8597452185106347710/package/lib/server/browserType.js:135:70)\n    at async Chromium._innerLaunchWithRetries (/tmp/playwright-java-8597452185106347710/package/lib/server/browserType.js:122:14)\n    at async ProgressController.run (/tmp/playwright-java-8597452185106347710/package/lib/server/progress.js:80:22)\n    at async Chromium.launch (/tmp/playwright-java-8597452185106347710/package/lib/server/browserType.js:87:21)\n    at async BrowserTypeDispatcher.launch (/tmp/playwright-java-8597452185106347710/package/lib/server/dispatchers/browserTypeDispatcher.js:36:21)\n}","time":{"start":1751903863853,"stop":1751903863855,"duration":2}},{"uid":"f159d9d09580b620","status":"skipped","statusDetails":"Error {\n  message='\n╔═════════════════════════════════════════════════════════════════════════════════════════════════╗\n║ Host system is missing dependencies to run browsers.                                            ║\n║ Please install them with the following command:                                                 ║\n║                                                                                                 ║\n║     mvn exec:java -e -D exec.mainClass=com.microsoft.playwright.CLI -D exec.args=\"install-deps\" ║\n║                                                                                                 ║\n║ Alternatively, use apt:                                                                         ║\n║     apt-get install libgbm1                                                                     ║\n║                                                                                                 ║\n║ <3 Playwright Team                                                                              ║\n╚═════════════════════════════════════════════════════════════════════════════════════════════════╝\n  name='Error\n  stack='Error: \n╔═════════════════════════════════════════════════════════════════════════════════════════════════╗\n║ Host system is missing dependencies to run browsers.                                            ║\n║ Please install them with the following command:                                                 ║\n║                                                                                                 ║\n║     mvn exec:java -e -D exec.mainClass=com.microsoft.playwright.CLI -D exec.args=\"install-deps\" ║\n║                                                                                                 ║\n║ Alternatively, use apt:                                                                         ║\n║     apt-get install libgbm1                                                                     ║\n║                                                                                                 ║\n║ <3 Playwright Team                                                                              ║\n╚═════════════════════════════════════════════════════════════════════════════════════════════════╝\n    at validateDependenciesLinux (/tmp/playwright-java-11187364974156768872/package/lib/server/registry/dependencies.js:269:9)\n    at async Registry._validateHostRequirements (/tmp/playwright-java-11187364974156768872/package/lib/server/registry/index.js:927:14)\n    at async Registry._validateHostRequirementsForExecutableIfNeeded (/tmp/playwright-java-11187364974156768872/package/lib/server/registry/index.js:1047:7)\n    at async Registry.validateHostRequirementsForExecutablesIfNeeded (/tmp/playwright-java-11187364974156768872/package/lib/server/registry/index.js:1036:7)\n    at async Chromium._launchProcess (/tmp/playwright-java-11187364974156768872/package/lib/server/browserType.js:206:7)\n    at async Chromium._innerLaunch (/tmp/playwright-java-11187364974156768872/package/lib/server/browserType.js:135:70)\n    at async Chromium._innerLaunchWithRetries (/tmp/playwright-java-11187364974156768872/package/lib/server/browserType.js:122:14)\n    at async ProgressController.run (/tmp/playwright-java-11187364974156768872/package/lib/server/progress.js:80:22)\n    at async Chromium.launch (/tmp/playwright-java-11187364974156768872/package/lib/server/browserType.js:87:21)\n    at async BrowserTypeDispatcher.launch (/tmp/playwright-java-11187364974156768872/package/lib/server/dispatchers/browserTypeDispatcher.js:36:21)\n}","time":{"start":1751903626244,"stop":1751903626246,"duration":2}},{"uid":"52a2192e14716aa3","status":"skipped","statusDetails":"Error {\n  message='\n╔═════════════════════════════════════════════════════════════════════════════════════════════════╗\n║ Host system is missing dependencies to run browsers.                                            ║\n║ Please install them with the following command:                                                 ║\n║                                                                                                 ║\n║     mvn exec:java -e -D exec.mainClass=com.microsoft.playwright.CLI -D exec.args=\"install-deps\" ║\n║                                                                                                 ║\n║ Alternatively, use apt:                                                                         ║\n║     apt-get install libgbm1                                                                     ║\n║                                                                                                 ║\n║ <3 Playwright Team                                                                              ║\n╚═════════════════════════════════════════════════════════════════════════════════════════════════╝\n  name='Error\n  stack='Error: \n╔═════════════════════════════════════════════════════════════════════════════════════════════════╗\n║ Host system is missing dependencies to run browsers.                                            ║\n║ Please install them with the following command:                                                 ║\n║                                                                                                 ║\n║     mvn exec:java -e -D exec.mainClass=com.microsoft.playwright.CLI -D exec.args=\"install-deps\" ║\n║                                                                                                 ║\n║ Alternatively, use apt:                                                                         ║\n║     apt-get install libgbm1                                                                     ║\n║                                                                                                 ║\n║ <3 Playwright Team                                                                              ║\n╚═════════════════════════════════════════════════════════════════════════════════════════════════╝\n    at validateDependenciesLinux (/tmp/playwright-java-13266229082329907590/package/lib/server/registry/dependencies.js:269:9)\n    at async Registry._validateHostRequirements (/tmp/playwright-java-13266229082329907590/package/lib/server/registry/index.js:927:14)\n    at async Registry._validateHostRequirementsForExecutableIfNeeded (/tmp/playwright-java-13266229082329907590/package/lib/server/registry/index.js:1047:7)\n    at async Registry.validateHostRequirementsForExecutablesIfNeeded (/tmp/playwright-java-13266229082329907590/package/lib/server/registry/index.js:1036:7)\n    at async Chromium._launchProcess (/tmp/playwright-java-13266229082329907590/package/lib/server/browserType.js:206:7)\n    at async Chromium._innerLaunch (/tmp/playwright-java-13266229082329907590/package/lib/server/browserType.js:135:70)\n    at async Chromium._innerLaunchWithRetries (/tmp/playwright-java-13266229082329907590/package/lib/server/browserType.js:122:14)\n    at async ProgressController.run (/tmp/playwright-java-13266229082329907590/package/lib/server/progress.js:80:22)\n    at async Chromium.launch (/tmp/playwright-java-13266229082329907590/package/lib/server/browserType.js:87:21)\n    at async BrowserTypeDispatcher.launch (/tmp/playwright-java-13266229082329907590/package/lib/server/dispatchers/browserTypeDispatcher.js:36:21)\n}","time":{"start":1751903299021,"stop":1751903299023,"duration":2}},{"uid":"62ca95ed77b8ea95","status":"failed","statusDetails":"Continue Button Initially is unexpectedly enabled. expected [false] but found [true]","time":{"start":1751482547787,"stop":1751482547791,"duration":4}},{"uid":"90cf8619e238281","status":"failed","statusDetails":"Continue Button Initially is unexpectedly enabled. expected [false] but found [true]","time":{"start":1751442807692,"stop":1751442807700,"duration":8}},{"uid":"87c23965d0197c32","status":"failed","statusDetails":"Continue Button Initially is unexpectedly enabled. expected [false] but found [true]","time":{"start":1751437509553,"stop":1751437509559,"duration":6}}],"categories":[{"name":"Product defects","matchedStatuses":[]}],"tags":[]},"source":"f0061300ff3715b0.json","parameterValues":[]}