{"uid":"f018587f278ea9e6","name":"TC17_verifySoftOfferPageAppearsAfterSubmission","fullName":"TC17_verifySoftOfferPageAppearsAfterSubmission (General)","historyId":"b3404ca335090e7e28ccb39dfdbe2fec","time":{"start":1751955138807,"stop":1751955138811,"duration":4},"status":"skipped","statusMessage":"Failed to create driver","statusTrace":"java.lang.RuntimeException: Failed to create driver\n\tat com.microsoft.playwright.impl.driver.Driver.createAndInstall(Driver.java:105)\n\tat com.microsoft.playwright.impl.driver.Driver.ensureDriverInstalled(Driver.java:57)\n\tat com.microsoft.playwright.impl.PlaywrightImpl.createImpl(PlaywrightImpl.java:46)\n\tat com.microsoft.playwright.impl.PlaywrightImpl.create(PlaywrightImpl.java:36)\n\tat com.microsoft.playwright.Playwright.create(Playwright.java:110)\n\tat com.microsoft.playwright.Playwright.create(Playwright.java:114)\n\tat homeBase.DriverManager.initDriver(DriverManager.java:20)\n\tat base.BaseTest.setUp(BaseTest.java:51)\n\tat java.base/jdk.internal.reflect.NativeMethodAccessorImpl.invoke0(Native Method)\n\tat java.base/jdk.internal.reflect.NativeMethodAccessorImpl.invoke(NativeMethodAccessorImpl.java:77)\n\tat java.base/jdk.internal.reflect.DelegatingMethodAccessorImpl.invoke(DelegatingMethodAccessorImpl.java:43)\n\tat java.base/java.lang.reflect.Method.invoke(Method.java:568)\n\tat org.testng.internal.invokers.MethodInvocationHelper.invokeMethod(MethodInvocationHelper.java:141)\n\tat org.testng.internal.invokers.MethodInvocationHelper.invokeMethodConsideringTimeout(MethodInvocationHelper.java:71)\n\tat org.testng.internal.invokers.ConfigInvoker.invokeConfigurationMethod(ConfigInvoker.java:400)\n\tat org.testng.internal.invokers.ConfigInvoker.invokeConfigurations(ConfigInvoker.java:333)\n\tat org.testng.internal.invokers.TestInvoker.runConfigMethods(TestInvoker.java:836)\n\tat org.testng.internal.invokers.TestInvoker.invokeMethod(TestInvoker.java:601)\n\tat org.testng.internal.invokers.TestInvoker.invokeTestMethod(TestInvoker.java:230)\n\tat org.testng.internal.invokers.MethodRunner.runInSequence(MethodRunner.java:63)\n\tat org.testng.internal.invokers.TestInvoker$MethodInvocationAgent.invoke(TestInvoker.java:995)\n\tat org.testng.internal.invokers.TestInvoker.invokeTestMethods(TestInvoker.java:203)\n\tat org.testng.internal.invokers.TestMethodWorker.invokeTestMethods(TestMethodWorker.java:154)\n\tat org.testng.internal.invokers.TestMethodWorker.run(TestMethodWorker.java:134)\n\tat java.base/java.util.concurrent.Executors$RunnableAdapter.call(Executors.java:539)\n\tat java.base/java.util.concurrent.FutureTask.run(FutureTask.java:264)\n\tat org.testng.internal.thread.graph.TestNGFutureTask.run(TestNGFutureTask.java:22)\n\tat java.base/java.util.concurrent.ThreadPoolExecutor.runWorker(ThreadPoolExecutor.java:1136)\n\tat java.base/java.util.concurrent.ThreadPoolExecutor$Worker.run(ThreadPoolExecutor.java:635)\n\tat java.base/java.lang.Thread.run(Thread.java:833)\nCaused by: java.lang.RuntimeException: Timed out waiting for browsers to install\n\tat com.microsoft.playwright.impl.driver.jar.DriverJar.installBrowsers(DriverJar.java:96)\n\tat com.microsoft.playwright.impl.driver.jar.DriverJar.initialize(DriverJar.java:68)\n\tat com.microsoft.playwright.impl.driver.Driver.initialize(Driver.java:64)\n\tat com.microsoft.playwright.impl.driver.Driver.createAndInstall(Driver.java:101)\n\t... 29 more\n","flaky":false,"newFailed":false,"newBroken":false,"newPassed":false,"retriesCount":13,"retriesStatusChange":true,"beforeStages":[{"name":"setUp","time":{"start":1751955137410,"stop":1751955138804,"duration":1394},"description":"","status":"passed","steps":[],"attachments":[],"parameters":[],"shouldDisplayMessage":false,"stepsCount":0,"attachmentsCount":0,"hasContent":false,"attachmentStep":false},{"name":"setUP","time":{"start":1751955138805,"stop":1751955138805,"duration":0},"description":"","status":"broken","steps":[],"attachments":[],"parameters":[],"shouldDisplayMessage":false,"stepsCount":0,"attachmentsCount":0,"hasContent":false,"attachmentStep":false}],"testStage":{"status":"skipped","statusMessage":"Failed to create driver","statusTrace":"java.lang.RuntimeException: Failed to create driver\n\tat com.microsoft.playwright.impl.driver.Driver.createAndInstall(Driver.java:105)\n\tat com.microsoft.playwright.impl.driver.Driver.ensureDriverInstalled(Driver.java:57)\n\tat com.microsoft.playwright.impl.PlaywrightImpl.createImpl(PlaywrightImpl.java:46)\n\tat com.microsoft.playwright.impl.PlaywrightImpl.create(PlaywrightImpl.java:36)\n\tat com.microsoft.playwright.Playwright.create(Playwright.java:110)\n\tat com.microsoft.playwright.Playwright.create(Playwright.java:114)\n\tat homeBase.DriverManager.initDriver(DriverManager.java:20)\n\tat base.BaseTest.setUp(BaseTest.java:51)\n\tat java.base/jdk.internal.reflect.NativeMethodAccessorImpl.invoke0(Native Method)\n\tat java.base/jdk.internal.reflect.NativeMethodAccessorImpl.invoke(NativeMethodAccessorImpl.java:77)\n\tat java.base/jdk.internal.reflect.DelegatingMethodAccessorImpl.invoke(DelegatingMethodAccessorImpl.java:43)\n\tat java.base/java.lang.reflect.Method.invoke(Method.java:568)\n\tat org.testng.internal.invokers.MethodInvocationHelper.invokeMethod(MethodInvocationHelper.java:141)\n\tat org.testng.internal.invokers.MethodInvocationHelper.invokeMethodConsideringTimeout(MethodInvocationHelper.java:71)\n\tat org.testng.internal.invokers.ConfigInvoker.invokeConfigurationMethod(ConfigInvoker.java:400)\n\tat org.testng.internal.invokers.ConfigInvoker.invokeConfigurations(ConfigInvoker.java:333)\n\tat org.testng.internal.invokers.TestInvoker.runConfigMethods(TestInvoker.java:836)\n\tat org.testng.internal.invokers.TestInvoker.invokeMethod(TestInvoker.java:601)\n\tat org.testng.internal.invokers.TestInvoker.invokeTestMethod(TestInvoker.java:230)\n\tat org.testng.internal.invokers.MethodRunner.runInSequence(MethodRunner.java:63)\n\tat org.testng.internal.invokers.TestInvoker$MethodInvocationAgent.invoke(TestInvoker.java:995)\n\tat org.testng.internal.invokers.TestInvoker.invokeTestMethods(TestInvoker.java:203)\n\tat org.testng.internal.invokers.TestMethodWorker.invokeTestMethods(TestMethodWorker.java:154)\n\tat org.testng.internal.invokers.TestMethodWorker.run(TestMethodWorker.java:134)\n\tat java.base/java.util.concurrent.Executors$RunnableAdapter.call(Executors.java:539)\n\tat java.base/java.util.concurrent.FutureTask.run(FutureTask.java:264)\n\tat org.testng.internal.thread.graph.TestNGFutureTask.run(TestNGFutureTask.java:22)\n\tat java.base/java.util.concurrent.ThreadPoolExecutor.runWorker(ThreadPoolExecutor.java:1136)\n\tat java.base/java.util.concurrent.ThreadPoolExecutor$Worker.run(ThreadPoolExecutor.java:635)\n\tat java.base/java.lang.Thread.run(Thread.java:833)\nCaused by: java.lang.RuntimeException: Timed out waiting for browsers to install\n\tat com.microsoft.playwright.impl.driver.jar.DriverJar.installBrowsers(DriverJar.java:96)\n\tat com.microsoft.playwright.impl.driver.jar.DriverJar.initialize(DriverJar.java:68)\n\tat com.microsoft.playwright.impl.driver.Driver.initialize(Driver.java:64)\n\tat com.microsoft.playwright.impl.driver.Driver.createAndInstall(Driver.java:101)\n\t... 29 more\n","steps":[{"name":"Add Environment Info","time":{"start":1751955138807,"stop":1751955138810,"duration":3},"status":"passed","steps":[],"attachments":[{"uid":"6d9374667f71b97","name":"Platform","source":"6d9374667f71b97.txt","type":"text/plain","size":5},{"uid":"fba2fc348bb4849c","name":"Test Framework","source":"fba2fc348bb4849c.txt","type":"text/plain","size":6},{"uid":"9ee1fe234dc5415f","name":"Java Version","source":"9ee1fe234dc5415f.txt","type":"text/plain","size":6},{"uid":"66a10443c1c24f8c","name":"Browser","source":"66a10443c1c24f8c.txt","type":"text/plain","size":6},{"uid":"d7ecc09f954fd905","name":"Automation Tool","source":"d7ecc09f954fd905.txt","type":"text/plain","size":10}],"parameters":[],"shouldDisplayMessage":false,"stepsCount":0,"attachmentsCount":5,"hasContent":true,"attachmentStep":false},{"name":"Add Test Metrics","time":{"start":1751955138810,"stop":1751955138810,"duration":0},"status":"passed","steps":[],"attachments":[{"uid":"197148d1519b663","name":"Test Duration","source":"197148d1519b663.txt","type":"text/plain","size":14},{"uid":"62e719a2c4f21a3a","name":"Test Status","source":"62e719a2c4f21a3a.txt","type":"text/plain","size":7}],"parameters":[{"name":"testName","value":"TC17_verifySoftOfferPageAppearsAfterSubmission"},{"name":"status","value":"SKIPPED"},{"name":"duration","value":"3"}],"shouldDisplayMessage":false,"stepsCount":0,"attachmentsCount":2,"hasContent":true,"attachmentStep":false},{"name":"Add Trend Data","time":{"start":1751955138810,"stop":1751955138811,"duration":1},"status":"passed","steps":[],"attachments":[],"parameters":[{"name":"testName","value":"TC17_verifySoftOfferPageAppearsAfterSubmission"},{"name":"status","value":"SKIPPED"},{"name":"duration","value":"3"}],"shouldDisplayMessage":false,"stepsCount":0,"attachmentsCount":0,"hasContent":true,"attachmentStep":false}],"attachments":[],"parameters":[],"shouldDisplayMessage":true,"stepsCount":3,"attachmentsCount":7,"hasContent":true,"attachmentStep":false},"afterStages":[{"name":"tearDown","time":{"start":1751955138812,"stop":1751955138861,"duration":49},"description":"","status":"passed","steps":[],"attachments":[],"parameters":[],"shouldDisplayMessage":false,"stepsCount":0,"attachmentsCount":0,"hasContent":false,"attachmentStep":false}],"labels":[{"name":"package","value":"testClassPool.BasicDetailPageTest"},{"name":"testClass","value":"testClassPool.BasicDetailPageTest"},{"name":"testMethod","value":"TC17_verifySoftOfferPageAppearsAfterSubmission"},{"name":"parentSuite","value":"Stashfin Web Automation Suite"},{"name":"suite","value":"Stashfin Web Test Run"},{"name":"subSuite","value":"testClassPool.BasicDetailPageTest"},{"name":"host","value":"10b4e3d84cb0"},{"name":"thread","value":"271@10b4e3d84cb0.TestNG-test-Stashfin Web Test Run-1(31)"},{"name":"framework","value":"testng"},{"name":"language","value":"java"},{"name":"resultFormat","value":"allure2"}],"parameters":[],"links":[],"hidden":false,"retry":false,"extra":{"severity":"normal","retries":[{"uid":"5ccf6d97a650cac","status":"broken","statusDetails":"Error {\n  message='Error: strict mode violation: locator(\"div.modal-overlay\") resolved to 2 elements:\n    1) <div class=\"modal-overlay \">…</div> aka locator(\"div\").filter(new Locator.FilterOptions().setHasText(\"Please check your internet or try again later.Close\")).nth(3)\n    2) <div class=\"modal-overlay \">…</div> aka locator(\"div\").filter(new Locator.FilterOptions().setHasText(Pattern.compile(\"^UTM not provided\\\\.Close$\"))).first()\n\n  name='Error\n  stack='Error: Error: strict mode violation: locator(\"div.modal-overlay\") resolved to 2 elements:\n    1) <div class=\"modal-overlay \">…</div> aka locator(\"div\").filter(new Locator.FilterOptions().setHasText(\"Please check your internet or try again later.Close\")).nth(3)\n    2) <div class=\"modal-overlay \">…</div> aka locator(\"div\").filter(new Locator.FilterOptions().setHasText(Pattern.compile(\"^UTM not provided\\\\.Close$\"))).first()\n\n    at CRExecutionContext.evaluateWithArguments (/tmp/playwright-java-9730232365727936378/package/lib/server/chromium/crExecutionContext.js:79:13)\n    at async LongStandingScope._race (/tmp/playwright-java-9730232365727936378/package/lib/utils/isomorphic/manualPromise.js:95:14)\n    at async evaluateExpression (/tmp/playwright-java-9730232365727936378/package/lib/server/javascript.js:223:12)\n    at async Frame.isVisibleInternal (/tmp/playwright-java-9730232365727936378/package/lib/server/frames.js:1115:14)\n    at async /tmp/playwright-java-9730232365727936378/package/lib/server/frames.js:1107:14\n    at async ProgressController.run (/tmp/playwright-java-9730232365727936378/package/lib/server/progress.js:80:22)\n    at async FrameDispatcher.isVisible (/tmp/playwright-java-9730232365727936378/package/lib/server/dispatchers/frameDispatcher.js:171:21)\n    at async LongStandingScope._race (/tmp/playwright-java-9730232365727936378/package/lib/utils/isomorphic/manualPromise.js:95:14)\n    at async FrameDispatcher._handleCommand (/tmp/playwright-java-9730232365727936378/package/lib/server/dispatchers/dispatcher.js:96:14)\n    at async DispatcherConnection.dispatch (/tmp/playwright-java-9730232365727936378/package/lib/server/dispatchers/dispatcher.js:307:22)\n}\nCall log:\n-     - checking visibility of locator(\"div.modal-overlay\")\n","time":{"start":1751939906788,"stop":1751939910432,"duration":3644}},{"uid":"6f9f51398e8dd28a","status":"broken","statusDetails":"Error {\n  message='Timeout 30000ms exceeded.\n  name='TimeoutError\n  stack='TimeoutError: Timeout 30000ms exceeded.\n    at ProgressController.run (/tmp/playwright-java-4478805413876323549/package/lib/server/progress.js:76:26)\n    at Frame.click (/tmp/playwright-java-4478805413876323549/package/lib/server/frames.js:991:23)\n    at FrameDispatcher.click (/tmp/playwright-java-4478805413876323549/package/lib/server/dispatchers/frameDispatcher.js:117:30)\n    at FrameDispatcher._handleCommand (/tmp/playwright-java-4478805413876323549/package/lib/server/dispatchers/dispatcher.js:94:40)\n    at DispatcherConnection.dispatch (/tmp/playwright-java-4478805413876323549/package/lib/server/dispatchers/dispatcher.js:307:39)\n}\nCall log:\n-   - waiting for locator(\"//*[@type='submit']\")\n-     - locator resolved to <button type=\"submit\" class=\"btn btn-primary \">Submit</button>\n-   - attempting click action\n-     2 × waiting for element to be visible, enabled and stable\n-       - element is visible, enabled and stable\n-       - scrolling into view if needed\n-       - done scrolling\n-       - <div class=\"modal-overlay \">…</div> intercepts pointer events\n-     - retrying click action\n-     - waiting 20ms\n-     2 × waiting for element to be visible, enabled and stable\n-       - element is visible, enabled and stable\n-       - scrolling into view if needed\n-       - done scrolling\n-       - <div class=\"modal-overlay \">…</div> intercepts pointer events\n-     - retrying click action\n-       - waiting 100ms\n-     58 × waiting for element to be visible, enabled and stable\n-        - element is visible, enabled and stable\n-        - scrolling into view if needed\n-        - done scrolling\n-        - <div class=\"modal-overlay \">…</div> intercepts pointer events\n-      - retrying click action\n-        - waiting 500ms\n","time":{"start":1751907554226,"stop":1751907594677,"duration":40451}},{"uid":"817060e9cbd8049c","status":"broken","statusDetails":"Error {\n  message='Timeout 30000ms exceeded.\n  name='TimeoutError\n  stack='TimeoutError: Timeout 30000ms exceeded.\n    at ProgressController.run (/tmp/playwright-java-9932505142778370121/package/lib/server/progress.js:76:26)\n    at Frame.click (/tmp/playwright-java-9932505142778370121/package/lib/server/frames.js:991:23)\n    at FrameDispatcher.click (/tmp/playwright-java-9932505142778370121/package/lib/server/dispatchers/frameDispatcher.js:117:30)\n    at FrameDispatcher._handleCommand (/tmp/playwright-java-9932505142778370121/package/lib/server/dispatchers/dispatcher.js:94:40)\n    at DispatcherConnection.dispatch (/tmp/playwright-java-9932505142778370121/package/lib/server/dispatchers/dispatcher.js:307:39)\n}\nCall log:\n-   - waiting for locator(\"//*[@type='submit']\")\n-     - locator resolved to <button type=\"submit\" class=\"btn btn-primary \">Submit</button>\n-   - attempting click action\n-     2 × waiting for element to be visible, enabled and stable\n-       - element is visible, enabled and stable\n-       - scrolling into view if needed\n-       - done scrolling\n-       - <div class=\"modal-overlay \">…</div> intercepts pointer events\n-     - retrying click action\n-     - waiting 20ms\n-     2 × waiting for element to be visible, enabled and stable\n-       - element is visible, enabled and stable\n-       - scrolling into view if needed\n-       - done scrolling\n-       - <div class=\"modal-overlay \">…</div> intercepts pointer events\n-     - retrying click action\n-       - waiting 100ms\n-     57 × waiting for element to be visible, enabled and stable\n-        - element is visible, enabled and stable\n-        - scrolling into view if needed\n-        - done scrolling\n-        - <div class=\"modal-overlay \">…</div> intercepts pointer events\n-      - retrying click action\n-        - waiting 500ms\n-     - waiting for element to be visible, enabled and stable\n-     - element is visible, enabled and stable\n-     - scrolling into view if needed\n-     - done scrolling\n","time":{"start":1751906295688,"stop":1751906336196,"duration":40508}},{"uid":"611a463a13598012","status":"skipped","statusDetails":"Error {\n  message='\n╔═════════════════════════════════════════════════════════════════════════════════════════════════╗\n║ Host system is missing dependencies to run browsers.                                            ║\n║ Please install them with the following command:                                                 ║\n║                                                                                                 ║\n║     mvn exec:java -e -D exec.mainClass=com.microsoft.playwright.CLI -D exec.args=\"install-deps\" ║\n║                                                                                                 ║\n║ Alternatively, use apt:                                                                         ║\n║     apt-get install libgbm1                                                                     ║\n║                                                                                                 ║\n║ <3 Playwright Team                                                                              ║\n╚═════════════════════════════════════════════════════════════════════════════════════════════════╝\n  name='Error\n  stack='Error: \n╔═════════════════════════════════════════════════════════════════════════════════════════════════╗\n║ Host system is missing dependencies to run browsers.                                            ║\n║ Please install them with the following command:                                                 ║\n║                                                                                                 ║\n║     mvn exec:java -e -D exec.mainClass=com.microsoft.playwright.CLI -D exec.args=\"install-deps\" ║\n║                                                                                                 ║\n║ Alternatively, use apt:                                                                         ║\n║     apt-get install libgbm1                                                                     ║\n║                                                                                                 ║\n║ <3 Playwright Team                                                                              ║\n╚═════════════════════════════════════════════════════════════════════════════════════════════════╝\n    at validateDependenciesLinux (/tmp/playwright-java-15254842763600266869/package/lib/server/registry/dependencies.js:269:9)\n    at async Registry._validateHostRequirements (/tmp/playwright-java-15254842763600266869/package/lib/server/registry/index.js:927:14)\n    at async Registry._validateHostRequirementsForExecutableIfNeeded (/tmp/playwright-java-15254842763600266869/package/lib/server/registry/index.js:1047:7)\n    at async Registry.validateHostRequirementsForExecutablesIfNeeded (/tmp/playwright-java-15254842763600266869/package/lib/server/registry/index.js:1036:7)\n    at async Chromium._launchProcess (/tmp/playwright-java-15254842763600266869/package/lib/server/browserType.js:206:7)\n    at async Chromium._innerLaunch (/tmp/playwright-java-15254842763600266869/package/lib/server/browserType.js:135:70)\n    at async Chromium._innerLaunchWithRetries (/tmp/playwright-java-15254842763600266869/package/lib/server/browserType.js:122:14)\n    at async ProgressController.run (/tmp/playwright-java-15254842763600266869/package/lib/server/progress.js:80:22)\n    at async Chromium.launch (/tmp/playwright-java-15254842763600266869/package/lib/server/browserType.js:87:21)\n    at async BrowserTypeDispatcher.launch (/tmp/playwright-java-15254842763600266869/package/lib/server/dispatchers/browserTypeDispatcher.js:36:21)\n}","time":{"start":1751905843349,"stop":1751905843352,"duration":3}},{"uid":"b0abf67d06cbf7ca","status":"skipped","statusDetails":"Error {\n  message='\n╔═════════════════════════════════════════════════════════════════════════════════════════════════╗\n║ Host system is missing dependencies to run browsers.                                            ║\n║ Please install them with the following command:                                                 ║\n║                                                                                                 ║\n║     mvn exec:java -e -D exec.mainClass=com.microsoft.playwright.CLI -D exec.args=\"install-deps\" ║\n║                                                                                                 ║\n║ Alternatively, use apt:                                                                         ║\n║     apt-get install libgbm1                                                                     ║\n║                                                                                                 ║\n║ <3 Playwright Team                                                                              ║\n╚═════════════════════════════════════════════════════════════════════════════════════════════════╝\n  name='Error\n  stack='Error: \n╔═════════════════════════════════════════════════════════════════════════════════════════════════╗\n║ Host system is missing dependencies to run browsers.                                            ║\n║ Please install them with the following command:                                                 ║\n║                                                                                                 ║\n║     mvn exec:java -e -D exec.mainClass=com.microsoft.playwright.CLI -D exec.args=\"install-deps\" ║\n║                                                                                                 ║\n║ Alternatively, use apt:                                                                         ║\n║     apt-get install libgbm1                                                                     ║\n║                                                                                                 ║\n║ <3 Playwright Team                                                                              ║\n╚═════════════════════════════════════════════════════════════════════════════════════════════════╝\n    at validateDependenciesLinux (/tmp/playwright-java-5252559726226793018/package/lib/server/registry/dependencies.js:269:9)\n    at async Registry._validateHostRequirements (/tmp/playwright-java-5252559726226793018/package/lib/server/registry/index.js:927:14)\n    at async Registry._validateHostRequirementsForExecutableIfNeeded (/tmp/playwright-java-5252559726226793018/package/lib/server/registry/index.js:1047:7)\n    at async Registry.validateHostRequirementsForExecutablesIfNeeded (/tmp/playwright-java-5252559726226793018/package/lib/server/registry/index.js:1036:7)\n    at async Chromium._launchProcess (/tmp/playwright-java-5252559726226793018/package/lib/server/browserType.js:206:7)\n    at async Chromium._innerLaunch (/tmp/playwright-java-5252559726226793018/package/lib/server/browserType.js:135:70)\n    at async Chromium._innerLaunchWithRetries (/tmp/playwright-java-5252559726226793018/package/lib/server/browserType.js:122:14)\n    at async ProgressController.run (/tmp/playwright-java-5252559726226793018/package/lib/server/progress.js:80:22)\n    at async Chromium.launch (/tmp/playwright-java-5252559726226793018/package/lib/server/browserType.js:87:21)\n    at async BrowserTypeDispatcher.launch (/tmp/playwright-java-5252559726226793018/package/lib/server/dispatchers/browserTypeDispatcher.js:36:21)\n}","time":{"start":1751904337138,"stop":1751904337164,"duration":26}},{"uid":"34615f93ac1bb6a3","status":"skipped","statusDetails":"Error {\n  message='\n╔═════════════════════════════════════════════════════════════════════════════════════════════════╗\n║ Host system is missing dependencies to run browsers.                                            ║\n║ Please install them with the following command:                                                 ║\n║                                                                                                 ║\n║     mvn exec:java -e -D exec.mainClass=com.microsoft.playwright.CLI -D exec.args=\"install-deps\" ║\n║                                                                                                 ║\n║ Alternatively, use apt:                                                                         ║\n║     apt-get install libgbm1                                                                     ║\n║                                                                                                 ║\n║ <3 Playwright Team                                                                              ║\n╚═════════════════════════════════════════════════════════════════════════════════════════════════╝\n  name='Error\n  stack='Error: \n╔═════════════════════════════════════════════════════════════════════════════════════════════════╗\n║ Host system is missing dependencies to run browsers.                                            ║\n║ Please install them with the following command:                                                 ║\n║                                                                                                 ║\n║     mvn exec:java -e -D exec.mainClass=com.microsoft.playwright.CLI -D exec.args=\"install-deps\" ║\n║                                                                                                 ║\n║ Alternatively, use apt:                                                                         ║\n║     apt-get install libgbm1                                                                     ║\n║                                                                                                 ║\n║ <3 Playwright Team                                                                              ║\n╚═════════════════════════════════════════════════════════════════════════════════════════════════╝\n    at validateDependenciesLinux (/tmp/playwright-java-8597452185106347710/package/lib/server/registry/dependencies.js:269:9)\n    at async Registry._validateHostRequirements (/tmp/playwright-java-8597452185106347710/package/lib/server/registry/index.js:927:14)\n    at async Registry._validateHostRequirementsForExecutableIfNeeded (/tmp/playwright-java-8597452185106347710/package/lib/server/registry/index.js:1047:7)\n    at async Registry.validateHostRequirementsForExecutablesIfNeeded (/tmp/playwright-java-8597452185106347710/package/lib/server/registry/index.js:1036:7)\n    at async Chromium._launchProcess (/tmp/playwright-java-8597452185106347710/package/lib/server/browserType.js:206:7)\n    at async Chromium._innerLaunch (/tmp/playwright-java-8597452185106347710/package/lib/server/browserType.js:135:70)\n    at async Chromium._innerLaunchWithRetries (/tmp/playwright-java-8597452185106347710/package/lib/server/browserType.js:122:14)\n    at async ProgressController.run (/tmp/playwright-java-8597452185106347710/package/lib/server/progress.js:80:22)\n    at async Chromium.launch (/tmp/playwright-java-8597452185106347710/package/lib/server/browserType.js:87:21)\n    at async BrowserTypeDispatcher.launch (/tmp/playwright-java-8597452185106347710/package/lib/server/dispatchers/browserTypeDispatcher.js:36:21)\n}","time":{"start":1751903839917,"stop":1751903839921,"duration":4}},{"uid":"dbe4e8cfdd46d759","status":"skipped","statusDetails":"Error {\n  message='\n╔═════════════════════════════════════════════════════════════════════════════════════════════════╗\n║ Host system is missing dependencies to run browsers.                                            ║\n║ Please install them with the following command:                                                 ║\n║                                                                                                 ║\n║     mvn exec:java -e -D exec.mainClass=com.microsoft.playwright.CLI -D exec.args=\"install-deps\" ║\n║                                                                                                 ║\n║ Alternatively, use apt:                                                                         ║\n║     apt-get install libgbm1                                                                     ║\n║                                                                                                 ║\n║ <3 Playwright Team                                                                              ║\n╚═════════════════════════════════════════════════════════════════════════════════════════════════╝\n  name='Error\n  stack='Error: \n╔═════════════════════════════════════════════════════════════════════════════════════════════════╗\n║ Host system is missing dependencies to run browsers.                                            ║\n║ Please install them with the following command:                                                 ║\n║                                                                                                 ║\n║     mvn exec:java -e -D exec.mainClass=com.microsoft.playwright.CLI -D exec.args=\"install-deps\" ║\n║                                                                                                 ║\n║ Alternatively, use apt:                                                                         ║\n║     apt-get install libgbm1                                                                     ║\n║                                                                                                 ║\n║ <3 Playwright Team                                                                              ║\n╚═════════════════════════════════════════════════════════════════════════════════════════════════╝\n    at validateDependenciesLinux (/tmp/playwright-java-11187364974156768872/package/lib/server/registry/dependencies.js:269:9)\n    at process.processTicksAndRejections (node:internal/process/task_queues:105:5)\n    at async Registry._validateHostRequirements (/tmp/playwright-java-11187364974156768872/package/lib/server/registry/index.js:927:14)\n    at async Registry._validateHostRequirementsForExecutableIfNeeded (/tmp/playwright-java-11187364974156768872/package/lib/server/registry/index.js:1047:7)\n    at async Registry.validateHostRequirementsForExecutablesIfNeeded (/tmp/playwright-java-11187364974156768872/package/lib/server/registry/index.js:1036:7)\n    at async Chromium._launchProcess (/tmp/playwright-java-11187364974156768872/package/lib/server/browserType.js:206:7)\n    at async Chromium._innerLaunch (/tmp/playwright-java-11187364974156768872/package/lib/server/browserType.js:135:70)\n    at async Chromium._innerLaunchWithRetries (/tmp/playwright-java-11187364974156768872/package/lib/server/browserType.js:122:14)\n    at async ProgressController.run (/tmp/playwright-java-11187364974156768872/package/lib/server/progress.js:80:22)\n    at async Chromium.launch (/tmp/playwright-java-11187364974156768872/package/lib/server/browserType.js:87:21)\n}","time":{"start":1751903603455,"stop":1751903603458,"duration":3}},{"uid":"55b93aec6ed68cd4","status":"skipped","statusDetails":"Error {\n  message='\n╔═════════════════════════════════════════════════════════════════════════════════════════════════╗\n║ Host system is missing dependencies to run browsers.                                            ║\n║ Please install them with the following command:                                                 ║\n║                                                                                                 ║\n║     mvn exec:java -e -D exec.mainClass=com.microsoft.playwright.CLI -D exec.args=\"install-deps\" ║\n║                                                                                                 ║\n║ Alternatively, use apt:                                                                         ║\n║     apt-get install libgbm1                                                                     ║\n║                                                                                                 ║\n║ <3 Playwright Team                                                                              ║\n╚═════════════════════════════════════════════════════════════════════════════════════════════════╝\n  name='Error\n  stack='Error: \n╔═════════════════════════════════════════════════════════════════════════════════════════════════╗\n║ Host system is missing dependencies to run browsers.                                            ║\n║ Please install them with the following command:                                                 ║\n║                                                                                                 ║\n║     mvn exec:java -e -D exec.mainClass=com.microsoft.playwright.CLI -D exec.args=\"install-deps\" ║\n║                                                                                                 ║\n║ Alternatively, use apt:                                                                         ║\n║     apt-get install libgbm1                                                                     ║\n║                                                                                                 ║\n║ <3 Playwright Team                                                                              ║\n╚═════════════════════════════════════════════════════════════════════════════════════════════════╝\n    at validateDependenciesLinux (/tmp/playwright-java-13266229082329907590/package/lib/server/registry/dependencies.js:269:9)\n    at async Registry._validateHostRequirements (/tmp/playwright-java-13266229082329907590/package/lib/server/registry/index.js:927:14)\n    at async Registry._validateHostRequirementsForExecutableIfNeeded (/tmp/playwright-java-13266229082329907590/package/lib/server/registry/index.js:1047:7)\n    at async Registry.validateHostRequirementsForExecutablesIfNeeded (/tmp/playwright-java-13266229082329907590/package/lib/server/registry/index.js:1036:7)\n    at async Chromium._launchProcess (/tmp/playwright-java-13266229082329907590/package/lib/server/browserType.js:206:7)\n    at async Chromium._innerLaunch (/tmp/playwright-java-13266229082329907590/package/lib/server/browserType.js:135:70)\n    at async Chromium._innerLaunchWithRetries (/tmp/playwright-java-13266229082329907590/package/lib/server/browserType.js:122:14)\n    at async ProgressController.run (/tmp/playwright-java-13266229082329907590/package/lib/server/progress.js:80:22)\n    at async Chromium.launch (/tmp/playwright-java-13266229082329907590/package/lib/server/browserType.js:87:21)\n    at async BrowserTypeDispatcher.launch (/tmp/playwright-java-13266229082329907590/package/lib/server/dispatchers/browserTypeDispatcher.js:36:21)\n}","time":{"start":1751903276343,"stop":1751903276361,"duration":18}},{"uid":"d79324751b9a070a","status":"passed","time":{"start":1751483017791,"stop":1751483030256,"duration":12465}},{"uid":"2d52283ddc86e9b","status":"skipped","statusDetails":"Error {\n  message='Timeout 30000ms exceeded.\n  name='TimeoutError\n  stack='TimeoutError: Timeout 30000ms exceeded.\n    at ProgressController.run (/private/var/folders/w6/57mby7d92xgbc8_lq6xsrrw00000gp/T/playwright-java-4491421945174427984/package/lib/server/progress.js:76:26)\n    at Frame.click (/private/var/folders/w6/57mby7d92xgbc8_lq6xsrrw00000gp/T/playwright-java-4491421945174427984/package/lib/server/frames.js:991:23)\n    at FrameDispatcher.click (/private/var/folders/w6/57mby7d92xgbc8_lq6xsrrw00000gp/T/playwright-java-4491421945174427984/package/lib/server/dispatchers/frameDispatcher.js:117:30)\n    at FrameDispatcher._handleCommand (/private/var/folders/w6/57mby7d92xgbc8_lq6xsrrw00000gp/T/playwright-java-4491421945174427984/package/lib/server/dispatchers/dispatcher.js:94:40)\n    at DispatcherConnection.dispatch (/private/var/folders/w6/57mby7d92xgbc8_lq6xsrrw00000gp/T/playwright-java-4491421945174427984/package/lib/server/dispatchers/dispatcher.js:307:39)\n}\nCall log:\n-   - waiting for locator(\"//*[contains(text(),'Confirm')]\")\n-     - locator resolved to <button class=\"btn btn-primary \">Confirm</button>\n-   - attempting click action\n-     2 × waiting for element to be visible, enabled and stable\n-       - element is visible, enabled and stable\n-       - scrolling into view if needed\n-       - done scrolling\n-       - <div class=\"modal-content\">…</div> from <div class=\"page-content\">…</div> subtree intercepts pointer events\n-     - retrying click action\n-     - waiting 20ms\n-     2 × waiting for element to be visible, enabled and stable\n-       - element is visible, enabled and stable\n-       - scrolling into view if needed\n-       - done scrolling\n-       - <div class=\"modal-content\">…</div> from <div class=\"page-content\">…</div> subtree intercepts pointer events\n-     - retrying click action\n-       - waiting 100ms\n-     58 × waiting for element to be visible, enabled and stable\n-        - element is visible, enabled and stable\n-        - scrolling into view if needed\n-        - done scrolling\n-        - <div class=\"modal-content\">…</div> from <div class=\"page-content\">…</div> subtree intercepts pointer events\n-      - retrying click action\n-        - waiting 500ms\n","time":{"start":1751482466879,"stop":1751482466880,"duration":1}},{"uid":"db33adef9721c88a","status":"skipped","statusDetails":"Error {\n  message='Timeout 30000ms exceeded.\n  name='TimeoutError\n  stack='TimeoutError: Timeout 30000ms exceeded.\n    at ProgressController.run (/private/var/folders/w6/57mby7d92xgbc8_lq6xsrrw00000gp/T/playwright-java-4328898332514703185/package/lib/server/progress.js:76:26)\n    at Frame.click (/private/var/folders/w6/57mby7d92xgbc8_lq6xsrrw00000gp/T/playwright-java-4328898332514703185/package/lib/server/frames.js:991:23)\n    at FrameDispatcher.click (/private/var/folders/w6/57mby7d92xgbc8_lq6xsrrw00000gp/T/playwright-java-4328898332514703185/package/lib/server/dispatchers/frameDispatcher.js:117:30)\n    at FrameDispatcher._handleCommand (/private/var/folders/w6/57mby7d92xgbc8_lq6xsrrw00000gp/T/playwright-java-4328898332514703185/package/lib/server/dispatchers/dispatcher.js:94:40)\n    at DispatcherConnection.dispatch (/private/var/folders/w6/57mby7d92xgbc8_lq6xsrrw00000gp/T/playwright-java-4328898332514703185/package/lib/server/dispatchers/dispatcher.js:307:39)\n}\nCall log:\n-   - waiting for locator(\"//*[contains(text(),'Confirm')]\")\n-     - locator resolved to <button class=\"btn btn-primary \">Confirm</button>\n-   - attempting click action\n-     2 × waiting for element to be visible, enabled and stable\n-       - element is visible, enabled and stable\n-       - scrolling into view if needed\n-       - done scrolling\n-       - <div class=\"modal-content\">…</div> from <div class=\"page-content\">…</div> subtree intercepts pointer events\n-     - retrying click action\n-     - waiting 20ms\n-     2 × waiting for element to be visible, enabled and stable\n-       - element is visible, enabled and stable\n-       - scrolling into view if needed\n-       - done scrolling\n-       - <div class=\"modal-content\">…</div> from <div class=\"page-content\">…</div> subtree intercepts pointer events\n-     - retrying click action\n-       - waiting 100ms\n-     58 × waiting for element to be visible, enabled and stable\n-        - element is visible, enabled and stable\n-        - scrolling into view if needed\n-        - done scrolling\n-        - <div class=\"modal-content\">…</div> from <div class=\"page-content\">…</div> subtree intercepts pointer events\n-      - retrying click action\n-        - waiting 500ms\n","time":{"start":1751480448660,"stop":1751480448661,"duration":1}},{"uid":"d2f87aae50cb4f50","status":"failed","statusDetails":"Approved! text is not visible.","time":{"start":1751442785941,"stop":1751442792365,"duration":6424}},{"uid":"5e13ce6d8760d82d","status":"skipped","statusDetails":"Error {\n  message='Navigation to \"https://partner-staging.stashfin.com/?secret=DFzPTDKtET9o1Z&utm_source=hindustan_live\" is interrupted by another navigation to \"about:blank\"\n  name='Error\n  stack='Error: Navigation to \"https://partner-staging.stashfin.com/?secret=DFzPTDKtET9o1Z&utm_source=hindustan_live\" is interrupted by another navigation to \"about:blank\"\n    at Frame._gotoAction (/private/var/folders/w6/57mby7d92xgbc8_lq6xsrrw00000gp/T/playwright-java-358261320630406518/package/lib/server/frames.js:564:15)\n    at runNextTicks (node:internal/process/task_queues:65:5)\n    at process.processImmediate (node:internal/timers:459:9)\n}\nCall log:\n-   - navigating to \"https://partner-staging.stashfin.com/?secret=DFzPTDKtET9o1Z&utm_source=hindustan_live\", waiting until \"load\"\n","time":{"start":1751435850045,"stop":1751435850046,"duration":1}}],"categories":[],"tags":[]},"source":"f018587f278ea9e6.json","parameterValues":[]}