{"uid":"f1d7af026abf4e0f","name":"Test complete Reference Details form flow","fullName":"TC23_testCompleteReferenceDetailsFormFlow (Reference Details)","historyId":"9dd26049af056336158b042ddb0e02b0","time":{"start":1751443042375,"stop":1751443042400,"duration":25},"status":"failed","statusMessage":"Reference 1 mobile should be filled expected [8715299802] but found [87152 99802]","statusTrace":"java.lang.AssertionError: Reference 1 mobile should be filled expected [8715299802] but found [87152 99802]\n\tat org.testng.Assert.fail(Assert.java:111)\n\tat org.testng.Assert.failNotEquals(Assert.java:1590)\n\tat org.testng.Assert.assertEqualsImpl(Assert.java:150)\n\tat org.testng.Assert.assertEquals(Assert.java:132)\n\tat org.testng.Assert.assertEquals(Assert.java:656)\n\tat testClassPool.ReferenceDetailPageTest.TC23_testCompleteReferenceDetailsFormFlow(ReferenceDetailPageTest.java:744)\n\tat java.base/jdk.internal.reflect.NativeMethodAccessorImpl.invoke0(Native Method)\n\tat java.base/jdk.internal.reflect.NativeMethodAccessorImpl.invoke(NativeMethodAccessorImpl.java:77)\n\tat java.base/jdk.internal.reflect.DelegatingMethodAccessorImpl.invoke(DelegatingMethodAccessorImpl.java:43)\n\tat java.base/java.lang.reflect.Method.invoke(Method.java:568)\n\tat org.testng.internal.invokers.MethodInvocationHelper.invokeMethod(MethodInvocationHelper.java:141)\n\tat org.testng.internal.invokers.TestInvoker.invokeMethod(TestInvoker.java:687)\n\tat org.testng.internal.invokers.TestInvoker.invokeTestMethod(TestInvoker.java:230)\n\tat org.testng.internal.invokers.MethodRunner.runInSequence(MethodRunner.java:63)\n\tat org.testng.internal.invokers.TestInvoker$MethodInvocationAgent.invoke(TestInvoker.java:995)\n\tat org.testng.internal.invokers.TestInvoker.invokeTestMethods(TestInvoker.java:203)\n\tat org.testng.internal.invokers.TestMethodWorker.invokeTestMethods(TestMethodWorker.java:154)\n\tat org.testng.internal.invokers.TestMethodWorker.run(TestMethodWorker.java:134)\n\tat java.base/java.util.ArrayList.forEach(ArrayList.java:1511)\n\tat org.testng.TestRunner.privateRun(TestRunner.java:741)\n\tat org.testng.TestRunner.run(TestRunner.java:616)\n\tat org.testng.SuiteRunner.runTest(SuiteRunner.java:421)\n\tat org.testng.SuiteRunner$SuiteWorker.run(SuiteRunner.java:463)\n\tat org.testng.internal.thread.ThreadUtil.lambda$execute$0(ThreadUtil.java:64)\n\tat java.base/java.util.concurrent.FutureTask.run(FutureTask.java:264)\n\tat java.base/java.util.concurrent.ThreadPoolExecutor.runWorker(ThreadPoolExecutor.java:1136)\n\tat java.base/java.util.concurrent.ThreadPoolExecutor$Worker.run(ThreadPoolExecutor.java:635)\n\tat java.base/java.lang.Thread.run(Thread.java:842)\n","flaky":false,"newFailed":false,"newBroken":false,"newPassed":false,"retriesCount":0,"retriesStatusChange":false,"beforeStages":[{"name":"setUp","time":{"start":1751443017660,"stop":1751443019307,"duration":1647},"description":"","status":"passed","steps":[],"attachments":[],"parameters":[],"shouldDisplayMessage":false,"stepsCount":0,"attachmentsCount":0,"hasContent":false,"attachmentStep":false},{"name":"setUp","time":{"start":1751443019308,"stop":1751443042371,"duration":23063},"description":"","status":"passed","steps":[],"attachments":[{"uid":"744a0573996a4e3","name":"UI Error Message","source":"744a0573996a4e3.txt","type":"text/plain","size":46},{"uid":"9bb2ae83e345b683","name":"Modal Screenshot","source":"9bb2ae83e345b683.png","type":"image/png","size":42122},{"uid":"a10b58511e03da78","name":"Retry Info","source":"a10b58511e03da78.txt","type":"text/plain","size":51}],"parameters":[],"shouldDisplayMessage":false,"stepsCount":0,"attachmentsCount":3,"hasContent":true,"attachmentStep":false}],"testStage":{"status":"failed","statusMessage":"Reference 1 mobile should be filled expected [8715299802] but found [87152 99802]","statusTrace":"java.lang.AssertionError: Reference 1 mobile should be filled expected [8715299802] but found [87152 99802]\n\tat org.testng.Assert.fail(Assert.java:111)\n\tat org.testng.Assert.failNotEquals(Assert.java:1590)\n\tat org.testng.Assert.assertEqualsImpl(Assert.java:150)\n\tat org.testng.Assert.assertEquals(Assert.java:132)\n\tat org.testng.Assert.assertEquals(Assert.java:656)\n\tat testClassPool.ReferenceDetailPageTest.TC23_testCompleteReferenceDetailsFormFlow(ReferenceDetailPageTest.java:744)\n\tat java.base/jdk.internal.reflect.NativeMethodAccessorImpl.invoke0(Native Method)\n\tat java.base/jdk.internal.reflect.NativeMethodAccessorImpl.invoke(NativeMethodAccessorImpl.java:77)\n\tat java.base/jdk.internal.reflect.DelegatingMethodAccessorImpl.invoke(DelegatingMethodAccessorImpl.java:43)\n\tat java.base/java.lang.reflect.Method.invoke(Method.java:568)\n\tat org.testng.internal.invokers.MethodInvocationHelper.invokeMethod(MethodInvocationHelper.java:141)\n\tat org.testng.internal.invokers.TestInvoker.invokeMethod(TestInvoker.java:687)\n\tat org.testng.internal.invokers.TestInvoker.invokeTestMethod(TestInvoker.java:230)\n\tat org.testng.internal.invokers.MethodRunner.runInSequence(MethodRunner.java:63)\n\tat org.testng.internal.invokers.TestInvoker$MethodInvocationAgent.invoke(TestInvoker.java:995)\n\tat org.testng.internal.invokers.TestInvoker.invokeTestMethods(TestInvoker.java:203)\n\tat org.testng.internal.invokers.TestMethodWorker.invokeTestMethods(TestMethodWorker.java:154)\n\tat org.testng.internal.invokers.TestMethodWorker.run(TestMethodWorker.java:134)\n\tat java.base/java.util.ArrayList.forEach(ArrayList.java:1511)\n\tat org.testng.TestRunner.privateRun(TestRunner.java:741)\n\tat org.testng.TestRunner.run(TestRunner.java:616)\n\tat org.testng.SuiteRunner.runTest(SuiteRunner.java:421)\n\tat org.testng.SuiteRunner$SuiteWorker.run(SuiteRunner.java:463)\n\tat org.testng.internal.thread.ThreadUtil.lambda$execute$0(ThreadUtil.java:64)\n\tat java.base/java.util.concurrent.FutureTask.run(FutureTask.java:264)\n\tat java.base/java.util.concurrent.ThreadPoolExecutor.runWorker(ThreadPoolExecutor.java:1136)\n\tat java.base/java.util.concurrent.ThreadPoolExecutor$Worker.run(ThreadPoolExecutor.java:635)\n\tat java.base/java.lang.Thread.run(Thread.java:842)\n","steps":[],"attachments":[{"uid":"b54660ef810c77d","name":"Platform","source":"b54660ef810c77d.txt","type":"text/plain","size":8},{"uid":"67344c0dec964c37","name":"Test Framework","source":"67344c0dec964c37.txt","type":"text/plain","size":6},{"uid":"aa1c10a7b591ebba","name":"Java Version","source":"aa1c10a7b591ebba.txt","type":"text/plain","size":7},{"uid":"7b608e6c10921b90","name":"Browser","source":"7b608e6c10921b90.txt","type":"text/plain","size":6},{"uid":"7dbd9b0cc05a7688","name":"Automation Tool","source":"7dbd9b0cc05a7688.txt","type":"text/plain","size":10},{"uid":"d046ebc1d21644bd","name":"Test Duration","source":"d046ebc1d21644bd.txt","type":"text/plain","size":15},{"uid":"552a459b3d3e13c8","name":"Test Status","source":"552a459b3d3e13c8.txt","type":"text/plain","size":6},{"uid":"f357b140e8d9f23d","name":"Error Stack Trace","source":"f357b140e8d9f23d.txt","type":"text/plain","size":2009},{"uid":"74895ef5a3ca6dbb","name":"Error Message","source":"74895ef5a3ca6dbb.txt","type":"text/plain","size":81}],"parameters":[],"shouldDisplayMessage":true,"stepsCount":0,"attachmentsCount":9,"hasContent":true,"attachmentStep":false},"afterStages":[{"name":"tearDown","time":{"start":1751443042401,"stop":1751443042558,"duration":157},"description":"","status":"passed","steps":[],"attachments":[{"uid":"e95f4734adee07c8","name":"All Failed APIs","source":"e95f4734adee07c8.txt","type":"text/plain","size":595}],"parameters":[],"shouldDisplayMessage":false,"stepsCount":0,"attachmentsCount":1,"hasContent":true,"attachmentStep":false}],"labels":[{"name":"package","value":"testClassPool.ReferenceDetailPageTest"},{"name":"testClass","value":"testClassPool.ReferenceDetailPageTest"},{"name":"testMethod","value":"TC23_testCompleteReferenceDetailsFormFlow"},{"name":"parentSuite","value":"Failed suite [Stashfin Web Automation Suite]"},{"name":"suite","value":"Stashfin Web Test Run(failed)"},{"name":"subSuite","value":"testClassPool.ReferenceDetailPageTest"},{"name":"host","value":"MacBook-Pro.local"},{"name":"thread","value":"29295@MacBook-Pro.local.TestNG-tests-1(28)"},{"name":"framework","value":"testng"},{"name":"language","value":"java"},{"name":"resultFormat","value":"allure2"}],"parameters":[],"links":[],"hidden":true,"retry":true,"extra":{"categories":[],"tags":[]},"source":"f1d7af026abf4e0f.json","parameterValues":[]}