{"uid":"f750a4544b125c35","name":"testFillFormWithSelfOwnedAndContinue","fullName":"testFillFormWithSelfOwnedAndContinue (General)","historyId":"ef0b9ba57e4888ec985a3dd067191eff","time":{"start":1751479810657,"stop":1751479810658,"duration":1},"status":"skipped","statusMessage":"Failed to navigate to OTP screen. User is stuck on mobile number screen after clicking Continue button. Please check mobile number validation or network connectivity.","statusTrace":"java.lang.AssertionError: Failed to navigate to OTP screen. User is stuck on mobile number screen after clicking Continue button. Please check mobile number validation or network connectivity.\n\tat TestUtils.LoginUtility.signUP(LoginUtility.java:136)\n\tat TestUtils.LoanJourneyFlow.login(LoanJourneyFlow.java:21)\n\tat TestUtils.LoanJourneyFlow.reachJustAFewMoreDetailsToProceedPage(LoanJourneyFlow.java:819)\n\tat testClassPool.JustAFewMoreDetailsToProccedTest.setUp(JustAFewMoreDetailsToProccedTest.java:20)\n\tat java.base/jdk.internal.reflect.DirectMethodHandleAccessor.invoke(DirectMethodHandleAccessor.java:103)\n\tat java.base/java.lang.reflect.Method.invoke(Method.java:580)\n\tat org.testng.internal.invokers.MethodInvocationHelper.invokeMethod(MethodInvocationHelper.java:141)\n\tat org.testng.internal.invokers.MethodInvocationHelper.invokeMethodConsideringTimeout(MethodInvocationHelper.java:71)\n\tat org.testng.internal.invokers.ConfigInvoker.invokeConfigurationMethod(ConfigInvoker.java:400)\n\tat org.testng.internal.invokers.ConfigInvoker.invokeConfigurations(ConfigInvoker.java:333)\n\tat org.testng.internal.invokers.TestInvoker.runConfigMethods(TestInvoker.java:836)\n\tat org.testng.internal.invokers.TestInvoker.invokeMethod(TestInvoker.java:601)\n\tat org.testng.internal.invokers.TestInvoker.invokeTestMethod(TestInvoker.java:230)\n\tat org.testng.internal.invokers.MethodRunner.runInSequence(MethodRunner.java:63)\n\tat org.testng.internal.invokers.TestInvoker$MethodInvocationAgent.invoke(TestInvoker.java:995)\n\tat org.testng.internal.invokers.TestInvoker.invokeTestMethods(TestInvoker.java:203)\n\tat org.testng.internal.invokers.TestMethodWorker.invokeTestMethods(TestMethodWorker.java:154)\n\tat org.testng.internal.invokers.TestMethodWorker.run(TestMethodWorker.java:134)\n\tat java.base/java.util.ArrayList.forEach(ArrayList.java:1597)\n\tat org.testng.TestRunner.privateRun(TestRunner.java:741)\n\tat org.testng.TestRunner.run(TestRunner.java:616)\n\tat org.testng.SuiteRunner.runTest(SuiteRunner.java:421)\n\tat org.testng.SuiteRunner$SuiteWorker.run(SuiteRunner.java:463)\n\tat org.testng.internal.thread.ThreadUtil.lambda$execute$0(ThreadUtil.java:64)\n\tat java.base/java.util.concurrent.FutureTask.run(FutureTask.java:317)\n\tat java.base/java.util.concurrent.ThreadPoolExecutor.runWorker(ThreadPoolExecutor.java:1144)\n\tat java.base/java.util.concurrent.ThreadPoolExecutor$Worker.run(ThreadPoolExecutor.java:642)\n\tat java.base/java.lang.Thread.run(Thread.java:1575)\n","flaky":false,"newFailed":false,"newBroken":false,"newPassed":false,"retriesCount":0,"retriesStatusChange":false,"beforeStages":[{"name":"setUp","time":{"start":1751479809311,"stop":1751479810653,"duration":1342},"description":"","status":"passed","steps":[],"attachments":[],"parameters":[],"shouldDisplayMessage":false,"attachmentsCount":0,"attachmentStep":false,"stepsCount":0,"hasContent":false},{"name":"setUp","time":{"start":1751479810654,"stop":1751479810654,"duration":0},"description":"","status":"broken","steps":[],"attachments":[],"parameters":[],"shouldDisplayMessage":false,"attachmentsCount":0,"attachmentStep":false,"stepsCount":0,"hasContent":false}],"testStage":{"status":"skipped","statusMessage":"Failed to navigate to OTP screen. User is stuck on mobile number screen after clicking Continue button. Please check mobile number validation or network connectivity.","statusTrace":"java.lang.AssertionError: Failed to navigate to OTP screen. User is stuck on mobile number screen after clicking Continue button. Please check mobile number validation or network connectivity.\n\tat TestUtils.LoginUtility.signUP(LoginUtility.java:136)\n\tat TestUtils.LoanJourneyFlow.login(LoanJourneyFlow.java:21)\n\tat TestUtils.LoanJourneyFlow.reachJustAFewMoreDetailsToProceedPage(LoanJourneyFlow.java:819)\n\tat testClassPool.JustAFewMoreDetailsToProccedTest.setUp(JustAFewMoreDetailsToProccedTest.java:20)\n\tat java.base/jdk.internal.reflect.DirectMethodHandleAccessor.invoke(DirectMethodHandleAccessor.java:103)\n\tat java.base/java.lang.reflect.Method.invoke(Method.java:580)\n\tat org.testng.internal.invokers.MethodInvocationHelper.invokeMethod(MethodInvocationHelper.java:141)\n\tat org.testng.internal.invokers.MethodInvocationHelper.invokeMethodConsideringTimeout(MethodInvocationHelper.java:71)\n\tat org.testng.internal.invokers.ConfigInvoker.invokeConfigurationMethod(ConfigInvoker.java:400)\n\tat org.testng.internal.invokers.ConfigInvoker.invokeConfigurations(ConfigInvoker.java:333)\n\tat org.testng.internal.invokers.TestInvoker.runConfigMethods(TestInvoker.java:836)\n\tat org.testng.internal.invokers.TestInvoker.invokeMethod(TestInvoker.java:601)\n\tat org.testng.internal.invokers.TestInvoker.invokeTestMethod(TestInvoker.java:230)\n\tat org.testng.internal.invokers.MethodRunner.runInSequence(MethodRunner.java:63)\n\tat org.testng.internal.invokers.TestInvoker$MethodInvocationAgent.invoke(TestInvoker.java:995)\n\tat org.testng.internal.invokers.TestInvoker.invokeTestMethods(TestInvoker.java:203)\n\tat org.testng.internal.invokers.TestMethodWorker.invokeTestMethods(TestMethodWorker.java:154)\n\tat org.testng.internal.invokers.TestMethodWorker.run(TestMethodWorker.java:134)\n\tat java.base/java.util.ArrayList.forEach(ArrayList.java:1597)\n\tat org.testng.TestRunner.privateRun(TestRunner.java:741)\n\tat org.testng.TestRunner.run(TestRunner.java:616)\n\tat org.testng.SuiteRunner.runTest(SuiteRunner.java:421)\n\tat org.testng.SuiteRunner$SuiteWorker.run(SuiteRunner.java:463)\n\tat org.testng.internal.thread.ThreadUtil.lambda$execute$0(ThreadUtil.java:64)\n\tat java.base/java.util.concurrent.FutureTask.run(FutureTask.java:317)\n\tat java.base/java.util.concurrent.ThreadPoolExecutor.runWorker(ThreadPoolExecutor.java:1144)\n\tat java.base/java.util.concurrent.ThreadPoolExecutor$Worker.run(ThreadPoolExecutor.java:642)\n\tat java.base/java.lang.Thread.run(Thread.java:1575)\n","steps":[{"name":"Add Environment Info","time":{"start":1751479810657,"stop":1751479810657,"duration":0},"status":"passed","steps":[],"attachments":[{"uid":"cb5718023b829d0b","name":"Platform","source":"cb5718023b829d0b.txt","type":"text/plain","size":8},{"uid":"520beaf15fc9252e","name":"Test Framework","source":"520beaf15fc9252e.txt","type":"text/plain","size":6},{"uid":"ce8c460085868209","name":"Java Version","source":"ce8c460085868209.txt","type":"text/plain","size":6},{"uid":"f1bd2e5807105de2","name":"Browser","source":"f1bd2e5807105de2.txt","type":"text/plain","size":6},{"uid":"55f060e047af0787","name":"Automation Tool","source":"55f060e047af0787.txt","type":"text/plain","size":10}],"parameters":[],"shouldDisplayMessage":false,"attachmentsCount":5,"attachmentStep":false,"stepsCount":0,"hasContent":true},{"name":"Add Test Metrics","time":{"start":1751479810657,"stop":1751479810658,"duration":1},"status":"passed","steps":[],"attachments":[{"uid":"5a74994a82b75e65","name":"Test Duration","source":"5a74994a82b75e65.txt","type":"text/plain","size":14},{"uid":"d739d726cf46feda","name":"Test Status","source":"d739d726cf46feda.txt","type":"text/plain","size":7}],"parameters":[{"name":"testName","value":"testFillFormWithSelfOwnedAndContinue"},{"name":"status","value":"SKIPPED"},{"name":"duration","value":"0"}],"shouldDisplayMessage":false,"attachmentsCount":2,"attachmentStep":false,"stepsCount":0,"hasContent":true},{"name":"Add Trend Data","time":{"start":1751479810658,"stop":1751479810658,"duration":0},"status":"passed","steps":[],"attachments":[],"parameters":[{"name":"testName","value":"testFillFormWithSelfOwnedAndContinue"},{"name":"status","value":"SKIPPED"},{"name":"duration","value":"0"}],"shouldDisplayMessage":false,"attachmentsCount":0,"attachmentStep":false,"stepsCount":0,"hasContent":true}],"attachments":[],"parameters":[],"shouldDisplayMessage":true,"attachmentsCount":7,"attachmentStep":false,"stepsCount":3,"hasContent":true},"afterStages":[{"name":"tearDown","time":{"start":1751479810658,"stop":1751479810741,"duration":83},"description":"","status":"passed","steps":[],"attachments":[],"parameters":[],"shouldDisplayMessage":false,"attachmentsCount":0,"attachmentStep":false,"stepsCount":0,"hasContent":false}],"labels":[{"name":"package","value":"testClassPool.JustAFewMoreDetailsToProccedTest"},{"name":"testClass","value":"testClassPool.JustAFewMoreDetailsToProccedTest"},{"name":"testMethod","value":"testFillFormWithSelfOwnedAndContinue"},{"name":"parentSuite","value":"Stashfin Web Automation Suite"},{"name":"suite","value":"Stashfin Web Test Run"},{"name":"subSuite","value":"testClassPool.JustAFewMoreDetailsToProccedTest"},{"name":"host","value":"MacBook-Pro.local"},{"name":"thread","value":"49796@MacBook-Pro.local.TestNG-tests-1(47)"},{"name":"framework","value":"testng"},{"name":"language","value":"java"},{"name":"resultFormat","value":"allure2"}],"parameters":[],"links":[],"hidden":true,"retry":true,"extra":{"categories":[],"tags":[]},"source":"f750a4544b125c35.json","parameterValues":[]}