{"uid":"fdd20b5298037c7a","name":"TC09 - Verify header, icon, and footer elements are present on review screen","fullName":"TC09_verifyHeaderIconFooterElementsPresent (General)","historyId":"e0b5682cff1ac3b202da5f6c61b1282a","time":{"start":1752213741884,"stop":1752213741887,"duration":3},"status":"skipped","statusMessage":"Reference 1 Name input field is not visible. The page may not have loaded properly or the element locator may be incorrect.","statusTrace":"java.lang.AssertionError: Reference 1 Name input field is not visible. The page may not have loaded properly or the element locator may be incorrect.\n\tat TestUtils.LoanJourneyFlow.fillReferences(LoanJourneyFlow.java:589)\n\tat TestUtils.LoanJourneyFlow.reachJustAFewMoreDetailsToProceedPage(LoanJourneyFlow.java:1133)\n\tat TestUtils.LoanJourneyFlow.reachUPIAutoPayPage(LoanJourneyFlow.java:1284)\n\tat TestUtils.LoanJourneyFlow.reachDIGIOScreen(LoanJourneyFlow.java:1355)\n\tat TestUtils.LoanJourneyFlow.reachApplicationReviewScreen(LoanJourneyFlow.java:1406)\n\tat testClassPool.ApplicationReviewScreenTest.setUp(ApplicationReviewScreenTest.java:23)\n\tat java.base/jdk.internal.reflect.NativeMethodAccessorImpl.invoke0(Native Method)\n\tat java.base/jdk.internal.reflect.NativeMethodAccessorImpl.invoke(NativeMethodAccessorImpl.java:77)\n\tat java.base/jdk.internal.reflect.DelegatingMethodAccessorImpl.invoke(DelegatingMethodAccessorImpl.java:43)\n\tat java.base/java.lang.reflect.Method.invoke(Method.java:568)\n\tat org.testng.internal.invokers.MethodInvocationHelper.invokeMethod(MethodInvocationHelper.java:141)\n\tat org.testng.internal.invokers.MethodInvocationHelper.invokeMethodConsideringTimeout(MethodInvocationHelper.java:71)\n\tat org.testng.internal.invokers.ConfigInvoker.invokeConfigurationMethod(ConfigInvoker.java:400)\n\tat org.testng.internal.invokers.ConfigInvoker.invokeConfigurations(ConfigInvoker.java:333)\n\tat org.testng.internal.invokers.TestInvoker.runConfigMethods(TestInvoker.java:836)\n\tat org.testng.internal.invokers.TestInvoker.invokeMethod(TestInvoker.java:601)\n\tat org.testng.internal.invokers.TestInvoker.invokeTestMethod(TestInvoker.java:230)\n\tat org.testng.internal.invokers.MethodRunner.runInSequence(MethodRunner.java:63)\n\tat org.testng.internal.invokers.TestInvoker$MethodInvocationAgent.invoke(TestInvoker.java:995)\n\tat org.testng.internal.invokers.TestInvoker.invokeTestMethods(TestInvoker.java:203)\n\tat org.testng.internal.invokers.TestMethodWorker.invokeTestMethods(TestMethodWorker.java:154)\n\tat org.testng.internal.invokers.TestMethodWorker.run(TestMethodWorker.java:134)\n\tat java.base/java.util.concurrent.Executors$RunnableAdapter.call(Executors.java:539)\n\tat java.base/java.util.concurrent.FutureTask.run(FutureTask.java:264)\n\tat org.testng.internal.thread.graph.TestNGFutureTask.run(TestNGFutureTask.java:22)\n\tat java.base/java.util.concurrent.ThreadPoolExecutor.runWorker(ThreadPoolExecutor.java:1136)\n\tat java.base/java.util.concurrent.ThreadPoolExecutor$Worker.run(ThreadPoolExecutor.java:635)\n\tat java.base/java.lang.Thread.run(Thread.java:833)\n","flaky":false,"newFailed":false,"newBroken":false,"newPassed":false,"retriesCount":0,"retriesStatusChange":false,"beforeStages":[{"name":"setUp","time":{"start":1752213721432,"stop":1752213722345,"duration":913},"description":"","status":"passed","steps":[],"attachments":[],"parameters":[],"shouldDisplayMessage":false,"stepsCount":0,"attachmentsCount":0,"hasContent":false,"attachmentStep":false},{"name":"setUp","time":{"start":1752213722346,"stop":1752213741878,"duration":19532},"description":"","status":"broken","statusMessage":"Error {\n  message='Error: strict mode violation: locator(\"div.modal-overlay\") resolved to 2 elements:\n    1) <div class=\"modal-overlay \">…</div> aka locator(\"div\").filter(new Locator.FilterOptions().setHasText(\"Please check your internet or try again later.Close\")).nth(3)\n    2) <div class=\"modal-overlay \">…</div> aka locator(\"div\").filter(new Locator.FilterOptions().setHasText(Pattern.compile(\"^UTM not provided\\\\.Close$\"))).first()\n\n  name='Error\n  stack='Error: Error: strict mode violation: locator(\"div.modal-overlay\") resolved to 2 elements:\n    1) <div class=\"modal-overlay \">…</div> aka locator(\"div\").filter(new Locator.FilterOptions().setHasText(\"Please check your internet or try again later.Close\")).nth(3)\n    2) <div class=\"modal-overlay \">…</div> aka locator(\"div\").filter(new Locator.FilterOptions().setHasText(Pattern.compile(\"^UTM not provided\\\\.Close$\"))).first()\n\n    at CRExecutionContext.evaluateWithArguments (/tmp/playwright-java-15322163429901230928/package/lib/server/chromium/crExecutionContext.js:79:13)\n    at async LongStandingScope._race (/tmp/playwright-java-15322163429901230928/package/lib/utils/isomorphic/manualPromise.js:95:14)\n    at async evaluateExpression (/tmp/playwright-java-15322163429901230928/package/lib/server/javascript.js:223:12)\n    at async Frame.isVisibleInternal (/tmp/playwright-java-15322163429901230928/package/lib/server/frames.js:1115:14)\n    at async /tmp/playwright-java-15322163429901230928/package/lib/server/frames.js:1107:14\n    at async ProgressController.run (/tmp/playwright-java-15322163429901230928/package/lib/server/progress.js:80:22)\n    at async FrameDispatcher.isVisible (/tmp/playwright-java-15322163429901230928/package/lib/server/dispatchers/frameDispatcher.js:171:21)\n    at async LongStandingScope._race (/tmp/playwright-java-15322163429901230928/package/lib/utils/isomorphic/manualPromise.js:95:14)\n    at async FrameDispatcher._handleCommand (/tmp/playwright-java-15322163429901230928/package/lib/server/dispatchers/dispatcher.js:96:14)\n    at async DispatcherConnection.dispatch (/tmp/playwright-java-15322163429901230928/package/lib/server/dispatchers/dispatcher.js:307:22)\n}\nCall log:\n-     - checking visibility of locator(\"div.modal-overlay\")\n","statusTrace":"com.microsoft.playwright.PlaywrightException: Error {\n  message='Error: strict mode violation: locator(\"div.modal-overlay\") resolved to 2 elements:\n    1) <div class=\"modal-overlay \">…</div> aka locator(\"div\").filter(new Locator.FilterOptions().setHasText(\"Please check your internet or try again later.Close\")).nth(3)\n    2) <div class=\"modal-overlay \">…</div> aka locator(\"div\").filter(new Locator.FilterOptions().setHasText(Pattern.compile(\"^UTM not provided\\\\.Close$\"))).first()\n\n  name='Error\n  stack='Error: Error: strict mode violation: locator(\"div.modal-overlay\") resolved to 2 elements:\n    1) <div class=\"modal-overlay \">…</div> aka locator(\"div\").filter(new Locator.FilterOptions().setHasText(\"Please check your internet or try again later.Close\")).nth(3)\n    2) <div class=\"modal-overlay \">…</div> aka locator(\"div\").filter(new Locator.FilterOptions().setHasText(Pattern.compile(\"^UTM not provided\\\\.Close$\"))).first()\n\n    at CRExecutionContext.evaluateWithArguments (/tmp/playwright-java-15322163429901230928/package/lib/server/chromium/crExecutionContext.js:79:13)\n    at async LongStandingScope._race (/tmp/playwright-java-15322163429901230928/package/lib/utils/isomorphic/manualPromise.js:95:14)\n    at async evaluateExpression (/tmp/playwright-java-15322163429901230928/package/lib/server/javascript.js:223:12)\n    at async Frame.isVisibleInternal (/tmp/playwright-java-15322163429901230928/package/lib/server/frames.js:1115:14)\n    at async /tmp/playwright-java-15322163429901230928/package/lib/server/frames.js:1107:14\n    at async ProgressController.run (/tmp/playwright-java-15322163429901230928/package/lib/server/progress.js:80:22)\n    at async FrameDispatcher.isVisible (/tmp/playwright-java-15322163429901230928/package/lib/server/dispatchers/frameDispatcher.js:171:21)\n    at async LongStandingScope._race (/tmp/playwright-java-15322163429901230928/package/lib/utils/isomorphic/manualPromise.js:95:14)\n    at async FrameDispatcher._handleCommand (/tmp/playwright-java-15322163429901230928/package/lib/server/dispatchers/dispatcher.js:96:14)\n    at async DispatcherConnection.dispatch (/tmp/playwright-java-15322163429901230928/package/lib/server/dispatchers/dispatcher.js:307:22)\n}\nCall log:\n-     - checking visibility of locator(\"div.modal-overlay\")\n\n\tat com.microsoft.playwright.impl.WaitableResult.get(WaitableResult.java:56)\n\tat com.microsoft.playwright.impl.ChannelOwner.runUntil(ChannelOwner.java:132)\n\tat com.microsoft.playwright.impl.Connection.sendMessage(Connection.java:130)\n\tat com.microsoft.playwright.impl.ChannelOwner.sendMessage(ChannelOwner.java:118)\n\tat com.microsoft.playwright.impl.FrameImpl.isVisibleImpl(FrameImpl.java:641)\n\tat com.microsoft.playwright.impl.FrameImpl.lambda$isVisible$29(FrameImpl.java:627)\n\tat com.microsoft.playwright.impl.LoggingSupport.withLogging(LoggingSupport.java:47)\n\tat com.microsoft.playwright.impl.ChannelOwner.withLogging(ChannelOwner.java:97)\n\tat com.microsoft.playwright.impl.FrameImpl.isVisible(FrameImpl.java:627)\n\tat com.microsoft.playwright.impl.LocatorImpl.isVisible(LocatorImpl.java:431)\n\tat com.microsoft.playwright.Locator.isVisible(Locator.java:4092)\n\tat homeBase.Helper.clickElement(Helper.java:22)\n\tat pages.ht_media.BasicDetailPage.clickSubmit(BasicDetailPage.java:96)\n\tat TestUtils.LoanJourneyFlow.fillBasicDetails(LoanJourneyFlow.java:162)\n\tat TestUtils.LoanJourneyFlow.reachJustAFewMoreDetailsToProceedPage(LoanJourneyFlow.java:1130)\n\tat TestUtils.LoanJourneyFlow.reachUPIAutoPayPage(LoanJourneyFlow.java:1284)\n\tat TestUtils.LoanJourneyFlow.reachDIGIOScreen(LoanJourneyFlow.java:1355)\n\tat TestUtils.LoanJourneyFlow.reachApplicationReviewScreen(LoanJourneyFlow.java:1406)\n\tat testClassPool.ApplicationReviewScreenTest.setUp(ApplicationReviewScreenTest.java:23)\n\tat java.base/jdk.internal.reflect.NativeMethodAccessorImpl.invoke0(Native Method)\n\tat java.base/jdk.internal.reflect.NativeMethodAccessorImpl.invoke(NativeMethodAccessorImpl.java:77)\n\tat java.base/jdk.internal.reflect.DelegatingMethodAccessorImpl.invoke(DelegatingMethodAccessorImpl.java:43)\n\tat java.base/java.lang.reflect.Method.invoke(Method.java:568)\n\tat org.testng.internal.invokers.MethodInvocationHelper.invokeMethod(MethodInvocationHelper.java:141)\n\tat org.testng.internal.invokers.MethodInvocationHelper.invokeMethodConsideringTimeout(MethodInvocationHelper.java:71)\n\tat org.testng.internal.invokers.ConfigInvoker.invokeConfigurationMethod(ConfigInvoker.java:400)\n\tat org.testng.internal.invokers.ConfigInvoker.invokeConfigurations(ConfigInvoker.java:333)\n\tat org.testng.internal.invokers.TestInvoker.runConfigMethods(TestInvoker.java:836)\n\tat org.testng.internal.invokers.TestInvoker.invokeMethod(TestInvoker.java:601)\n\tat org.testng.internal.invokers.TestInvoker.invokeTestMethod(TestInvoker.java:230)\n\tat org.testng.internal.invokers.MethodRunner.runInSequence(MethodRunner.java:63)\n\tat org.testng.internal.invokers.TestInvoker$MethodInvocationAgent.invoke(TestInvoker.java:995)\n\tat org.testng.internal.invokers.TestInvoker.invokeTestMethods(TestInvoker.java:203)\n\tat org.testng.internal.invokers.TestMethodWorker.invokeTestMethods(TestMethodWorker.java:154)\n\tat org.testng.internal.invokers.TestMethodWorker.run(TestMethodWorker.java:134)\n\tat java.base/java.util.concurrent.Executors$RunnableAdapter.call(Executors.java:539)\n\tat java.base/java.util.concurrent.FutureTask.run(FutureTask.java:264)\n\tat org.testng.internal.thread.graph.TestNGFutureTask.run(TestNGFutureTask.java:22)\n\tat java.base/java.util.concurrent.ThreadPoolExecutor.runWorker(ThreadPoolExecutor.java:1136)\n\tat java.base/java.util.concurrent.ThreadPoolExecutor$Worker.run(ThreadPoolExecutor.java:635)\n\tat java.base/java.lang.Thread.run(Thread.java:833)\nCaused by: com.microsoft.playwright.impl.DriverException: Error {\n  message='Error: strict mode violation: locator(\"div.modal-overlay\") resolved to 2 elements:\n    1) <div class=\"modal-overlay \">…</div> aka locator(\"div\").filter(new Locator.FilterOptions().setHasText(\"Please check your internet or try again later.Close\")).nth(3)\n    2) <div class=\"modal-overlay \">…</div> aka locator(\"div\").filter(new Locator.FilterOptions().setHasText(Pattern.compile(\"^UTM not provided\\\\.Close$\"))).first()\n\n  name='Error\n  stack='Error: Error: strict mode violation: locator(\"div.modal-overlay\") resolved to 2 elements:\n    1) <div class=\"modal-overlay \">…</div> aka locator(\"div\").filter(new Locator.FilterOptions().setHasText(\"Please check your internet or try again later.Close\")).nth(3)\n    2) <div class=\"modal-overlay \">…</div> aka locator(\"div\").filter(new Locator.FilterOptions().setHasText(Pattern.compile(\"^UTM not provided\\\\.Close$\"))).first()\n\n    at CRExecutionContext.evaluateWithArguments (/tmp/playwright-java-15322163429901230928/package/lib/server/chromium/crExecutionContext.js:79:13)\n    at async LongStandingScope._race (/tmp/playwright-java-15322163429901230928/package/lib/utils/isomorphic/manualPromise.js:95:14)\n    at async evaluateExpression (/tmp/playwright-java-15322163429901230928/package/lib/server/javascript.js:223:12)\n    at async Frame.isVisibleInternal (/tmp/playwright-java-15322163429901230928/package/lib/server/frames.js:1115:14)\n    at async /tmp/playwright-java-15322163429901230928/package/lib/server/frames.js:1107:14\n    at async ProgressController.run (/tmp/playwright-java-15322163429901230928/package/lib/server/progress.js:80:22)\n    at async FrameDispatcher.isVisible (/tmp/playwright-java-15322163429901230928/package/lib/server/dispatchers/frameDispatcher.js:171:21)\n    at async LongStandingScope._race (/tmp/playwright-java-15322163429901230928/package/lib/utils/isomorphic/manualPromise.js:95:14)\n    at async FrameDispatcher._handleCommand (/tmp/playwright-java-15322163429901230928/package/lib/server/dispatchers/dispatcher.js:96:14)\n    at async DispatcherConnection.dispatch (/tmp/playwright-java-15322163429901230928/package/lib/server/dispatchers/dispatcher.js:307:22)\n}\nCall log:\n-     - checking visibility of locator(\"div.modal-overlay\")\n\n\tat com.microsoft.playwright.impl.Connection.dispatch(Connection.java:259)\n\tat com.microsoft.playwright.impl.Connection.processOneMessage(Connection.java:211)\n\tat com.microsoft.playwright.impl.ChannelOwner.runUntil(ChannelOwner.java:130)\n\t... 39 more\n","steps":[{"name":"Entering mobile number: 8332448158","time":{"start":1752213722888,"stop":1752213724004,"duration":1116},"status":"passed","steps":[],"attachments":[],"parameters":[{"name":"mobileNumber","value":"8332448158"}],"shouldDisplayMessage":false,"stepsCount":0,"attachmentsCount":0,"hasContent":true,"attachmentStep":false}],"attachments":[],"parameters":[],"shouldDisplayMessage":true,"stepsCount":1,"attachmentsCount":0,"hasContent":true,"attachmentStep":false}],"testStage":{"status":"skipped","statusMessage":"Reference 1 Name input field is not visible. The page may not have loaded properly or the element locator may be incorrect.","statusTrace":"java.lang.AssertionError: Reference 1 Name input field is not visible. The page may not have loaded properly or the element locator may be incorrect.\n\tat TestUtils.LoanJourneyFlow.fillReferences(LoanJourneyFlow.java:589)\n\tat TestUtils.LoanJourneyFlow.reachJustAFewMoreDetailsToProceedPage(LoanJourneyFlow.java:1133)\n\tat TestUtils.LoanJourneyFlow.reachUPIAutoPayPage(LoanJourneyFlow.java:1284)\n\tat TestUtils.LoanJourneyFlow.reachDIGIOScreen(LoanJourneyFlow.java:1355)\n\tat TestUtils.LoanJourneyFlow.reachApplicationReviewScreen(LoanJourneyFlow.java:1406)\n\tat testClassPool.ApplicationReviewScreenTest.setUp(ApplicationReviewScreenTest.java:23)\n\tat java.base/jdk.internal.reflect.NativeMethodAccessorImpl.invoke0(Native Method)\n\tat java.base/jdk.internal.reflect.NativeMethodAccessorImpl.invoke(NativeMethodAccessorImpl.java:77)\n\tat java.base/jdk.internal.reflect.DelegatingMethodAccessorImpl.invoke(DelegatingMethodAccessorImpl.java:43)\n\tat java.base/java.lang.reflect.Method.invoke(Method.java:568)\n\tat org.testng.internal.invokers.MethodInvocationHelper.invokeMethod(MethodInvocationHelper.java:141)\n\tat org.testng.internal.invokers.MethodInvocationHelper.invokeMethodConsideringTimeout(MethodInvocationHelper.java:71)\n\tat org.testng.internal.invokers.ConfigInvoker.invokeConfigurationMethod(ConfigInvoker.java:400)\n\tat org.testng.internal.invokers.ConfigInvoker.invokeConfigurations(ConfigInvoker.java:333)\n\tat org.testng.internal.invokers.TestInvoker.runConfigMethods(TestInvoker.java:836)\n\tat org.testng.internal.invokers.TestInvoker.invokeMethod(TestInvoker.java:601)\n\tat org.testng.internal.invokers.TestInvoker.invokeTestMethod(TestInvoker.java:230)\n\tat org.testng.internal.invokers.MethodRunner.runInSequence(MethodRunner.java:63)\n\tat org.testng.internal.invokers.TestInvoker$MethodInvocationAgent.invoke(TestInvoker.java:995)\n\tat org.testng.internal.invokers.TestInvoker.invokeTestMethods(TestInvoker.java:203)\n\tat org.testng.internal.invokers.TestMethodWorker.invokeTestMethods(TestMethodWorker.java:154)\n\tat org.testng.internal.invokers.TestMethodWorker.run(TestMethodWorker.java:134)\n\tat java.base/java.util.concurrent.Executors$RunnableAdapter.call(Executors.java:539)\n\tat java.base/java.util.concurrent.FutureTask.run(FutureTask.java:264)\n\tat org.testng.internal.thread.graph.TestNGFutureTask.run(TestNGFutureTask.java:22)\n\tat java.base/java.util.concurrent.ThreadPoolExecutor.runWorker(ThreadPoolExecutor.java:1136)\n\tat java.base/java.util.concurrent.ThreadPoolExecutor$Worker.run(ThreadPoolExecutor.java:635)\n\tat java.base/java.lang.Thread.run(Thread.java:833)\n","steps":[{"name":"Add Environment Info","time":{"start":1752213741885,"stop":1752213741887,"duration":2},"status":"passed","steps":[],"attachments":[{"uid":"915e76c43bbea98a","name":"Platform","source":"915e76c43bbea98a.txt","type":"text/plain","size":5},{"uid":"1bd605feab3707bd","name":"Test Framework","source":"1bd605feab3707bd.txt","type":"text/plain","size":6},{"uid":"6d0c11c6180c132","name":"Java Version","source":"6d0c11c6180c132.txt","type":"text/plain","size":6},{"uid":"f3a023cfbb8cdbca","name":"Browser","source":"f3a023cfbb8cdbca.txt","type":"text/plain","size":6},{"uid":"a8a04cad7dca8a48","name":"Automation Tool","source":"a8a04cad7dca8a48.txt","type":"text/plain","size":10}],"parameters":[],"shouldDisplayMessage":false,"stepsCount":0,"attachmentsCount":5,"hasContent":true,"attachmentStep":false},{"name":"Add Test Metrics","time":{"start":1752213741887,"stop":1752213741887,"duration":0},"status":"passed","steps":[],"attachments":[{"uid":"5d653018f541f8d3","name":"Test Duration","source":"5d653018f541f8d3.txt","type":"text/plain","size":14},{"uid":"5b59f5af7e3ef5c5","name":"Test Status","source":"5b59f5af7e3ef5c5.txt","type":"text/plain","size":7}],"parameters":[{"name":"testName","value":"TC09_verifyHeaderIconFooterElementsPresent"},{"name":"status","value":"SKIPPED"},{"name":"duration","value":"3"}],"shouldDisplayMessage":false,"stepsCount":0,"attachmentsCount":2,"hasContent":true,"attachmentStep":false},{"name":"Add Trend Data","time":{"start":1752213741887,"stop":1752213741887,"duration":0},"status":"passed","steps":[],"attachments":[],"parameters":[{"name":"testName","value":"TC09_verifyHeaderIconFooterElementsPresent"},{"name":"status","value":"SKIPPED"},{"name":"duration","value":"3"}],"shouldDisplayMessage":false,"stepsCount":0,"attachmentsCount":0,"hasContent":true,"attachmentStep":false}],"attachments":[],"parameters":[],"shouldDisplayMessage":true,"stepsCount":3,"attachmentsCount":7,"hasContent":true,"attachmentStep":false},"afterStages":[{"name":"tearDown","time":{"start":1752213741888,"stop":1752213741933,"duration":45},"description":"","status":"passed","steps":[],"attachments":[],"parameters":[],"shouldDisplayMessage":false,"stepsCount":0,"attachmentsCount":0,"hasContent":false,"attachmentStep":false}],"labels":[{"name":"package","value":"testClassPool.ApplicationReviewScreenTest"},{"name":"testClass","value":"testClassPool.ApplicationReviewScreenTest"},{"name":"testMethod","value":"TC09_verifyHeaderIconFooterElementsPresent"},{"name":"parentSuite","value":"Stashfin Web Automation Suite"},{"name":"suite","value":"Stashfin Web Test Run"},{"name":"subSuite","value":"testClassPool.ApplicationReviewScreenTest"},{"name":"host","value":"5df5600f7932"},{"name":"thread","value":"103@5df5600f7932.TestNG-test-Stashfin Web Test Run-1(31)"},{"name":"framework","value":"testng"},{"name":"language","value":"java"},{"name":"resultFormat","value":"allure2"}],"parameters":[],"links":[],"hidden":false,"retry":false,"extra":{"severity":"normal","retries":[],"categories":[],"tags":[]},"source":"fdd20b5298037c7a.json","parameterValues":[]}