{"uid":"ffab82b9b457e336","name":"Verify all transaction data retrieval","fullName":"testGetAllTransactionData (General)","historyId":"c463fac2290101f5323408493cbe29ca","time":{"start":1751444182878,"stop":1751444183774,"duration":896},"status":"broken","statusMessage":"Database query execution failed","statusTrace":"java.lang.RuntimeException: Database query execution failed\n\tat utils.DatabaseUtils.executeQuery(DatabaseUtils.java:102)\n\tat utils.DatabaseUtils.getAllTransactionData(DatabaseUtils.java:152)\n\tat testClassPool.DatabaseOperationsTest.testGetAllTransactionData(DatabaseOperationsTest.java:78)\n\tat java.base/jdk.internal.reflect.NativeMethodAccessorImpl.invoke0(Native Method)\n\tat java.base/jdk.internal.reflect.NativeMethodAccessorImpl.invoke(NativeMethodAccessorImpl.java:77)\n\tat java.base/jdk.internal.reflect.DelegatingMethodAccessorImpl.invoke(DelegatingMethodAccessorImpl.java:43)\n\tat java.base/java.lang.reflect.Method.invoke(Method.java:568)\n\tat org.testng.internal.invokers.MethodInvocationHelper.invokeMethod(MethodInvocationHelper.java:141)\n\tat org.testng.internal.invokers.TestInvoker.invokeMethod(TestInvoker.java:687)\n\tat org.testng.internal.invokers.TestInvoker.invokeTestMethod(TestInvoker.java:230)\n\tat org.testng.internal.invokers.MethodRunner.runInSequence(MethodRunner.java:63)\n\tat org.testng.internal.invokers.TestInvoker$MethodInvocationAgent.invoke(TestInvoker.java:995)\n\tat org.testng.internal.invokers.TestInvoker.invokeTestMethods(TestInvoker.java:203)\n\tat org.testng.internal.invokers.TestMethodWorker.invokeTestMethods(TestMethodWorker.java:154)\n\tat org.testng.internal.invokers.TestMethodWorker.run(TestMethodWorker.java:134)\n\tat java.base/java.util.ArrayList.forEach(ArrayList.java:1511)\n\tat org.testng.TestRunner.privateRun(TestRunner.java:741)\n\tat org.testng.TestRunner.run(TestRunner.java:616)\n\tat org.testng.SuiteRunner.runTest(SuiteRunner.java:421)\n\tat org.testng.SuiteRunner$SuiteWorker.run(SuiteRunner.java:463)\n\tat org.testng.internal.thread.ThreadUtil.lambda$execute$0(ThreadUtil.java:64)\n\tat java.base/java.util.concurrent.FutureTask.run(FutureTask.java:264)\n\tat java.base/java.util.concurrent.ThreadPoolExecutor.runWorker(ThreadPoolExecutor.java:1136)\n\tat java.base/java.util.concurrent.ThreadPoolExecutor$Worker.run(ThreadPoolExecutor.java:635)\n\tat java.base/java.lang.Thread.run(Thread.java:842)\nCaused by: java.sql.SQLException: Zero date value prohibited\n\tat com.mysql.cj.jdbc.exceptions.SQLError.createSQLException(SQLError.java:130)\n\tat com.mysql.cj.jdbc.exceptions.SQLError.createSQLException(SQLError.java:98)\n\tat com.mysql.cj.jdbc.exceptions.SQLError.createSQLException(SQLError.java:90)\n\tat com.mysql.cj.jdbc.exceptions.SQLError.createSQLException(SQLError.java:64)\n\tat com.mysql.cj.jdbc.exceptions.SQLError.createSQLException(SQLError.java:74)\n\tat com.mysql.cj.jdbc.exceptions.SQLExceptionsMapping.translateException(SQLExceptionsMapping.java:99)\n\tat com.mysql.cj.jdbc.result.ResultSetImpl.getObject(ResultSetImpl.java:1285)\n\tat utils.DatabaseUtils.executeQuery(DatabaseUtils.java:92)\n\t... 24 more\nCaused by: com.mysql.cj.exceptions.DataReadException: Zero date value prohibited\n\tat com.mysql.cj.result.LocalDateTimeValueFactory.localCreateFromDatetime(LocalDateTimeValueFactory.java:84)\n\tat com.mysql.cj.result.LocalDateTimeValueFactory.localCreateFromDatetime(LocalDateTimeValueFactory.java:44)\n\tat com.mysql.cj.result.AbstractDateTimeValueFactory.createFromDatetime(AbstractDateTimeValueFactory.java:104)\n\tat com.mysql.cj.protocol.a.MysqlTextValueDecoder.decodeDatetime(MysqlTextValueDecoder.java:90)\n\tat com.mysql.cj.protocol.result.AbstractResultsetRow.decodeAndCreateReturnValue(AbstractResultsetRow.java:86)\n\tat com.mysql.cj.protocol.result.AbstractResultsetRow.getValueFromBytes(AbstractResultsetRow.java:243)\n\tat com.mysql.cj.protocol.a.result.TextBufferRow.getValue(TextBufferRow.java:132)\n\tat com.mysql.cj.jdbc.result.ResultSetImpl.getLocalDateTime(ResultSetImpl.java:959)\n\tat com.mysql.cj.jdbc.result.ResultSetImpl.getObject(ResultSetImpl.java:1282)\n\t... 25 more\n","flaky":false,"newFailed":false,"newBroken":false,"newPassed":false,"retriesCount":0,"retriesStatusChange":false,"beforeStages":[{"name":"setUp","time":{"start":1751444180166,"stop":1751444180513,"duration":347},"description":"","status":"passed","steps":[],"attachments":[],"parameters":[],"shouldDisplayMessage":false,"stepsCount":0,"attachmentsCount":0,"hasContent":false,"attachmentStep":false},{"name":"setUp","time":{"start":1751444181797,"stop":1751444182877,"duration":1080},"description":"","status":"passed","steps":[],"attachments":[],"parameters":[],"shouldDisplayMessage":false,"stepsCount":0,"attachmentsCount":0,"hasContent":false,"attachmentStep":false}],"testStage":{"status":"broken","statusMessage":"Database query execution failed","statusTrace":"java.lang.RuntimeException: Database query execution failed\n\tat utils.DatabaseUtils.executeQuery(DatabaseUtils.java:102)\n\tat utils.DatabaseUtils.getAllTransactionData(DatabaseUtils.java:152)\n\tat testClassPool.DatabaseOperationsTest.testGetAllTransactionData(DatabaseOperationsTest.java:78)\n\tat java.base/jdk.internal.reflect.NativeMethodAccessorImpl.invoke0(Native Method)\n\tat java.base/jdk.internal.reflect.NativeMethodAccessorImpl.invoke(NativeMethodAccessorImpl.java:77)\n\tat java.base/jdk.internal.reflect.DelegatingMethodAccessorImpl.invoke(DelegatingMethodAccessorImpl.java:43)\n\tat java.base/java.lang.reflect.Method.invoke(Method.java:568)\n\tat org.testng.internal.invokers.MethodInvocationHelper.invokeMethod(MethodInvocationHelper.java:141)\n\tat org.testng.internal.invokers.TestInvoker.invokeMethod(TestInvoker.java:687)\n\tat org.testng.internal.invokers.TestInvoker.invokeTestMethod(TestInvoker.java:230)\n\tat org.testng.internal.invokers.MethodRunner.runInSequence(MethodRunner.java:63)\n\tat org.testng.internal.invokers.TestInvoker$MethodInvocationAgent.invoke(TestInvoker.java:995)\n\tat org.testng.internal.invokers.TestInvoker.invokeTestMethods(TestInvoker.java:203)\n\tat org.testng.internal.invokers.TestMethodWorker.invokeTestMethods(TestMethodWorker.java:154)\n\tat org.testng.internal.invokers.TestMethodWorker.run(TestMethodWorker.java:134)\n\tat java.base/java.util.ArrayList.forEach(ArrayList.java:1511)\n\tat org.testng.TestRunner.privateRun(TestRunner.java:741)\n\tat org.testng.TestRunner.run(TestRunner.java:616)\n\tat org.testng.SuiteRunner.runTest(SuiteRunner.java:421)\n\tat org.testng.SuiteRunner$SuiteWorker.run(SuiteRunner.java:463)\n\tat org.testng.internal.thread.ThreadUtil.lambda$execute$0(ThreadUtil.java:64)\n\tat java.base/java.util.concurrent.FutureTask.run(FutureTask.java:264)\n\tat java.base/java.util.concurrent.ThreadPoolExecutor.runWorker(ThreadPoolExecutor.java:1136)\n\tat java.base/java.util.concurrent.ThreadPoolExecutor$Worker.run(ThreadPoolExecutor.java:635)\n\tat java.base/java.lang.Thread.run(Thread.java:842)\nCaused by: java.sql.SQLException: Zero date value prohibited\n\tat com.mysql.cj.jdbc.exceptions.SQLError.createSQLException(SQLError.java:130)\n\tat com.mysql.cj.jdbc.exceptions.SQLError.createSQLException(SQLError.java:98)\n\tat com.mysql.cj.jdbc.exceptions.SQLError.createSQLException(SQLError.java:90)\n\tat com.mysql.cj.jdbc.exceptions.SQLError.createSQLException(SQLError.java:64)\n\tat com.mysql.cj.jdbc.exceptions.SQLError.createSQLException(SQLError.java:74)\n\tat com.mysql.cj.jdbc.exceptions.SQLExceptionsMapping.translateException(SQLExceptionsMapping.java:99)\n\tat com.mysql.cj.jdbc.result.ResultSetImpl.getObject(ResultSetImpl.java:1285)\n\tat utils.DatabaseUtils.executeQuery(DatabaseUtils.java:92)\n\t... 24 more\nCaused by: com.mysql.cj.exceptions.DataReadException: Zero date value prohibited\n\tat com.mysql.cj.result.LocalDateTimeValueFactory.localCreateFromDatetime(LocalDateTimeValueFactory.java:84)\n\tat com.mysql.cj.result.LocalDateTimeValueFactory.localCreateFromDatetime(LocalDateTimeValueFactory.java:44)\n\tat com.mysql.cj.result.AbstractDateTimeValueFactory.createFromDatetime(AbstractDateTimeValueFactory.java:104)\n\tat com.mysql.cj.protocol.a.MysqlTextValueDecoder.decodeDatetime(MysqlTextValueDecoder.java:90)\n\tat com.mysql.cj.protocol.result.AbstractResultsetRow.decodeAndCreateReturnValue(AbstractResultsetRow.java:86)\n\tat com.mysql.cj.protocol.result.AbstractResultsetRow.getValueFromBytes(AbstractResultsetRow.java:243)\n\tat com.mysql.cj.protocol.a.result.TextBufferRow.getValue(TextBufferRow.java:132)\n\tat com.mysql.cj.jdbc.result.ResultSetImpl.getLocalDateTime(ResultSetImpl.java:959)\n\tat com.mysql.cj.jdbc.result.ResultSetImpl.getObject(ResultSetImpl.java:1282)\n\t... 25 more\n","steps":[],"attachments":[{"uid":"dfecea902ed528cc","name":"Platform","source":"dfecea902ed528cc.txt","type":"text/plain","size":8},{"uid":"a93f5aac3f68bb59","name":"Test Framework","source":"a93f5aac3f68bb59.txt","type":"text/plain","size":6},{"uid":"a4808549a3c8804","name":"Java Version","source":"a4808549a3c8804.txt","type":"text/plain","size":7},{"uid":"df640b810cac0ce","name":"Browser","source":"df640b810cac0ce.txt","type":"text/plain","size":6},{"uid":"28eae604fb9bbb3b","name":"Automation Tool","source":"28eae604fb9bbb3b.txt","type":"text/plain","size":10},{"uid":"7038c4fe1d2f5749","name":"Test Duration","source":"7038c4fe1d2f5749.txt","type":"text/plain","size":16},{"uid":"dd888f4c586b0572","name":"Test Status","source":"dd888f4c586b0572.txt","type":"text/plain","size":6},{"uid":"39c031f71553fb9f","name":"Error Stack Trace","source":"39c031f71553fb9f.txt","type":"text/plain","size":1875},{"uid":"8c3422f2959fda18","name":"Error Message","source":"8c3422f2959fda18.txt","type":"text/plain","size":31}],"parameters":[],"shouldDisplayMessage":true,"stepsCount":0,"attachmentsCount":9,"hasContent":true,"attachmentStep":false},"afterStages":[{"name":"tearDown","time":{"start":1751444183774,"stop":1751444183920,"duration":146},"description":"","status":"passed","steps":[],"attachments":[],"parameters":[],"shouldDisplayMessage":false,"stepsCount":0,"attachmentsCount":0,"hasContent":false,"attachmentStep":false},{"name":"tearDown","time":{"start":1751444185397,"stop":1751444185397,"duration":0},"description":"","status":"passed","steps":[],"attachments":[],"parameters":[],"shouldDisplayMessage":false,"stepsCount":0,"attachmentsCount":0,"hasContent":false,"attachmentStep":false}],"labels":[{"name":"package","value":"testClassPool.DatabaseOperationsTest"},{"name":"testClass","value":"testClassPool.DatabaseOperationsTest"},{"name":"testMethod","value":"testGetAllTransactionData"},{"name":"parentSuite","value":"Failed suite [Stashfin Web Automation Suite]"},{"name":"suite","value":"Stashfin Web Test Run(failed)"},{"name":"subSuite","value":"testClassPool.DatabaseOperationsTest"},{"name":"host","value":"MacBook-Pro.local"},{"name":"thread","value":"29295@MacBook-Pro.local.TestNG-tests-1(28)"},{"name":"framework","value":"testng"},{"name":"language","value":"java"},{"name":"resultFormat","value":"allure2"}],"parameters":[],"links":[],"hidden":true,"retry":true,"extra":{"categories":[],"tags":[]},"source":"ffab82b9b457e336.json","parameterValues":[]}